=====Used variables in the simulation====
# of Rows (# of Buckets): 131072
Row Hammer Threshold: 1200
Swap Rate: 6
Swap Threshold: 200
# of Deterministic Access per 64ms: 1000
# of Random Guess per 64ms: 4740
RH Probability per 64ms: 0.0349
Simulation iterations: 100000
====Iteration: 1 K====
Current average attack time: 1.83291secs
====Iteration: 2 K====
Current average attack time: 1.78983secs
====Iteration: 3 K====
Current average attack time: 1.78991secs
====Iteration: 4 K====
Current average attack time: 1.80163secs
====Iteration: 5 K====
Current average attack time: 1.81626secs
====Iteration: 6 K====
Current average attack time: 1.81061secs
====Iteration: 7 K====
Current average attack time: 1.8037secs
====Iteration: 8 K====
Current average attack time: 1.79723secs
====Iteration: 9 K====
Current average attack time: 1.78667secs
====Iteration: 10 K====
Current average attack time: 1.79435secs
====Iteration: 11 K====
Current average attack time: 1.78135secs
====Iteration: 12 K====
Current average attack time: 1.78491secs
====Iteration: 13 K====
Current average attack time: 1.78232secs
====Iteration: 14 K====
Current average attack time: 1.7837secs
====Iteration: 15 K====
Current average attack time: 1.78793secs
====Iteration: 16 K====
Current average attack time: 1.78923secs
====Iteration: 17 K====
Current average attack time: 1.78843secs
====Iteration: 18 K====
Current average attack time: 1.79014secs
====Iteration: 19 K====
Current average attack time: 1.79579secs
====Iteration: 20 K====
Current average attack time: 1.79722secs
====Iteration: 21 K====
Current average attack time: 1.7975secs
====Iteration: 22 K====
Current average attack time: 1.8003secs
====Iteration: 23 K====
Current average attack time: 1.80293secs
====Iteration: 24 K====
Current average attack time: 1.80267secs
====Iteration: 25 K====
Current average attack time: 1.80398secs
====Iteration: 26 K====
Current average attack time: 1.80517secs
====Iteration: 27 K====
Current average attack time: 1.80695secs
====Iteration: 28 K====
Current average attack time: 1.80773secs
====Iteration: 29 K====
Current average attack time: 1.80762secs
====Iteration: 30 K====
Current average attack time: 1.80674secs
====Iteration: 31 K====
Current average attack time: 1.80811secs
====Iteration: 32 K====
Current average attack time: 1.8076secs
====Iteration: 33 K====
Current average attack time: 1.81007secs
====Iteration: 34 K====
Current average attack time: 1.81288secs
====Iteration: 35 K====
Current average attack time: 1.81439secs
====Iteration: 36 K====
Current average attack time: 1.81287secs
====Iteration: 37 K====
Current average attack time: 1.81097secs
====Iteration: 38 K====
Current average attack time: 1.81355secs
====Iteration: 39 K====
Current average attack time: 1.81263secs
====Iteration: 40 K====
Current average attack time: 1.81374secs
====Iteration: 41 K====
Current average attack time: 1.81666secs
====Iteration: 42 K====
Current average attack time: 1.81937secs
====Iteration: 43 K====
Current average attack time: 1.81807secs
====Iteration: 44 K====
Current average attack time: 1.81892secs
====Iteration: 45 K====
Current average attack time: 1.81961secs
====Iteration: 46 K====
Current average attack time: 1.81938secs
====Iteration: 47 K====
Current average attack time: 1.8211secs
====Iteration: 48 K====
Current average attack time: 1.82204secs
====Iteration: 49 K====
Current average attack time: 1.82174secs
====Iteration: 50 K====
Current average attack time: 1.82217secs
====Iteration: 51 K====
Current average attack time: 1.82273secs
====Iteration: 52 K====
Current average attack time: 1.82239secs
====Iteration: 53 K====
Current average attack time: 1.82309secs
====Iteration: 54 K====
Current average attack time: 1.82272secs
====Iteration: 55 K====
Current average attack time: 1.82382secs
====Iteration: 56 K====
Current average attack time: 1.82309secs
====Iteration: 57 K====
Current average attack time: 1.82207secs
====Iteration: 58 K====
Current average attack time: 1.82199secs
====Iteration: 59 K====
Current average attack time: 1.82162secs
====Iteration: 60 K====
Current average attack time: 1.82073secs
====Iteration: 61 K====
Current average attack time: 1.82237secs
====Iteration: 62 K====
Current average attack time: 1.82228secs
====Iteration: 63 K====
Current average attack time: 1.8216secs
====Iteration: 64 K====
Current average attack time: 1.82399secs
====Iteration: 65 K====
Current average attack time: 1.82435secs
====Iteration: 66 K====
Current average attack time: 1.82405secs
====Iteration: 67 K====
Current average attack time: 1.82346secs
====Iteration: 68 K====
Current average attack time: 1.82303secs
====Iteration: 69 K====
Current average attack time: 1.82413secs
====Iteration: 70 K====
Current average attack time: 1.82358secs
====Iteration: 71 K====
Current average attack time: 1.82293secs
====Iteration: 72 K====
Current average attack time: 1.82357secs
====Iteration: 73 K====
Current average attack time: 1.82303secs
====Iteration: 74 K====
Current average attack time: 1.82352secs
====Iteration: 75 K====
Current average attack time: 1.82425secs
====Iteration: 76 K====
Current average attack time: 1.82554secs
====Iteration: 77 K====
Current average attack time: 1.8258secs
====Iteration: 78 K====
Current average attack time: 1.82631secs
====Iteration: 79 K====
Current average attack time: 1.82624secs
====Iteration: 80 K====
Current average attack time: 1.82704secs
====Iteration: 81 K====
Current average attack time: 1.82794secs
====Iteration: 82 K====
Current average attack time: 1.82695secs
====Iteration: 83 K====
Current average attack time: 1.82794secs
====Iteration: 84 K====
Current average attack time: 1.82755secs
====Iteration: 85 K====
Current average attack time: 1.82776secs
====Iteration: 86 K====
Current average attack time: 1.82849secs
====Iteration: 87 K====
Current average attack time: 1.8289secs
====Iteration: 88 K====
Current average attack time: 1.82977secs
====Iteration: 89 K====
Current average attack time: 1.82923secs
====Iteration: 90 K====
Current average attack time: 1.82918secs
====Iteration: 91 K====
Current average attack time: 1.82869secs
====Iteration: 92 K====
Current average attack time: 1.82886secs
====Iteration: 93 K====
Current average attack time: 1.82832secs
====Iteration: 94 K====
Current average attack time: 1.8273secs
====Iteration: 95 K====
Current average attack time: 1.82697secs
====Iteration: 96 K====
Current average attack time: 1.82649secs
====Iteration: 97 K====
Current average attack time: 1.82507secs
====Iteration: 98 K====
Current average attack time: 1.82484secs
====Iteration: 99 K====
Current average attack time: 1.82491secs
====Iteration: 100 K====
Current average attack time: 1.82583secs
Final Average Attack Time: 1.82583secs
