=====Used variables in the simulation====
# of Rows (# of Buckets): 131072
Row Hammer Threshold: 1200
Swap Rate: 6
Swap Threshold: 200
# of Deterministic Access per 64ms: 400
# of Random Guess per 64ms: 5232
RH Probability per 64ms: 1.02e-07
Simulation iterations: 100000
====Iteration: 1 K====
Current average attack time: 577029secs
====Iteration: 2 K====
Current average attack time: 607824secs
====Iteration: 3 K====
Current average attack time: 609998secs
====Iteration: 4 K====
Current average attack time: 626693secs
====Iteration: 5 K====
Current average attack time: 628889secs
====Iteration: 6 K====
Current average attack time: 629854secs
====Iteration: 7 K====
Current average attack time: 629920secs
====Iteration: 8 K====
Current average attack time: 633172secs
====Iteration: 9 K====
Current average attack time: 636193secs
====Iteration: 10 K====
Current average attack time: 632492secs
====Iteration: 11 K====
Current average attack time: 630310secs
====Iteration: 12 K====
Current average attack time: 628922secs
====Iteration: 13 K====
Current average attack time: 630401secs
====Iteration: 14 K====
Current average attack time: 629171secs
====Iteration: 15 K====
Current average attack time: 625046secs
====Iteration: 16 K====
Current average attack time: 627073secs
====Iteration: 17 K====
Current average attack time: 625702secs
====Iteration: 18 K====
Current average attack time: 626642secs
====Iteration: 19 K====
Current average attack time: 626333secs
====Iteration: 20 K====
Current average attack time: 625286secs
====Iteration: 21 K====
Current average attack time: 625391secs
====Iteration: 22 K====
Current average attack time: 624835secs
====Iteration: 23 K====
Current average attack time: 623913secs
====Iteration: 24 K====
Current average attack time: 623966secs
====Iteration: 25 K====
Current average attack time: 624937secs
====Iteration: 26 K====
Current average attack time: 625037secs
====Iteration: 27 K====
Current average attack time: 625643secs
====Iteration: 28 K====
Current average attack time: 625474secs
====Iteration: 29 K====
Current average attack time: 625572secs
====Iteration: 30 K====
Current average attack time: 625887secs
====Iteration: 31 K====
Current average attack time: 626707secs
====Iteration: 32 K====
Current average attack time: 626943secs
====Iteration: 33 K====
Current average attack time: 626122secs
====Iteration: 34 K====
Current average attack time: 627405secs
====Iteration: 35 K====
Current average attack time: 627440secs
====Iteration: 36 K====
Current average attack time: 627614secs
====Iteration: 37 K====
Current average attack time: 627184secs
====Iteration: 38 K====
Current average attack time: 627825secs
====Iteration: 39 K====
Current average attack time: 627378secs
====Iteration: 40 K====
Current average attack time: 627854secs
====Iteration: 41 K====
Current average attack time: 628110secs
====Iteration: 42 K====
Current average attack time: 627924secs
====Iteration: 43 K====
Current average attack time: 628044secs
====Iteration: 44 K====
Current average attack time: 628003secs
====Iteration: 45 K====
Current average attack time: 628075secs
====Iteration: 46 K====
Current average attack time: 628367secs
====Iteration: 47 K====
Current average attack time: 628412secs
====Iteration: 48 K====
Current average attack time: 627933secs
====Iteration: 49 K====
Current average attack time: 627737secs
====Iteration: 50 K====
Current average attack time: 627348secs
====Iteration: 51 K====
Current average attack time: 627881secs
====Iteration: 52 K====
Current average attack time: 627458secs
====Iteration: 53 K====
Current average attack time: 627673secs
====Iteration: 54 K====
Current average attack time: 627631secs
====Iteration: 55 K====
Current average attack time: 628144secs
====Iteration: 56 K====
Current average attack time: 628306secs
====Iteration: 57 K====
Current average attack time: 628264secs
====Iteration: 58 K====
Current average attack time: 628729secs
====Iteration: 59 K====
Current average attack time: 628490secs
====Iteration: 60 K====
Current average attack time: 628271secs
====Iteration: 61 K====
Current average attack time: 628874secs
====Iteration: 62 K====
Current average attack time: 629596secs
====Iteration: 63 K====
Current average attack time: 629758secs
====Iteration: 64 K====
Current average attack time: 629892secs
====Iteration: 65 K====
Current average attack time: 629725secs
====Iteration: 66 K====
Current average attack time: 629476secs
====Iteration: 67 K====
Current average attack time: 629530secs
====Iteration: 68 K====
Current average attack time: 629477secs
====Iteration: 69 K====
Current average attack time: 629757secs
====Iteration: 70 K====
Current average attack time: 629668secs
====Iteration: 71 K====
Current average attack time: 629375secs
====Iteration: 72 K====
Current average attack time: 629435secs
====Iteration: 73 K====
Current average attack time: 629285secs
====Iteration: 74 K====
Current average attack time: 629608secs
====Iteration: 75 K====
Current average attack time: 629579secs
====Iteration: 76 K====
Current average attack time: 629328secs
====Iteration: 77 K====
Current average attack time: 629028secs
====Iteration: 78 K====
Current average attack time: 628572secs
====Iteration: 79 K====
Current average attack time: 628115secs
====Iteration: 80 K====
Current average attack time: 628554secs
====Iteration: 81 K====
Current average attack time: 628383secs
====Iteration: 82 K====
Current average attack time: 627804secs
====Iteration: 83 K====
Current average attack time: 627816secs
====Iteration: 84 K====
Current average attack time: 627683secs
====Iteration: 85 K====
Current average attack time: 627330secs
====Iteration: 86 K====
Current average attack time: 627175secs
====Iteration: 87 K====
Current average attack time: 627293secs
====Iteration: 88 K====
Current average attack time: 627449secs
====Iteration: 89 K====
Current average attack time: 627776secs
====Iteration: 90 K====
Current average attack time: 627899secs
====Iteration: 91 K====
Current average attack time: 628107secs
====Iteration: 92 K====
Current average attack time: 628013secs
====Iteration: 93 K====
Current average attack time: 628143secs
====Iteration: 94 K====
Current average attack time: 628060secs
====Iteration: 95 K====
Current average attack time: 628247secs
====Iteration: 96 K====
Current average attack time: 628514secs
====Iteration: 97 K====
Current average attack time: 628565secs
====Iteration: 98 K====
Current average attack time: 628097secs
====Iteration: 99 K====
Current average attack time: 628113secs
====Iteration: 100 K====
Current average attack time: 627977secs
Final Average Attack Time: 627977secs
