=====Used variables in the simulation====
# of Rows (# of Buckets): 131072
Row Hammer Threshold: 1200
Swap Rate: 6
Swap Threshold: 200
# of Deterministic Access per 64ms: 850
# of Random Guess per 64ms: 4863
RH Probability per 64ms: 0.000663
Simulation iterations: 100000
====Iteration: 1 K====
Current average attack time: 98.3287secs
====Iteration: 2 K====
Current average attack time: 97.072secs
====Iteration: 3 K====
Current average attack time: 97.3747secs
====Iteration: 4 K====
Current average attack time: 97.3768secs
====Iteration: 5 K====
Current average attack time: 98.0105secs
====Iteration: 6 K====
Current average attack time: 97.6353secs
====Iteration: 7 K====
Current average attack time: 97.5904secs
====Iteration: 8 K====
Current average attack time: 97.4946secs
====Iteration: 9 K====
Current average attack time: 97.1193secs
====Iteration: 10 K====
Current average attack time: 97.1907secs
====Iteration: 11 K====
Current average attack time: 97.5967secs
====Iteration: 12 K====
Current average attack time: 97.4181secs
====Iteration: 13 K====
Current average attack time: 97.1257secs
====Iteration: 14 K====
Current average attack time: 96.9137secs
====Iteration: 15 K====
Current average attack time: 97.361secs
====Iteration: 16 K====
Current average attack time: 97.3587secs
====Iteration: 17 K====
Current average attack time: 97.2472secs
====Iteration: 18 K====
Current average attack time: 97.0652secs
====Iteration: 19 K====
Current average attack time: 97.2393secs
====Iteration: 20 K====
Current average attack time: 97.136secs
====Iteration: 21 K====
Current average attack time: 97.4017secs
====Iteration: 22 K====
Current average attack time: 97.3557secs
====Iteration: 23 K====
Current average attack time: 97.1268secs
====Iteration: 24 K====
Current average attack time: 97.1793secs
====Iteration: 25 K====
Current average attack time: 97.0886secs
====Iteration: 26 K====
Current average attack time: 97.0789secs
====Iteration: 27 K====
Current average attack time: 97.2692secs
====Iteration: 28 K====
Current average attack time: 97.2118secs
====Iteration: 29 K====
Current average attack time: 97.2361secs
====Iteration: 30 K====
Current average attack time: 97.1976secs
====Iteration: 31 K====
Current average attack time: 97.2291secs
====Iteration: 32 K====
Current average attack time: 97.2367secs
====Iteration: 33 K====
Current average attack time: 97.2507secs
====Iteration: 34 K====
Current average attack time: 97.2151secs
====Iteration: 35 K====
Current average attack time: 97.1802secs
====Iteration: 36 K====
Current average attack time: 97.0942secs
====Iteration: 37 K====
Current average attack time: 97.04secs
====Iteration: 38 K====
Current average attack time: 96.8824secs
====Iteration: 39 K====
Current average attack time: 96.885secs
====Iteration: 40 K====
Current average attack time: 96.7765secs
====Iteration: 41 K====
Current average attack time: 96.8919secs
====Iteration: 42 K====
Current average attack time: 96.9444secs
====Iteration: 43 K====
Current average attack time: 96.9329secs
====Iteration: 44 K====
Current average attack time: 96.8832secs
====Iteration: 45 K====
Current average attack time: 96.8549secs
====Iteration: 46 K====
Current average attack time: 96.7858secs
====Iteration: 47 K====
Current average attack time: 96.7615secs
====Iteration: 48 K====
Current average attack time: 96.713secs
====Iteration: 49 K====
Current average attack time: 96.6888secs
====Iteration: 50 K====
Current average attack time: 96.7386secs
====Iteration: 51 K====
Current average attack time: 96.7709secs
====Iteration: 52 K====
Current average attack time: 96.7682secs
====Iteration: 53 K====
Current average attack time: 96.6378secs
====Iteration: 54 K====
Current average attack time: 96.6117secs
====Iteration: 55 K====
Current average attack time: 96.548secs
====Iteration: 56 K====
Current average attack time: 96.4523secs
====Iteration: 57 K====
Current average attack time: 96.4936secs
====Iteration: 58 K====
Current average attack time: 96.4988secs
====Iteration: 59 K====
Current average attack time: 96.4743secs
====Iteration: 60 K====
Current average attack time: 96.4385secs
====Iteration: 61 K====
Current average attack time: 96.431secs
====Iteration: 62 K====
Current average attack time: 96.3996secs
====Iteration: 63 K====
Current average attack time: 96.4513secs
====Iteration: 64 K====
Current average attack time: 96.5397secs
====Iteration: 65 K====
Current average attack time: 96.5536secs
====Iteration: 66 K====
Current average attack time: 96.548secs
====Iteration: 67 K====
Current average attack time: 96.5233secs
====Iteration: 68 K====
Current average attack time: 96.5294secs
====Iteration: 69 K====
Current average attack time: 96.4575secs
====Iteration: 70 K====
Current average attack time: 96.4384secs
====Iteration: 71 K====
Current average attack time: 96.461secs
====Iteration: 72 K====
Current average attack time: 96.4374secs
====Iteration: 73 K====
Current average attack time: 96.3549secs
====Iteration: 74 K====
Current average attack time: 96.3141secs
====Iteration: 75 K====
Current average attack time: 96.3413secs
====Iteration: 76 K====
Current average attack time: 96.2845secs
====Iteration: 77 K====
Current average attack time: 96.3609secs
====Iteration: 78 K====
Current average attack time: 96.4615secs
====Iteration: 79 K====
Current average attack time: 96.4797secs
====Iteration: 80 K====
Current average attack time: 96.4926secs
====Iteration: 81 K====
Current average attack time: 96.5289secs
====Iteration: 82 K====
Current average attack time: 96.4945secs
====Iteration: 83 K====
Current average attack time: 96.5433secs
====Iteration: 84 K====
Current average attack time: 96.5962secs
====Iteration: 85 K====
Current average attack time: 96.6047secs
====Iteration: 86 K====
Current average attack time: 96.6291secs
====Iteration: 87 K====
Current average attack time: 96.628secs
====Iteration: 88 K====
Current average attack time: 96.6727secs
====Iteration: 89 K====
Current average attack time: 96.7178secs
====Iteration: 90 K====
Current average attack time: 96.6404secs
====Iteration: 91 K====
Current average attack time: 96.645secs
====Iteration: 92 K====
Current average attack time: 96.6409secs
====Iteration: 93 K====
Current average attack time: 96.6307secs
====Iteration: 94 K====
Current average attack time: 96.6168secs
====Iteration: 95 K====
Current average attack time: 96.6579secs
====Iteration: 96 K====
Current average attack time: 96.6591secs
====Iteration: 97 K====
Current average attack time: 96.6467secs
====Iteration: 98 K====
Current average attack time: 96.6577secs
====Iteration: 99 K====
Current average attack time: 96.679secs
====Iteration: 100 K====
Current average attack time: 96.7062secs
Final Average Attack Time: 96.7062secs
