=====Used variables in the simulation====
# of Rows (# of Buckets): 131072
Row Hammer Threshold: 1200
Swap Rate: 6
Swap Threshold: 200
# of Deterministic Access per 64ms: 925
# of Random Guess per 64ms: 4801
RH Probability per 64ms: 0.000647
Simulation iterations: 100000
====Iteration: 1 K====
Current average attack time: 95.117secs
====Iteration: 2 K====
Current average attack time: 98.5737secs
====Iteration: 3 K====
Current average attack time: 98.4388secs
====Iteration: 4 K====
Current average attack time: 97.7715secs
====Iteration: 5 K====
Current average attack time: 98.7696secs
====Iteration: 6 K====
Current average attack time: 98.7766secs
====Iteration: 7 K====
Current average attack time: 98.693secs
====Iteration: 8 K====
Current average attack time: 98.4645secs
====Iteration: 9 K====
Current average attack time: 97.8958secs
====Iteration: 10 K====
Current average attack time: 98.1443secs
====Iteration: 11 K====
Current average attack time: 98.7184secs
====Iteration: 12 K====
Current average attack time: 98.6045secs
====Iteration: 13 K====
Current average attack time: 98.9337secs
====Iteration: 14 K====
Current average attack time: 99.0858secs
====Iteration: 15 K====
Current average attack time: 99.2438secs
====Iteration: 16 K====
Current average attack time: 99.3533secs
====Iteration: 17 K====
Current average attack time: 99.2031secs
====Iteration: 18 K====
Current average attack time: 99.2321secs
====Iteration: 19 K====
Current average attack time: 99.315secs
====Iteration: 20 K====
Current average attack time: 99.3305secs
====Iteration: 21 K====
Current average attack time: 99.4118secs
====Iteration: 22 K====
Current average attack time: 99.267secs
====Iteration: 23 K====
Current average attack time: 99.1998secs
====Iteration: 24 K====
Current average attack time: 98.9362secs
====Iteration: 25 K====
Current average attack time: 98.8808secs
====Iteration: 26 K====
Current average attack time: 98.6236secs
====Iteration: 27 K====
Current average attack time: 98.5338secs
====Iteration: 28 K====
Current average attack time: 98.4959secs
====Iteration: 29 K====
Current average attack time: 98.647secs
====Iteration: 30 K====
Current average attack time: 98.5801secs
====Iteration: 31 K====
Current average attack time: 98.4911secs
====Iteration: 32 K====
Current average attack time: 98.5534secs
====Iteration: 33 K====
Current average attack time: 98.5659secs
====Iteration: 34 K====
Current average attack time: 98.6691secs
====Iteration: 35 K====
Current average attack time: 98.7464secs
====Iteration: 36 K====
Current average attack time: 98.8147secs
====Iteration: 37 K====
Current average attack time: 98.8943secs
====Iteration: 38 K====
Current average attack time: 98.8577secs
====Iteration: 39 K====
Current average attack time: 98.7467secs
====Iteration: 40 K====
Current average attack time: 98.6388secs
====Iteration: 41 K====
Current average attack time: 98.7675secs
====Iteration: 42 K====
Current average attack time: 98.7655secs
====Iteration: 43 K====
Current average attack time: 98.7393secs
====Iteration: 44 K====
Current average attack time: 98.7663secs
====Iteration: 45 K====
Current average attack time: 98.7257secs
====Iteration: 46 K====
Current average attack time: 98.7505secs
====Iteration: 47 K====
Current average attack time: 98.7885secs
====Iteration: 48 K====
Current average attack time: 98.7889secs
====Iteration: 49 K====
Current average attack time: 98.8047secs
====Iteration: 50 K====
Current average attack time: 98.7183secs
====Iteration: 51 K====
Current average attack time: 98.7714secs
====Iteration: 52 K====
Current average attack time: 98.8627secs
====Iteration: 53 K====
Current average attack time: 98.8919secs
====Iteration: 54 K====
Current average attack time: 98.838secs
====Iteration: 55 K====
Current average attack time: 98.7778secs
====Iteration: 56 K====
Current average attack time: 98.772secs
====Iteration: 57 K====
Current average attack time: 98.7583secs
====Iteration: 58 K====
Current average attack time: 98.7142secs
====Iteration: 59 K====
Current average attack time: 98.7255secs
====Iteration: 60 K====
Current average attack time: 98.7163secs
====Iteration: 61 K====
Current average attack time: 98.776secs
====Iteration: 62 K====
Current average attack time: 98.8178secs
====Iteration: 63 K====
Current average attack time: 98.7939secs
====Iteration: 64 K====
Current average attack time: 98.7712secs
====Iteration: 65 K====
Current average attack time: 98.7265secs
====Iteration: 66 K====
Current average attack time: 98.7441secs
====Iteration: 67 K====
Current average attack time: 98.8952secs
====Iteration: 68 K====
Current average attack time: 98.9601secs
====Iteration: 69 K====
Current average attack time: 98.9831secs
====Iteration: 70 K====
Current average attack time: 99.019secs
====Iteration: 71 K====
Current average attack time: 99.03secs
====Iteration: 72 K====
Current average attack time: 99.035secs
====Iteration: 73 K====
Current average attack time: 99.081secs
====Iteration: 74 K====
Current average attack time: 99.0589secs
====Iteration: 75 K====
Current average attack time: 99.0411secs
====Iteration: 76 K====
Current average attack time: 99.0861secs
====Iteration: 77 K====
Current average attack time: 99.112secs
====Iteration: 78 K====
Current average attack time: 99.1096secs
====Iteration: 79 K====
Current average attack time: 99.1573secs
====Iteration: 80 K====
Current average attack time: 99.1612secs
====Iteration: 81 K====
Current average attack time: 99.2178secs
====Iteration: 82 K====
Current average attack time: 99.223secs
====Iteration: 83 K====
Current average attack time: 99.2614secs
====Iteration: 84 K====
Current average attack time: 99.2268secs
====Iteration: 85 K====
Current average attack time: 99.1989secs
====Iteration: 86 K====
Current average attack time: 99.1592secs
====Iteration: 87 K====
Current average attack time: 99.1934secs
====Iteration: 88 K====
Current average attack time: 99.1602secs
====Iteration: 89 K====
Current average attack time: 99.172secs
====Iteration: 90 K====
Current average attack time: 99.183secs
====Iteration: 91 K====
Current average attack time: 99.2204secs
====Iteration: 92 K====
Current average attack time: 99.3196secs
====Iteration: 93 K====
Current average attack time: 99.2901secs
====Iteration: 94 K====
Current average attack time: 99.2582secs
====Iteration: 95 K====
Current average attack time: 99.2926secs
====Iteration: 96 K====
Current average attack time: 99.2327secs
====Iteration: 97 K====
Current average attack time: 99.2512secs
====Iteration: 98 K====
Current average attack time: 99.237secs
====Iteration: 99 K====
Current average attack time: 99.1648secs
====Iteration: 100 K====
Current average attack time: 99.1374secs
Final Average Attack Time: 99.1374secs
