=====Used variables in the simulation====
# of Rows (# of Buckets): 131072
Row Hammer Threshold: 1200
Swap Rate: 6
Swap Threshold: 200
# of Deterministic Access per 64ms: 1225
# of Random Guess per 64ms: 4555
RH Probability per 64ms: 0.966
Simulation iterations: 100000
====Iteration: 1 K====
Current average attack time: 0.0677092secs
====Iteration: 2 K====
Current average attack time: 0.068314secs
====Iteration: 3 K====
Current average attack time: 0.0681246secs
====Iteration: 4 K====
Current average attack time: 0.0665833secs
====Iteration: 5 K====
Current average attack time: 0.0665037secs
====Iteration: 6 K====
Current average attack time: 0.0663699secs
====Iteration: 7 K====
Current average attack time: 0.06609secs
====Iteration: 8 K====
Current average attack time: 0.0660977secs
====Iteration: 9 K====
Current average attack time: 0.0662957secs
====Iteration: 10 K====
Current average attack time: 0.065855secs
====Iteration: 11 K====
Current average attack time: 0.0661635secs
====Iteration: 12 K====
Current average attack time: 0.066396secs
====Iteration: 13 K====
Current average attack time: 0.0662793secs
====Iteration: 14 K====
Current average attack time: 0.0659998secs
====Iteration: 15 K====
Current average attack time: 0.0660597secs
====Iteration: 16 K====
Current average attack time: 0.0662501secs
====Iteration: 17 K====
Current average attack time: 0.0661631secs
====Iteration: 18 K====
Current average attack time: 0.0662702secs
====Iteration: 19 K====
Current average attack time: 0.066206secs
====Iteration: 20 K====
Current average attack time: 0.0662421secs
====Iteration: 21 K====
Current average attack time: 0.0663397secs
====Iteration: 22 K====
Current average attack time: 0.0662988secs
====Iteration: 23 K====
Current average attack time: 0.0661696secs
====Iteration: 24 K====
Current average attack time: 0.0660982secs
====Iteration: 25 K====
Current average attack time: 0.0661999secs
====Iteration: 26 K====
Current average attack time: 0.066236secs
====Iteration: 27 K====
Current average attack time: 0.0663125secs
====Iteration: 28 K====
Current average attack time: 0.0664273secs
====Iteration: 29 K====
Current average attack time: 0.0662692secs
====Iteration: 30 K====
Current average attack time: 0.06631secs
====Iteration: 31 K====
Current average attack time: 0.0662365secs
====Iteration: 32 K====
Current average attack time: 0.0662682secs
====Iteration: 33 K====
Current average attack time: 0.0663574secs
====Iteration: 34 K====
Current average attack time: 0.0663257secs
====Iteration: 35 K====
Current average attack time: 0.0662644secs
====Iteration: 36 K====
Current average attack time: 0.0663295secs
====Iteration: 37 K====
Current average attack time: 0.0663665secs
====Iteration: 38 K====
Current average attack time: 0.066338secs
====Iteration: 39 K====
Current average attack time: 0.0663924secs
====Iteration: 40 K====
Current average attack time: 0.0664347secs
====Iteration: 41 K====
Current average attack time: 0.0663964secs
====Iteration: 42 K====
Current average attack time: 0.0664027secs
====Iteration: 43 K====
Current average attack time: 0.0664026secs
====Iteration: 44 K====
Current average attack time: 0.0663646secs
====Iteration: 45 K====
Current average attack time: 0.0663161secs
====Iteration: 46 K====
Current average attack time: 0.0663507secs
====Iteration: 47 K====
Current average attack time: 0.0663447secs
====Iteration: 48 K====
Current average attack time: 0.0662277secs
====Iteration: 49 K====
Current average attack time: 0.0662249secs
====Iteration: 50 K====
Current average attack time: 0.0662554secs
====Iteration: 51 K====
Current average attack time: 0.0662651secs
====Iteration: 52 K====
Current average attack time: 0.0662697secs
====Iteration: 53 K====
Current average attack time: 0.0662836secs
====Iteration: 54 K====
Current average attack time: 0.06632secs
====Iteration: 55 K====
Current average attack time: 0.066298secs
====Iteration: 56 K====
Current average attack time: 0.0662758secs
====Iteration: 57 K====
Current average attack time: 0.0663187secs
====Iteration: 58 K====
Current average attack time: 0.0663495secs
====Iteration: 59 K====
Current average attack time: 0.066324secs
====Iteration: 60 K====
Current average attack time: 0.0662773secs
====Iteration: 61 K====
Current average attack time: 0.066235secs
====Iteration: 62 K====
Current average attack time: 0.0661906secs
====Iteration: 63 K====
Current average attack time: 0.0662233secs
====Iteration: 64 K====
Current average attack time: 0.0662511secs
====Iteration: 65 K====
Current average attack time: 0.0662324secs
====Iteration: 66 K====
Current average attack time: 0.0662753secs
====Iteration: 67 K====
Current average attack time: 0.0662758secs
====Iteration: 68 K====
Current average attack time: 0.0662468secs
====Iteration: 69 K====
Current average attack time: 0.066235secs
====Iteration: 70 K====
Current average attack time: 0.0662284secs
====Iteration: 71 K====
Current average attack time: 0.0662051secs
====Iteration: 72 K====
Current average attack time: 0.0661846secs
====Iteration: 73 K====
Current average attack time: 0.0662218secs
====Iteration: 74 K====
Current average attack time: 0.0662098secs
====Iteration: 75 K====
Current average attack time: 0.0662249secs
====Iteration: 76 K====
Current average attack time: 0.0662378secs
====Iteration: 77 K====
Current average attack time: 0.0662368secs
====Iteration: 78 K====
Current average attack time: 0.0662154secs
====Iteration: 79 K====
Current average attack time: 0.066238secs
====Iteration: 80 K====
Current average attack time: 0.0662432secs
====Iteration: 81 K====
Current average attack time: 0.0661978secs
====Iteration: 82 K====
Current average attack time: 0.0662438secs
====Iteration: 83 K====
Current average attack time: 0.066281secs
====Iteration: 84 K====
Current average attack time: 0.0662867secs
====Iteration: 85 K====
Current average attack time: 0.0662606secs
====Iteration: 86 K====
Current average attack time: 0.066246secs
====Iteration: 87 K====
Current average attack time: 0.0662464secs
====Iteration: 88 K====
Current average attack time: 0.0662836secs
====Iteration: 89 K====
Current average attack time: 0.0662791secs
====Iteration: 90 K====
Current average attack time: 0.0662948secs
====Iteration: 91 K====
Current average attack time: 0.0662846secs
====Iteration: 92 K====
Current average attack time: 0.0663225secs
====Iteration: 93 K====
Current average attack time: 0.0663392secs
====Iteration: 94 K====
Current average attack time: 0.0663281secs
====Iteration: 95 K====
Current average attack time: 0.0663073secs
====Iteration: 96 K====
Current average attack time: 0.066309secs
====Iteration: 97 K====
Current average attack time: 0.0663367secs
====Iteration: 98 K====
Current average attack time: 0.0663075secs
====Iteration: 99 K====
Current average attack time: 0.0662985secs
====Iteration: 100 K====
Current average attack time: 0.0663084secs
Final Average Attack Time: 0.0663084secs
