=====Used variables in the simulation====
# of Rows (# of Buckets): 131072
Row Hammer Threshold: 1200
Swap Rate: 6
Swap Threshold: 200
# of Deterministic Access per 64ms: 1075
# of Random Guess per 64ms: 4678
RH Probability per 64ms: 0.0344
Simulation iterations: 100000
====Iteration: 1 K====
Current average attack time: 1.86965secs
====Iteration: 2 K====
Current average attack time: 1.85552secs
====Iteration: 3 K====
Current average attack time: 1.86219secs
====Iteration: 4 K====
Current average attack time: 1.86466secs
====Iteration: 5 K====
Current average attack time: 1.84549secs
====Iteration: 6 K====
Current average attack time: 1.8618secs
====Iteration: 7 K====
Current average attack time: 1.85678secs
====Iteration: 8 K====
Current average attack time: 1.87035secs
====Iteration: 9 K====
Current average attack time: 1.87323secs
====Iteration: 10 K====
Current average attack time: 1.87181secs
====Iteration: 11 K====
Current average attack time: 1.87075secs
====Iteration: 12 K====
Current average attack time: 1.87228secs
====Iteration: 13 K====
Current average attack time: 1.87325secs
====Iteration: 14 K====
Current average attack time: 1.86985secs
====Iteration: 15 K====
Current average attack time: 1.86224secs
====Iteration: 16 K====
Current average attack time: 1.86621secs
====Iteration: 17 K====
Current average attack time: 1.86463secs
====Iteration: 18 K====
Current average attack time: 1.86988secs
====Iteration: 19 K====
Current average attack time: 1.86813secs
====Iteration: 20 K====
Current average attack time: 1.86174secs
====Iteration: 21 K====
Current average attack time: 1.85954secs
====Iteration: 22 K====
Current average attack time: 1.86694secs
====Iteration: 23 K====
Current average attack time: 1.86833secs
====Iteration: 24 K====
Current average attack time: 1.87066secs
====Iteration: 25 K====
Current average attack time: 1.86842secs
====Iteration: 26 K====
Current average attack time: 1.86706secs
====Iteration: 27 K====
Current average attack time: 1.86662secs
====Iteration: 28 K====
Current average attack time: 1.86733secs
====Iteration: 29 K====
Current average attack time: 1.8695secs
====Iteration: 30 K====
Current average attack time: 1.87013secs
====Iteration: 31 K====
Current average attack time: 1.8675secs
====Iteration: 32 K====
Current average attack time: 1.86699secs
====Iteration: 33 K====
Current average attack time: 1.86562secs
====Iteration: 34 K====
Current average attack time: 1.86635secs
====Iteration: 35 K====
Current average attack time: 1.86715secs
====Iteration: 36 K====
Current average attack time: 1.8666secs
====Iteration: 37 K====
Current average attack time: 1.8696secs
====Iteration: 38 K====
Current average attack time: 1.86942secs
====Iteration: 39 K====
Current average attack time: 1.86903secs
====Iteration: 40 K====
Current average attack time: 1.86752secs
====Iteration: 41 K====
Current average attack time: 1.86894secs
====Iteration: 42 K====
Current average attack time: 1.87027secs
====Iteration: 43 K====
Current average attack time: 1.86717secs
====Iteration: 44 K====
Current average attack time: 1.86586secs
====Iteration: 45 K====
Current average attack time: 1.8657secs
====Iteration: 46 K====
Current average attack time: 1.86453secs
====Iteration: 47 K====
Current average attack time: 1.86572secs
====Iteration: 48 K====
Current average attack time: 1.86706secs
====Iteration: 49 K====
Current average attack time: 1.8666secs
====Iteration: 50 K====
Current average attack time: 1.86738secs
====Iteration: 51 K====
Current average attack time: 1.86697secs
====Iteration: 52 K====
Current average attack time: 1.86776secs
====Iteration: 53 K====
Current average attack time: 1.86533secs
====Iteration: 54 K====
Current average attack time: 1.86385secs
====Iteration: 55 K====
Current average attack time: 1.86633secs
====Iteration: 56 K====
Current average attack time: 1.86673secs
====Iteration: 57 K====
Current average attack time: 1.86535secs
====Iteration: 58 K====
Current average attack time: 1.86436secs
====Iteration: 59 K====
Current average attack time: 1.8643secs
====Iteration: 60 K====
Current average attack time: 1.86229secs
====Iteration: 61 K====
Current average attack time: 1.86356secs
====Iteration: 62 K====
Current average attack time: 1.86256secs
====Iteration: 63 K====
Current average attack time: 1.86307secs
====Iteration: 64 K====
Current average attack time: 1.86311secs
====Iteration: 65 K====
Current average attack time: 1.86495secs
====Iteration: 66 K====
Current average attack time: 1.86351secs
====Iteration: 67 K====
Current average attack time: 1.86507secs
====Iteration: 68 K====
Current average attack time: 1.86518secs
====Iteration: 69 K====
Current average attack time: 1.86608secs
====Iteration: 70 K====
Current average attack time: 1.86379secs
====Iteration: 71 K====
Current average attack time: 1.86429secs
====Iteration: 72 K====
Current average attack time: 1.86545secs
====Iteration: 73 K====
Current average attack time: 1.86503secs
====Iteration: 74 K====
Current average attack time: 1.86531secs
====Iteration: 75 K====
Current average attack time: 1.86481secs
====Iteration: 76 K====
Current average attack time: 1.86443secs
====Iteration: 77 K====
Current average attack time: 1.86439secs
====Iteration: 78 K====
Current average attack time: 1.86488secs
====Iteration: 79 K====
Current average attack time: 1.8648secs
====Iteration: 80 K====
Current average attack time: 1.86539secs
====Iteration: 81 K====
Current average attack time: 1.86474secs
====Iteration: 82 K====
Current average attack time: 1.8652secs
====Iteration: 83 K====
Current average attack time: 1.86494secs
====Iteration: 84 K====
Current average attack time: 1.86387secs
====Iteration: 85 K====
Current average attack time: 1.86291secs
====Iteration: 86 K====
Current average attack time: 1.86265secs
====Iteration: 87 K====
Current average attack time: 1.863secs
====Iteration: 88 K====
Current average attack time: 1.86262secs
====Iteration: 89 K====
Current average attack time: 1.86144secs
====Iteration: 90 K====
Current average attack time: 1.86092secs
====Iteration: 91 K====
Current average attack time: 1.86115secs
====Iteration: 92 K====
Current average attack time: 1.86016secs
====Iteration: 93 K====
Current average attack time: 1.86043secs
====Iteration: 94 K====
Current average attack time: 1.86006secs
====Iteration: 95 K====
Current average attack time: 1.85973secs
====Iteration: 96 K====
Current average attack time: 1.85914secs
====Iteration: 97 K====
Current average attack time: 1.85915secs
====Iteration: 98 K====
Current average attack time: 1.85966secs
====Iteration: 99 K====
Current average attack time: 1.85979secs
====Iteration: 100 K====
Current average attack time: 1.86098secs
Final Average Attack Time: 1.86098secs
