=====Used variables in the simulation====
# of Rows (# of Buckets): 131072
Row Hammer Threshold: 1200
Swap Rate: 6
Swap Threshold: 200
# of Deterministic Access per 64ms: 550
# of Random Guess per 64ms: 5109
RH Probability per 64ms: 9.24e-08
Simulation iterations: 100000
====Iteration: 1 K====
Current average attack time: 719829secs
====Iteration: 2 K====
Current average attack time: 703559secs
====Iteration: 3 K====
Current average attack time: 701525secs
====Iteration: 4 K====
Current average attack time: 693105secs
====Iteration: 5 K====
Current average attack time: 701753secs
====Iteration: 6 K====
Current average attack time: 703628secs
====Iteration: 7 K====
Current average attack time: 704814secs
====Iteration: 8 K====
Current average attack time: 704622secs
====Iteration: 9 K====
Current average attack time: 703487secs
====Iteration: 10 K====
Current average attack time: 703472secs
====Iteration: 11 K====
Current average attack time: 703116secs
====Iteration: 12 K====
Current average attack time: 701348secs
====Iteration: 13 K====
Current average attack time: 698783secs
====Iteration: 14 K====
Current average attack time: 699683secs
====Iteration: 15 K====
Current average attack time: 696928secs
====Iteration: 16 K====
Current average attack time: 697036secs
====Iteration: 17 K====
Current average attack time: 695694secs
====Iteration: 18 K====
Current average attack time: 694737secs
====Iteration: 19 K====
Current average attack time: 695480secs
====Iteration: 20 K====
Current average attack time: 695734secs
====Iteration: 21 K====
Current average attack time: 694378secs
====Iteration: 22 K====
Current average attack time: 692352secs
====Iteration: 23 K====
Current average attack time: 691265secs
====Iteration: 24 K====
Current average attack time: 690804secs
====Iteration: 25 K====
Current average attack time: 691324secs
====Iteration: 26 K====
Current average attack time: 690330secs
====Iteration: 27 K====
Current average attack time: 691257secs
====Iteration: 28 K====
Current average attack time: 691772secs
====Iteration: 29 K====
Current average attack time: 691728secs
====Iteration: 30 K====
Current average attack time: 691032secs
====Iteration: 31 K====
Current average attack time: 689968secs
====Iteration: 32 K====
Current average attack time: 690187secs
====Iteration: 33 K====
Current average attack time: 690453secs
====Iteration: 34 K====
Current average attack time: 690276secs
====Iteration: 35 K====
Current average attack time: 690362secs
====Iteration: 36 K====
Current average attack time: 690119secs
====Iteration: 37 K====
Current average attack time: 690960secs
====Iteration: 38 K====
Current average attack time: 691246secs
====Iteration: 39 K====
Current average attack time: 691139secs
====Iteration: 40 K====
Current average attack time: 689993secs
====Iteration: 41 K====
Current average attack time: 690668secs
====Iteration: 42 K====
Current average attack time: 692048secs
====Iteration: 43 K====
Current average attack time: 691499secs
====Iteration: 44 K====
Current average attack time: 691755secs
====Iteration: 45 K====
Current average attack time: 691690secs
====Iteration: 46 K====
Current average attack time: 691609secs
====Iteration: 47 K====
Current average attack time: 692391secs
====Iteration: 48 K====
Current average attack time: 691777secs
====Iteration: 49 K====
Current average attack time: 691818secs
====Iteration: 50 K====
Current average attack time: 691429secs
====Iteration: 51 K====
Current average attack time: 691864secs
====Iteration: 52 K====
Current average attack time: 692505secs
====Iteration: 53 K====
Current average attack time: 692649secs
====Iteration: 54 K====
Current average attack time: 692901secs
====Iteration: 55 K====
Current average attack time: 692460secs
====Iteration: 56 K====
Current average attack time: 692885secs
====Iteration: 57 K====
Current average attack time: 692454secs
====Iteration: 58 K====
Current average attack time: 692118secs
====Iteration: 59 K====
Current average attack time: 692472secs
====Iteration: 60 K====
Current average attack time: 691954secs
====Iteration: 61 K====
Current average attack time: 691700secs
====Iteration: 62 K====
Current average attack time: 691734secs
====Iteration: 63 K====
Current average attack time: 691948secs
====Iteration: 64 K====
Current average attack time: 692296secs
====Iteration: 65 K====
Current average attack time: 692222secs
====Iteration: 66 K====
Current average attack time: 692016secs
====Iteration: 67 K====
Current average attack time: 692098secs
====Iteration: 68 K====
Current average attack time: 691418secs
====Iteration: 69 K====
Current average attack time: 691138secs
====Iteration: 70 K====
Current average attack time: 691226secs
====Iteration: 71 K====
Current average attack time: 691088secs
====Iteration: 72 K====
Current average attack time: 691284secs
====Iteration: 73 K====
Current average attack time: 691248secs
====Iteration: 74 K====
Current average attack time: 690871secs
====Iteration: 75 K====
Current average attack time: 691048secs
====Iteration: 76 K====
Current average attack time: 691049secs
====Iteration: 77 K====
Current average attack time: 690589secs
====Iteration: 78 K====
Current average attack time: 690365secs
====Iteration: 79 K====
Current average attack time: 690221secs
====Iteration: 80 K====
Current average attack time: 690605secs
====Iteration: 81 K====
Current average attack time: 691132secs
====Iteration: 82 K====
Current average attack time: 691317secs
====Iteration: 83 K====
Current average attack time: 691216secs
====Iteration: 84 K====
Current average attack time: 691555secs
====Iteration: 85 K====
Current average attack time: 691621secs
====Iteration: 86 K====
Current average attack time: 692355secs
====Iteration: 87 K====
Current average attack time: 692220secs
====Iteration: 88 K====
Current average attack time: 692257secs
====Iteration: 89 K====
Current average attack time: 692097secs
====Iteration: 90 K====
Current average attack time: 692183secs
====Iteration: 91 K====
Current average attack time: 692480secs
====Iteration: 92 K====
Current average attack time: 692193secs
====Iteration: 93 K====
Current average attack time: 692377secs
====Iteration: 94 K====
Current average attack time: 691934secs
====Iteration: 95 K====
Current average attack time: 691802secs
====Iteration: 96 K====
Current average attack time: 692230secs
====Iteration: 97 K====
Current average attack time: 692418secs
====Iteration: 98 K====
Current average attack time: 692392secs
====Iteration: 99 K====
Current average attack time: 692499secs
====Iteration: 100 K====
Current average attack time: 692771secs
Final Average Attack Time: 692771secs
