=====Used variables in the simulation====
# of Rows (# of Buckets): 131072
Row Hammer Threshold: 1200
Swap Rate: 6
Swap Threshold: 200
# of Deterministic Access per 64ms: 1150
# of Random Guess per 64ms: 4616
RH Probability per 64ms: 0.034
Simulation iterations: 100000
====Iteration: 1 K====
Current average attack time: 1.91926secs
====Iteration: 2 K====
Current average attack time: 1.90279secs
====Iteration: 3 K====
Current average attack time: 1.90909secs
====Iteration: 4 K====
Current average attack time: 1.91467secs
====Iteration: 5 K====
Current average attack time: 1.91051secs
====Iteration: 6 K====
Current average attack time: 1.91809secs
====Iteration: 7 K====
Current average attack time: 1.91189secs
====Iteration: 8 K====
Current average attack time: 1.91078secs
====Iteration: 9 K====
Current average attack time: 1.90149secs
====Iteration: 10 K====
Current average attack time: 1.8909secs
====Iteration: 11 K====
Current average attack time: 1.89546secs
====Iteration: 12 K====
Current average attack time: 1.88659secs
====Iteration: 13 K====
Current average attack time: 1.88858secs
====Iteration: 14 K====
Current average attack time: 1.89191secs
====Iteration: 15 K====
Current average attack time: 1.88311secs
====Iteration: 16 K====
Current average attack time: 1.8919secs
====Iteration: 17 K====
Current average attack time: 1.8921secs
====Iteration: 18 K====
Current average attack time: 1.88398secs
====Iteration: 19 K====
Current average attack time: 1.88215secs
====Iteration: 20 K====
Current average attack time: 1.88028secs
====Iteration: 21 K====
Current average attack time: 1.87908secs
====Iteration: 22 K====
Current average attack time: 1.88524secs
====Iteration: 23 K====
Current average attack time: 1.88254secs
====Iteration: 24 K====
Current average attack time: 1.88408secs
====Iteration: 25 K====
Current average attack time: 1.88213secs
====Iteration: 26 K====
Current average attack time: 1.88397secs
====Iteration: 27 K====
Current average attack time: 1.88265secs
====Iteration: 28 K====
Current average attack time: 1.87853secs
====Iteration: 29 K====
Current average attack time: 1.87927secs
====Iteration: 30 K====
Current average attack time: 1.88004secs
====Iteration: 31 K====
Current average attack time: 1.88274secs
====Iteration: 32 K====
Current average attack time: 1.88271secs
====Iteration: 33 K====
Current average attack time: 1.88144secs
====Iteration: 34 K====
Current average attack time: 1.87906secs
====Iteration: 35 K====
Current average attack time: 1.88098secs
====Iteration: 36 K====
Current average attack time: 1.88314secs
====Iteration: 37 K====
Current average attack time: 1.88477secs
====Iteration: 38 K====
Current average attack time: 1.88415secs
====Iteration: 39 K====
Current average attack time: 1.88292secs
====Iteration: 40 K====
Current average attack time: 1.88324secs
====Iteration: 41 K====
Current average attack time: 1.88421secs
====Iteration: 42 K====
Current average attack time: 1.88538secs
====Iteration: 43 K====
Current average attack time: 1.8853secs
====Iteration: 44 K====
Current average attack time: 1.88228secs
====Iteration: 45 K====
Current average attack time: 1.8818secs
====Iteration: 46 K====
Current average attack time: 1.88177secs
====Iteration: 47 K====
Current average attack time: 1.88413secs
====Iteration: 48 K====
Current average attack time: 1.8823secs
====Iteration: 49 K====
Current average attack time: 1.88345secs
====Iteration: 50 K====
Current average attack time: 1.88364secs
====Iteration: 51 K====
Current average attack time: 1.88455secs
====Iteration: 52 K====
Current average attack time: 1.88482secs
====Iteration: 53 K====
Current average attack time: 1.88456secs
====Iteration: 54 K====
Current average attack time: 1.88452secs
====Iteration: 55 K====
Current average attack time: 1.88493secs
====Iteration: 56 K====
Current average attack time: 1.88392secs
====Iteration: 57 K====
Current average attack time: 1.88379secs
====Iteration: 58 K====
Current average attack time: 1.88378secs
====Iteration: 59 K====
Current average attack time: 1.88339secs
====Iteration: 60 K====
Current average attack time: 1.8827secs
====Iteration: 61 K====
Current average attack time: 1.88337secs
====Iteration: 62 K====
Current average attack time: 1.88363secs
====Iteration: 63 K====
Current average attack time: 1.88359secs
====Iteration: 64 K====
Current average attack time: 1.88518secs
====Iteration: 65 K====
Current average attack time: 1.88539secs
====Iteration: 66 K====
Current average attack time: 1.88602secs
====Iteration: 67 K====
Current average attack time: 1.88739secs
====Iteration: 68 K====
Current average attack time: 1.8865secs
====Iteration: 69 K====
Current average attack time: 1.88872secs
====Iteration: 70 K====
Current average attack time: 1.8891secs
====Iteration: 71 K====
Current average attack time: 1.88941secs
====Iteration: 72 K====
Current average attack time: 1.89006secs
====Iteration: 73 K====
Current average attack time: 1.88962secs
====Iteration: 74 K====
Current average attack time: 1.88946secs
====Iteration: 75 K====
Current average attack time: 1.88902secs
====Iteration: 76 K====
Current average attack time: 1.88889secs
====Iteration: 77 K====
Current average attack time: 1.89054secs
====Iteration: 78 K====
Current average attack time: 1.89099secs
====Iteration: 79 K====
Current average attack time: 1.89101secs
====Iteration: 80 K====
Current average attack time: 1.89165secs
====Iteration: 81 K====
Current average attack time: 1.89123secs
====Iteration: 82 K====
Current average attack time: 1.89076secs
====Iteration: 83 K====
Current average attack time: 1.8913secs
====Iteration: 84 K====
Current average attack time: 1.89031secs
====Iteration: 85 K====
Current average attack time: 1.89035secs
====Iteration: 86 K====
Current average attack time: 1.88954secs
====Iteration: 87 K====
Current average attack time: 1.88941secs
====Iteration: 88 K====
Current average attack time: 1.88897secs
====Iteration: 89 K====
Current average attack time: 1.89012secs
====Iteration: 90 K====
Current average attack time: 1.89082secs
====Iteration: 91 K====
Current average attack time: 1.89096secs
====Iteration: 92 K====
Current average attack time: 1.89046secs
====Iteration: 93 K====
Current average attack time: 1.89095secs
====Iteration: 94 K====
Current average attack time: 1.89047secs
====Iteration: 95 K====
Current average attack time: 1.891secs
====Iteration: 96 K====
Current average attack time: 1.89106secs
====Iteration: 97 K====
Current average attack time: 1.89116secs
====Iteration: 98 K====
Current average attack time: 1.89163secs
====Iteration: 99 K====
Current average attack time: 1.89185secs
====Iteration: 100 K====
Current average attack time: 1.8924secs
Final Average Attack Time: 1.8924secs
