=====Used variables in the simulation====
# of Rows (# of Buckets): 131072
Row Hammer Threshold: 1200
Swap Rate: 6
Swap Threshold: 200
# of Deterministic Access per 64ms: 775
# of Random Guess per 64ms: 4924
RH Probability per 64ms: 8.51e-06
Simulation iterations: 100000
====Iteration: 1 K====
Current average attack time: 7668.77secs
====Iteration: 2 K====
Current average attack time: 7630.96secs
====Iteration: 3 K====
Current average attack time: 7443.22secs
====Iteration: 4 K====
Current average attack time: 7464.24secs
====Iteration: 5 K====
Current average attack time: 7437.86secs
====Iteration: 6 K====
Current average attack time: 7444.4secs
====Iteration: 7 K====
Current average attack time: 7473.42secs
====Iteration: 8 K====
Current average attack time: 7462.54secs
====Iteration: 9 K====
Current average attack time: 7472.09secs
====Iteration: 10 K====
Current average attack time: 7466.44secs
====Iteration: 11 K====
Current average attack time: 7469.19secs
====Iteration: 12 K====
Current average attack time: 7472.99secs
====Iteration: 13 K====
Current average attack time: 7476.54secs
====Iteration: 14 K====
Current average attack time: 7466.15secs
====Iteration: 15 K====
Current average attack time: 7464.07secs
====Iteration: 16 K====
Current average attack time: 7440.23secs
====Iteration: 17 K====
Current average attack time: 7439.07secs
====Iteration: 18 K====
Current average attack time: 7440.03secs
====Iteration: 19 K====
Current average attack time: 7456.22secs
====Iteration: 20 K====
Current average attack time: 7473.74secs
====Iteration: 21 K====
Current average attack time: 7469.69secs
====Iteration: 22 K====
Current average attack time: 7462.74secs
====Iteration: 23 K====
Current average attack time: 7449.33secs
====Iteration: 24 K====
Current average attack time: 7462secs
====Iteration: 25 K====
Current average attack time: 7464.59secs
====Iteration: 26 K====
Current average attack time: 7470.42secs
====Iteration: 27 K====
Current average attack time: 7468.88secs
====Iteration: 28 K====
Current average attack time: 7465.06secs
====Iteration: 29 K====
Current average attack time: 7458.04secs
====Iteration: 30 K====
Current average attack time: 7466.59secs
====Iteration: 31 K====
Current average attack time: 7472.84secs
====Iteration: 32 K====
Current average attack time: 7480.23secs
====Iteration: 33 K====
Current average attack time: 7473.22secs
====Iteration: 34 K====
Current average attack time: 7477.81secs
====Iteration: 35 K====
Current average attack time: 7476.79secs
====Iteration: 36 K====
Current average attack time: 7476.29secs
====Iteration: 37 K====
Current average attack time: 7482.16secs
====Iteration: 38 K====
Current average attack time: 7487.45secs
====Iteration: 39 K====
Current average attack time: 7495.33secs
====Iteration: 40 K====
Current average attack time: 7492.05secs
====Iteration: 41 K====
Current average attack time: 7494.58secs
====Iteration: 42 K====
Current average attack time: 7498.2secs
====Iteration: 43 K====
Current average attack time: 7487.95secs
====Iteration: 44 K====
Current average attack time: 7487.72secs
====Iteration: 45 K====
Current average attack time: 7474.32secs
====Iteration: 46 K====
Current average attack time: 7478.85secs
====Iteration: 47 K====
Current average attack time: 7480.39secs
====Iteration: 48 K====
Current average attack time: 7474.26secs
====Iteration: 49 K====
Current average attack time: 7476.17secs
====Iteration: 50 K====
Current average attack time: 7474.03secs
====Iteration: 51 K====
Current average attack time: 7466.11secs
====Iteration: 52 K====
Current average attack time: 7470.06secs
====Iteration: 53 K====
Current average attack time: 7469.98secs
====Iteration: 54 K====
Current average attack time: 7476.88secs
====Iteration: 55 K====
Current average attack time: 7468.22secs
====Iteration: 56 K====
Current average attack time: 7475.03secs
====Iteration: 57 K====
Current average attack time: 7468.07secs
====Iteration: 58 K====
Current average attack time: 7468.82secs
====Iteration: 59 K====
Current average attack time: 7469.86secs
====Iteration: 60 K====
Current average attack time: 7476.02secs
====Iteration: 61 K====
Current average attack time: 7475.06secs
====Iteration: 62 K====
Current average attack time: 7476.6secs
====Iteration: 63 K====
Current average attack time: 7482.92secs
====Iteration: 64 K====
Current average attack time: 7491.24secs
====Iteration: 65 K====
Current average attack time: 7490.76secs
====Iteration: 66 K====
Current average attack time: 7491.1secs
====Iteration: 67 K====
Current average attack time: 7487.61secs
====Iteration: 68 K====
Current average attack time: 7484.49secs
====Iteration: 69 K====
Current average attack time: 7487.76secs
====Iteration: 70 K====
Current average attack time: 7490.42secs
====Iteration: 71 K====
Current average attack time: 7493.97secs
====Iteration: 72 K====
Current average attack time: 7488.13secs
====Iteration: 73 K====
Current average attack time: 7488.68secs
====Iteration: 74 K====
Current average attack time: 7489.54secs
====Iteration: 75 K====
Current average attack time: 7486.93secs
====Iteration: 76 K====
Current average attack time: 7488.1secs
====Iteration: 77 K====
Current average attack time: 7485.38secs
====Iteration: 78 K====
Current average attack time: 7487.94secs
====Iteration: 79 K====
Current average attack time: 7488.7secs
====Iteration: 80 K====
Current average attack time: 7491.58secs
====Iteration: 81 K====
Current average attack time: 7492.26secs
====Iteration: 82 K====
Current average attack time: 7489.06secs
====Iteration: 83 K====
Current average attack time: 7485.75secs
====Iteration: 84 K====
Current average attack time: 7480.93secs
====Iteration: 85 K====
Current average attack time: 7483.41secs
====Iteration: 86 K====
Current average attack time: 7487.7secs
====Iteration: 87 K====
Current average attack time: 7484.87secs
====Iteration: 88 K====
Current average attack time: 7484secs
====Iteration: 89 K====
Current average attack time: 7484.35secs
====Iteration: 90 K====
Current average attack time: 7483.48secs
====Iteration: 91 K====
Current average attack time: 7484.92secs
====Iteration: 92 K====
Current average attack time: 7485.55secs
====Iteration: 93 K====
Current average attack time: 7484.27secs
====Iteration: 94 K====
Current average attack time: 7481.94secs
====Iteration: 95 K====
Current average attack time: 7485.21secs
====Iteration: 96 K====
Current average attack time: 7486.43secs
====Iteration: 97 K====
Current average attack time: 7490.53secs
====Iteration: 98 K====
Current average attack time: 7487.53secs
====Iteration: 99 K====
Current average attack time: 7487.96secs
====Iteration: 100 K====
Current average attack time: 7484.29secs
Final Average Attack Time: 7484.29secs
