=====Used variables in the simulation====
# of Rows (# of Buckets): 131072
Row Hammer Threshold: 1200
Swap Rate: 6
Swap Threshold: 200
# of Deterministic Access per 64ms: 1000
# of Random Guess per 64ms: 4740
RH Probability per 64ms: 0.0349
Simulation iterations: 100000
====Iteration: 1 K====
Current average attack time: 1.7981secs
====Iteration: 2 K====
Current average attack time: 1.84166secs
====Iteration: 3 K====
Current average attack time: 1.83689secs
====Iteration: 4 K====
Current average attack time: 1.83721secs
====Iteration: 5 K====
Current average attack time: 1.8119secs
====Iteration: 6 K====
Current average attack time: 1.81041secs
====Iteration: 7 K====
Current average attack time: 1.81012secs
====Iteration: 8 K====
Current average attack time: 1.8111secs
====Iteration: 9 K====
Current average attack time: 1.81814secs
====Iteration: 10 K====
Current average attack time: 1.81604secs
====Iteration: 11 K====
Current average attack time: 1.82051secs
====Iteration: 12 K====
Current average attack time: 1.81913secs
====Iteration: 13 K====
Current average attack time: 1.81801secs
====Iteration: 14 K====
Current average attack time: 1.81469secs
====Iteration: 15 K====
Current average attack time: 1.81536secs
====Iteration: 16 K====
Current average attack time: 1.81526secs
====Iteration: 17 K====
Current average attack time: 1.81519secs
====Iteration: 18 K====
Current average attack time: 1.81407secs
====Iteration: 19 K====
Current average attack time: 1.81249secs
====Iteration: 20 K====
Current average attack time: 1.81417secs
====Iteration: 21 K====
Current average attack time: 1.81157secs
====Iteration: 22 K====
Current average attack time: 1.81501secs
====Iteration: 23 K====
Current average attack time: 1.81512secs
====Iteration: 24 K====
Current average attack time: 1.81176secs
====Iteration: 25 K====
Current average attack time: 1.80886secs
====Iteration: 26 K====
Current average attack time: 1.80796secs
====Iteration: 27 K====
Current average attack time: 1.81117secs
====Iteration: 28 K====
Current average attack time: 1.81439secs
====Iteration: 29 K====
Current average attack time: 1.81519secs
====Iteration: 30 K====
Current average attack time: 1.81643secs
====Iteration: 31 K====
Current average attack time: 1.81629secs
====Iteration: 32 K====
Current average attack time: 1.81449secs
====Iteration: 33 K====
Current average attack time: 1.81321secs
====Iteration: 34 K====
Current average attack time: 1.81518secs
====Iteration: 35 K====
Current average attack time: 1.81449secs
====Iteration: 36 K====
Current average attack time: 1.8143secs
====Iteration: 37 K====
Current average attack time: 1.81367secs
====Iteration: 38 K====
Current average attack time: 1.81051secs
====Iteration: 39 K====
Current average attack time: 1.81137secs
====Iteration: 40 K====
Current average attack time: 1.81073secs
====Iteration: 41 K====
Current average attack time: 1.81186secs
====Iteration: 42 K====
Current average attack time: 1.81069secs
====Iteration: 43 K====
Current average attack time: 1.80878secs
====Iteration: 44 K====
Current average attack time: 1.80731secs
====Iteration: 45 K====
Current average attack time: 1.80877secs
====Iteration: 46 K====
Current average attack time: 1.80887secs
====Iteration: 47 K====
Current average attack time: 1.8094secs
====Iteration: 48 K====
Current average attack time: 1.81109secs
====Iteration: 49 K====
Current average attack time: 1.80977secs
====Iteration: 50 K====
Current average attack time: 1.80943secs
====Iteration: 51 K====
Current average attack time: 1.81049secs
====Iteration: 52 K====
Current average attack time: 1.81061secs
====Iteration: 53 K====
Current average attack time: 1.8115secs
====Iteration: 54 K====
Current average attack time: 1.81103secs
====Iteration: 55 K====
Current average attack time: 1.81274secs
====Iteration: 56 K====
Current average attack time: 1.81346secs
====Iteration: 57 K====
Current average attack time: 1.81353secs
====Iteration: 58 K====
Current average attack time: 1.81457secs
====Iteration: 59 K====
Current average attack time: 1.81312secs
====Iteration: 60 K====
Current average attack time: 1.81344secs
====Iteration: 61 K====
Current average attack time: 1.81399secs
====Iteration: 62 K====
Current average attack time: 1.8137secs
====Iteration: 63 K====
Current average attack time: 1.815secs
====Iteration: 64 K====
Current average attack time: 1.81486secs
====Iteration: 65 K====
Current average attack time: 1.81417secs
====Iteration: 66 K====
Current average attack time: 1.81393secs
====Iteration: 67 K====
Current average attack time: 1.81501secs
====Iteration: 68 K====
Current average attack time: 1.81509secs
====Iteration: 69 K====
Current average attack time: 1.81662secs
====Iteration: 70 K====
Current average attack time: 1.817secs
====Iteration: 71 K====
Current average attack time: 1.81541secs
====Iteration: 72 K====
Current average attack time: 1.81516secs
====Iteration: 73 K====
Current average attack time: 1.81542secs
====Iteration: 74 K====
Current average attack time: 1.8163secs
====Iteration: 75 K====
Current average attack time: 1.81698secs
====Iteration: 76 K====
Current average attack time: 1.81826secs
====Iteration: 77 K====
Current average attack time: 1.81841secs
====Iteration: 78 K====
Current average attack time: 1.8197secs
====Iteration: 79 K====
Current average attack time: 1.81957secs
====Iteration: 80 K====
Current average attack time: 1.82058secs
====Iteration: 81 K====
Current average attack time: 1.82192secs
====Iteration: 82 K====
Current average attack time: 1.82263secs
====Iteration: 83 K====
Current average attack time: 1.82436secs
====Iteration: 84 K====
Current average attack time: 1.824secs
====Iteration: 85 K====
Current average attack time: 1.82428secs
====Iteration: 86 K====
Current average attack time: 1.82392secs
====Iteration: 87 K====
Current average attack time: 1.8243secs
====Iteration: 88 K====
Current average attack time: 1.82546secs
====Iteration: 89 K====
Current average attack time: 1.82538secs
====Iteration: 90 K====
Current average attack time: 1.82547secs
====Iteration: 91 K====
Current average attack time: 1.82514secs
====Iteration: 92 K====
Current average attack time: 1.82535secs
====Iteration: 93 K====
Current average attack time: 1.82478secs
====Iteration: 94 K====
Current average attack time: 1.82535secs
====Iteration: 95 K====
Current average attack time: 1.82533secs
====Iteration: 96 K====
Current average attack time: 1.82584secs
====Iteration: 97 K====
Current average attack time: 1.82613secs
====Iteration: 98 K====
Current average attack time: 1.8266secs
====Iteration: 99 K====
Current average attack time: 1.82674secs
====Iteration: 100 K====
Current average attack time: 1.82797secs
Final Average Attack Time: 1.82797secs
