=====Used variables in the simulation====
# of Rows (# of Buckets): 131072
Row Hammer Threshold: 1200
Swap Rate: 6
Swap Threshold: 200
# of Deterministic Access per 64ms: 700
# of Random Guess per 64ms: 4986
RH Probability per 64ms: 8.83e-06
Simulation iterations: 100000
====Iteration: 1 K====
Current average attack time: 7121.14secs
====Iteration: 2 K====
Current average attack time: 7358.97secs
====Iteration: 3 K====
Current average attack time: 7464.29secs
====Iteration: 4 K====
Current average attack time: 7492.52secs
====Iteration: 5 K====
Current average attack time: 7442.95secs
====Iteration: 6 K====
Current average attack time: 7437.72secs
====Iteration: 7 K====
Current average attack time: 7376.49secs
====Iteration: 8 K====
Current average attack time: 7386.14secs
====Iteration: 9 K====
Current average attack time: 7383.66secs
====Iteration: 10 K====
Current average attack time: 7366.74secs
====Iteration: 11 K====
Current average attack time: 7363.9secs
====Iteration: 12 K====
Current average attack time: 7366.35secs
====Iteration: 13 K====
Current average attack time: 7338.82secs
====Iteration: 14 K====
Current average attack time: 7342secs
====Iteration: 15 K====
Current average attack time: 7324.66secs
====Iteration: 16 K====
Current average attack time: 7305.21secs
====Iteration: 17 K====
Current average attack time: 7297.9secs
====Iteration: 18 K====
Current average attack time: 7297.91secs
====Iteration: 19 K====
Current average attack time: 7287.37secs
====Iteration: 20 K====
Current average attack time: 7305.02secs
====Iteration: 21 K====
Current average attack time: 7289.12secs
====Iteration: 22 K====
Current average attack time: 7289.65secs
====Iteration: 23 K====
Current average attack time: 7280.01secs
====Iteration: 24 K====
Current average attack time: 7279.28secs
====Iteration: 25 K====
Current average attack time: 7286.55secs
====Iteration: 26 K====
Current average attack time: 7283.07secs
====Iteration: 27 K====
Current average attack time: 7289.69secs
====Iteration: 28 K====
Current average attack time: 7289.56secs
====Iteration: 29 K====
Current average attack time: 7299.29secs
====Iteration: 30 K====
Current average attack time: 7289.28secs
====Iteration: 31 K====
Current average attack time: 7302.22secs
====Iteration: 32 K====
Current average attack time: 7302.53secs
====Iteration: 33 K====
Current average attack time: 7304.61secs
====Iteration: 34 K====
Current average attack time: 7306.62secs
====Iteration: 35 K====
Current average attack time: 7296.94secs
====Iteration: 36 K====
Current average attack time: 7304.44secs
====Iteration: 37 K====
Current average attack time: 7304.27secs
====Iteration: 38 K====
Current average attack time: 7305.55secs
====Iteration: 39 K====
Current average attack time: 7302.5secs
====Iteration: 40 K====
Current average attack time: 7303.04secs
====Iteration: 41 K====
Current average attack time: 7308.19secs
====Iteration: 42 K====
Current average attack time: 7304.21secs
====Iteration: 43 K====
Current average attack time: 7300.54secs
====Iteration: 44 K====
Current average attack time: 7302.67secs
====Iteration: 45 K====
Current average attack time: 7294.39secs
====Iteration: 46 K====
Current average attack time: 7291.37secs
====Iteration: 47 K====
Current average attack time: 7285.18secs
====Iteration: 48 K====
Current average attack time: 7285.6secs
====Iteration: 49 K====
Current average attack time: 7285.85secs
====Iteration: 50 K====
Current average attack time: 7277.85secs
====Iteration: 51 K====
Current average attack time: 7283.43secs
====Iteration: 52 K====
Current average attack time: 7276.63secs
====Iteration: 53 K====
Current average attack time: 7282.01secs
====Iteration: 54 K====
Current average attack time: 7285.03secs
====Iteration: 55 K====
Current average attack time: 7286.76secs
====Iteration: 56 K====
Current average attack time: 7278.79secs
====Iteration: 57 K====
Current average attack time: 7270.23secs
====Iteration: 58 K====
Current average attack time: 7269.74secs
====Iteration: 59 K====
Current average attack time: 7267.77secs
====Iteration: 60 K====
Current average attack time: 7268.36secs
====Iteration: 61 K====
Current average attack time: 7268.44secs
====Iteration: 62 K====
Current average attack time: 7263.9secs
====Iteration: 63 K====
Current average attack time: 7256.95secs
====Iteration: 64 K====
Current average attack time: 7253.1secs
====Iteration: 65 K====
Current average attack time: 7246.89secs
====Iteration: 66 K====
Current average attack time: 7250.24secs
====Iteration: 67 K====
Current average attack time: 7247.69secs
====Iteration: 68 K====
Current average attack time: 7249.79secs
====Iteration: 69 K====
Current average attack time: 7256.24secs
====Iteration: 70 K====
Current average attack time: 7254.15secs
====Iteration: 71 K====
Current average attack time: 7254.24secs
====Iteration: 72 K====
Current average attack time: 7252.24secs
====Iteration: 73 K====
Current average attack time: 7250.44secs
====Iteration: 74 K====
Current average attack time: 7255.22secs
====Iteration: 75 K====
Current average attack time: 7260.61secs
====Iteration: 76 K====
Current average attack time: 7258.72secs
====Iteration: 77 K====
Current average attack time: 7258.41secs
====Iteration: 78 K====
Current average attack time: 7259.27secs
====Iteration: 79 K====
Current average attack time: 7261.48secs
====Iteration: 80 K====
Current average attack time: 7258.51secs
====Iteration: 81 K====
Current average attack time: 7260.61secs
====Iteration: 82 K====
Current average attack time: 7261.37secs
====Iteration: 83 K====
Current average attack time: 7260.24secs
====Iteration: 84 K====
Current average attack time: 7263.57secs
====Iteration: 85 K====
Current average attack time: 7263.04secs
====Iteration: 86 K====
Current average attack time: 7262.97secs
====Iteration: 87 K====
Current average attack time: 7265.41secs
====Iteration: 88 K====
Current average attack time: 7267.29secs
====Iteration: 89 K====
Current average attack time: 7267.55secs
====Iteration: 90 K====
Current average attack time: 7268.09secs
====Iteration: 91 K====
Current average attack time: 7268.3secs
====Iteration: 92 K====
Current average attack time: 7268.95secs
====Iteration: 93 K====
Current average attack time: 7267.44secs
====Iteration: 94 K====
Current average attack time: 7271.71secs
====Iteration: 95 K====
Current average attack time: 7269.19secs
====Iteration: 96 K====
Current average attack time: 7269.53secs
====Iteration: 97 K====
Current average attack time: 7276.63secs
====Iteration: 98 K====
Current average attack time: 7276.45secs
====Iteration: 99 K====
Current average attack time: 7275.99secs
====Iteration: 100 K====
Current average attack time: 7273.29secs
Final Average Attack Time: 7273.29secs
