=====Used variables in the simulation====
# of Rows (# of Buckets): 131072
Row Hammer Threshold: 1200
Swap Rate: 6
Swap Threshold: 200
# of Deterministic Access per 64ms: 925
# of Random Guess per 64ms: 4801
RH Probability per 64ms: 0.000647
Simulation iterations: 100000
====Iteration: 1 K====
Current average attack time: 101.618secs
====Iteration: 2 K====
Current average attack time: 98.8201secs
====Iteration: 3 K====
Current average attack time: 97.7422secs
====Iteration: 4 K====
Current average attack time: 97.8908secs
====Iteration: 5 K====
Current average attack time: 97.825secs
====Iteration: 6 K====
Current average attack time: 97.8298secs
====Iteration: 7 K====
Current average attack time: 97.6593secs
====Iteration: 8 K====
Current average attack time: 98.3676secs
====Iteration: 9 K====
Current average attack time: 98.5947secs
====Iteration: 10 K====
Current average attack time: 98.582secs
====Iteration: 11 K====
Current average attack time: 98.2153secs
====Iteration: 12 K====
Current average attack time: 98.4661secs
====Iteration: 13 K====
Current average attack time: 98.3079secs
====Iteration: 14 K====
Current average attack time: 98.2154secs
====Iteration: 15 K====
Current average attack time: 97.9478secs
====Iteration: 16 K====
Current average attack time: 98.0304secs
====Iteration: 17 K====
Current average attack time: 98.6044secs
====Iteration: 18 K====
Current average attack time: 98.7578secs
====Iteration: 19 K====
Current average attack time: 98.6477secs
====Iteration: 20 K====
Current average attack time: 98.7181secs
====Iteration: 21 K====
Current average attack time: 98.6073secs
====Iteration: 22 K====
Current average attack time: 98.6198secs
====Iteration: 23 K====
Current average attack time: 98.4385secs
====Iteration: 24 K====
Current average attack time: 98.5074secs
====Iteration: 25 K====
Current average attack time: 98.69secs
====Iteration: 26 K====
Current average attack time: 98.6458secs
====Iteration: 27 K====
Current average attack time: 98.5985secs
====Iteration: 28 K====
Current average attack time: 98.4737secs
====Iteration: 29 K====
Current average attack time: 98.4093secs
====Iteration: 30 K====
Current average attack time: 98.7092secs
====Iteration: 31 K====
Current average attack time: 98.5707secs
====Iteration: 32 K====
Current average attack time: 98.5009secs
====Iteration: 33 K====
Current average attack time: 98.6463secs
====Iteration: 34 K====
Current average attack time: 98.5679secs
====Iteration: 35 K====
Current average attack time: 98.6504secs
====Iteration: 36 K====
Current average attack time: 98.5205secs
====Iteration: 37 K====
Current average attack time: 98.4566secs
====Iteration: 38 K====
Current average attack time: 98.4267secs
====Iteration: 39 K====
Current average attack time: 98.4495secs
====Iteration: 40 K====
Current average attack time: 98.5151secs
====Iteration: 41 K====
Current average attack time: 98.6347secs
====Iteration: 42 K====
Current average attack time: 98.773secs
====Iteration: 43 K====
Current average attack time: 98.823secs
====Iteration: 44 K====
Current average attack time: 98.8067secs
====Iteration: 45 K====
Current average attack time: 98.6581secs
====Iteration: 46 K====
Current average attack time: 98.7573secs
====Iteration: 47 K====
Current average attack time: 98.7961secs
====Iteration: 48 K====
Current average attack time: 98.7351secs
====Iteration: 49 K====
Current average attack time: 98.7378secs
====Iteration: 50 K====
Current average attack time: 98.8129secs
====Iteration: 51 K====
Current average attack time: 98.7375secs
====Iteration: 52 K====
Current average attack time: 98.8365secs
====Iteration: 53 K====
Current average attack time: 98.7093secs
====Iteration: 54 K====
Current average attack time: 98.7566secs
====Iteration: 55 K====
Current average attack time: 98.8341secs
====Iteration: 56 K====
Current average attack time: 98.8677secs
====Iteration: 57 K====
Current average attack time: 98.855secs
====Iteration: 58 K====
Current average attack time: 98.8366secs
====Iteration: 59 K====
Current average attack time: 98.8773secs
====Iteration: 60 K====
Current average attack time: 98.8192secs
====Iteration: 61 K====
Current average attack time: 98.8313secs
====Iteration: 62 K====
Current average attack time: 98.7221secs
====Iteration: 63 K====
Current average attack time: 98.6916secs
====Iteration: 64 K====
Current average attack time: 98.6586secs
====Iteration: 65 K====
Current average attack time: 98.5912secs
====Iteration: 66 K====
Current average attack time: 98.5843secs
====Iteration: 67 K====
Current average attack time: 98.6077secs
====Iteration: 68 K====
Current average attack time: 98.6758secs
====Iteration: 69 K====
Current average attack time: 98.6932secs
====Iteration: 70 K====
Current average attack time: 98.607secs
====Iteration: 71 K====
Current average attack time: 98.6155secs
====Iteration: 72 K====
Current average attack time: 98.521secs
====Iteration: 73 K====
Current average attack time: 98.5324secs
====Iteration: 74 K====
Current average attack time: 98.5468secs
====Iteration: 75 K====
Current average attack time: 98.5802secs
====Iteration: 76 K====
Current average attack time: 98.5987secs
====Iteration: 77 K====
Current average attack time: 98.5562secs
====Iteration: 78 K====
Current average attack time: 98.5822secs
====Iteration: 79 K====
Current average attack time: 98.5972secs
====Iteration: 80 K====
Current average attack time: 98.6464secs
====Iteration: 81 K====
Current average attack time: 98.6625secs
====Iteration: 82 K====
Current average attack time: 98.694secs
====Iteration: 83 K====
Current average attack time: 98.6849secs
====Iteration: 84 K====
Current average attack time: 98.6775secs
====Iteration: 85 K====
Current average attack time: 98.7352secs
====Iteration: 86 K====
Current average attack time: 98.7917secs
====Iteration: 87 K====
Current average attack time: 98.7755secs
====Iteration: 88 K====
Current average attack time: 98.8769secs
====Iteration: 89 K====
Current average attack time: 98.9263secs
====Iteration: 90 K====
Current average attack time: 98.9086secs
====Iteration: 91 K====
Current average attack time: 98.9583secs
====Iteration: 92 K====
Current average attack time: 98.9657secs
====Iteration: 93 K====
Current average attack time: 98.9573secs
====Iteration: 94 K====
Current average attack time: 98.9377secs
====Iteration: 95 K====
Current average attack time: 98.9811secs
====Iteration: 96 K====
Current average attack time: 98.9991secs
====Iteration: 97 K====
Current average attack time: 98.9912secs
====Iteration: 98 K====
Current average attack time: 98.9943secs
====Iteration: 99 K====
Current average attack time: 98.9864secs
====Iteration: 100 K====
Current average attack time: 99.0638secs
Final Average Attack Time: 99.0638secs
