=====Used variables in the simulation====
# of Rows (# of Buckets): 131072
Row Hammer Threshold: 1200
Swap Rate: 6
Swap Threshold: 200
# of Deterministic Access per 64ms: 550
# of Random Guess per 64ms: 5109
RH Probability per 64ms: 9.24e-08
Simulation iterations: 100000
====Iteration: 1 K====
Current average attack time: 678364secs
====Iteration: 2 K====
Current average attack time: 701564secs
====Iteration: 3 K====
Current average attack time: 696566secs
====Iteration: 4 K====
Current average attack time: 688831secs
====Iteration: 5 K====
Current average attack time: 689910secs
====Iteration: 6 K====
Current average attack time: 689446secs
====Iteration: 7 K====
Current average attack time: 686792secs
====Iteration: 8 K====
Current average attack time: 688193secs
====Iteration: 9 K====
Current average attack time: 686914secs
====Iteration: 10 K====
Current average attack time: 683050secs
====Iteration: 11 K====
Current average attack time: 685178secs
====Iteration: 12 K====
Current average attack time: 686341secs
====Iteration: 13 K====
Current average attack time: 687204secs
====Iteration: 14 K====
Current average attack time: 686828secs
====Iteration: 15 K====
Current average attack time: 685835secs
====Iteration: 16 K====
Current average attack time: 686561secs
====Iteration: 17 K====
Current average attack time: 689351secs
====Iteration: 18 K====
Current average attack time: 689604secs
====Iteration: 19 K====
Current average attack time: 689943secs
====Iteration: 20 K====
Current average attack time: 689207secs
====Iteration: 21 K====
Current average attack time: 688671secs
====Iteration: 22 K====
Current average attack time: 687805secs
====Iteration: 23 K====
Current average attack time: 689375secs
====Iteration: 24 K====
Current average attack time: 689335secs
====Iteration: 25 K====
Current average attack time: 688160secs
====Iteration: 26 K====
Current average attack time: 689074secs
====Iteration: 27 K====
Current average attack time: 689974secs
====Iteration: 28 K====
Current average attack time: 690558secs
====Iteration: 29 K====
Current average attack time: 690477secs
====Iteration: 30 K====
Current average attack time: 691699secs
====Iteration: 31 K====
Current average attack time: 693264secs
====Iteration: 32 K====
Current average attack time: 692886secs
====Iteration: 33 K====
Current average attack time: 693322secs
====Iteration: 34 K====
Current average attack time: 693726secs
====Iteration: 35 K====
Current average attack time: 692747secs
====Iteration: 36 K====
Current average attack time: 691623secs
====Iteration: 37 K====
Current average attack time: 690062secs
====Iteration: 38 K====
Current average attack time: 690802secs
====Iteration: 39 K====
Current average attack time: 690634secs
====Iteration: 40 K====
Current average attack time: 690702secs
====Iteration: 41 K====
Current average attack time: 690518secs
====Iteration: 42 K====
Current average attack time: 690896secs
====Iteration: 43 K====
Current average attack time: 691184secs
====Iteration: 44 K====
Current average attack time: 690812secs
====Iteration: 45 K====
Current average attack time: 690900secs
====Iteration: 46 K====
Current average attack time: 690947secs
====Iteration: 47 K====
Current average attack time: 690710secs
====Iteration: 48 K====
Current average attack time: 690353secs
====Iteration: 49 K====
Current average attack time: 690461secs
====Iteration: 50 K====
Current average attack time: 690367secs
====Iteration: 51 K====
Current average attack time: 691210secs
====Iteration: 52 K====
Current average attack time: 691259secs
====Iteration: 53 K====
Current average attack time: 691764secs
====Iteration: 54 K====
Current average attack time: 691327secs
====Iteration: 55 K====
Current average attack time: 691472secs
====Iteration: 56 K====
Current average attack time: 691585secs
====Iteration: 57 K====
Current average attack time: 691626secs
====Iteration: 58 K====
Current average attack time: 691262secs
====Iteration: 59 K====
Current average attack time: 690458secs
====Iteration: 60 K====
Current average attack time: 690448secs
====Iteration: 61 K====
Current average attack time: 690465secs
====Iteration: 62 K====
Current average attack time: 690561secs
====Iteration: 63 K====
Current average attack time: 690294secs
====Iteration: 64 K====
Current average attack time: 690063secs
====Iteration: 65 K====
Current average attack time: 690182secs
====Iteration: 66 K====
Current average attack time: 689892secs
====Iteration: 67 K====
Current average attack time: 689727secs
====Iteration: 68 K====
Current average attack time: 689600secs
====Iteration: 69 K====
Current average attack time: 689242secs
====Iteration: 70 K====
Current average attack time: 688936secs
====Iteration: 71 K====
Current average attack time: 689042secs
====Iteration: 72 K====
Current average attack time: 689216secs
====Iteration: 73 K====
Current average attack time: 690444secs
====Iteration: 74 K====
Current average attack time: 690196secs
====Iteration: 75 K====
Current average attack time: 690753secs
====Iteration: 76 K====
Current average attack time: 691453secs
====Iteration: 77 K====
Current average attack time: 691663secs
====Iteration: 78 K====
Current average attack time: 691463secs
====Iteration: 79 K====
Current average attack time: 691263secs
====Iteration: 80 K====
Current average attack time: 690990secs
====Iteration: 81 K====
Current average attack time: 690824secs
====Iteration: 82 K====
Current average attack time: 691027secs
====Iteration: 83 K====
Current average attack time: 691061secs
====Iteration: 84 K====
Current average attack time: 691144secs
====Iteration: 85 K====
Current average attack time: 691431secs
====Iteration: 86 K====
Current average attack time: 691245secs
====Iteration: 87 K====
Current average attack time: 691067secs
====Iteration: 88 K====
Current average attack time: 690552secs
====Iteration: 89 K====
Current average attack time: 690678secs
====Iteration: 90 K====
Current average attack time: 690793secs
====Iteration: 91 K====
Current average attack time: 690782secs
====Iteration: 92 K====
Current average attack time: 690509secs
====Iteration: 93 K====
Current average attack time: 690306secs
====Iteration: 94 K====
Current average attack time: 690374secs
====Iteration: 95 K====
Current average attack time: 690149secs
====Iteration: 96 K====
Current average attack time: 690319secs
====Iteration: 97 K====
Current average attack time: 690322secs
====Iteration: 98 K====
Current average attack time: 690217secs
====Iteration: 99 K====
Current average attack time: 689934secs
====Iteration: 100 K====
Current average attack time: 689908secs
Final Average Attack Time: 689908secs
