=====Used variables in the simulation====
# of Rows (# of Buckets): 131072
Row Hammer Threshold: 1200
Swap Rate: 6
Swap Threshold: 200
# of Deterministic Access per 64ms: 1150
# of Random Guess per 64ms: 4616
RH Probability per 64ms: 0.034
Simulation iterations: 100000
====Iteration: 1 K====
Current average attack time: 1.95678secs
====Iteration: 2 K====
Current average attack time: 1.92585secs
====Iteration: 3 K====
Current average attack time: 1.92761secs
====Iteration: 4 K====
Current average attack time: 1.94071secs
====Iteration: 5 K====
Current average attack time: 1.935secs
====Iteration: 6 K====
Current average attack time: 1.94129secs
====Iteration: 7 K====
Current average attack time: 1.94562secs
====Iteration: 8 K====
Current average attack time: 1.93956secs
====Iteration: 9 K====
Current average attack time: 1.93341secs
====Iteration: 10 K====
Current average attack time: 1.93618secs
====Iteration: 11 K====
Current average attack time: 1.9347secs
====Iteration: 12 K====
Current average attack time: 1.92764secs
====Iteration: 13 K====
Current average attack time: 1.92183secs
====Iteration: 14 K====
Current average attack time: 1.91926secs
====Iteration: 15 K====
Current average attack time: 1.92179secs
====Iteration: 16 K====
Current average attack time: 1.91879secs
====Iteration: 17 K====
Current average attack time: 1.9154secs
====Iteration: 18 K====
Current average attack time: 1.91027secs
====Iteration: 19 K====
Current average attack time: 1.91186secs
====Iteration: 20 K====
Current average attack time: 1.90952secs
====Iteration: 21 K====
Current average attack time: 1.91359secs
====Iteration: 22 K====
Current average attack time: 1.91106secs
====Iteration: 23 K====
Current average attack time: 1.90594secs
====Iteration: 24 K====
Current average attack time: 1.90363secs
====Iteration: 25 K====
Current average attack time: 1.90245secs
====Iteration: 26 K====
Current average attack time: 1.90003secs
====Iteration: 27 K====
Current average attack time: 1.90039secs
====Iteration: 28 K====
Current average attack time: 1.9028secs
====Iteration: 29 K====
Current average attack time: 1.90127secs
====Iteration: 30 K====
Current average attack time: 1.89914secs
====Iteration: 31 K====
Current average attack time: 1.89759secs
====Iteration: 32 K====
Current average attack time: 1.89704secs
====Iteration: 33 K====
Current average attack time: 1.89847secs
====Iteration: 34 K====
Current average attack time: 1.89916secs
====Iteration: 35 K====
Current average attack time: 1.89775secs
====Iteration: 36 K====
Current average attack time: 1.89436secs
====Iteration: 37 K====
Current average attack time: 1.89505secs
====Iteration: 38 K====
Current average attack time: 1.89376secs
====Iteration: 39 K====
Current average attack time: 1.8935secs
====Iteration: 40 K====
Current average attack time: 1.89556secs
====Iteration: 41 K====
Current average attack time: 1.89775secs
====Iteration: 42 K====
Current average attack time: 1.89985secs
====Iteration: 43 K====
Current average attack time: 1.90004secs
====Iteration: 44 K====
Current average attack time: 1.89819secs
====Iteration: 45 K====
Current average attack time: 1.89631secs
====Iteration: 46 K====
Current average attack time: 1.89579secs
====Iteration: 47 K====
Current average attack time: 1.89649secs
====Iteration: 48 K====
Current average attack time: 1.89677secs
====Iteration: 49 K====
Current average attack time: 1.89717secs
====Iteration: 50 K====
Current average attack time: 1.89658secs
====Iteration: 51 K====
Current average attack time: 1.89497secs
====Iteration: 52 K====
Current average attack time: 1.89538secs
====Iteration: 53 K====
Current average attack time: 1.89357secs
====Iteration: 54 K====
Current average attack time: 1.89484secs
====Iteration: 55 K====
Current average attack time: 1.89431secs
====Iteration: 56 K====
Current average attack time: 1.89328secs
====Iteration: 57 K====
Current average attack time: 1.89243secs
====Iteration: 58 K====
Current average attack time: 1.89214secs
====Iteration: 59 K====
Current average attack time: 1.89159secs
====Iteration: 60 K====
Current average attack time: 1.89secs
====Iteration: 61 K====
Current average attack time: 1.88973secs
====Iteration: 62 K====
Current average attack time: 1.88974secs
====Iteration: 63 K====
Current average attack time: 1.88985secs
====Iteration: 64 K====
Current average attack time: 1.89062secs
====Iteration: 65 K====
Current average attack time: 1.89027secs
====Iteration: 66 K====
Current average attack time: 1.88922secs
====Iteration: 67 K====
Current average attack time: 1.88934secs
====Iteration: 68 K====
Current average attack time: 1.88922secs
====Iteration: 69 K====
Current average attack time: 1.88874secs
====Iteration: 70 K====
Current average attack time: 1.88956secs
====Iteration: 71 K====
Current average attack time: 1.89085secs
====Iteration: 72 K====
Current average attack time: 1.89071secs
====Iteration: 73 K====
Current average attack time: 1.89105secs
====Iteration: 74 K====
Current average attack time: 1.89113secs
====Iteration: 75 K====
Current average attack time: 1.89146secs
====Iteration: 76 K====
Current average attack time: 1.89186secs
====Iteration: 77 K====
Current average attack time: 1.8922secs
====Iteration: 78 K====
Current average attack time: 1.8928secs
====Iteration: 79 K====
Current average attack time: 1.89388secs
====Iteration: 80 K====
Current average attack time: 1.89452secs
====Iteration: 81 K====
Current average attack time: 1.89428secs
====Iteration: 82 K====
Current average attack time: 1.89461secs
====Iteration: 83 K====
Current average attack time: 1.89364secs
====Iteration: 84 K====
Current average attack time: 1.89367secs
====Iteration: 85 K====
Current average attack time: 1.89276secs
====Iteration: 86 K====
Current average attack time: 1.89259secs
====Iteration: 87 K====
Current average attack time: 1.89205secs
====Iteration: 88 K====
Current average attack time: 1.89238secs
====Iteration: 89 K====
Current average attack time: 1.89077secs
====Iteration: 90 K====
Current average attack time: 1.89063secs
====Iteration: 91 K====
Current average attack time: 1.89072secs
====Iteration: 92 K====
Current average attack time: 1.8916secs
====Iteration: 93 K====
Current average attack time: 1.89235secs
====Iteration: 94 K====
Current average attack time: 1.89191secs
====Iteration: 95 K====
Current average attack time: 1.89203secs
====Iteration: 96 K====
Current average attack time: 1.8918secs
====Iteration: 97 K====
Current average attack time: 1.8932secs
====Iteration: 98 K====
Current average attack time: 1.89208secs
====Iteration: 99 K====
Current average attack time: 1.89126secs
====Iteration: 100 K====
Current average attack time: 1.89041secs
Final Average Attack Time: 1.89041secs
