=====Used variables in the simulation====
# of Rows (# of Buckets): 131072
Row Hammer Threshold: 1200
Swap Rate: 6
Swap Threshold: 200
# of Deterministic Access per 64ms: 1075
# of Random Guess per 64ms: 4678
RH Probability per 64ms: 0.0344
Simulation iterations: 100000
====Iteration: 1 K====
Current average attack time: 1.93775secs
====Iteration: 2 K====
Current average attack time: 1.95661secs
====Iteration: 3 K====
Current average attack time: 1.92752secs
====Iteration: 4 K====
Current average attack time: 1.89665secs
====Iteration: 5 K====
Current average attack time: 1.88674secs
====Iteration: 6 K====
Current average attack time: 1.88133secs
====Iteration: 7 K====
Current average attack time: 1.87939secs
====Iteration: 8 K====
Current average attack time: 1.876secs
====Iteration: 9 K====
Current average attack time: 1.87258secs
====Iteration: 10 K====
Current average attack time: 1.88123secs
====Iteration: 11 K====
Current average attack time: 1.88284secs
====Iteration: 12 K====
Current average attack time: 1.87949secs
====Iteration: 13 K====
Current average attack time: 1.87035secs
====Iteration: 14 K====
Current average attack time: 1.8676secs
====Iteration: 15 K====
Current average attack time: 1.86234secs
====Iteration: 16 K====
Current average attack time: 1.86181secs
====Iteration: 17 K====
Current average attack time: 1.85774secs
====Iteration: 18 K====
Current average attack time: 1.8566secs
====Iteration: 19 K====
Current average attack time: 1.84992secs
====Iteration: 20 K====
Current average attack time: 1.84704secs
====Iteration: 21 K====
Current average attack time: 1.84644secs
====Iteration: 22 K====
Current average attack time: 1.84765secs
====Iteration: 23 K====
Current average attack time: 1.84927secs
====Iteration: 24 K====
Current average attack time: 1.84761secs
====Iteration: 25 K====
Current average attack time: 1.85095secs
====Iteration: 26 K====
Current average attack time: 1.8504secs
====Iteration: 27 K====
Current average attack time: 1.85063secs
====Iteration: 28 K====
Current average attack time: 1.8519secs
====Iteration: 29 K====
Current average attack time: 1.85045secs
====Iteration: 30 K====
Current average attack time: 1.8497secs
====Iteration: 31 K====
Current average attack time: 1.84949secs
====Iteration: 32 K====
Current average attack time: 1.8503secs
====Iteration: 33 K====
Current average attack time: 1.85317secs
====Iteration: 34 K====
Current average attack time: 1.85072secs
====Iteration: 35 K====
Current average attack time: 1.85108secs
====Iteration: 36 K====
Current average attack time: 1.85226secs
====Iteration: 37 K====
Current average attack time: 1.85253secs
====Iteration: 38 K====
Current average attack time: 1.85196secs
====Iteration: 39 K====
Current average attack time: 1.85592secs
====Iteration: 40 K====
Current average attack time: 1.85589secs
====Iteration: 41 K====
Current average attack time: 1.8547secs
====Iteration: 42 K====
Current average attack time: 1.85456secs
====Iteration: 43 K====
Current average attack time: 1.85575secs
====Iteration: 44 K====
Current average attack time: 1.85681secs
====Iteration: 45 K====
Current average attack time: 1.8581secs
====Iteration: 46 K====
Current average attack time: 1.85768secs
====Iteration: 47 K====
Current average attack time: 1.85661secs
====Iteration: 48 K====
Current average attack time: 1.8557secs
====Iteration: 49 K====
Current average attack time: 1.8547secs
====Iteration: 50 K====
Current average attack time: 1.8583secs
====Iteration: 51 K====
Current average attack time: 1.85891secs
====Iteration: 52 K====
Current average attack time: 1.85792secs
====Iteration: 53 K====
Current average attack time: 1.85835secs
====Iteration: 54 K====
Current average attack time: 1.85874secs
====Iteration: 55 K====
Current average attack time: 1.85921secs
====Iteration: 56 K====
Current average attack time: 1.85928secs
====Iteration: 57 K====
Current average attack time: 1.86039secs
====Iteration: 58 K====
Current average attack time: 1.86082secs
====Iteration: 59 K====
Current average attack time: 1.85891secs
====Iteration: 60 K====
Current average attack time: 1.85915secs
====Iteration: 61 K====
Current average attack time: 1.86033secs
====Iteration: 62 K====
Current average attack time: 1.86036secs
====Iteration: 63 K====
Current average attack time: 1.86036secs
====Iteration: 64 K====
Current average attack time: 1.8603secs
====Iteration: 65 K====
Current average attack time: 1.85853secs
====Iteration: 66 K====
Current average attack time: 1.85761secs
====Iteration: 67 K====
Current average attack time: 1.85813secs
====Iteration: 68 K====
Current average attack time: 1.85772secs
====Iteration: 69 K====
Current average attack time: 1.85684secs
====Iteration: 70 K====
Current average attack time: 1.8596secs
====Iteration: 71 K====
Current average attack time: 1.86007secs
====Iteration: 72 K====
Current average attack time: 1.85973secs
====Iteration: 73 K====
Current average attack time: 1.85832secs
====Iteration: 74 K====
Current average attack time: 1.85903secs
====Iteration: 75 K====
Current average attack time: 1.85937secs
====Iteration: 76 K====
Current average attack time: 1.85879secs
====Iteration: 77 K====
Current average attack time: 1.85809secs
====Iteration: 78 K====
Current average attack time: 1.85725secs
====Iteration: 79 K====
Current average attack time: 1.85686secs
====Iteration: 80 K====
Current average attack time: 1.85632secs
====Iteration: 81 K====
Current average attack time: 1.85614secs
====Iteration: 82 K====
Current average attack time: 1.85513secs
====Iteration: 83 K====
Current average attack time: 1.85696secs
====Iteration: 84 K====
Current average attack time: 1.85746secs
====Iteration: 85 K====
Current average attack time: 1.85667secs
====Iteration: 86 K====
Current average attack time: 1.85735secs
====Iteration: 87 K====
Current average attack time: 1.85635secs
====Iteration: 88 K====
Current average attack time: 1.85594secs
====Iteration: 89 K====
Current average attack time: 1.85635secs
====Iteration: 90 K====
Current average attack time: 1.85545secs
====Iteration: 91 K====
Current average attack time: 1.85686secs
====Iteration: 92 K====
Current average attack time: 1.85726secs
====Iteration: 93 K====
Current average attack time: 1.85668secs
====Iteration: 94 K====
Current average attack time: 1.85681secs
====Iteration: 95 K====
Current average attack time: 1.85577secs
====Iteration: 96 K====
Current average attack time: 1.85607secs
====Iteration: 97 K====
Current average attack time: 1.85591secs
====Iteration: 98 K====
Current average attack time: 1.85628secs
====Iteration: 99 K====
Current average attack time: 1.85635secs
====Iteration: 100 K====
Current average attack time: 1.85618secs
Final Average Attack Time: 1.85618secs
