=====Used variables in the simulation====
# of Rows (# of Buckets): 131072
Row Hammer Threshold: 1200
Swap Rate: 6
Swap Threshold: 200
# of Deterministic Access per 64ms: 475
# of Random Guess per 64ms: 5170
RH Probability per 64ms: 9.68e-08
Simulation iterations: 100000
====Iteration: 1 K====
Current average attack time: 653687secs
====Iteration: 2 K====
Current average attack time: 661361secs
====Iteration: 3 K====
Current average attack time: 653843secs
====Iteration: 4 K====
Current average attack time: 656926secs
====Iteration: 5 K====
Current average attack time: 655465secs
====Iteration: 6 K====
Current average attack time: 656695secs
====Iteration: 7 K====
Current average attack time: 665106secs
====Iteration: 8 K====
Current average attack time: 660602secs
====Iteration: 9 K====
Current average attack time: 662606secs
====Iteration: 10 K====
Current average attack time: 660931secs
====Iteration: 11 K====
Current average attack time: 661908secs
====Iteration: 12 K====
Current average attack time: 660475secs
====Iteration: 13 K====
Current average attack time: 660831secs
====Iteration: 14 K====
Current average attack time: 661915secs
====Iteration: 15 K====
Current average attack time: 662230secs
====Iteration: 16 K====
Current average attack time: 659897secs
====Iteration: 17 K====
Current average attack time: 660940secs
====Iteration: 18 K====
Current average attack time: 661683secs
====Iteration: 19 K====
Current average attack time: 661446secs
====Iteration: 20 K====
Current average attack time: 661034secs
====Iteration: 21 K====
Current average attack time: 661444secs
====Iteration: 22 K====
Current average attack time: 662247secs
====Iteration: 23 K====
Current average attack time: 661264secs
====Iteration: 24 K====
Current average attack time: 661152secs
====Iteration: 25 K====
Current average attack time: 661492secs
====Iteration: 26 K====
Current average attack time: 660973secs
====Iteration: 27 K====
Current average attack time: 662470secs
====Iteration: 28 K====
Current average attack time: 663046secs
====Iteration: 29 K====
Current average attack time: 663390secs
====Iteration: 30 K====
Current average attack time: 662614secs
====Iteration: 31 K====
Current average attack time: 662724secs
====Iteration: 32 K====
Current average attack time: 661307secs
====Iteration: 33 K====
Current average attack time: 659966secs
====Iteration: 34 K====
Current average attack time: 659361secs
====Iteration: 35 K====
Current average attack time: 659398secs
====Iteration: 36 K====
Current average attack time: 659470secs
====Iteration: 37 K====
Current average attack time: 659976secs
====Iteration: 38 K====
Current average attack time: 659139secs
====Iteration: 39 K====
Current average attack time: 660045secs
====Iteration: 40 K====
Current average attack time: 660163secs
====Iteration: 41 K====
Current average attack time: 660961secs
====Iteration: 42 K====
Current average attack time: 661019secs
====Iteration: 43 K====
Current average attack time: 661931secs
====Iteration: 44 K====
Current average attack time: 661371secs
====Iteration: 45 K====
Current average attack time: 660839secs
====Iteration: 46 K====
Current average attack time: 660829secs
====Iteration: 47 K====
Current average attack time: 660524secs
====Iteration: 48 K====
Current average attack time: 661022secs
====Iteration: 49 K====
Current average attack time: 660822secs
====Iteration: 50 K====
Current average attack time: 661010secs
====Iteration: 51 K====
Current average attack time: 660764secs
====Iteration: 52 K====
Current average attack time: 661498secs
====Iteration: 53 K====
Current average attack time: 661646secs
====Iteration: 54 K====
Current average attack time: 661869secs
====Iteration: 55 K====
Current average attack time: 662315secs
====Iteration: 56 K====
Current average attack time: 662493secs
====Iteration: 57 K====
Current average attack time: 662814secs
====Iteration: 58 K====
Current average attack time: 662642secs
====Iteration: 59 K====
Current average attack time: 662693secs
====Iteration: 60 K====
Current average attack time: 662596secs
====Iteration: 61 K====
Current average attack time: 662567secs
====Iteration: 62 K====
Current average attack time: 662216secs
====Iteration: 63 K====
Current average attack time: 661847secs
====Iteration: 64 K====
Current average attack time: 662465secs
====Iteration: 65 K====
Current average attack time: 662813secs
====Iteration: 66 K====
Current average attack time: 663025secs
====Iteration: 67 K====
Current average attack time: 662943secs
====Iteration: 68 K====
Current average attack time: 663460secs
====Iteration: 69 K====
Current average attack time: 663610secs
====Iteration: 70 K====
Current average attack time: 663479secs
====Iteration: 71 K====
Current average attack time: 663765secs
====Iteration: 72 K====
Current average attack time: 664287secs
====Iteration: 73 K====
Current average attack time: 663908secs
====Iteration: 74 K====
Current average attack time: 664412secs
====Iteration: 75 K====
Current average attack time: 664128secs
====Iteration: 76 K====
Current average attack time: 664262secs
====Iteration: 77 K====
Current average attack time: 663871secs
====Iteration: 78 K====
Current average attack time: 664427secs
====Iteration: 79 K====
Current average attack time: 664573secs
====Iteration: 80 K====
Current average attack time: 664388secs
====Iteration: 81 K====
Current average attack time: 664671secs
====Iteration: 82 K====
Current average attack time: 664635secs
====Iteration: 83 K====
Current average attack time: 664826secs
====Iteration: 84 K====
Current average attack time: 664369secs
====Iteration: 85 K====
Current average attack time: 664339secs
====Iteration: 86 K====
Current average attack time: 664136secs
====Iteration: 87 K====
Current average attack time: 664205secs
====Iteration: 88 K====
Current average attack time: 665037secs
====Iteration: 89 K====
Current average attack time: 665015secs
====Iteration: 90 K====
Current average attack time: 665091secs
====Iteration: 91 K====
Current average attack time: 665061secs
====Iteration: 92 K====
Current average attack time: 664930secs
====Iteration: 93 K====
Current average attack time: 665285secs
====Iteration: 94 K====
Current average attack time: 665564secs
====Iteration: 95 K====
Current average attack time: 665914secs
====Iteration: 96 K====
Current average attack time: 666274secs
====Iteration: 97 K====
Current average attack time: 666460secs
====Iteration: 98 K====
Current average attack time: 666306secs
====Iteration: 99 K====
Current average attack time: 666235secs
====Iteration: 100 K====
Current average attack time: 666262secs
Final Average Attack Time: 666262secs
