=====Used variables in the simulation====
# of Rows (# of Buckets): 131072
Row Hammer Threshold: 1200
Swap Rate: 6
Swap Threshold: 200
# of Deterministic Access per 64ms: 400
# of Random Guess per 64ms: 5232
RH Probability per 64ms: 1.02e-07
Simulation iterations: 100000
====Iteration: 1 K====
Current average attack time: 624063secs
====Iteration: 2 K====
Current average attack time: 636968secs
====Iteration: 3 K====
Current average attack time: 627280secs
====Iteration: 4 K====
Current average attack time: 632744secs
====Iteration: 5 K====
Current average attack time: 630835secs
====Iteration: 6 K====
Current average attack time: 633514secs
====Iteration: 7 K====
Current average attack time: 636817secs
====Iteration: 8 K====
Current average attack time: 634961secs
====Iteration: 9 K====
Current average attack time: 631892secs
====Iteration: 10 K====
Current average attack time: 631664secs
====Iteration: 11 K====
Current average attack time: 631287secs
====Iteration: 12 K====
Current average attack time: 632452secs
====Iteration: 13 K====
Current average attack time: 632484secs
====Iteration: 14 K====
Current average attack time: 631541secs
====Iteration: 15 K====
Current average attack time: 629923secs
====Iteration: 16 K====
Current average attack time: 627620secs
====Iteration: 17 K====
Current average attack time: 628328secs
====Iteration: 18 K====
Current average attack time: 628647secs
====Iteration: 19 K====
Current average attack time: 628518secs
====Iteration: 20 K====
Current average attack time: 627282secs
====Iteration: 21 K====
Current average attack time: 626197secs
====Iteration: 22 K====
Current average attack time: 624454secs
====Iteration: 23 K====
Current average attack time: 624469secs
====Iteration: 24 K====
Current average attack time: 624740secs
====Iteration: 25 K====
Current average attack time: 624227secs
====Iteration: 26 K====
Current average attack time: 623932secs
====Iteration: 27 K====
Current average attack time: 624209secs
====Iteration: 28 K====
Current average attack time: 623831secs
====Iteration: 29 K====
Current average attack time: 625075secs
====Iteration: 30 K====
Current average attack time: 626018secs
====Iteration: 31 K====
Current average attack time: 626307secs
====Iteration: 32 K====
Current average attack time: 628030secs
====Iteration: 33 K====
Current average attack time: 626995secs
====Iteration: 34 K====
Current average attack time: 626430secs
====Iteration: 35 K====
Current average attack time: 626969secs
====Iteration: 36 K====
Current average attack time: 626927secs
====Iteration: 37 K====
Current average attack time: 626611secs
====Iteration: 38 K====
Current average attack time: 626403secs
====Iteration: 39 K====
Current average attack time: 626895secs
====Iteration: 40 K====
Current average attack time: 626993secs
====Iteration: 41 K====
Current average attack time: 626918secs
====Iteration: 42 K====
Current average attack time: 626943secs
====Iteration: 43 K====
Current average attack time: 626661secs
====Iteration: 44 K====
Current average attack time: 626358secs
====Iteration: 45 K====
Current average attack time: 625959secs
====Iteration: 46 K====
Current average attack time: 626271secs
====Iteration: 47 K====
Current average attack time: 627133secs
====Iteration: 48 K====
Current average attack time: 627490secs
====Iteration: 49 K====
Current average attack time: 626898secs
====Iteration: 50 K====
Current average attack time: 626516secs
====Iteration: 51 K====
Current average attack time: 626838secs
====Iteration: 52 K====
Current average attack time: 627076secs
====Iteration: 53 K====
Current average attack time: 626379secs
====Iteration: 54 K====
Current average attack time: 626714secs
====Iteration: 55 K====
Current average attack time: 627035secs
====Iteration: 56 K====
Current average attack time: 626594secs
====Iteration: 57 K====
Current average attack time: 626289secs
====Iteration: 58 K====
Current average attack time: 626191secs
====Iteration: 59 K====
Current average attack time: 626031secs
====Iteration: 60 K====
Current average attack time: 626225secs
====Iteration: 61 K====
Current average attack time: 626409secs
====Iteration: 62 K====
Current average attack time: 626218secs
====Iteration: 63 K====
Current average attack time: 625997secs
====Iteration: 64 K====
Current average attack time: 626272secs
====Iteration: 65 K====
Current average attack time: 626071secs
====Iteration: 66 K====
Current average attack time: 625981secs
====Iteration: 67 K====
Current average attack time: 626325secs
====Iteration: 68 K====
Current average attack time: 626320secs
====Iteration: 69 K====
Current average attack time: 626212secs
====Iteration: 70 K====
Current average attack time: 626518secs
====Iteration: 71 K====
Current average attack time: 626557secs
====Iteration: 72 K====
Current average attack time: 627178secs
====Iteration: 73 K====
Current average attack time: 627021secs
====Iteration: 74 K====
Current average attack time: 626945secs
====Iteration: 75 K====
Current average attack time: 626721secs
====Iteration: 76 K====
Current average attack time: 627019secs
====Iteration: 77 K====
Current average attack time: 626897secs
====Iteration: 78 K====
Current average attack time: 626920secs
====Iteration: 79 K====
Current average attack time: 627030secs
====Iteration: 80 K====
Current average attack time: 627430secs
====Iteration: 81 K====
Current average attack time: 627538secs
====Iteration: 82 K====
Current average attack time: 628144secs
====Iteration: 83 K====
Current average attack time: 628180secs
====Iteration: 84 K====
Current average attack time: 628017secs
====Iteration: 85 K====
Current average attack time: 627924secs
====Iteration: 86 K====
Current average attack time: 627798secs
====Iteration: 87 K====
Current average attack time: 627935secs
====Iteration: 88 K====
Current average attack time: 627712secs
====Iteration: 89 K====
Current average attack time: 627562secs
====Iteration: 90 K====
Current average attack time: 627059secs
====Iteration: 91 K====
Current average attack time: 627095secs
====Iteration: 92 K====
Current average attack time: 627049secs
====Iteration: 93 K====
Current average attack time: 627101secs
====Iteration: 94 K====
Current average attack time: 627787secs
====Iteration: 95 K====
Current average attack time: 627471secs
====Iteration: 96 K====
Current average attack time: 627474secs
====Iteration: 97 K====
Current average attack time: 627459secs
====Iteration: 98 K====
Current average attack time: 627599secs
====Iteration: 99 K====
Current average attack time: 627865secs
====Iteration: 100 K====
Current average attack time: 627917secs
Final Average Attack Time: 627917secs
