=====Used variables in the simulation====
# of Rows (# of Buckets): 131072
Row Hammer Threshold: 4800
Swap Rate: 6
Swap Threshold: 800
# of Deterministic Access per 64ms: 2275
# of Random Guess per 64ms: 1097
RH Probability per 64ms: 2.02e-10
Simulation iterations: 100000
====Iteration: 1 K====
Current average attack time: 3.04444e+08secs
====Iteration: 2 K====
Current average attack time: 3.07504e+08secs
====Iteration: 3 K====
Current average attack time: 3.1365e+08secs
====Iteration: 4 K====
Current average attack time: 3.12524e+08secs
====Iteration: 5 K====
Current average attack time: 3.13019e+08secs
====Iteration: 6 K====
Current average attack time: 3.14752e+08secs
====Iteration: 7 K====
Current average attack time: 3.13573e+08secs
====Iteration: 8 K====
Current average attack time: 3.13452e+08secs
====Iteration: 9 K====
Current average attack time: 3.1302e+08secs
====Iteration: 10 K====
Current average attack time: 3.14206e+08secs
====Iteration: 11 K====
Current average attack time: 3.12377e+08secs
====Iteration: 12 K====
Current average attack time: 3.13698e+08secs
====Iteration: 13 K====
Current average attack time: 3.12885e+08secs
====Iteration: 14 K====
Current average attack time: 3.12276e+08secs
====Iteration: 15 K====
Current average attack time: 3.11843e+08secs
====Iteration: 16 K====
Current average attack time: 3.11622e+08secs
====Iteration: 17 K====
Current average attack time: 3.12941e+08secs
====Iteration: 18 K====
Current average attack time: 3.13241e+08secs
====Iteration: 19 K====
Current average attack time: 3.13815e+08secs
====Iteration: 20 K====
Current average attack time: 3.14145e+08secs
====Iteration: 21 K====
Current average attack time: 3.14288e+08secs
====Iteration: 22 K====
Current average attack time: 3.14706e+08secs
====Iteration: 23 K====
Current average attack time: 3.14824e+08secs
====Iteration: 24 K====
Current average attack time: 3.14669e+08secs
====Iteration: 25 K====
Current average attack time: 3.1527e+08secs
====Iteration: 26 K====
Current average attack time: 3.14745e+08secs
====Iteration: 27 K====
Current average attack time: 3.15171e+08secs
====Iteration: 28 K====
Current average attack time: 3.15465e+08secs
====Iteration: 29 K====
Current average attack time: 3.15131e+08secs
====Iteration: 30 K====
Current average attack time: 3.15515e+08secs
====Iteration: 31 K====
Current average attack time: 3.16197e+08secs
====Iteration: 32 K====
Current average attack time: 3.1613e+08secs
====Iteration: 33 K====
Current average attack time: 3.16494e+08secs
====Iteration: 34 K====
Current average attack time: 3.16798e+08secs
====Iteration: 35 K====
Current average attack time: 3.17032e+08secs
====Iteration: 36 K====
Current average attack time: 3.16367e+08secs
====Iteration: 37 K====
Current average attack time: 3.16541e+08secs
====Iteration: 38 K====
Current average attack time: 3.16441e+08secs
====Iteration: 39 K====
Current average attack time: 3.16521e+08secs
====Iteration: 40 K====
Current average attack time: 3.16396e+08secs
====Iteration: 41 K====
Current average attack time: 3.15942e+08secs
====Iteration: 42 K====
Current average attack time: 3.15716e+08secs
====Iteration: 43 K====
Current average attack time: 3.15668e+08secs
====Iteration: 44 K====
Current average attack time: 3.15935e+08secs
====Iteration: 45 K====
Current average attack time: 3.16344e+08secs
====Iteration: 46 K====
Current average attack time: 3.15929e+08secs
====Iteration: 47 K====
Current average attack time: 3.1596e+08secs
====Iteration: 48 K====
Current average attack time: 3.15765e+08secs
====Iteration: 49 K====
Current average attack time: 3.15698e+08secs
====Iteration: 50 K====
Current average attack time: 3.15617e+08secs
====Iteration: 51 K====
Current average attack time: 3.15649e+08secs
====Iteration: 52 K====
Current average attack time: 3.15455e+08secs
====Iteration: 53 K====
Current average attack time: 3.15502e+08secs
====Iteration: 54 K====
Current average attack time: 3.15674e+08secs
====Iteration: 55 K====
Current average attack time: 3.15671e+08secs
====Iteration: 56 K====
Current average attack time: 3.15482e+08secs
====Iteration: 57 K====
Current average attack time: 3.15444e+08secs
====Iteration: 58 K====
Current average attack time: 3.15792e+08secs
====Iteration: 59 K====
Current average attack time: 3.1568e+08secs
====Iteration: 60 K====
Current average attack time: 3.15713e+08secs
====Iteration: 61 K====
Current average attack time: 3.15562e+08secs
====Iteration: 62 K====
Current average attack time: 3.15855e+08secs
====Iteration: 63 K====
Current average attack time: 3.15887e+08secs
====Iteration: 64 K====
Current average attack time: 3.15714e+08secs
====Iteration: 65 K====
Current average attack time: 3.1582e+08secs
====Iteration: 66 K====
Current average attack time: 3.1594e+08secs
====Iteration: 67 K====
Current average attack time: 3.15877e+08secs
====Iteration: 68 K====
Current average attack time: 3.15879e+08secs
====Iteration: 69 K====
Current average attack time: 3.16017e+08secs
====Iteration: 70 K====
Current average attack time: 3.16105e+08secs
====Iteration: 71 K====
Current average attack time: 3.1628e+08secs
====Iteration: 72 K====
Current average attack time: 3.16174e+08secs
====Iteration: 73 K====
Current average attack time: 3.16251e+08secs
====Iteration: 74 K====
Current average attack time: 3.1625e+08secs
====Iteration: 75 K====
Current average attack time: 3.16226e+08secs
====Iteration: 76 K====
Current average attack time: 3.16434e+08secs
====Iteration: 77 K====
Current average attack time: 3.16478e+08secs
====Iteration: 78 K====
Current average attack time: 3.16522e+08secs
====Iteration: 79 K====
Current average attack time: 3.1668e+08secs
====Iteration: 80 K====
Current average attack time: 3.16719e+08secs
====Iteration: 81 K====
Current average attack time: 3.16499e+08secs
====Iteration: 82 K====
Current average attack time: 3.1646e+08secs
====Iteration: 83 K====
Current average attack time: 3.16422e+08secs
====Iteration: 84 K====
Current average attack time: 3.16579e+08secs
====Iteration: 85 K====
Current average attack time: 3.16457e+08secs
====Iteration: 86 K====
Current average attack time: 3.16475e+08secs
====Iteration: 87 K====
Current average attack time: 3.16358e+08secs
====Iteration: 88 K====
Current average attack time: 3.16245e+08secs
====Iteration: 89 K====
Current average attack time: 3.16267e+08secs
====Iteration: 90 K====
Current average attack time: 3.16237e+08secs
====Iteration: 91 K====
Current average attack time: 3.16251e+08secs
====Iteration: 92 K====
Current average attack time: 3.16349e+08secs
====Iteration: 93 K====
Current average attack time: 3.16363e+08secs
====Iteration: 94 K====
Current average attack time: 3.16126e+08secs
====Iteration: 95 K====
Current average attack time: 3.15957e+08secs
====Iteration: 96 K====
Current average attack time: 3.16023e+08secs
====Iteration: 97 K====
Current average attack time: 3.15927e+08secs
====Iteration: 98 K====
Current average attack time: 3.15953e+08secs
====Iteration: 99 K====
Current average attack time: 3.15971e+08secs
====Iteration: 100 K====
Current average attack time: 3.15864e+08secs
Final Average Attack Time: 3.15864e+08secs
