=====Used variables in the simulation====
# of Rows (# of Buckets): 131072
Row Hammer Threshold: 4800
Swap Rate: 6
Swap Threshold: 800
# of Deterministic Access per 64ms: 1750
# of Random Guess per 64ms: 1471
RH Probability per 64ms: 6.51e-10
Simulation iterations: 100000
====Iteration: 1 K====
Current average attack time: 9.53555e+07secs
====Iteration: 2 K====
Current average attack time: 9.67116e+07secs
====Iteration: 3 K====
Current average attack time: 9.82112e+07secs
====Iteration: 4 K====
Current average attack time: 9.76053e+07secs
====Iteration: 5 K====
Current average attack time: 9.73604e+07secs
====Iteration: 6 K====
Current average attack time: 9.81194e+07secs
====Iteration: 7 K====
Current average attack time: 9.80109e+07secs
====Iteration: 8 K====
Current average attack time: 9.87035e+07secs
====Iteration: 9 K====
Current average attack time: 9.88319e+07secs
====Iteration: 10 K====
Current average attack time: 9.85487e+07secs
====Iteration: 11 K====
Current average attack time: 9.89192e+07secs
====Iteration: 12 K====
Current average attack time: 9.90091e+07secs
====Iteration: 13 K====
Current average attack time: 9.9148e+07secs
====Iteration: 14 K====
Current average attack time: 9.92377e+07secs
====Iteration: 15 K====
Current average attack time: 9.92139e+07secs
====Iteration: 16 K====
Current average attack time: 9.87499e+07secs
====Iteration: 17 K====
Current average attack time: 9.87774e+07secs
====Iteration: 18 K====
Current average attack time: 9.89082e+07secs
====Iteration: 19 K====
Current average attack time: 9.88979e+07secs
====Iteration: 20 K====
Current average attack time: 9.88177e+07secs
====Iteration: 21 K====
Current average attack time: 9.86196e+07secs
====Iteration: 22 K====
Current average attack time: 9.84425e+07secs
====Iteration: 23 K====
Current average attack time: 9.83823e+07secs
====Iteration: 24 K====
Current average attack time: 9.81287e+07secs
====Iteration: 25 K====
Current average attack time: 9.80766e+07secs
====Iteration: 26 K====
Current average attack time: 9.80377e+07secs
====Iteration: 27 K====
Current average attack time: 9.81232e+07secs
====Iteration: 28 K====
Current average attack time: 9.81542e+07secs
====Iteration: 29 K====
Current average attack time: 9.83184e+07secs
====Iteration: 30 K====
Current average attack time: 9.83451e+07secs
====Iteration: 31 K====
Current average attack time: 9.84137e+07secs
====Iteration: 32 K====
Current average attack time: 9.84947e+07secs
====Iteration: 33 K====
Current average attack time: 9.85148e+07secs
====Iteration: 34 K====
Current average attack time: 9.84899e+07secs
====Iteration: 35 K====
Current average attack time: 9.81927e+07secs
====Iteration: 36 K====
Current average attack time: 9.82529e+07secs
====Iteration: 37 K====
Current average attack time: 9.85806e+07secs
====Iteration: 38 K====
Current average attack time: 9.85587e+07secs
====Iteration: 39 K====
Current average attack time: 9.86604e+07secs
====Iteration: 40 K====
Current average attack time: 9.86181e+07secs
====Iteration: 41 K====
Current average attack time: 9.86812e+07secs
====Iteration: 42 K====
Current average attack time: 9.85707e+07secs
====Iteration: 43 K====
Current average attack time: 9.85377e+07secs
====Iteration: 44 K====
Current average attack time: 9.85874e+07secs
====Iteration: 45 K====
Current average attack time: 9.85937e+07secs
====Iteration: 46 K====
Current average attack time: 9.85605e+07secs
====Iteration: 47 K====
Current average attack time: 9.86405e+07secs
====Iteration: 48 K====
Current average attack time: 9.86681e+07secs
====Iteration: 49 K====
Current average attack time: 9.8689e+07secs
====Iteration: 50 K====
Current average attack time: 9.87155e+07secs
====Iteration: 51 K====
Current average attack time: 9.87017e+07secs
====Iteration: 52 K====
Current average attack time: 9.86919e+07secs
====Iteration: 53 K====
Current average attack time: 9.881e+07secs
====Iteration: 54 K====
Current average attack time: 9.87861e+07secs
====Iteration: 55 K====
Current average attack time: 9.87942e+07secs
====Iteration: 56 K====
Current average attack time: 9.87225e+07secs
====Iteration: 57 K====
Current average attack time: 9.87426e+07secs
====Iteration: 58 K====
Current average attack time: 9.87659e+07secs
====Iteration: 59 K====
Current average attack time: 9.87822e+07secs
====Iteration: 60 K====
Current average attack time: 9.88188e+07secs
====Iteration: 61 K====
Current average attack time: 9.88413e+07secs
====Iteration: 62 K====
Current average attack time: 9.88415e+07secs
====Iteration: 63 K====
Current average attack time: 9.86999e+07secs
====Iteration: 64 K====
Current average attack time: 9.86485e+07secs
====Iteration: 65 K====
Current average attack time: 9.86687e+07secs
====Iteration: 66 K====
Current average attack time: 9.86473e+07secs
====Iteration: 67 K====
Current average attack time: 9.8677e+07secs
====Iteration: 68 K====
Current average attack time: 9.86623e+07secs
====Iteration: 69 K====
Current average attack time: 9.86479e+07secs
====Iteration: 70 K====
Current average attack time: 9.86281e+07secs
====Iteration: 71 K====
Current average attack time: 9.86087e+07secs
====Iteration: 72 K====
Current average attack time: 9.86772e+07secs
====Iteration: 73 K====
Current average attack time: 9.87452e+07secs
====Iteration: 74 K====
Current average attack time: 9.87492e+07secs
====Iteration: 75 K====
Current average attack time: 9.87256e+07secs
====Iteration: 76 K====
Current average attack time: 9.86739e+07secs
====Iteration: 77 K====
Current average attack time: 9.87178e+07secs
====Iteration: 78 K====
Current average attack time: 9.87691e+07secs
====Iteration: 79 K====
Current average attack time: 9.87312e+07secs
====Iteration: 80 K====
Current average attack time: 9.87736e+07secs
====Iteration: 81 K====
Current average attack time: 9.87751e+07secs
====Iteration: 82 K====
Current average attack time: 9.8797e+07secs
====Iteration: 83 K====
Current average attack time: 9.87791e+07secs
====Iteration: 84 K====
Current average attack time: 9.86956e+07secs
====Iteration: 85 K====
Current average attack time: 9.86898e+07secs
====Iteration: 86 K====
Current average attack time: 9.86397e+07secs
====Iteration: 87 K====
Current average attack time: 9.86173e+07secs
====Iteration: 88 K====
Current average attack time: 9.86252e+07secs
====Iteration: 89 K====
Current average attack time: 9.85809e+07secs
====Iteration: 90 K====
Current average attack time: 9.86189e+07secs
====Iteration: 91 K====
Current average attack time: 9.86434e+07secs
====Iteration: 92 K====
Current average attack time: 9.85642e+07secs
====Iteration: 93 K====
Current average attack time: 9.85357e+07secs
====Iteration: 94 K====
Current average attack time: 9.85087e+07secs
====Iteration: 95 K====
Current average attack time: 9.84866e+07secs
====Iteration: 96 K====
Current average attack time: 9.85262e+07secs
====Iteration: 97 K====
Current average attack time: 9.85108e+07secs
====Iteration: 98 K====
Current average attack time: 9.85693e+07secs
====Iteration: 99 K====
Current average attack time: 9.85906e+07secs
====Iteration: 100 K====
Current average attack time: 9.86008e+07secs
Final Average Attack Time: 9.86008e+07secs
