=====Used variables in the simulation====
# of Rows (# of Buckets): 131072
Row Hammer Threshold: 4800
Swap Rate: 6
Swap Threshold: 800
# of Deterministic Access per 64ms: 3400
# of Random Guess per 64ms: 294
RH Probability per 64ms: 2.5e-06
Simulation iterations: 100000
====Iteration: 1 K====
Current average attack time: 27489.6secs
====Iteration: 2 K====
Current average attack time: 26609.1secs
====Iteration: 3 K====
Current average attack time: 26092.7secs
====Iteration: 4 K====
Current average attack time: 26160.7secs
====Iteration: 5 K====
Current average attack time: 26177.4secs
====Iteration: 6 K====
Current average attack time: 26166.5secs
====Iteration: 7 K====
Current average attack time: 26128.3secs
====Iteration: 8 K====
Current average attack time: 26114.7secs
====Iteration: 9 K====
Current average attack time: 26300.5secs
====Iteration: 10 K====
Current average attack time: 26273.3secs
====Iteration: 11 K====
Current average attack time: 26235.9secs
====Iteration: 12 K====
Current average attack time: 26072.2secs
====Iteration: 13 K====
Current average attack time: 25988.9secs
====Iteration: 14 K====
Current average attack time: 25929secs
====Iteration: 15 K====
Current average attack time: 25824.8secs
====Iteration: 16 K====
Current average attack time: 25925secs
====Iteration: 17 K====
Current average attack time: 25950.1secs
====Iteration: 18 K====
Current average attack time: 25906.5secs
====Iteration: 19 K====
Current average attack time: 25849secs
====Iteration: 20 K====
Current average attack time: 25806.2secs
====Iteration: 21 K====
Current average attack time: 25831.9secs
====Iteration: 22 K====
Current average attack time: 25802.2secs
====Iteration: 23 K====
Current average attack time: 25791.3secs
====Iteration: 24 K====
Current average attack time: 25743.2secs
====Iteration: 25 K====
Current average attack time: 25728.9secs
====Iteration: 26 K====
Current average attack time: 25731.6secs
====Iteration: 27 K====
Current average attack time: 25724.2secs
====Iteration: 28 K====
Current average attack time: 25656.5secs
====Iteration: 29 K====
Current average attack time: 25672.9secs
====Iteration: 30 K====
Current average attack time: 25681.8secs
====Iteration: 31 K====
Current average attack time: 25676.3secs
====Iteration: 32 K====
Current average attack time: 25698.6secs
====Iteration: 33 K====
Current average attack time: 25671.9secs
====Iteration: 34 K====
Current average attack time: 25679.8secs
====Iteration: 35 K====
Current average attack time: 25672.5secs
====Iteration: 36 K====
Current average attack time: 25698.6secs
====Iteration: 37 K====
Current average attack time: 25722.3secs
====Iteration: 38 K====
Current average attack time: 25706.8secs
====Iteration: 39 K====
Current average attack time: 25707.7secs
====Iteration: 40 K====
Current average attack time: 25712secs
====Iteration: 41 K====
Current average attack time: 25707.5secs
====Iteration: 42 K====
Current average attack time: 25727.2secs
====Iteration: 43 K====
Current average attack time: 25716secs
====Iteration: 44 K====
Current average attack time: 25709.6secs
====Iteration: 45 K====
Current average attack time: 25695.9secs
====Iteration: 46 K====
Current average attack time: 25710.7secs
====Iteration: 47 K====
Current average attack time: 25711.1secs
====Iteration: 48 K====
Current average attack time: 25689.5secs
====Iteration: 49 K====
Current average attack time: 25690.6secs
====Iteration: 50 K====
Current average attack time: 25710.4secs
====Iteration: 51 K====
Current average attack time: 25708secs
====Iteration: 52 K====
Current average attack time: 25693.7secs
====Iteration: 53 K====
Current average attack time: 25721.2secs
====Iteration: 54 K====
Current average attack time: 25715.7secs
====Iteration: 55 K====
Current average attack time: 25725.8secs
====Iteration: 56 K====
Current average attack time: 25719.3secs
====Iteration: 57 K====
Current average attack time: 25726.5secs
====Iteration: 58 K====
Current average attack time: 25731.1secs
====Iteration: 59 K====
Current average attack time: 25732.6secs
====Iteration: 60 K====
Current average attack time: 25735.5secs
====Iteration: 61 K====
Current average attack time: 25743.2secs
====Iteration: 62 K====
Current average attack time: 25748secs
====Iteration: 63 K====
Current average attack time: 25738.3secs
====Iteration: 64 K====
Current average attack time: 25738.5secs
====Iteration: 65 K====
Current average attack time: 25726.4secs
====Iteration: 66 K====
Current average attack time: 25711secs
====Iteration: 67 K====
Current average attack time: 25721.8secs
====Iteration: 68 K====
Current average attack time: 25735.4secs
====Iteration: 69 K====
Current average attack time: 25726.9secs
====Iteration: 70 K====
Current average attack time: 25724.3secs
====Iteration: 71 K====
Current average attack time: 25742.5secs
====Iteration: 72 K====
Current average attack time: 25725.1secs
====Iteration: 73 K====
Current average attack time: 25730.9secs
====Iteration: 74 K====
Current average attack time: 25746.1secs
====Iteration: 75 K====
Current average attack time: 25744.9secs
====Iteration: 76 K====
Current average attack time: 25731.3secs
====Iteration: 77 K====
Current average attack time: 25749secs
====Iteration: 78 K====
Current average attack time: 25747.9secs
====Iteration: 79 K====
Current average attack time: 25729.6secs
====Iteration: 80 K====
Current average attack time: 25708.8secs
====Iteration: 81 K====
Current average attack time: 25709.9secs
====Iteration: 82 K====
Current average attack time: 25690.4secs
====Iteration: 83 K====
Current average attack time: 25694.3secs
====Iteration: 84 K====
Current average attack time: 25680.2secs
====Iteration: 85 K====
Current average attack time: 25670.1secs
====Iteration: 86 K====
Current average attack time: 25669.5secs
====Iteration: 87 K====
Current average attack time: 25684.4secs
====Iteration: 88 K====
Current average attack time: 25685.1secs
====Iteration: 89 K====
Current average attack time: 25670secs
====Iteration: 90 K====
Current average attack time: 25684.6secs
====Iteration: 91 K====
Current average attack time: 25676.4secs
====Iteration: 92 K====
Current average attack time: 25683.4secs
====Iteration: 93 K====
Current average attack time: 25671.2secs
====Iteration: 94 K====
Current average attack time: 25658secs
====Iteration: 95 K====
Current average attack time: 25655.2secs
====Iteration: 96 K====
Current average attack time: 25653.8secs
====Iteration: 97 K====
Current average attack time: 25644.5secs
====Iteration: 98 K====
Current average attack time: 25656.4secs
====Iteration: 99 K====
Current average attack time: 25652.4secs
====Iteration: 100 K====
Current average attack time: 25656.1secs
Final Average Attack Time: 25656.1secs
