=====Used variables in the simulation====
# of Rows (# of Buckets): 131072
Row Hammer Threshold: 4800
Swap Rate: 6
Swap Threshold: 800
# of Deterministic Access per 64ms: 2050
# of Random Guess per 64ms: 1257
RH Probability per 64ms: 3.47e-10
Simulation iterations: 100000
====Iteration: 1 K====
Current average attack time: 1.80595e+08secs
====Iteration: 2 K====
Current average attack time: 1.78503e+08secs
====Iteration: 3 K====
Current average attack time: 1.78477e+08secs
====Iteration: 4 K====
Current average attack time: 1.80196e+08secs
====Iteration: 5 K====
Current average attack time: 1.81281e+08secs
====Iteration: 6 K====
Current average attack time: 1.83172e+08secs
====Iteration: 7 K====
Current average attack time: 1.82971e+08secs
====Iteration: 8 K====
Current average attack time: 1.8288e+08secs
====Iteration: 9 K====
Current average attack time: 1.82892e+08secs
====Iteration: 10 K====
Current average attack time: 1.83156e+08secs
====Iteration: 11 K====
Current average attack time: 1.83353e+08secs
====Iteration: 12 K====
Current average attack time: 1.83223e+08secs
====Iteration: 13 K====
Current average attack time: 1.82845e+08secs
====Iteration: 14 K====
Current average attack time: 1.82737e+08secs
====Iteration: 15 K====
Current average attack time: 1.8333e+08secs
====Iteration: 16 K====
Current average attack time: 1.8362e+08secs
====Iteration: 17 K====
Current average attack time: 1.83887e+08secs
====Iteration: 18 K====
Current average attack time: 1.84392e+08secs
====Iteration: 19 K====
Current average attack time: 1.83724e+08secs
====Iteration: 20 K====
Current average attack time: 1.83697e+08secs
====Iteration: 21 K====
Current average attack time: 1.84235e+08secs
====Iteration: 22 K====
Current average attack time: 1.84859e+08secs
====Iteration: 23 K====
Current average attack time: 1.84892e+08secs
====Iteration: 24 K====
Current average attack time: 1.85079e+08secs
====Iteration: 25 K====
Current average attack time: 1.85224e+08secs
====Iteration: 26 K====
Current average attack time: 1.85268e+08secs
====Iteration: 27 K====
Current average attack time: 1.8531e+08secs
====Iteration: 28 K====
Current average attack time: 1.85118e+08secs
====Iteration: 29 K====
Current average attack time: 1.85121e+08secs
====Iteration: 30 K====
Current average attack time: 1.8535e+08secs
====Iteration: 31 K====
Current average attack time: 1.85193e+08secs
====Iteration: 32 K====
Current average attack time: 1.85108e+08secs
====Iteration: 33 K====
Current average attack time: 1.85109e+08secs
====Iteration: 34 K====
Current average attack time: 1.84863e+08secs
====Iteration: 35 K====
Current average attack time: 1.85342e+08secs
====Iteration: 36 K====
Current average attack time: 1.85152e+08secs
====Iteration: 37 K====
Current average attack time: 1.85327e+08secs
====Iteration: 38 K====
Current average attack time: 1.85618e+08secs
====Iteration: 39 K====
Current average attack time: 1.85565e+08secs
====Iteration: 40 K====
Current average attack time: 1.85566e+08secs
====Iteration: 41 K====
Current average attack time: 1.85592e+08secs
====Iteration: 42 K====
Current average attack time: 1.85491e+08secs
====Iteration: 43 K====
Current average attack time: 1.85642e+08secs
====Iteration: 44 K====
Current average attack time: 1.85472e+08secs
====Iteration: 45 K====
Current average attack time: 1.85497e+08secs
====Iteration: 46 K====
Current average attack time: 1.85489e+08secs
====Iteration: 47 K====
Current average attack time: 1.85718e+08secs
====Iteration: 48 K====
Current average attack time: 1.8564e+08secs
====Iteration: 49 K====
Current average attack time: 1.8563e+08secs
====Iteration: 50 K====
Current average attack time: 1.85549e+08secs
====Iteration: 51 K====
Current average attack time: 1.85594e+08secs
====Iteration: 52 K====
Current average attack time: 1.85473e+08secs
====Iteration: 53 K====
Current average attack time: 1.85472e+08secs
====Iteration: 54 K====
Current average attack time: 1.85367e+08secs
====Iteration: 55 K====
Current average attack time: 1.85404e+08secs
====Iteration: 56 K====
Current average attack time: 1.85571e+08secs
====Iteration: 57 K====
Current average attack time: 1.85487e+08secs
====Iteration: 58 K====
Current average attack time: 1.85428e+08secs
====Iteration: 59 K====
Current average attack time: 1.85528e+08secs
====Iteration: 60 K====
Current average attack time: 1.85592e+08secs
====Iteration: 61 K====
Current average attack time: 1.85631e+08secs
====Iteration: 62 K====
Current average attack time: 1.85728e+08secs
====Iteration: 63 K====
Current average attack time: 1.86013e+08secs
====Iteration: 64 K====
Current average attack time: 1.86034e+08secs
====Iteration: 65 K====
Current average attack time: 1.86015e+08secs
====Iteration: 66 K====
Current average attack time: 1.85951e+08secs
====Iteration: 67 K====
Current average attack time: 1.85859e+08secs
====Iteration: 68 K====
Current average attack time: 1.85752e+08secs
====Iteration: 69 K====
Current average attack time: 1.85755e+08secs
====Iteration: 70 K====
Current average attack time: 1.85795e+08secs
====Iteration: 71 K====
Current average attack time: 1.85781e+08secs
====Iteration: 72 K====
Current average attack time: 1.85808e+08secs
====Iteration: 73 K====
Current average attack time: 1.85804e+08secs
====Iteration: 74 K====
Current average attack time: 1.85705e+08secs
====Iteration: 75 K====
Current average attack time: 1.85592e+08secs
====Iteration: 76 K====
Current average attack time: 1.85651e+08secs
====Iteration: 77 K====
Current average attack time: 1.85679e+08secs
====Iteration: 78 K====
Current average attack time: 1.85653e+08secs
====Iteration: 79 K====
Current average attack time: 1.85565e+08secs
====Iteration: 80 K====
Current average attack time: 1.85549e+08secs
====Iteration: 81 K====
Current average attack time: 1.85512e+08secs
====Iteration: 82 K====
Current average attack time: 1.85556e+08secs
====Iteration: 83 K====
Current average attack time: 1.85688e+08secs
====Iteration: 84 K====
Current average attack time: 1.85731e+08secs
====Iteration: 85 K====
Current average attack time: 1.85641e+08secs
====Iteration: 86 K====
Current average attack time: 1.85549e+08secs
====Iteration: 87 K====
Current average attack time: 1.85439e+08secs
====Iteration: 88 K====
Current average attack time: 1.85422e+08secs
====Iteration: 89 K====
Current average attack time: 1.854e+08secs
====Iteration: 90 K====
Current average attack time: 1.85313e+08secs
====Iteration: 91 K====
Current average attack time: 1.85262e+08secs
====Iteration: 92 K====
Current average attack time: 1.85241e+08secs
====Iteration: 93 K====
Current average attack time: 1.85165e+08secs
====Iteration: 94 K====
Current average attack time: 1.85116e+08secs
====Iteration: 95 K====
Current average attack time: 1.85081e+08secs
====Iteration: 96 K====
Current average attack time: 1.85033e+08secs
====Iteration: 97 K====
Current average attack time: 1.84988e+08secs
====Iteration: 98 K====
Current average attack time: 1.84944e+08secs
====Iteration: 99 K====
Current average attack time: 1.84981e+08secs
====Iteration: 100 K====
Current average attack time: 1.85015e+08secs
Final Average Attack Time: 1.85015e+08secs
