=====Used variables in the simulation====
# of Rows (# of Buckets): 131072
Row Hammer Threshold: 4800
Swap Rate: 6
Swap Threshold: 800
# of Deterministic Access per 64ms: 1975
# of Random Guess per 64ms: 1311
RH Probability per 64ms: 4.11e-10
Simulation iterations: 100000
====Iteration: 1 K====
Current average attack time: 1.59382e+08secs
====Iteration: 2 K====
Current average attack time: 1.57701e+08secs
====Iteration: 3 K====
Current average attack time: 1.58746e+08secs
====Iteration: 4 K====
Current average attack time: 1.5979e+08secs
====Iteration: 5 K====
Current average attack time: 1.58292e+08secs
====Iteration: 6 K====
Current average attack time: 1.58059e+08secs
====Iteration: 7 K====
Current average attack time: 1.56747e+08secs
====Iteration: 8 K====
Current average attack time: 1.55787e+08secs
====Iteration: 9 K====
Current average attack time: 1.56784e+08secs
====Iteration: 10 K====
Current average attack time: 1.5692e+08secs
====Iteration: 11 K====
Current average attack time: 1.57256e+08secs
====Iteration: 12 K====
Current average attack time: 1.57372e+08secs
====Iteration: 13 K====
Current average attack time: 1.57692e+08secs
====Iteration: 14 K====
Current average attack time: 1.57934e+08secs
====Iteration: 15 K====
Current average attack time: 1.57795e+08secs
====Iteration: 16 K====
Current average attack time: 1.58309e+08secs
====Iteration: 17 K====
Current average attack time: 1.58109e+08secs
====Iteration: 18 K====
Current average attack time: 1.58111e+08secs
====Iteration: 19 K====
Current average attack time: 1.58064e+08secs
====Iteration: 20 K====
Current average attack time: 1.58363e+08secs
====Iteration: 21 K====
Current average attack time: 1.58107e+08secs
====Iteration: 22 K====
Current average attack time: 1.57784e+08secs
====Iteration: 23 K====
Current average attack time: 1.57961e+08secs
====Iteration: 24 K====
Current average attack time: 1.57832e+08secs
====Iteration: 25 K====
Current average attack time: 1.57979e+08secs
====Iteration: 26 K====
Current average attack time: 1.57778e+08secs
====Iteration: 27 K====
Current average attack time: 1.57867e+08secs
====Iteration: 28 K====
Current average attack time: 1.57868e+08secs
====Iteration: 29 K====
Current average attack time: 1.57847e+08secs
====Iteration: 30 K====
Current average attack time: 1.57622e+08secs
====Iteration: 31 K====
Current average attack time: 1.57485e+08secs
====Iteration: 32 K====
Current average attack time: 1.57493e+08secs
====Iteration: 33 K====
Current average attack time: 1.57555e+08secs
====Iteration: 34 K====
Current average attack time: 1.57401e+08secs
====Iteration: 35 K====
Current average attack time: 1.57285e+08secs
====Iteration: 36 K====
Current average attack time: 1.57497e+08secs
====Iteration: 37 K====
Current average attack time: 1.57331e+08secs
====Iteration: 38 K====
Current average attack time: 1.57457e+08secs
====Iteration: 39 K====
Current average attack time: 1.57562e+08secs
====Iteration: 40 K====
Current average attack time: 1.57555e+08secs
====Iteration: 41 K====
Current average attack time: 1.57254e+08secs
====Iteration: 42 K====
Current average attack time: 1.57058e+08secs
====Iteration: 43 K====
Current average attack time: 1.57001e+08secs
====Iteration: 44 K====
Current average attack time: 1.5678e+08secs
====Iteration: 45 K====
Current average attack time: 1.56578e+08secs
====Iteration: 46 K====
Current average attack time: 1.56505e+08secs
====Iteration: 47 K====
Current average attack time: 1.56584e+08secs
====Iteration: 48 K====
Current average attack time: 1.565e+08secs
====Iteration: 49 K====
Current average attack time: 1.56398e+08secs
====Iteration: 50 K====
Current average attack time: 1.56445e+08secs
====Iteration: 51 K====
Current average attack time: 1.56444e+08secs
====Iteration: 52 K====
Current average attack time: 1.56394e+08secs
====Iteration: 53 K====
Current average attack time: 1.56432e+08secs
====Iteration: 54 K====
Current average attack time: 1.5642e+08secs
====Iteration: 55 K====
Current average attack time: 1.56397e+08secs
====Iteration: 56 K====
Current average attack time: 1.56453e+08secs
====Iteration: 57 K====
Current average attack time: 1.56567e+08secs
====Iteration: 58 K====
Current average attack time: 1.5645e+08secs
====Iteration: 59 K====
Current average attack time: 1.56459e+08secs
====Iteration: 60 K====
Current average attack time: 1.56489e+08secs
====Iteration: 61 K====
Current average attack time: 1.5645e+08secs
====Iteration: 62 K====
Current average attack time: 1.56371e+08secs
====Iteration: 63 K====
Current average attack time: 1.56208e+08secs
====Iteration: 64 K====
Current average attack time: 1.56222e+08secs
====Iteration: 65 K====
Current average attack time: 1.56232e+08secs
====Iteration: 66 K====
Current average attack time: 1.56219e+08secs
====Iteration: 67 K====
Current average attack time: 1.56137e+08secs
====Iteration: 68 K====
Current average attack time: 1.56174e+08secs
====Iteration: 69 K====
Current average attack time: 1.56176e+08secs
====Iteration: 70 K====
Current average attack time: 1.56179e+08secs
====Iteration: 71 K====
Current average attack time: 1.56252e+08secs
====Iteration: 72 K====
Current average attack time: 1.56183e+08secs
====Iteration: 73 K====
Current average attack time: 1.56123e+08secs
====Iteration: 74 K====
Current average attack time: 1.5609e+08secs
====Iteration: 75 K====
Current average attack time: 1.56089e+08secs
====Iteration: 76 K====
Current average attack time: 1.5617e+08secs
====Iteration: 77 K====
Current average attack time: 1.56188e+08secs
====Iteration: 78 K====
Current average attack time: 1.56156e+08secs
====Iteration: 79 K====
Current average attack time: 1.56121e+08secs
====Iteration: 80 K====
Current average attack time: 1.56172e+08secs
====Iteration: 81 K====
Current average attack time: 1.5621e+08secs
====Iteration: 82 K====
Current average attack time: 1.56048e+08secs
====Iteration: 83 K====
Current average attack time: 1.55982e+08secs
====Iteration: 84 K====
Current average attack time: 1.5592e+08secs
====Iteration: 85 K====
Current average attack time: 1.55848e+08secs
====Iteration: 86 K====
Current average attack time: 1.55812e+08secs
====Iteration: 87 K====
Current average attack time: 1.55828e+08secs
====Iteration: 88 K====
Current average attack time: 1.55718e+08secs
====Iteration: 89 K====
Current average attack time: 1.55768e+08secs
====Iteration: 90 K====
Current average attack time: 1.55731e+08secs
====Iteration: 91 K====
Current average attack time: 1.55727e+08secs
====Iteration: 92 K====
Current average attack time: 1.55819e+08secs
====Iteration: 93 K====
Current average attack time: 1.55839e+08secs
====Iteration: 94 K====
Current average attack time: 1.55732e+08secs
====Iteration: 95 K====
Current average attack time: 1.55672e+08secs
====Iteration: 96 K====
Current average attack time: 1.55767e+08secs
====Iteration: 97 K====
Current average attack time: 1.55682e+08secs
====Iteration: 98 K====
Current average attack time: 1.55644e+08secs
====Iteration: 99 K====
Current average attack time: 1.55572e+08secs
====Iteration: 100 K====
Current average attack time: 1.55552e+08secs
Final Average Attack Time: 1.55552e+08secs
