=====Used variables in the simulation====
# of Rows (# of Buckets): 131072
Row Hammer Threshold: 4800
Swap Rate: 6
Swap Threshold: 800
# of Deterministic Access per 64ms: 1825
# of Random Guess per 64ms: 1418
RH Probability per 64ms: 5.62e-10
Simulation iterations: 100000
====Iteration: 1 K====
Current average attack time: 1.16784e+08secs
====Iteration: 2 K====
Current average attack time: 1.15143e+08secs
====Iteration: 3 K====
Current average attack time: 1.12603e+08secs
====Iteration: 4 K====
Current average attack time: 1.11834e+08secs
====Iteration: 5 K====
Current average attack time: 1.10927e+08secs
====Iteration: 6 K====
Current average attack time: 1.11695e+08secs
====Iteration: 7 K====
Current average attack time: 1.11654e+08secs
====Iteration: 8 K====
Current average attack time: 1.12023e+08secs
====Iteration: 9 K====
Current average attack time: 1.12507e+08secs
====Iteration: 10 K====
Current average attack time: 1.12604e+08secs
====Iteration: 11 K====
Current average attack time: 1.12244e+08secs
====Iteration: 12 K====
Current average attack time: 1.12818e+08secs
====Iteration: 13 K====
Current average attack time: 1.12939e+08secs
====Iteration: 14 K====
Current average attack time: 1.12821e+08secs
====Iteration: 15 K====
Current average attack time: 1.12932e+08secs
====Iteration: 16 K====
Current average attack time: 1.12942e+08secs
====Iteration: 17 K====
Current average attack time: 1.12682e+08secs
====Iteration: 18 K====
Current average attack time: 1.1272e+08secs
====Iteration: 19 K====
Current average attack time: 1.12814e+08secs
====Iteration: 20 K====
Current average attack time: 1.12835e+08secs
====Iteration: 21 K====
Current average attack time: 1.12732e+08secs
====Iteration: 22 K====
Current average attack time: 1.12563e+08secs
====Iteration: 23 K====
Current average attack time: 1.12482e+08secs
====Iteration: 24 K====
Current average attack time: 1.12659e+08secs
====Iteration: 25 K====
Current average attack time: 1.12628e+08secs
====Iteration: 26 K====
Current average attack time: 1.12733e+08secs
====Iteration: 27 K====
Current average attack time: 1.12826e+08secs
====Iteration: 28 K====
Current average attack time: 1.12864e+08secs
====Iteration: 29 K====
Current average attack time: 1.12875e+08secs
====Iteration: 30 K====
Current average attack time: 1.1286e+08secs
====Iteration: 31 K====
Current average attack time: 1.12732e+08secs
====Iteration: 32 K====
Current average attack time: 1.12795e+08secs
====Iteration: 33 K====
Current average attack time: 1.13149e+08secs
====Iteration: 34 K====
Current average attack time: 1.1312e+08secs
====Iteration: 35 K====
Current average attack time: 1.13131e+08secs
====Iteration: 36 K====
Current average attack time: 1.13038e+08secs
====Iteration: 37 K====
Current average attack time: 1.13112e+08secs
====Iteration: 38 K====
Current average attack time: 1.13289e+08secs
====Iteration: 39 K====
Current average attack time: 1.13273e+08secs
====Iteration: 40 K====
Current average attack time: 1.13378e+08secs
====Iteration: 41 K====
Current average attack time: 1.13398e+08secs
====Iteration: 42 K====
Current average attack time: 1.1353e+08secs
====Iteration: 43 K====
Current average attack time: 1.13568e+08secs
====Iteration: 44 K====
Current average attack time: 1.1352e+08secs
====Iteration: 45 K====
Current average attack time: 1.13466e+08secs
====Iteration: 46 K====
Current average attack time: 1.13362e+08secs
====Iteration: 47 K====
Current average attack time: 1.13258e+08secs
====Iteration: 48 K====
Current average attack time: 1.13221e+08secs
====Iteration: 49 K====
Current average attack time: 1.13314e+08secs
====Iteration: 50 K====
Current average attack time: 1.13326e+08secs
====Iteration: 51 K====
Current average attack time: 1.13455e+08secs
====Iteration: 52 K====
Current average attack time: 1.13467e+08secs
====Iteration: 53 K====
Current average attack time: 1.13452e+08secs
====Iteration: 54 K====
Current average attack time: 1.13455e+08secs
====Iteration: 55 K====
Current average attack time: 1.13468e+08secs
====Iteration: 56 K====
Current average attack time: 1.1356e+08secs
====Iteration: 57 K====
Current average attack time: 1.13533e+08secs
====Iteration: 58 K====
Current average attack time: 1.13519e+08secs
====Iteration: 59 K====
Current average attack time: 1.13504e+08secs
====Iteration: 60 K====
Current average attack time: 1.13481e+08secs
====Iteration: 61 K====
Current average attack time: 1.13579e+08secs
====Iteration: 62 K====
Current average attack time: 1.13556e+08secs
====Iteration: 63 K====
Current average attack time: 1.13727e+08secs
====Iteration: 64 K====
Current average attack time: 1.13675e+08secs
====Iteration: 65 K====
Current average attack time: 1.13611e+08secs
====Iteration: 66 K====
Current average attack time: 1.13735e+08secs
====Iteration: 67 K====
Current average attack time: 1.13689e+08secs
====Iteration: 68 K====
Current average attack time: 1.13715e+08secs
====Iteration: 69 K====
Current average attack time: 1.13713e+08secs
====Iteration: 70 K====
Current average attack time: 1.1369e+08secs
====Iteration: 71 K====
Current average attack time: 1.13691e+08secs
====Iteration: 72 K====
Current average attack time: 1.1372e+08secs
====Iteration: 73 K====
Current average attack time: 1.13687e+08secs
====Iteration: 74 K====
Current average attack time: 1.13656e+08secs
====Iteration: 75 K====
Current average attack time: 1.13621e+08secs
====Iteration: 76 K====
Current average attack time: 1.13631e+08secs
====Iteration: 77 K====
Current average attack time: 1.13541e+08secs
====Iteration: 78 K====
Current average attack time: 1.13555e+08secs
====Iteration: 79 K====
Current average attack time: 1.13584e+08secs
====Iteration: 80 K====
Current average attack time: 1.13665e+08secs
====Iteration: 81 K====
Current average attack time: 1.13736e+08secs
====Iteration: 82 K====
Current average attack time: 1.13703e+08secs
====Iteration: 83 K====
Current average attack time: 1.13681e+08secs
====Iteration: 84 K====
Current average attack time: 1.13756e+08secs
====Iteration: 85 K====
Current average attack time: 1.13795e+08secs
====Iteration: 86 K====
Current average attack time: 1.13791e+08secs
====Iteration: 87 K====
Current average attack time: 1.13707e+08secs
====Iteration: 88 K====
Current average attack time: 1.13709e+08secs
====Iteration: 89 K====
Current average attack time: 1.13722e+08secs
====Iteration: 90 K====
Current average attack time: 1.13707e+08secs
====Iteration: 91 K====
Current average attack time: 1.13706e+08secs
====Iteration: 92 K====
Current average attack time: 1.13671e+08secs
====Iteration: 93 K====
Current average attack time: 1.13687e+08secs
====Iteration: 94 K====
Current average attack time: 1.13665e+08secs
====Iteration: 95 K====
Current average attack time: 1.13663e+08secs
====Iteration: 96 K====
Current average attack time: 1.13651e+08secs
====Iteration: 97 K====
Current average attack time: 1.13687e+08secs
====Iteration: 98 K====
Current average attack time: 1.13597e+08secs
====Iteration: 99 K====
Current average attack time: 1.13596e+08secs
====Iteration: 100 K====
Current average attack time: 1.13588e+08secs
Final Average Attack Time: 1.13588e+08secs
