=====Used variables in the simulation====
# of Rows (# of Buckets): 131072
Row Hammer Threshold: 4800
Swap Rate: 6
Swap Threshold: 800
# of Deterministic Access per 64ms: 3475
# of Random Guess per 64ms: 241
RH Probability per 64ms: 1.68e-06
Simulation iterations: 100000
====Iteration: 1 K====
Current average attack time: 39315.8secs
====Iteration: 2 K====
Current average attack time: 38366.4secs
====Iteration: 3 K====
Current average attack time: 38183secs
====Iteration: 4 K====
Current average attack time: 38333.1secs
====Iteration: 5 K====
Current average attack time: 38542.4secs
====Iteration: 6 K====
Current average attack time: 38692.9secs
====Iteration: 7 K====
Current average attack time: 38595.2secs
====Iteration: 8 K====
Current average attack time: 38468.9secs
====Iteration: 9 K====
Current average attack time: 38269.8secs
====Iteration: 10 K====
Current average attack time: 38297.6secs
====Iteration: 11 K====
Current average attack time: 38275secs
====Iteration: 12 K====
Current average attack time: 38163.1secs
====Iteration: 13 K====
Current average attack time: 38028.8secs
====Iteration: 14 K====
Current average attack time: 37939.8secs
====Iteration: 15 K====
Current average attack time: 37969.3secs
====Iteration: 16 K====
Current average attack time: 38007.5secs
====Iteration: 17 K====
Current average attack time: 38000.2secs
====Iteration: 18 K====
Current average attack time: 38114.7secs
====Iteration: 19 K====
Current average attack time: 38148.1secs
====Iteration: 20 K====
Current average attack time: 38196.3secs
====Iteration: 21 K====
Current average attack time: 38154.8secs
====Iteration: 22 K====
Current average attack time: 38023.5secs
====Iteration: 23 K====
Current average attack time: 38086.6secs
====Iteration: 24 K====
Current average attack time: 38100.8secs
====Iteration: 25 K====
Current average attack time: 38096.6secs
====Iteration: 26 K====
Current average attack time: 38190.8secs
====Iteration: 27 K====
Current average attack time: 38225.7secs
====Iteration: 28 K====
Current average attack time: 38240.2secs
====Iteration: 29 K====
Current average attack time: 38240.2secs
====Iteration: 30 K====
Current average attack time: 38186.4secs
====Iteration: 31 K====
Current average attack time: 38194.7secs
====Iteration: 32 K====
Current average attack time: 38237.5secs
====Iteration: 33 K====
Current average attack time: 38188.1secs
====Iteration: 34 K====
Current average attack time: 38202.4secs
====Iteration: 35 K====
Current average attack time: 38192.7secs
====Iteration: 36 K====
Current average attack time: 38168.5secs
====Iteration: 37 K====
Current average attack time: 38215.1secs
====Iteration: 38 K====
Current average attack time: 38218secs
====Iteration: 39 K====
Current average attack time: 38200.6secs
====Iteration: 40 K====
Current average attack time: 38210.3secs
====Iteration: 41 K====
Current average attack time: 38193.5secs
====Iteration: 42 K====
Current average attack time: 38189secs
====Iteration: 43 K====
Current average attack time: 38184.4secs
====Iteration: 44 K====
Current average attack time: 38204secs
====Iteration: 45 K====
Current average attack time: 38219.1secs
====Iteration: 46 K====
Current average attack time: 38230.4secs
====Iteration: 47 K====
Current average attack time: 38220.7secs
====Iteration: 48 K====
Current average attack time: 38217.1secs
====Iteration: 49 K====
Current average attack time: 38153.2secs
====Iteration: 50 K====
Current average attack time: 38204.9secs
====Iteration: 51 K====
Current average attack time: 38146.3secs
====Iteration: 52 K====
Current average attack time: 38151secs
====Iteration: 53 K====
Current average attack time: 38146.1secs
====Iteration: 54 K====
Current average attack time: 38106.5secs
====Iteration: 55 K====
Current average attack time: 38145.4secs
====Iteration: 56 K====
Current average attack time: 38157.9secs
====Iteration: 57 K====
Current average attack time: 38176.5secs
====Iteration: 58 K====
Current average attack time: 38212.5secs
====Iteration: 59 K====
Current average attack time: 38224.1secs
====Iteration: 60 K====
Current average attack time: 38184.7secs
====Iteration: 61 K====
Current average attack time: 38170.1secs
====Iteration: 62 K====
Current average attack time: 38165.6secs
====Iteration: 63 K====
Current average attack time: 38164.2secs
====Iteration: 64 K====
Current average attack time: 38155.3secs
====Iteration: 65 K====
Current average attack time: 38146.5secs
====Iteration: 66 K====
Current average attack time: 38146.3secs
====Iteration: 67 K====
Current average attack time: 38154.7secs
====Iteration: 68 K====
Current average attack time: 38170.8secs
====Iteration: 69 K====
Current average attack time: 38165.5secs
====Iteration: 70 K====
Current average attack time: 38150.8secs
====Iteration: 71 K====
Current average attack time: 38139secs
====Iteration: 72 K====
Current average attack time: 38135.2secs
====Iteration: 73 K====
Current average attack time: 38141secs
====Iteration: 74 K====
Current average attack time: 38124.4secs
====Iteration: 75 K====
Current average attack time: 38129.4secs
====Iteration: 76 K====
Current average attack time: 38119.2secs
====Iteration: 77 K====
Current average attack time: 38124.4secs
====Iteration: 78 K====
Current average attack time: 38143.5secs
====Iteration: 79 K====
Current average attack time: 38140.6secs
====Iteration: 80 K====
Current average attack time: 38115.8secs
====Iteration: 81 K====
Current average attack time: 38109.7secs
====Iteration: 82 K====
Current average attack time: 38095.1secs
====Iteration: 83 K====
Current average attack time: 38096.7secs
====Iteration: 84 K====
Current average attack time: 38104.5secs
====Iteration: 85 K====
Current average attack time: 38126secs
====Iteration: 86 K====
Current average attack time: 38125.3secs
====Iteration: 87 K====
Current average attack time: 38143secs
====Iteration: 88 K====
Current average attack time: 38137.7secs
====Iteration: 89 K====
Current average attack time: 38127.6secs
====Iteration: 90 K====
Current average attack time: 38151.9secs
====Iteration: 91 K====
Current average attack time: 38167.8secs
====Iteration: 92 K====
Current average attack time: 38173.7secs
====Iteration: 93 K====
Current average attack time: 38171.3secs
====Iteration: 94 K====
Current average attack time: 38172secs
====Iteration: 95 K====
Current average attack time: 38167.9secs
====Iteration: 96 K====
Current average attack time: 38162.2secs
====Iteration: 97 K====
Current average attack time: 38169secs
====Iteration: 98 K====
Current average attack time: 38156.1secs
====Iteration: 99 K====
Current average attack time: 38136.1secs
====Iteration: 100 K====
Current average attack time: 38128.5secs
Final Average Attack Time: 38128.5secs
