=====Used variables in the simulation====
# of Rows (# of Buckets): 131072
Row Hammer Threshold: 4800
Swap Rate: 6
Swap Threshold: 800
# of Deterministic Access per 64ms: 2800
# of Random Guess per 64ms: 722
RH Probability per 64ms: 2.76e-08
Simulation iterations: 100000
====Iteration: 1 K====
Current average attack time: 2.33395e+06secs
====Iteration: 2 K====
Current average attack time: 2.33179e+06secs
====Iteration: 3 K====
Current average attack time: 2.34824e+06secs
====Iteration: 4 K====
Current average attack time: 2.34195e+06secs
====Iteration: 5 K====
Current average attack time: 2.33472e+06secs
====Iteration: 6 K====
Current average attack time: 2.32154e+06secs
====Iteration: 7 K====
Current average attack time: 2.34457e+06secs
====Iteration: 8 K====
Current average attack time: 2.3383e+06secs
====Iteration: 9 K====
Current average attack time: 2.33742e+06secs
====Iteration: 10 K====
Current average attack time: 2.34157e+06secs
====Iteration: 11 K====
Current average attack time: 2.33993e+06secs
====Iteration: 12 K====
Current average attack time: 2.34336e+06secs
====Iteration: 13 K====
Current average attack time: 2.34334e+06secs
====Iteration: 14 K====
Current average attack time: 2.34471e+06secs
====Iteration: 15 K====
Current average attack time: 2.3479e+06secs
====Iteration: 16 K====
Current average attack time: 2.35752e+06secs
====Iteration: 17 K====
Current average attack time: 2.35746e+06secs
====Iteration: 18 K====
Current average attack time: 2.35776e+06secs
====Iteration: 19 K====
Current average attack time: 2.35447e+06secs
====Iteration: 20 K====
Current average attack time: 2.35286e+06secs
====Iteration: 21 K====
Current average attack time: 2.35413e+06secs
====Iteration: 22 K====
Current average attack time: 2.35618e+06secs
====Iteration: 23 K====
Current average attack time: 2.35767e+06secs
====Iteration: 24 K====
Current average attack time: 2.35625e+06secs
====Iteration: 25 K====
Current average attack time: 2.35688e+06secs
====Iteration: 26 K====
Current average attack time: 2.35446e+06secs
====Iteration: 27 K====
Current average attack time: 2.35667e+06secs
====Iteration: 28 K====
Current average attack time: 2.35411e+06secs
====Iteration: 29 K====
Current average attack time: 2.35038e+06secs
====Iteration: 30 K====
Current average attack time: 2.34822e+06secs
====Iteration: 31 K====
Current average attack time: 2.34649e+06secs
====Iteration: 32 K====
Current average attack time: 2.34971e+06secs
====Iteration: 33 K====
Current average attack time: 2.3519e+06secs
====Iteration: 34 K====
Current average attack time: 2.349e+06secs
====Iteration: 35 K====
Current average attack time: 2.34491e+06secs
====Iteration: 36 K====
Current average attack time: 2.34567e+06secs
====Iteration: 37 K====
Current average attack time: 2.3451e+06secs
====Iteration: 38 K====
Current average attack time: 2.34708e+06secs
====Iteration: 39 K====
Current average attack time: 2.34794e+06secs
====Iteration: 40 K====
Current average attack time: 2.34758e+06secs
====Iteration: 41 K====
Current average attack time: 2.34849e+06secs
====Iteration: 42 K====
Current average attack time: 2.34954e+06secs
====Iteration: 43 K====
Current average attack time: 2.35094e+06secs
====Iteration: 44 K====
Current average attack time: 2.35144e+06secs
====Iteration: 45 K====
Current average attack time: 2.35e+06secs
====Iteration: 46 K====
Current average attack time: 2.34812e+06secs
====Iteration: 47 K====
Current average attack time: 2.34578e+06secs
====Iteration: 48 K====
Current average attack time: 2.34596e+06secs
====Iteration: 49 K====
Current average attack time: 2.34402e+06secs
====Iteration: 50 K====
Current average attack time: 2.34142e+06secs
====Iteration: 51 K====
Current average attack time: 2.34253e+06secs
====Iteration: 52 K====
Current average attack time: 2.3414e+06secs
====Iteration: 53 K====
Current average attack time: 2.33995e+06secs
====Iteration: 54 K====
Current average attack time: 2.34016e+06secs
====Iteration: 55 K====
Current average attack time: 2.33843e+06secs
====Iteration: 56 K====
Current average attack time: 2.33632e+06secs
====Iteration: 57 K====
Current average attack time: 2.33634e+06secs
====Iteration: 58 K====
Current average attack time: 2.33687e+06secs
====Iteration: 59 K====
Current average attack time: 2.33499e+06secs
====Iteration: 60 K====
Current average attack time: 2.33825e+06secs
====Iteration: 61 K====
Current average attack time: 2.33959e+06secs
====Iteration: 62 K====
Current average attack time: 2.34052e+06secs
====Iteration: 63 K====
Current average attack time: 2.34034e+06secs
====Iteration: 64 K====
Current average attack time: 2.33858e+06secs
====Iteration: 65 K====
Current average attack time: 2.33767e+06secs
====Iteration: 66 K====
Current average attack time: 2.33696e+06secs
====Iteration: 67 K====
Current average attack time: 2.33661e+06secs
====Iteration: 68 K====
Current average attack time: 2.33613e+06secs
====Iteration: 69 K====
Current average attack time: 2.33372e+06secs
====Iteration: 70 K====
Current average attack time: 2.33523e+06secs
====Iteration: 71 K====
Current average attack time: 2.3348e+06secs
====Iteration: 72 K====
Current average attack time: 2.33351e+06secs
====Iteration: 73 K====
Current average attack time: 2.33491e+06secs
====Iteration: 74 K====
Current average attack time: 2.33588e+06secs
====Iteration: 75 K====
Current average attack time: 2.33562e+06secs
====Iteration: 76 K====
Current average attack time: 2.33468e+06secs
====Iteration: 77 K====
Current average attack time: 2.33436e+06secs
====Iteration: 78 K====
Current average attack time: 2.33367e+06secs
====Iteration: 79 K====
Current average attack time: 2.33255e+06secs
====Iteration: 80 K====
Current average attack time: 2.33345e+06secs
====Iteration: 81 K====
Current average attack time: 2.33181e+06secs
====Iteration: 82 K====
Current average attack time: 2.33156e+06secs
====Iteration: 83 K====
Current average attack time: 2.32984e+06secs
====Iteration: 84 K====
Current average attack time: 2.32921e+06secs
====Iteration: 85 K====
Current average attack time: 2.3281e+06secs
====Iteration: 86 K====
Current average attack time: 2.32745e+06secs
====Iteration: 87 K====
Current average attack time: 2.32598e+06secs
====Iteration: 88 K====
Current average attack time: 2.32648e+06secs
====Iteration: 89 K====
Current average attack time: 2.32631e+06secs
====Iteration: 90 K====
Current average attack time: 2.32597e+06secs
====Iteration: 91 K====
Current average attack time: 2.325e+06secs
====Iteration: 92 K====
Current average attack time: 2.32364e+06secs
====Iteration: 93 K====
Current average attack time: 2.32374e+06secs
====Iteration: 94 K====
Current average attack time: 2.32387e+06secs
====Iteration: 95 K====
Current average attack time: 2.32487e+06secs
====Iteration: 96 K====
Current average attack time: 2.3245e+06secs
====Iteration: 97 K====
Current average attack time: 2.3261e+06secs
====Iteration: 98 K====
Current average attack time: 2.32585e+06secs
====Iteration: 99 K====
Current average attack time: 2.32554e+06secs
====Iteration: 100 K====
Current average attack time: 2.32528e+06secs
Final Average Attack Time: 2.32528e+06secs
