=====Used variables in the simulation====
# of Rows (# of Buckets): 131072
Row Hammer Threshold: 4800
Swap Rate: 6
Swap Threshold: 800
# of Deterministic Access per 64ms: 1900
# of Random Guess per 64ms: 1364
RH Probability per 64ms: 4.81e-10
Simulation iterations: 100000
====Iteration: 1 K====
Current average attack time: 1.36442e+08secs
====Iteration: 2 K====
Current average attack time: 1.305e+08secs
====Iteration: 3 K====
Current average attack time: 1.3124e+08secs
====Iteration: 4 K====
Current average attack time: 1.31269e+08secs
====Iteration: 5 K====
Current average attack time: 1.3305e+08secs
====Iteration: 6 K====
Current average attack time: 1.33751e+08secs
====Iteration: 7 K====
Current average attack time: 1.34247e+08secs
====Iteration: 8 K====
Current average attack time: 1.33203e+08secs
====Iteration: 9 K====
Current average attack time: 1.32831e+08secs
====Iteration: 10 K====
Current average attack time: 1.33632e+08secs
====Iteration: 11 K====
Current average attack time: 1.33244e+08secs
====Iteration: 12 K====
Current average attack time: 1.33376e+08secs
====Iteration: 13 K====
Current average attack time: 1.33467e+08secs
====Iteration: 14 K====
Current average attack time: 1.34117e+08secs
====Iteration: 15 K====
Current average attack time: 1.34162e+08secs
====Iteration: 16 K====
Current average attack time: 1.33814e+08secs
====Iteration: 17 K====
Current average attack time: 1.3388e+08secs
====Iteration: 18 K====
Current average attack time: 1.3379e+08secs
====Iteration: 19 K====
Current average attack time: 1.33466e+08secs
====Iteration: 20 K====
Current average attack time: 1.33038e+08secs
====Iteration: 21 K====
Current average attack time: 1.33564e+08secs
====Iteration: 22 K====
Current average attack time: 1.33313e+08secs
====Iteration: 23 K====
Current average attack time: 1.33079e+08secs
====Iteration: 24 K====
Current average attack time: 1.32919e+08secs
====Iteration: 25 K====
Current average attack time: 1.32869e+08secs
====Iteration: 26 K====
Current average attack time: 1.3297e+08secs
====Iteration: 27 K====
Current average attack time: 1.3276e+08secs
====Iteration: 28 K====
Current average attack time: 1.32688e+08secs
====Iteration: 29 K====
Current average attack time: 1.32913e+08secs
====Iteration: 30 K====
Current average attack time: 1.32832e+08secs
====Iteration: 31 K====
Current average attack time: 1.32802e+08secs
====Iteration: 32 K====
Current average attack time: 1.33141e+08secs
====Iteration: 33 K====
Current average attack time: 1.32983e+08secs
====Iteration: 34 K====
Current average attack time: 1.32894e+08secs
====Iteration: 35 K====
Current average attack time: 1.32861e+08secs
====Iteration: 36 K====
Current average attack time: 1.32978e+08secs
====Iteration: 37 K====
Current average attack time: 1.33175e+08secs
====Iteration: 38 K====
Current average attack time: 1.33239e+08secs
====Iteration: 39 K====
Current average attack time: 1.33197e+08secs
====Iteration: 40 K====
Current average attack time: 1.33224e+08secs
====Iteration: 41 K====
Current average attack time: 1.3318e+08secs
====Iteration: 42 K====
Current average attack time: 1.33238e+08secs
====Iteration: 43 K====
Current average attack time: 1.33312e+08secs
====Iteration: 44 K====
Current average attack time: 1.33433e+08secs
====Iteration: 45 K====
Current average attack time: 1.33384e+08secs
====Iteration: 46 K====
Current average attack time: 1.33509e+08secs
====Iteration: 47 K====
Current average attack time: 1.33481e+08secs
====Iteration: 48 K====
Current average attack time: 1.33423e+08secs
====Iteration: 49 K====
Current average attack time: 1.33413e+08secs
====Iteration: 50 K====
Current average attack time: 1.33495e+08secs
====Iteration: 51 K====
Current average attack time: 1.33453e+08secs
====Iteration: 52 K====
Current average attack time: 1.33487e+08secs
====Iteration: 53 K====
Current average attack time: 1.33458e+08secs
====Iteration: 54 K====
Current average attack time: 1.334e+08secs
====Iteration: 55 K====
Current average attack time: 1.33421e+08secs
====Iteration: 56 K====
Current average attack time: 1.33362e+08secs
====Iteration: 57 K====
Current average attack time: 1.33345e+08secs
====Iteration: 58 K====
Current average attack time: 1.33408e+08secs
====Iteration: 59 K====
Current average attack time: 1.33503e+08secs
====Iteration: 60 K====
Current average attack time: 1.33431e+08secs
====Iteration: 61 K====
Current average attack time: 1.33496e+08secs
====Iteration: 62 K====
Current average attack time: 1.33572e+08secs
====Iteration: 63 K====
Current average attack time: 1.33612e+08secs
====Iteration: 64 K====
Current average attack time: 1.3352e+08secs
====Iteration: 65 K====
Current average attack time: 1.33508e+08secs
====Iteration: 66 K====
Current average attack time: 1.33501e+08secs
====Iteration: 67 K====
Current average attack time: 1.33452e+08secs
====Iteration: 68 K====
Current average attack time: 1.33509e+08secs
====Iteration: 69 K====
Current average attack time: 1.33403e+08secs
====Iteration: 70 K====
Current average attack time: 1.33441e+08secs
====Iteration: 71 K====
Current average attack time: 1.33382e+08secs
====Iteration: 72 K====
Current average attack time: 1.33501e+08secs
====Iteration: 73 K====
Current average attack time: 1.33537e+08secs
====Iteration: 74 K====
Current average attack time: 1.33572e+08secs
====Iteration: 75 K====
Current average attack time: 1.33565e+08secs
====Iteration: 76 K====
Current average attack time: 1.3352e+08secs
====Iteration: 77 K====
Current average attack time: 1.33498e+08secs
====Iteration: 78 K====
Current average attack time: 1.33498e+08secs
====Iteration: 79 K====
Current average attack time: 1.33508e+08secs
====Iteration: 80 K====
Current average attack time: 1.3355e+08secs
====Iteration: 81 K====
Current average attack time: 1.33569e+08secs
====Iteration: 82 K====
Current average attack time: 1.33649e+08secs
====Iteration: 83 K====
Current average attack time: 1.33589e+08secs
====Iteration: 84 K====
Current average attack time: 1.33602e+08secs
====Iteration: 85 K====
Current average attack time: 1.33545e+08secs
====Iteration: 86 K====
Current average attack time: 1.33605e+08secs
====Iteration: 87 K====
Current average attack time: 1.33692e+08secs
====Iteration: 88 K====
Current average attack time: 1.33642e+08secs
====Iteration: 89 K====
Current average attack time: 1.33639e+08secs
====Iteration: 90 K====
Current average attack time: 1.33587e+08secs
====Iteration: 91 K====
Current average attack time: 1.33565e+08secs
====Iteration: 92 K====
Current average attack time: 1.33589e+08secs
====Iteration: 93 K====
Current average attack time: 1.33633e+08secs
====Iteration: 94 K====
Current average attack time: 1.33628e+08secs
====Iteration: 95 K====
Current average attack time: 1.3365e+08secs
====Iteration: 96 K====
Current average attack time: 1.33659e+08secs
====Iteration: 97 K====
Current average attack time: 1.33686e+08secs
====Iteration: 98 K====
Current average attack time: 1.33743e+08secs
====Iteration: 99 K====
Current average attack time: 1.33688e+08secs
====Iteration: 100 K====
Current average attack time: 1.33652e+08secs
Final Average Attack Time: 1.33652e+08secs
