=====Used variables in the simulation====
# of Rows (# of Buckets): 131072
Row Hammer Threshold: 4800
Swap Rate: 6
Swap Threshold: 800
# of Deterministic Access per 64ms: 2650
# of Random Guess per 64ms: 829
RH Probability per 64ms: 4.18e-08
Simulation iterations: 100000
====Iteration: 1 K====
Current average attack time: 1.60335e+06secs
====Iteration: 2 K====
Current average attack time: 1.56789e+06secs
====Iteration: 3 K====
Current average attack time: 1.57656e+06secs
====Iteration: 4 K====
Current average attack time: 1.56618e+06secs
====Iteration: 5 K====
Current average attack time: 1.56487e+06secs
====Iteration: 6 K====
Current average attack time: 1.56248e+06secs
====Iteration: 7 K====
Current average attack time: 1.55882e+06secs
====Iteration: 8 K====
Current average attack time: 1.551e+06secs
====Iteration: 9 K====
Current average attack time: 1.5391e+06secs
====Iteration: 10 K====
Current average attack time: 1.53939e+06secs
====Iteration: 11 K====
Current average attack time: 1.53573e+06secs
====Iteration: 12 K====
Current average attack time: 1.53161e+06secs
====Iteration: 13 K====
Current average attack time: 1.53558e+06secs
====Iteration: 14 K====
Current average attack time: 1.54318e+06secs
====Iteration: 15 K====
Current average attack time: 1.53941e+06secs
====Iteration: 16 K====
Current average attack time: 1.53684e+06secs
====Iteration: 17 K====
Current average attack time: 1.53172e+06secs
====Iteration: 18 K====
Current average attack time: 1.53276e+06secs
====Iteration: 19 K====
Current average attack time: 1.53329e+06secs
====Iteration: 20 K====
Current average attack time: 1.53483e+06secs
====Iteration: 21 K====
Current average attack time: 1.53484e+06secs
====Iteration: 22 K====
Current average attack time: 1.53531e+06secs
====Iteration: 23 K====
Current average attack time: 1.53634e+06secs
====Iteration: 24 K====
Current average attack time: 1.53306e+06secs
====Iteration: 25 K====
Current average attack time: 1.53282e+06secs
====Iteration: 26 K====
Current average attack time: 1.53286e+06secs
====Iteration: 27 K====
Current average attack time: 1.53066e+06secs
====Iteration: 28 K====
Current average attack time: 1.52862e+06secs
====Iteration: 29 K====
Current average attack time: 1.52621e+06secs
====Iteration: 30 K====
Current average attack time: 1.52629e+06secs
====Iteration: 31 K====
Current average attack time: 1.52788e+06secs
====Iteration: 32 K====
Current average attack time: 1.52726e+06secs
====Iteration: 33 K====
Current average attack time: 1.53113e+06secs
====Iteration: 34 K====
Current average attack time: 1.53004e+06secs
====Iteration: 35 K====
Current average attack time: 1.53062e+06secs
====Iteration: 36 K====
Current average attack time: 1.53071e+06secs
====Iteration: 37 K====
Current average attack time: 1.53011e+06secs
====Iteration: 38 K====
Current average attack time: 1.53052e+06secs
====Iteration: 39 K====
Current average attack time: 1.53088e+06secs
====Iteration: 40 K====
Current average attack time: 1.5303e+06secs
====Iteration: 41 K====
Current average attack time: 1.52992e+06secs
====Iteration: 42 K====
Current average attack time: 1.53012e+06secs
====Iteration: 43 K====
Current average attack time: 1.53097e+06secs
====Iteration: 44 K====
Current average attack time: 1.53065e+06secs
====Iteration: 45 K====
Current average attack time: 1.53022e+06secs
====Iteration: 46 K====
Current average attack time: 1.53138e+06secs
====Iteration: 47 K====
Current average attack time: 1.5319e+06secs
====Iteration: 48 K====
Current average attack time: 1.53187e+06secs
====Iteration: 49 K====
Current average attack time: 1.53043e+06secs
====Iteration: 50 K====
Current average attack time: 1.53006e+06secs
====Iteration: 51 K====
Current average attack time: 1.53002e+06secs
====Iteration: 52 K====
Current average attack time: 1.52977e+06secs
====Iteration: 53 K====
Current average attack time: 1.52967e+06secs
====Iteration: 54 K====
Current average attack time: 1.52793e+06secs
====Iteration: 55 K====
Current average attack time: 1.52847e+06secs
====Iteration: 56 K====
Current average attack time: 1.52884e+06secs
====Iteration: 57 K====
Current average attack time: 1.5284e+06secs
====Iteration: 58 K====
Current average attack time: 1.52802e+06secs
====Iteration: 59 K====
Current average attack time: 1.52912e+06secs
====Iteration: 60 K====
Current average attack time: 1.52875e+06secs
====Iteration: 61 K====
Current average attack time: 1.52791e+06secs
====Iteration: 62 K====
Current average attack time: 1.52767e+06secs
====Iteration: 63 K====
Current average attack time: 1.52947e+06secs
====Iteration: 64 K====
Current average attack time: 1.52929e+06secs
====Iteration: 65 K====
Current average attack time: 1.52879e+06secs
====Iteration: 66 K====
Current average attack time: 1.52732e+06secs
====Iteration: 67 K====
Current average attack time: 1.5273e+06secs
====Iteration: 68 K====
Current average attack time: 1.52733e+06secs
====Iteration: 69 K====
Current average attack time: 1.52703e+06secs
====Iteration: 70 K====
Current average attack time: 1.5263e+06secs
====Iteration: 71 K====
Current average attack time: 1.52632e+06secs
====Iteration: 72 K====
Current average attack time: 1.52714e+06secs
====Iteration: 73 K====
Current average attack time: 1.52769e+06secs
====Iteration: 74 K====
Current average attack time: 1.5261e+06secs
====Iteration: 75 K====
Current average attack time: 1.52587e+06secs
====Iteration: 76 K====
Current average attack time: 1.52577e+06secs
====Iteration: 77 K====
Current average attack time: 1.52745e+06secs
====Iteration: 78 K====
Current average attack time: 1.52761e+06secs
====Iteration: 79 K====
Current average attack time: 1.52755e+06secs
====Iteration: 80 K====
Current average attack time: 1.52711e+06secs
====Iteration: 81 K====
Current average attack time: 1.52635e+06secs
====Iteration: 82 K====
Current average attack time: 1.52813e+06secs
====Iteration: 83 K====
Current average attack time: 1.52784e+06secs
====Iteration: 84 K====
Current average attack time: 1.52756e+06secs
====Iteration: 85 K====
Current average attack time: 1.52823e+06secs
====Iteration: 86 K====
Current average attack time: 1.52833e+06secs
====Iteration: 87 K====
Current average attack time: 1.52865e+06secs
====Iteration: 88 K====
Current average attack time: 1.5283e+06secs
====Iteration: 89 K====
Current average attack time: 1.52746e+06secs
====Iteration: 90 K====
Current average attack time: 1.52746e+06secs
====Iteration: 91 K====
Current average attack time: 1.52719e+06secs
====Iteration: 92 K====
Current average attack time: 1.52722e+06secs
====Iteration: 93 K====
Current average attack time: 1.52716e+06secs
====Iteration: 94 K====
Current average attack time: 1.52665e+06secs
====Iteration: 95 K====
Current average attack time: 1.52683e+06secs
====Iteration: 96 K====
Current average attack time: 1.52694e+06secs
====Iteration: 97 K====
Current average attack time: 1.52683e+06secs
====Iteration: 98 K====
Current average attack time: 1.5266e+06secs
====Iteration: 99 K====
Current average attack time: 1.52681e+06secs
====Iteration: 100 K====
Current average attack time: 1.52664e+06secs
Final Average Attack Time: 1.52664e+06secs
