=====Used variables in the simulation====
# of Rows (# of Buckets): 131072
Row Hammer Threshold: 4800
Swap Rate: 6
Swap Threshold: 800
# of Deterministic Access per 64ms: 2350
# of Random Guess per 64ms: 1043
RH Probability per 64ms: 1.65e-10
Simulation iterations: 100000
====Iteration: 1 K====
Current average attack time: 4.06394e+08secs
====Iteration: 2 K====
Current average attack time: 3.9343e+08secs
====Iteration: 3 K====
Current average attack time: 3.88879e+08secs
====Iteration: 4 K====
Current average attack time: 3.82644e+08secs
====Iteration: 5 K====
Current average attack time: 3.83993e+08secs
====Iteration: 6 K====
Current average attack time: 3.86139e+08secs
====Iteration: 7 K====
Current average attack time: 3.85853e+08secs
====Iteration: 8 K====
Current average attack time: 3.86913e+08secs
====Iteration: 9 K====
Current average attack time: 3.86635e+08secs
====Iteration: 10 K====
Current average attack time: 3.86173e+08secs
====Iteration: 11 K====
Current average attack time: 3.85637e+08secs
====Iteration: 12 K====
Current average attack time: 3.85549e+08secs
====Iteration: 13 K====
Current average attack time: 3.86775e+08secs
====Iteration: 14 K====
Current average attack time: 3.86231e+08secs
====Iteration: 15 K====
Current average attack time: 3.85925e+08secs
====Iteration: 16 K====
Current average attack time: 3.84772e+08secs
====Iteration: 17 K====
Current average attack time: 3.85347e+08secs
====Iteration: 18 K====
Current average attack time: 3.85038e+08secs
====Iteration: 19 K====
Current average attack time: 3.85629e+08secs
====Iteration: 20 K====
Current average attack time: 3.84681e+08secs
====Iteration: 21 K====
Current average attack time: 3.8445e+08secs
====Iteration: 22 K====
Current average attack time: 3.83919e+08secs
====Iteration: 23 K====
Current average attack time: 3.84658e+08secs
====Iteration: 24 K====
Current average attack time: 3.84262e+08secs
====Iteration: 25 K====
Current average attack time: 3.83935e+08secs
====Iteration: 26 K====
Current average attack time: 3.83048e+08secs
====Iteration: 27 K====
Current average attack time: 3.83263e+08secs
====Iteration: 28 K====
Current average attack time: 3.83827e+08secs
====Iteration: 29 K====
Current average attack time: 3.83418e+08secs
====Iteration: 30 K====
Current average attack time: 3.83902e+08secs
====Iteration: 31 K====
Current average attack time: 3.84212e+08secs
====Iteration: 32 K====
Current average attack time: 3.84486e+08secs
====Iteration: 33 K====
Current average attack time: 3.84166e+08secs
====Iteration: 34 K====
Current average attack time: 3.84634e+08secs
====Iteration: 35 K====
Current average attack time: 3.84314e+08secs
====Iteration: 36 K====
Current average attack time: 3.83998e+08secs
====Iteration: 37 K====
Current average attack time: 3.83829e+08secs
====Iteration: 38 K====
Current average attack time: 3.83882e+08secs
====Iteration: 39 K====
Current average attack time: 3.84154e+08secs
====Iteration: 40 K====
Current average attack time: 3.84136e+08secs
====Iteration: 41 K====
Current average attack time: 3.84496e+08secs
====Iteration: 42 K====
Current average attack time: 3.84524e+08secs
====Iteration: 43 K====
Current average attack time: 3.84619e+08secs
====Iteration: 44 K====
Current average attack time: 3.84855e+08secs
====Iteration: 45 K====
Current average attack time: 3.8444e+08secs
====Iteration: 46 K====
Current average attack time: 3.84671e+08secs
====Iteration: 47 K====
Current average attack time: 3.84744e+08secs
====Iteration: 48 K====
Current average attack time: 3.84324e+08secs
====Iteration: 49 K====
Current average attack time: 3.84223e+08secs
====Iteration: 50 K====
Current average attack time: 3.84278e+08secs
====Iteration: 51 K====
Current average attack time: 3.84631e+08secs
====Iteration: 52 K====
Current average attack time: 3.8451e+08secs
====Iteration: 53 K====
Current average attack time: 3.84518e+08secs
====Iteration: 54 K====
Current average attack time: 3.849e+08secs
====Iteration: 55 K====
Current average attack time: 3.84532e+08secs
====Iteration: 56 K====
Current average attack time: 3.84714e+08secs
====Iteration: 57 K====
Current average attack time: 3.84378e+08secs
====Iteration: 58 K====
Current average attack time: 3.84402e+08secs
====Iteration: 59 K====
Current average attack time: 3.84467e+08secs
====Iteration: 60 K====
Current average attack time: 3.84844e+08secs
====Iteration: 61 K====
Current average attack time: 3.84997e+08secs
====Iteration: 62 K====
Current average attack time: 3.84751e+08secs
====Iteration: 63 K====
Current average attack time: 3.84727e+08secs
====Iteration: 64 K====
Current average attack time: 3.84789e+08secs
====Iteration: 65 K====
Current average attack time: 3.84776e+08secs
====Iteration: 66 K====
Current average attack time: 3.84975e+08secs
====Iteration: 67 K====
Current average attack time: 3.84691e+08secs
====Iteration: 68 K====
Current average attack time: 3.84502e+08secs
====Iteration: 69 K====
Current average attack time: 3.84904e+08secs
====Iteration: 70 K====
Current average attack time: 3.85141e+08secs
====Iteration: 71 K====
Current average attack time: 3.85241e+08secs
====Iteration: 72 K====
Current average attack time: 3.85237e+08secs
====Iteration: 73 K====
Current average attack time: 3.85247e+08secs
====Iteration: 74 K====
Current average attack time: 3.8514e+08secs
====Iteration: 75 K====
Current average attack time: 3.85163e+08secs
====Iteration: 76 K====
Current average attack time: 3.85664e+08secs
====Iteration: 77 K====
Current average attack time: 3.85505e+08secs
====Iteration: 78 K====
Current average attack time: 3.8544e+08secs
====Iteration: 79 K====
Current average attack time: 3.85618e+08secs
====Iteration: 80 K====
Current average attack time: 3.85539e+08secs
====Iteration: 81 K====
Current average attack time: 3.85578e+08secs
====Iteration: 82 K====
Current average attack time: 3.85723e+08secs
====Iteration: 83 K====
Current average attack time: 3.85617e+08secs
====Iteration: 84 K====
Current average attack time: 3.85764e+08secs
====Iteration: 85 K====
Current average attack time: 3.85935e+08secs
====Iteration: 86 K====
Current average attack time: 3.85962e+08secs
====Iteration: 87 K====
Current average attack time: 3.86086e+08secs
====Iteration: 88 K====
Current average attack time: 3.86478e+08secs
====Iteration: 89 K====
Current average attack time: 3.86754e+08secs
====Iteration: 90 K====
Current average attack time: 3.87003e+08secs
====Iteration: 91 K====
Current average attack time: 3.86912e+08secs
====Iteration: 92 K====
Current average attack time: 3.87033e+08secs
====Iteration: 93 K====
Current average attack time: 3.87088e+08secs
====Iteration: 94 K====
Current average attack time: 3.86926e+08secs
====Iteration: 95 K====
Current average attack time: 3.87137e+08secs
====Iteration: 96 K====
Current average attack time: 3.87305e+08secs
====Iteration: 97 K====
Current average attack time: 3.87274e+08secs
====Iteration: 98 K====
Current average attack time: 3.87271e+08secs
====Iteration: 99 K====
Current average attack time: 3.8734e+08secs
====Iteration: 100 K====
Current average attack time: 3.87233e+08secs
Final Average Attack Time: 3.87233e+08secs
