=====Used variables in the simulation====
# of Rows (# of Buckets): 131072
Row Hammer Threshold: 4800
Swap Rate: 6
Swap Threshold: 800
# of Deterministic Access per 64ms: 1600
# of Random Guess per 64ms: 1578
RH Probability per 64ms: 8.62e-10
Simulation iterations: 100000
====Iteration: 1 K====
Current average attack time: 7.20216e+07secs
====Iteration: 2 K====
Current average attack time: 7.15505e+07secs
====Iteration: 3 K====
Current average attack time: 7.22697e+07secs
====Iteration: 4 K====
Current average attack time: 7.21959e+07secs
====Iteration: 5 K====
Current average attack time: 7.3174e+07secs
====Iteration: 6 K====
Current average attack time: 7.28175e+07secs
====Iteration: 7 K====
Current average attack time: 7.27835e+07secs
====Iteration: 8 K====
Current average attack time: 7.32629e+07secs
====Iteration: 9 K====
Current average attack time: 7.32777e+07secs
====Iteration: 10 K====
Current average attack time: 7.28933e+07secs
====Iteration: 11 K====
Current average attack time: 7.33308e+07secs
====Iteration: 12 K====
Current average attack time: 7.31107e+07secs
====Iteration: 13 K====
Current average attack time: 7.3273e+07secs
====Iteration: 14 K====
Current average attack time: 7.33118e+07secs
====Iteration: 15 K====
Current average attack time: 7.33036e+07secs
====Iteration: 16 K====
Current average attack time: 7.34046e+07secs
====Iteration: 17 K====
Current average attack time: 7.32283e+07secs
====Iteration: 18 K====
Current average attack time: 7.31648e+07secs
====Iteration: 19 K====
Current average attack time: 7.31162e+07secs
====Iteration: 20 K====
Current average attack time: 7.31562e+07secs
====Iteration: 21 K====
Current average attack time: 7.31861e+07secs
====Iteration: 22 K====
Current average attack time: 7.3294e+07secs
====Iteration: 23 K====
Current average attack time: 7.34191e+07secs
====Iteration: 24 K====
Current average attack time: 7.34539e+07secs
====Iteration: 25 K====
Current average attack time: 7.35864e+07secs
====Iteration: 26 K====
Current average attack time: 7.36019e+07secs
====Iteration: 27 K====
Current average attack time: 7.36124e+07secs
====Iteration: 28 K====
Current average attack time: 7.36076e+07secs
====Iteration: 29 K====
Current average attack time: 7.37552e+07secs
====Iteration: 30 K====
Current average attack time: 7.38071e+07secs
====Iteration: 31 K====
Current average attack time: 7.38137e+07secs
====Iteration: 32 K====
Current average attack time: 7.37768e+07secs
====Iteration: 33 K====
Current average attack time: 7.3732e+07secs
====Iteration: 34 K====
Current average attack time: 7.37395e+07secs
====Iteration: 35 K====
Current average attack time: 7.37214e+07secs
====Iteration: 36 K====
Current average attack time: 7.37483e+07secs
====Iteration: 37 K====
Current average attack time: 7.37614e+07secs
====Iteration: 38 K====
Current average attack time: 7.37467e+07secs
====Iteration: 39 K====
Current average attack time: 7.38359e+07secs
====Iteration: 40 K====
Current average attack time: 7.39358e+07secs
====Iteration: 41 K====
Current average attack time: 7.39246e+07secs
====Iteration: 42 K====
Current average attack time: 7.39301e+07secs
====Iteration: 43 K====
Current average attack time: 7.39072e+07secs
====Iteration: 44 K====
Current average attack time: 7.38636e+07secs
====Iteration: 45 K====
Current average attack time: 7.37563e+07secs
====Iteration: 46 K====
Current average attack time: 7.37635e+07secs
====Iteration: 47 K====
Current average attack time: 7.37888e+07secs
====Iteration: 48 K====
Current average attack time: 7.37673e+07secs
====Iteration: 49 K====
Current average attack time: 7.3823e+07secs
====Iteration: 50 K====
Current average attack time: 7.38109e+07secs
====Iteration: 51 K====
Current average attack time: 7.37701e+07secs
====Iteration: 52 K====
Current average attack time: 7.37586e+07secs
====Iteration: 53 K====
Current average attack time: 7.37453e+07secs
====Iteration: 54 K====
Current average attack time: 7.36797e+07secs
====Iteration: 55 K====
Current average attack time: 7.37113e+07secs
====Iteration: 56 K====
Current average attack time: 7.37347e+07secs
====Iteration: 57 K====
Current average attack time: 7.37054e+07secs
====Iteration: 58 K====
Current average attack time: 7.37541e+07secs
====Iteration: 59 K====
Current average attack time: 7.37928e+07secs
====Iteration: 60 K====
Current average attack time: 7.37852e+07secs
====Iteration: 61 K====
Current average attack time: 7.37715e+07secs
====Iteration: 62 K====
Current average attack time: 7.3779e+07secs
====Iteration: 63 K====
Current average attack time: 7.37702e+07secs
====Iteration: 64 K====
Current average attack time: 7.37611e+07secs
====Iteration: 65 K====
Current average attack time: 7.37159e+07secs
====Iteration: 66 K====
Current average attack time: 7.36945e+07secs
====Iteration: 67 K====
Current average attack time: 7.37039e+07secs
====Iteration: 68 K====
Current average attack time: 7.36513e+07secs
====Iteration: 69 K====
Current average attack time: 7.36687e+07secs
====Iteration: 70 K====
Current average attack time: 7.37368e+07secs
====Iteration: 71 K====
Current average attack time: 7.37959e+07secs
====Iteration: 72 K====
Current average attack time: 7.38358e+07secs
====Iteration: 73 K====
Current average attack time: 7.3838e+07secs
====Iteration: 74 K====
Current average attack time: 7.38399e+07secs
====Iteration: 75 K====
Current average attack time: 7.38109e+07secs
====Iteration: 76 K====
Current average attack time: 7.38463e+07secs
====Iteration: 77 K====
Current average attack time: 7.38116e+07secs
====Iteration: 78 K====
Current average attack time: 7.3853e+07secs
====Iteration: 79 K====
Current average attack time: 7.39152e+07secs
====Iteration: 80 K====
Current average attack time: 7.38979e+07secs
====Iteration: 81 K====
Current average attack time: 7.38777e+07secs
====Iteration: 82 K====
Current average attack time: 7.39119e+07secs
====Iteration: 83 K====
Current average attack time: 7.39287e+07secs
====Iteration: 84 K====
Current average attack time: 7.3945e+07secs
====Iteration: 85 K====
Current average attack time: 7.40103e+07secs
====Iteration: 86 K====
Current average attack time: 7.40134e+07secs
====Iteration: 87 K====
Current average attack time: 7.40409e+07secs
====Iteration: 88 K====
Current average attack time: 7.40101e+07secs
====Iteration: 89 K====
Current average attack time: 7.39905e+07secs
====Iteration: 90 K====
Current average attack time: 7.40197e+07secs
====Iteration: 91 K====
Current average attack time: 7.40092e+07secs
====Iteration: 92 K====
Current average attack time: 7.40504e+07secs
====Iteration: 93 K====
Current average attack time: 7.40554e+07secs
====Iteration: 94 K====
Current average attack time: 7.41073e+07secs
====Iteration: 95 K====
Current average attack time: 7.40912e+07secs
====Iteration: 96 K====
Current average attack time: 7.41072e+07secs
====Iteration: 97 K====
Current average attack time: 7.4081e+07secs
====Iteration: 98 K====
Current average attack time: 7.40536e+07secs
====Iteration: 99 K====
Current average attack time: 7.40561e+07secs
====Iteration: 100 K====
Current average attack time: 7.40286e+07secs
Final Average Attack Time: 7.40286e+07secs
