=====Used variables in the simulation====
# of Rows (# of Buckets): 131072
Row Hammer Threshold: 4800
Swap Rate: 6
Swap Threshold: 800
# of Deterministic Access per 64ms: 2950
# of Random Guess per 64ms: 615
RH Probability per 64ms: 1.71e-08
Simulation iterations: 100000
====Iteration: 1 K====
Current average attack time: 3.78629e+06secs
====Iteration: 2 K====
Current average attack time: 3.76246e+06secs
====Iteration: 3 K====
Current average attack time: 3.77116e+06secs
====Iteration: 4 K====
Current average attack time: 3.78098e+06secs
====Iteration: 5 K====
Current average attack time: 3.77671e+06secs
====Iteration: 6 K====
Current average attack time: 3.78343e+06secs
====Iteration: 7 K====
Current average attack time: 3.75304e+06secs
====Iteration: 8 K====
Current average attack time: 3.73457e+06secs
====Iteration: 9 K====
Current average attack time: 3.73589e+06secs
====Iteration: 10 K====
Current average attack time: 3.73592e+06secs
====Iteration: 11 K====
Current average attack time: 3.74757e+06secs
====Iteration: 12 K====
Current average attack time: 3.74051e+06secs
====Iteration: 13 K====
Current average attack time: 3.73649e+06secs
====Iteration: 14 K====
Current average attack time: 3.73902e+06secs
====Iteration: 15 K====
Current average attack time: 3.73423e+06secs
====Iteration: 16 K====
Current average attack time: 3.72712e+06secs
====Iteration: 17 K====
Current average attack time: 3.72941e+06secs
====Iteration: 18 K====
Current average attack time: 3.74055e+06secs
====Iteration: 19 K====
Current average attack time: 3.73372e+06secs
====Iteration: 20 K====
Current average attack time: 3.7334e+06secs
====Iteration: 21 K====
Current average attack time: 3.72336e+06secs
====Iteration: 22 K====
Current average attack time: 3.72886e+06secs
====Iteration: 23 K====
Current average attack time: 3.72999e+06secs
====Iteration: 24 K====
Current average attack time: 3.72695e+06secs
====Iteration: 25 K====
Current average attack time: 3.73343e+06secs
====Iteration: 26 K====
Current average attack time: 3.72262e+06secs
====Iteration: 27 K====
Current average attack time: 3.72142e+06secs
====Iteration: 28 K====
Current average attack time: 3.73087e+06secs
====Iteration: 29 K====
Current average attack time: 3.72787e+06secs
====Iteration: 30 K====
Current average attack time: 3.73759e+06secs
====Iteration: 31 K====
Current average attack time: 3.73968e+06secs
====Iteration: 32 K====
Current average attack time: 3.7458e+06secs
====Iteration: 33 K====
Current average attack time: 3.7468e+06secs
====Iteration: 34 K====
Current average attack time: 3.73754e+06secs
====Iteration: 35 K====
Current average attack time: 3.73742e+06secs
====Iteration: 36 K====
Current average attack time: 3.73694e+06secs
====Iteration: 37 K====
Current average attack time: 3.73801e+06secs
====Iteration: 38 K====
Current average attack time: 3.73756e+06secs
====Iteration: 39 K====
Current average attack time: 3.73911e+06secs
====Iteration: 40 K====
Current average attack time: 3.73287e+06secs
====Iteration: 41 K====
Current average attack time: 3.73779e+06secs
====Iteration: 42 K====
Current average attack time: 3.7369e+06secs
====Iteration: 43 K====
Current average attack time: 3.73851e+06secs
====Iteration: 44 K====
Current average attack time: 3.73771e+06secs
====Iteration: 45 K====
Current average attack time: 3.73581e+06secs
====Iteration: 46 K====
Current average attack time: 3.73376e+06secs
====Iteration: 47 K====
Current average attack time: 3.73084e+06secs
====Iteration: 48 K====
Current average attack time: 3.72846e+06secs
====Iteration: 49 K====
Current average attack time: 3.72967e+06secs
====Iteration: 50 K====
Current average attack time: 3.72978e+06secs
====Iteration: 51 K====
Current average attack time: 3.7287e+06secs
====Iteration: 52 K====
Current average attack time: 3.72971e+06secs
====Iteration: 53 K====
Current average attack time: 3.73018e+06secs
====Iteration: 54 K====
Current average attack time: 3.73294e+06secs
====Iteration: 55 K====
Current average attack time: 3.7337e+06secs
====Iteration: 56 K====
Current average attack time: 3.73343e+06secs
====Iteration: 57 K====
Current average attack time: 3.73035e+06secs
====Iteration: 58 K====
Current average attack time: 3.73225e+06secs
====Iteration: 59 K====
Current average attack time: 3.73252e+06secs
====Iteration: 60 K====
Current average attack time: 3.73196e+06secs
====Iteration: 61 K====
Current average attack time: 3.72851e+06secs
====Iteration: 62 K====
Current average attack time: 3.73132e+06secs
====Iteration: 63 K====
Current average attack time: 3.73176e+06secs
====Iteration: 64 K====
Current average attack time: 3.73095e+06secs
====Iteration: 65 K====
Current average attack time: 3.73262e+06secs
====Iteration: 66 K====
Current average attack time: 3.73415e+06secs
====Iteration: 67 K====
Current average attack time: 3.73171e+06secs
====Iteration: 68 K====
Current average attack time: 3.72794e+06secs
====Iteration: 69 K====
Current average attack time: 3.72963e+06secs
====Iteration: 70 K====
Current average attack time: 3.73156e+06secs
====Iteration: 71 K====
Current average attack time: 3.73283e+06secs
====Iteration: 72 K====
Current average attack time: 3.73088e+06secs
====Iteration: 73 K====
Current average attack time: 3.7343e+06secs
====Iteration: 74 K====
Current average attack time: 3.73447e+06secs
====Iteration: 75 K====
Current average attack time: 3.73505e+06secs
====Iteration: 76 K====
Current average attack time: 3.73707e+06secs
====Iteration: 77 K====
Current average attack time: 3.73696e+06secs
====Iteration: 78 K====
Current average attack time: 3.73863e+06secs
====Iteration: 79 K====
Current average attack time: 3.73784e+06secs
====Iteration: 80 K====
Current average attack time: 3.73848e+06secs
====Iteration: 81 K====
Current average attack time: 3.73732e+06secs
====Iteration: 82 K====
Current average attack time: 3.73772e+06secs
====Iteration: 83 K====
Current average attack time: 3.73904e+06secs
====Iteration: 84 K====
Current average attack time: 3.73924e+06secs
====Iteration: 85 K====
Current average attack time: 3.73943e+06secs
====Iteration: 86 K====
Current average attack time: 3.74059e+06secs
====Iteration: 87 K====
Current average attack time: 3.74002e+06secs
====Iteration: 88 K====
Current average attack time: 3.73985e+06secs
====Iteration: 89 K====
Current average attack time: 3.73874e+06secs
====Iteration: 90 K====
Current average attack time: 3.73869e+06secs
====Iteration: 91 K====
Current average attack time: 3.74047e+06secs
====Iteration: 92 K====
Current average attack time: 3.74148e+06secs
====Iteration: 93 K====
Current average attack time: 3.74158e+06secs
====Iteration: 94 K====
Current average attack time: 3.74015e+06secs
====Iteration: 95 K====
Current average attack time: 3.74227e+06secs
====Iteration: 96 K====
Current average attack time: 3.74212e+06secs
====Iteration: 97 K====
Current average attack time: 3.74433e+06secs
====Iteration: 98 K====
Current average attack time: 3.74342e+06secs
====Iteration: 99 K====
Current average attack time: 3.74404e+06secs
====Iteration: 100 K====
Current average attack time: 3.74421e+06secs
Final Average Attack Time: 3.74421e+06secs
