=====Used variables in the simulation====
# of Rows (# of Buckets): 131072
Row Hammer Threshold: 4800
Swap Rate: 6
Swap Threshold: 800
# of Deterministic Access per 64ms: 3100
# of Random Guess per 64ms: 508
RH Probability per 64ms: 9.61e-09
Simulation iterations: 100000
====Iteration: 1 K====
Current average attack time: 6.77056e+06secs
====Iteration: 2 K====
Current average attack time: 6.77465e+06secs
====Iteration: 3 K====
Current average attack time: 6.77685e+06secs
====Iteration: 4 K====
Current average attack time: 6.73167e+06secs
====Iteration: 5 K====
Current average attack time: 6.72681e+06secs
====Iteration: 6 K====
Current average attack time: 6.78925e+06secs
====Iteration: 7 K====
Current average attack time: 6.75706e+06secs
====Iteration: 8 K====
Current average attack time: 6.76913e+06secs
====Iteration: 9 K====
Current average attack time: 6.73466e+06secs
====Iteration: 10 K====
Current average attack time: 6.71843e+06secs
====Iteration: 11 K====
Current average attack time: 6.69283e+06secs
====Iteration: 12 K====
Current average attack time: 6.704e+06secs
====Iteration: 13 K====
Current average attack time: 6.69489e+06secs
====Iteration: 14 K====
Current average attack time: 6.66722e+06secs
====Iteration: 15 K====
Current average attack time: 6.6807e+06secs
====Iteration: 16 K====
Current average attack time: 6.66918e+06secs
====Iteration: 17 K====
Current average attack time: 6.67836e+06secs
====Iteration: 18 K====
Current average attack time: 6.67227e+06secs
====Iteration: 19 K====
Current average attack time: 6.67017e+06secs
====Iteration: 20 K====
Current average attack time: 6.67187e+06secs
====Iteration: 21 K====
Current average attack time: 6.66119e+06secs
====Iteration: 22 K====
Current average attack time: 6.65138e+06secs
====Iteration: 23 K====
Current average attack time: 6.63988e+06secs
====Iteration: 24 K====
Current average attack time: 6.64919e+06secs
====Iteration: 25 K====
Current average attack time: 6.64319e+06secs
====Iteration: 26 K====
Current average attack time: 6.64445e+06secs
====Iteration: 27 K====
Current average attack time: 6.63381e+06secs
====Iteration: 28 K====
Current average attack time: 6.64041e+06secs
====Iteration: 29 K====
Current average attack time: 6.64983e+06secs
====Iteration: 30 K====
Current average attack time: 6.64484e+06secs
====Iteration: 31 K====
Current average attack time: 6.6498e+06secs
====Iteration: 32 K====
Current average attack time: 6.6523e+06secs
====Iteration: 33 K====
Current average attack time: 6.65332e+06secs
====Iteration: 34 K====
Current average attack time: 6.64527e+06secs
====Iteration: 35 K====
Current average attack time: 6.64203e+06secs
====Iteration: 36 K====
Current average attack time: 6.64508e+06secs
====Iteration: 37 K====
Current average attack time: 6.63853e+06secs
====Iteration: 38 K====
Current average attack time: 6.6402e+06secs
====Iteration: 39 K====
Current average attack time: 6.63555e+06secs
====Iteration: 40 K====
Current average attack time: 6.64042e+06secs
====Iteration: 41 K====
Current average attack time: 6.63516e+06secs
====Iteration: 42 K====
Current average attack time: 6.62878e+06secs
====Iteration: 43 K====
Current average attack time: 6.63122e+06secs
====Iteration: 44 K====
Current average attack time: 6.63865e+06secs
====Iteration: 45 K====
Current average attack time: 6.64312e+06secs
====Iteration: 46 K====
Current average attack time: 6.64475e+06secs
====Iteration: 47 K====
Current average attack time: 6.64546e+06secs
====Iteration: 48 K====
Current average attack time: 6.64799e+06secs
====Iteration: 49 K====
Current average attack time: 6.64584e+06secs
====Iteration: 50 K====
Current average attack time: 6.64774e+06secs
====Iteration: 51 K====
Current average attack time: 6.64449e+06secs
====Iteration: 52 K====
Current average attack time: 6.64991e+06secs
====Iteration: 53 K====
Current average attack time: 6.64776e+06secs
====Iteration: 54 K====
Current average attack time: 6.64734e+06secs
====Iteration: 55 K====
Current average attack time: 6.64996e+06secs
====Iteration: 56 K====
Current average attack time: 6.64556e+06secs
====Iteration: 57 K====
Current average attack time: 6.64257e+06secs
====Iteration: 58 K====
Current average attack time: 6.64054e+06secs
====Iteration: 59 K====
Current average attack time: 6.64371e+06secs
====Iteration: 60 K====
Current average attack time: 6.64518e+06secs
====Iteration: 61 K====
Current average attack time: 6.64636e+06secs
====Iteration: 62 K====
Current average attack time: 6.64614e+06secs
====Iteration: 63 K====
Current average attack time: 6.65088e+06secs
====Iteration: 64 K====
Current average attack time: 6.64749e+06secs
====Iteration: 65 K====
Current average attack time: 6.64726e+06secs
====Iteration: 66 K====
Current average attack time: 6.64982e+06secs
====Iteration: 67 K====
Current average attack time: 6.65081e+06secs
====Iteration: 68 K====
Current average attack time: 6.64935e+06secs
====Iteration: 69 K====
Current average attack time: 6.65605e+06secs
====Iteration: 70 K====
Current average attack time: 6.66059e+06secs
====Iteration: 71 K====
Current average attack time: 6.66363e+06secs
====Iteration: 72 K====
Current average attack time: 6.65944e+06secs
====Iteration: 73 K====
Current average attack time: 6.65802e+06secs
====Iteration: 74 K====
Current average attack time: 6.65636e+06secs
====Iteration: 75 K====
Current average attack time: 6.65501e+06secs
====Iteration: 76 K====
Current average attack time: 6.65027e+06secs
====Iteration: 77 K====
Current average attack time: 6.65292e+06secs
====Iteration: 78 K====
Current average attack time: 6.65477e+06secs
====Iteration: 79 K====
Current average attack time: 6.65415e+06secs
====Iteration: 80 K====
Current average attack time: 6.65005e+06secs
====Iteration: 81 K====
Current average attack time: 6.64759e+06secs
====Iteration: 82 K====
Current average attack time: 6.65275e+06secs
====Iteration: 83 K====
Current average attack time: 6.65643e+06secs
====Iteration: 84 K====
Current average attack time: 6.65547e+06secs
====Iteration: 85 K====
Current average attack time: 6.65405e+06secs
====Iteration: 86 K====
Current average attack time: 6.65737e+06secs
====Iteration: 87 K====
Current average attack time: 6.65776e+06secs
====Iteration: 88 K====
Current average attack time: 6.65679e+06secs
====Iteration: 89 K====
Current average attack time: 6.65413e+06secs
====Iteration: 90 K====
Current average attack time: 6.65348e+06secs
====Iteration: 91 K====
Current average attack time: 6.65366e+06secs
====Iteration: 92 K====
Current average attack time: 6.65467e+06secs
====Iteration: 93 K====
Current average attack time: 6.65629e+06secs
====Iteration: 94 K====
Current average attack time: 6.65632e+06secs
====Iteration: 95 K====
Current average attack time: 6.65937e+06secs
====Iteration: 96 K====
Current average attack time: 6.65593e+06secs
====Iteration: 97 K====
Current average attack time: 6.65475e+06secs
====Iteration: 98 K====
Current average attack time: 6.65481e+06secs
====Iteration: 99 K====
Current average attack time: 6.6559e+06secs
====Iteration: 100 K====
Current average attack time: 6.65702e+06secs
Final Average Attack Time: 6.65702e+06secs
