=====Used variables in the simulation====
# of Rows (# of Buckets): 131072
Row Hammer Threshold: 4800
Swap Rate: 6
Swap Threshold: 800
# of Deterministic Access per 64ms: 2575
# of Random Guess per 64ms: 883
RH Probability per 64ms: 5.04e-08
Simulation iterations: 100000
====Iteration: 1 K====
Current average attack time: 1.26233e+06secs
====Iteration: 2 K====
Current average attack time: 1.24103e+06secs
====Iteration: 3 K====
Current average attack time: 1.24997e+06secs
====Iteration: 4 K====
Current average attack time: 1.26105e+06secs
====Iteration: 5 K====
Current average attack time: 1.26778e+06secs
====Iteration: 6 K====
Current average attack time: 1.26564e+06secs
====Iteration: 7 K====
Current average attack time: 1.261e+06secs
====Iteration: 8 K====
Current average attack time: 1.2569e+06secs
====Iteration: 9 K====
Current average attack time: 1.25756e+06secs
====Iteration: 10 K====
Current average attack time: 1.26147e+06secs
====Iteration: 11 K====
Current average attack time: 1.26544e+06secs
====Iteration: 12 K====
Current average attack time: 1.26371e+06secs
====Iteration: 13 K====
Current average attack time: 1.26585e+06secs
====Iteration: 14 K====
Current average attack time: 1.26776e+06secs
====Iteration: 15 K====
Current average attack time: 1.26481e+06secs
====Iteration: 16 K====
Current average attack time: 1.26107e+06secs
====Iteration: 17 K====
Current average attack time: 1.25931e+06secs
====Iteration: 18 K====
Current average attack time: 1.25911e+06secs
====Iteration: 19 K====
Current average attack time: 1.25913e+06secs
====Iteration: 20 K====
Current average attack time: 1.25948e+06secs
====Iteration: 21 K====
Current average attack time: 1.26147e+06secs
====Iteration: 22 K====
Current average attack time: 1.25987e+06secs
====Iteration: 23 K====
Current average attack time: 1.2605e+06secs
====Iteration: 24 K====
Current average attack time: 1.26441e+06secs
====Iteration: 25 K====
Current average attack time: 1.26328e+06secs
====Iteration: 26 K====
Current average attack time: 1.26385e+06secs
====Iteration: 27 K====
Current average attack time: 1.26242e+06secs
====Iteration: 28 K====
Current average attack time: 1.26359e+06secs
====Iteration: 29 K====
Current average attack time: 1.26314e+06secs
====Iteration: 30 K====
Current average attack time: 1.26534e+06secs
====Iteration: 31 K====
Current average attack time: 1.26785e+06secs
====Iteration: 32 K====
Current average attack time: 1.27063e+06secs
====Iteration: 33 K====
Current average attack time: 1.26981e+06secs
====Iteration: 34 K====
Current average attack time: 1.26952e+06secs
====Iteration: 35 K====
Current average attack time: 1.26803e+06secs
====Iteration: 36 K====
Current average attack time: 1.26757e+06secs
====Iteration: 37 K====
Current average attack time: 1.26728e+06secs
====Iteration: 38 K====
Current average attack time: 1.26616e+06secs
====Iteration: 39 K====
Current average attack time: 1.26621e+06secs
====Iteration: 40 K====
Current average attack time: 1.26592e+06secs
====Iteration: 41 K====
Current average attack time: 1.26491e+06secs
====Iteration: 42 K====
Current average attack time: 1.26672e+06secs
====Iteration: 43 K====
Current average attack time: 1.26565e+06secs
====Iteration: 44 K====
Current average attack time: 1.26553e+06secs
====Iteration: 45 K====
Current average attack time: 1.26606e+06secs
====Iteration: 46 K====
Current average attack time: 1.26707e+06secs
====Iteration: 47 K====
Current average attack time: 1.26677e+06secs
====Iteration: 48 K====
Current average attack time: 1.26663e+06secs
====Iteration: 49 K====
Current average attack time: 1.26715e+06secs
====Iteration: 50 K====
Current average attack time: 1.26741e+06secs
====Iteration: 51 K====
Current average attack time: 1.26703e+06secs
====Iteration: 52 K====
Current average attack time: 1.26592e+06secs
====Iteration: 53 K====
Current average attack time: 1.26589e+06secs
====Iteration: 54 K====
Current average attack time: 1.2655e+06secs
====Iteration: 55 K====
Current average attack time: 1.26498e+06secs
====Iteration: 56 K====
Current average attack time: 1.26586e+06secs
====Iteration: 57 K====
Current average attack time: 1.26582e+06secs
====Iteration: 58 K====
Current average attack time: 1.26561e+06secs
====Iteration: 59 K====
Current average attack time: 1.26573e+06secs
====Iteration: 60 K====
Current average attack time: 1.26622e+06secs
====Iteration: 61 K====
Current average attack time: 1.26594e+06secs
====Iteration: 62 K====
Current average attack time: 1.2661e+06secs
====Iteration: 63 K====
Current average attack time: 1.26666e+06secs
====Iteration: 64 K====
Current average attack time: 1.26551e+06secs
====Iteration: 65 K====
Current average attack time: 1.26637e+06secs
====Iteration: 66 K====
Current average attack time: 1.26535e+06secs
====Iteration: 67 K====
Current average attack time: 1.26444e+06secs
====Iteration: 68 K====
Current average attack time: 1.26492e+06secs
====Iteration: 69 K====
Current average attack time: 1.26512e+06secs
====Iteration: 70 K====
Current average attack time: 1.26498e+06secs
====Iteration: 71 K====
Current average attack time: 1.26477e+06secs
====Iteration: 72 K====
Current average attack time: 1.26469e+06secs
====Iteration: 73 K====
Current average attack time: 1.26521e+06secs
====Iteration: 74 K====
Current average attack time: 1.26496e+06secs
====Iteration: 75 K====
Current average attack time: 1.26415e+06secs
====Iteration: 76 K====
Current average attack time: 1.26438e+06secs
====Iteration: 77 K====
Current average attack time: 1.26453e+06secs
====Iteration: 78 K====
Current average attack time: 1.26462e+06secs
====Iteration: 79 K====
Current average attack time: 1.26445e+06secs
====Iteration: 80 K====
Current average attack time: 1.26533e+06secs
====Iteration: 81 K====
Current average attack time: 1.26478e+06secs
====Iteration: 82 K====
Current average attack time: 1.26482e+06secs
====Iteration: 83 K====
Current average attack time: 1.26603e+06secs
====Iteration: 84 K====
Current average attack time: 1.26541e+06secs
====Iteration: 85 K====
Current average attack time: 1.26522e+06secs
====Iteration: 86 K====
Current average attack time: 1.26563e+06secs
====Iteration: 87 K====
Current average attack time: 1.2665e+06secs
====Iteration: 88 K====
Current average attack time: 1.26634e+06secs
====Iteration: 89 K====
Current average attack time: 1.26665e+06secs
====Iteration: 90 K====
Current average attack time: 1.26664e+06secs
====Iteration: 91 K====
Current average attack time: 1.26642e+06secs
====Iteration: 92 K====
Current average attack time: 1.26574e+06secs
====Iteration: 93 K====
Current average attack time: 1.26567e+06secs
====Iteration: 94 K====
Current average attack time: 1.26554e+06secs
====Iteration: 95 K====
Current average attack time: 1.26499e+06secs
====Iteration: 96 K====
Current average attack time: 1.26501e+06secs
====Iteration: 97 K====
Current average attack time: 1.2649e+06secs
====Iteration: 98 K====
Current average attack time: 1.26502e+06secs
====Iteration: 99 K====
Current average attack time: 1.26537e+06secs
====Iteration: 100 K====
Current average attack time: 1.26445e+06secs
Final Average Attack Time: 1.26445e+06secs
