=====Used variables in the simulation====
# of Rows (# of Buckets): 131072
Row Hammer Threshold: 4800
Swap Rate: 6
Swap Threshold: 800
# of Deterministic Access per 64ms: 3550
# of Random Guess per 64ms: 187
RH Probability per 64ms: 1.01e-06
Simulation iterations: 100000
====Iteration: 1 K====
Current average attack time: 57844.9secs
====Iteration: 2 K====
Current average attack time: 62710.1secs
====Iteration: 3 K====
Current average attack time: 62447.8secs
====Iteration: 4 K====
Current average attack time: 62954.1secs
====Iteration: 5 K====
Current average attack time: 62765.3secs
====Iteration: 6 K====
Current average attack time: 63289.7secs
====Iteration: 7 K====
Current average attack time: 63829.1secs
====Iteration: 8 K====
Current average attack time: 64064.4secs
====Iteration: 9 K====
Current average attack time: 64229.6secs
====Iteration: 10 K====
Current average attack time: 64533.5secs
====Iteration: 11 K====
Current average attack time: 64317.2secs
====Iteration: 12 K====
Current average attack time: 64195secs
====Iteration: 13 K====
Current average attack time: 64040.7secs
====Iteration: 14 K====
Current average attack time: 64010.6secs
====Iteration: 15 K====
Current average attack time: 63654.6secs
====Iteration: 16 K====
Current average attack time: 63568.2secs
====Iteration: 17 K====
Current average attack time: 63690.5secs
====Iteration: 18 K====
Current average attack time: 63673.8secs
====Iteration: 19 K====
Current average attack time: 63629.7secs
====Iteration: 20 K====
Current average attack time: 63646secs
====Iteration: 21 K====
Current average attack time: 63626.9secs
====Iteration: 22 K====
Current average attack time: 63540.3secs
====Iteration: 23 K====
Current average attack time: 63624.8secs
====Iteration: 24 K====
Current average attack time: 63613.6secs
====Iteration: 25 K====
Current average attack time: 63555.7secs
====Iteration: 26 K====
Current average attack time: 63740secs
====Iteration: 27 K====
Current average attack time: 63766.3secs
====Iteration: 28 K====
Current average attack time: 63683.1secs
====Iteration: 29 K====
Current average attack time: 63684secs
====Iteration: 30 K====
Current average attack time: 63639.3secs
====Iteration: 31 K====
Current average attack time: 63636.2secs
====Iteration: 32 K====
Current average attack time: 63748.8secs
====Iteration: 33 K====
Current average attack time: 63792.9secs
====Iteration: 34 K====
Current average attack time: 63611.8secs
====Iteration: 35 K====
Current average attack time: 63598.6secs
====Iteration: 36 K====
Current average attack time: 63554.9secs
====Iteration: 37 K====
Current average attack time: 63581.6secs
====Iteration: 38 K====
Current average attack time: 63566.2secs
====Iteration: 39 K====
Current average attack time: 63580.6secs
====Iteration: 40 K====
Current average attack time: 63607.6secs
====Iteration: 41 K====
Current average attack time: 63522.8secs
====Iteration: 42 K====
Current average attack time: 63505.7secs
====Iteration: 43 K====
Current average attack time: 63425secs
====Iteration: 44 K====
Current average attack time: 63392.5secs
====Iteration: 45 K====
Current average attack time: 63364.6secs
====Iteration: 46 K====
Current average attack time: 63353secs
====Iteration: 47 K====
Current average attack time: 63239secs
====Iteration: 48 K====
Current average attack time: 63285.4secs
====Iteration: 49 K====
Current average attack time: 63250.3secs
====Iteration: 50 K====
Current average attack time: 63354.2secs
====Iteration: 51 K====
Current average attack time: 63384.5secs
====Iteration: 52 K====
Current average attack time: 63387.9secs
====Iteration: 53 K====
Current average attack time: 63390.7secs
====Iteration: 54 K====
Current average attack time: 63367.5secs
====Iteration: 55 K====
Current average attack time: 63378secs
====Iteration: 56 K====
Current average attack time: 63373.4secs
====Iteration: 57 K====
Current average attack time: 63361.7secs
====Iteration: 58 K====
Current average attack time: 63340.1secs
====Iteration: 59 K====
Current average attack time: 63337.7secs
====Iteration: 60 K====
Current average attack time: 63350.5secs
====Iteration: 61 K====
Current average attack time: 63412.1secs
====Iteration: 62 K====
Current average attack time: 63413.5secs
====Iteration: 63 K====
Current average attack time: 63410.8secs
====Iteration: 64 K====
Current average attack time: 63359.4secs
====Iteration: 65 K====
Current average attack time: 63335.8secs
====Iteration: 66 K====
Current average attack time: 63284secs
====Iteration: 67 K====
Current average attack time: 63268secs
====Iteration: 68 K====
Current average attack time: 63271.5secs
====Iteration: 69 K====
Current average attack time: 63255.7secs
====Iteration: 70 K====
Current average attack time: 63232secs
====Iteration: 71 K====
Current average attack time: 63239secs
====Iteration: 72 K====
Current average attack time: 63211.1secs
====Iteration: 73 K====
Current average attack time: 63235.6secs
====Iteration: 74 K====
Current average attack time: 63251secs
====Iteration: 75 K====
Current average attack time: 63271.9secs
====Iteration: 76 K====
Current average attack time: 63253.2secs
====Iteration: 77 K====
Current average attack time: 63231.4secs
====Iteration: 78 K====
Current average attack time: 63264.4secs
====Iteration: 79 K====
Current average attack time: 63285.4secs
====Iteration: 80 K====
Current average attack time: 63275.1secs
====Iteration: 81 K====
Current average attack time: 63286.6secs
====Iteration: 82 K====
Current average attack time: 63287.9secs
====Iteration: 83 K====
Current average attack time: 63287.5secs
====Iteration: 84 K====
Current average attack time: 63297.8secs
====Iteration: 85 K====
Current average attack time: 63278.6secs
====Iteration: 86 K====
Current average attack time: 63245secs
====Iteration: 87 K====
Current average attack time: 63220.5secs
====Iteration: 88 K====
Current average attack time: 63196.2secs
====Iteration: 89 K====
Current average attack time: 63155.7secs
====Iteration: 90 K====
Current average attack time: 63135.4secs
====Iteration: 91 K====
Current average attack time: 63151.5secs
====Iteration: 92 K====
Current average attack time: 63149.2secs
====Iteration: 93 K====
Current average attack time: 63171secs
====Iteration: 94 K====
Current average attack time: 63160.3secs
====Iteration: 95 K====
Current average attack time: 63166.7secs
====Iteration: 96 K====
Current average attack time: 63180.3secs
====Iteration: 97 K====
Current average attack time: 63177.6secs
====Iteration: 98 K====
Current average attack time: 63130.2secs
====Iteration: 99 K====
Current average attack time: 63129.4secs
====Iteration: 100 K====
Current average attack time: 63126.7secs
Final Average Attack Time: 63126.7secs
