=====Used variables in the simulation====
# of Rows (# of Buckets): 131072
Row Hammer Threshold: 4800
Swap Rate: 6
Swap Threshold: 800
# of Deterministic Access per 64ms: 3625
# of Random Guess per 64ms: 134
RH Probability per 64ms: 5.18e-07
Simulation iterations: 100000
====Iteration: 1 K====
Current average attack time: 122942secs
====Iteration: 2 K====
Current average attack time: 122503secs
====Iteration: 3 K====
Current average attack time: 121997secs
====Iteration: 4 K====
Current average attack time: 121564secs
====Iteration: 5 K====
Current average attack time: 122006secs
====Iteration: 6 K====
Current average attack time: 122745secs
====Iteration: 7 K====
Current average attack time: 122101secs
====Iteration: 8 K====
Current average attack time: 123249secs
====Iteration: 9 K====
Current average attack time: 123903secs
====Iteration: 10 K====
Current average attack time: 124152secs
====Iteration: 11 K====
Current average attack time: 124254secs
====Iteration: 12 K====
Current average attack time: 124278secs
====Iteration: 13 K====
Current average attack time: 124925secs
====Iteration: 14 K====
Current average attack time: 124737secs
====Iteration: 15 K====
Current average attack time: 124571secs
====Iteration: 16 K====
Current average attack time: 124942secs
====Iteration: 17 K====
Current average attack time: 125001secs
====Iteration: 18 K====
Current average attack time: 125181secs
====Iteration: 19 K====
Current average attack time: 125180secs
====Iteration: 20 K====
Current average attack time: 125222secs
====Iteration: 21 K====
Current average attack time: 124959secs
====Iteration: 22 K====
Current average attack time: 124939secs
====Iteration: 23 K====
Current average attack time: 125192secs
====Iteration: 24 K====
Current average attack time: 125312secs
====Iteration: 25 K====
Current average attack time: 125283secs
====Iteration: 26 K====
Current average attack time: 125130secs
====Iteration: 27 K====
Current average attack time: 124862secs
====Iteration: 28 K====
Current average attack time: 124849secs
====Iteration: 29 K====
Current average attack time: 124729secs
====Iteration: 30 K====
Current average attack time: 124640secs
====Iteration: 31 K====
Current average attack time: 124713secs
====Iteration: 32 K====
Current average attack time: 124627secs
====Iteration: 33 K====
Current average attack time: 124608secs
====Iteration: 34 K====
Current average attack time: 124651secs
====Iteration: 35 K====
Current average attack time: 124732secs
====Iteration: 36 K====
Current average attack time: 124733secs
====Iteration: 37 K====
Current average attack time: 124772secs
====Iteration: 38 K====
Current average attack time: 124823secs
====Iteration: 39 K====
Current average attack time: 124836secs
====Iteration: 40 K====
Current average attack time: 124673secs
====Iteration: 41 K====
Current average attack time: 124515secs
====Iteration: 42 K====
Current average attack time: 124425secs
====Iteration: 43 K====
Current average attack time: 124397secs
====Iteration: 44 K====
Current average attack time: 124419secs
====Iteration: 45 K====
Current average attack time: 124362secs
====Iteration: 46 K====
Current average attack time: 124429secs
====Iteration: 47 K====
Current average attack time: 124457secs
====Iteration: 48 K====
Current average attack time: 124435secs
====Iteration: 49 K====
Current average attack time: 124284secs
====Iteration: 50 K====
Current average attack time: 124174secs
====Iteration: 51 K====
Current average attack time: 124099secs
====Iteration: 52 K====
Current average attack time: 124132secs
====Iteration: 53 K====
Current average attack time: 124247secs
====Iteration: 54 K====
Current average attack time: 124332secs
====Iteration: 55 K====
Current average attack time: 124308secs
====Iteration: 56 K====
Current average attack time: 124306secs
====Iteration: 57 K====
Current average attack time: 124228secs
====Iteration: 58 K====
Current average attack time: 124206secs
====Iteration: 59 K====
Current average attack time: 124153secs
====Iteration: 60 K====
Current average attack time: 124082secs
====Iteration: 61 K====
Current average attack time: 124137secs
====Iteration: 62 K====
Current average attack time: 123997secs
====Iteration: 63 K====
Current average attack time: 124020secs
====Iteration: 64 K====
Current average attack time: 123894secs
====Iteration: 65 K====
Current average attack time: 124011secs
====Iteration: 66 K====
Current average attack time: 123976secs
====Iteration: 67 K====
Current average attack time: 124055secs
====Iteration: 68 K====
Current average attack time: 123908secs
====Iteration: 69 K====
Current average attack time: 123865secs
====Iteration: 70 K====
Current average attack time: 123894secs
====Iteration: 71 K====
Current average attack time: 123861secs
====Iteration: 72 K====
Current average attack time: 123869secs
====Iteration: 73 K====
Current average attack time: 123834secs
====Iteration: 74 K====
Current average attack time: 123890secs
====Iteration: 75 K====
Current average attack time: 123843secs
====Iteration: 76 K====
Current average attack time: 123794secs
====Iteration: 77 K====
Current average attack time: 123680secs
====Iteration: 78 K====
Current average attack time: 123674secs
====Iteration: 79 K====
Current average attack time: 123632secs
====Iteration: 80 K====
Current average attack time: 123637secs
====Iteration: 81 K====
Current average attack time: 123627secs
====Iteration: 82 K====
Current average attack time: 123614secs
====Iteration: 83 K====
Current average attack time: 123615secs
====Iteration: 84 K====
Current average attack time: 123594secs
====Iteration: 85 K====
Current average attack time: 123535secs
====Iteration: 86 K====
Current average attack time: 123482secs
====Iteration: 87 K====
Current average attack time: 123413secs
====Iteration: 88 K====
Current average attack time: 123392secs
====Iteration: 89 K====
Current average attack time: 123443secs
====Iteration: 90 K====
Current average attack time: 123454secs
====Iteration: 91 K====
Current average attack time: 123453secs
====Iteration: 92 K====
Current average attack time: 123467secs
====Iteration: 93 K====
Current average attack time: 123483secs
====Iteration: 94 K====
Current average attack time: 123473secs
====Iteration: 95 K====
Current average attack time: 123455secs
====Iteration: 96 K====
Current average attack time: 123415secs
====Iteration: 97 K====
Current average attack time: 123394secs
====Iteration: 98 K====
Current average attack time: 123385secs
====Iteration: 99 K====
Current average attack time: 123403secs
====Iteration: 100 K====
Current average attack time: 123351secs
Final Average Attack Time: 123351secs
