=====Used variables in the simulation====
# of Rows (# of Buckets): 131072
Row Hammer Threshold: 4800
Swap Rate: 6
Swap Threshold: 800
# of Deterministic Access per 64ms: 3175
# of Random Guess per 64ms: 455
RH Probability per 64ms: 6.9e-09
Simulation iterations: 100000
====Iteration: 1 K====
Current average attack time: 9.15673e+06secs
====Iteration: 2 K====
Current average attack time: 9.40242e+06secs
====Iteration: 3 K====
Current average attack time: 9.42992e+06secs
====Iteration: 4 K====
Current average attack time: 9.38556e+06secs
====Iteration: 5 K====
Current average attack time: 9.32085e+06secs
====Iteration: 6 K====
Current average attack time: 9.29682e+06secs
====Iteration: 7 K====
Current average attack time: 9.26301e+06secs
====Iteration: 8 K====
Current average attack time: 9.23488e+06secs
====Iteration: 9 K====
Current average attack time: 9.23116e+06secs
====Iteration: 10 K====
Current average attack time: 9.19901e+06secs
====Iteration: 11 K====
Current average attack time: 9.2384e+06secs
====Iteration: 12 K====
Current average attack time: 9.23747e+06secs
====Iteration: 13 K====
Current average attack time: 9.24138e+06secs
====Iteration: 14 K====
Current average attack time: 9.23639e+06secs
====Iteration: 15 K====
Current average attack time: 9.20166e+06secs
====Iteration: 16 K====
Current average attack time: 9.17599e+06secs
====Iteration: 17 K====
Current average attack time: 9.1587e+06secs
====Iteration: 18 K====
Current average attack time: 9.17325e+06secs
====Iteration: 19 K====
Current average attack time: 9.17519e+06secs
====Iteration: 20 K====
Current average attack time: 9.18668e+06secs
====Iteration: 21 K====
Current average attack time: 9.20926e+06secs
====Iteration: 22 K====
Current average attack time: 9.18806e+06secs
====Iteration: 23 K====
Current average attack time: 9.18097e+06secs
====Iteration: 24 K====
Current average attack time: 9.21101e+06secs
====Iteration: 25 K====
Current average attack time: 9.23256e+06secs
====Iteration: 26 K====
Current average attack time: 9.2355e+06secs
====Iteration: 27 K====
Current average attack time: 9.24422e+06secs
====Iteration: 28 K====
Current average attack time: 9.25108e+06secs
====Iteration: 29 K====
Current average attack time: 9.24265e+06secs
====Iteration: 30 K====
Current average attack time: 9.2479e+06secs
====Iteration: 31 K====
Current average attack time: 9.25448e+06secs
====Iteration: 32 K====
Current average attack time: 9.25452e+06secs
====Iteration: 33 K====
Current average attack time: 9.24587e+06secs
====Iteration: 34 K====
Current average attack time: 9.24837e+06secs
====Iteration: 35 K====
Current average attack time: 9.24231e+06secs
====Iteration: 36 K====
Current average attack time: 9.2474e+06secs
====Iteration: 37 K====
Current average attack time: 9.25148e+06secs
====Iteration: 38 K====
Current average attack time: 9.24493e+06secs
====Iteration: 39 K====
Current average attack time: 9.24855e+06secs
====Iteration: 40 K====
Current average attack time: 9.24005e+06secs
====Iteration: 41 K====
Current average attack time: 9.2301e+06secs
====Iteration: 42 K====
Current average attack time: 9.23201e+06secs
====Iteration: 43 K====
Current average attack time: 9.23429e+06secs
====Iteration: 44 K====
Current average attack time: 9.24099e+06secs
====Iteration: 45 K====
Current average attack time: 9.25066e+06secs
====Iteration: 46 K====
Current average attack time: 9.24324e+06secs
====Iteration: 47 K====
Current average attack time: 9.24685e+06secs
====Iteration: 48 K====
Current average attack time: 9.25615e+06secs
====Iteration: 49 K====
Current average attack time: 9.26381e+06secs
====Iteration: 50 K====
Current average attack time: 9.26529e+06secs
====Iteration: 51 K====
Current average attack time: 9.2638e+06secs
====Iteration: 52 K====
Current average attack time: 9.25631e+06secs
====Iteration: 53 K====
Current average attack time: 9.25303e+06secs
====Iteration: 54 K====
Current average attack time: 9.24872e+06secs
====Iteration: 55 K====
Current average attack time: 9.24323e+06secs
====Iteration: 56 K====
Current average attack time: 9.25273e+06secs
====Iteration: 57 K====
Current average attack time: 9.25187e+06secs
====Iteration: 58 K====
Current average attack time: 9.25896e+06secs
====Iteration: 59 K====
Current average attack time: 9.25517e+06secs
====Iteration: 60 K====
Current average attack time: 9.25921e+06secs
====Iteration: 61 K====
Current average attack time: 9.25656e+06secs
====Iteration: 62 K====
Current average attack time: 9.26309e+06secs
====Iteration: 63 K====
Current average attack time: 9.2625e+06secs
====Iteration: 64 K====
Current average attack time: 9.267e+06secs
====Iteration: 65 K====
Current average attack time: 9.25816e+06secs
====Iteration: 66 K====
Current average attack time: 9.25974e+06secs
====Iteration: 67 K====
Current average attack time: 9.25444e+06secs
====Iteration: 68 K====
Current average attack time: 9.25473e+06secs
====Iteration: 69 K====
Current average attack time: 9.25409e+06secs
====Iteration: 70 K====
Current average attack time: 9.25468e+06secs
====Iteration: 71 K====
Current average attack time: 9.25567e+06secs
====Iteration: 72 K====
Current average attack time: 9.25902e+06secs
====Iteration: 73 K====
Current average attack time: 9.25933e+06secs
====Iteration: 74 K====
Current average attack time: 9.2678e+06secs
====Iteration: 75 K====
Current average attack time: 9.26115e+06secs
====Iteration: 76 K====
Current average attack time: 9.25848e+06secs
====Iteration: 77 K====
Current average attack time: 9.25096e+06secs
====Iteration: 78 K====
Current average attack time: 9.2468e+06secs
====Iteration: 79 K====
Current average attack time: 9.24905e+06secs
====Iteration: 80 K====
Current average attack time: 9.24867e+06secs
====Iteration: 81 K====
Current average attack time: 9.24688e+06secs
====Iteration: 82 K====
Current average attack time: 9.24729e+06secs
====Iteration: 83 K====
Current average attack time: 9.25008e+06secs
====Iteration: 84 K====
Current average attack time: 9.25371e+06secs
====Iteration: 85 K====
Current average attack time: 9.25362e+06secs
====Iteration: 86 K====
Current average attack time: 9.25342e+06secs
====Iteration: 87 K====
Current average attack time: 9.25568e+06secs
====Iteration: 88 K====
Current average attack time: 9.25719e+06secs
====Iteration: 89 K====
Current average attack time: 9.26165e+06secs
====Iteration: 90 K====
Current average attack time: 9.26139e+06secs
====Iteration: 91 K====
Current average attack time: 9.25878e+06secs
====Iteration: 92 K====
Current average attack time: 9.25839e+06secs
====Iteration: 93 K====
Current average attack time: 9.25701e+06secs
====Iteration: 94 K====
Current average attack time: 9.25846e+06secs
====Iteration: 95 K====
Current average attack time: 9.2577e+06secs
====Iteration: 96 K====
Current average attack time: 9.2581e+06secs
====Iteration: 97 K====
Current average attack time: 9.26166e+06secs
====Iteration: 98 K====
Current average attack time: 9.26394e+06secs
====Iteration: 99 K====
Current average attack time: 9.25713e+06secs
====Iteration: 100 K====
Current average attack time: 9.25734e+06secs
Final Average Attack Time: 9.25734e+06secs
