=====Used variables in the simulation====
# of Rows (# of Buckets): 131072
Row Hammer Threshold: 2400
Swap Rate: 6
Swap Threshold: 400
# of Deterministic Access per 64ms: 1100
# of Random Guess per 64ms: 2728
RH Probability per 64ms: 7.64e-09
Simulation iterations: 100000
====Iteration: 1 K====
Current average attack time: 8.40522e+06secs
====Iteration: 2 K====
Current average attack time: 8.38212e+06secs
====Iteration: 3 K====
Current average attack time: 8.41598e+06secs
====Iteration: 4 K====
Current average attack time: 8.41207e+06secs
====Iteration: 5 K====
Current average attack time: 8.45845e+06secs
====Iteration: 6 K====
Current average attack time: 8.43488e+06secs
====Iteration: 7 K====
Current average attack time: 8.44193e+06secs
====Iteration: 8 K====
Current average attack time: 8.42895e+06secs
====Iteration: 9 K====
Current average attack time: 8.45226e+06secs
====Iteration: 10 K====
Current average attack time: 8.38754e+06secs
====Iteration: 11 K====
Current average attack time: 8.39385e+06secs
====Iteration: 12 K====
Current average attack time: 8.37061e+06secs
====Iteration: 13 K====
Current average attack time: 8.30765e+06secs
====Iteration: 14 K====
Current average attack time: 8.30219e+06secs
====Iteration: 15 K====
Current average attack time: 8.2978e+06secs
====Iteration: 16 K====
Current average attack time: 8.30979e+06secs
====Iteration: 17 K====
Current average attack time: 8.29487e+06secs
====Iteration: 18 K====
Current average attack time: 8.29913e+06secs
====Iteration: 19 K====
Current average attack time: 8.31013e+06secs
====Iteration: 20 K====
Current average attack time: 8.29937e+06secs
====Iteration: 21 K====
Current average attack time: 8.30941e+06secs
====Iteration: 22 K====
Current average attack time: 8.31634e+06secs
====Iteration: 23 K====
Current average attack time: 8.30172e+06secs
====Iteration: 24 K====
Current average attack time: 8.31131e+06secs
====Iteration: 25 K====
Current average attack time: 8.29774e+06secs
====Iteration: 26 K====
Current average attack time: 8.29346e+06secs
====Iteration: 27 K====
Current average attack time: 8.29436e+06secs
====Iteration: 28 K====
Current average attack time: 8.299e+06secs
====Iteration: 29 K====
Current average attack time: 8.2991e+06secs
====Iteration: 30 K====
Current average attack time: 8.29996e+06secs
====Iteration: 31 K====
Current average attack time: 8.29178e+06secs
====Iteration: 32 K====
Current average attack time: 8.30217e+06secs
====Iteration: 33 K====
Current average attack time: 8.30837e+06secs
====Iteration: 34 K====
Current average attack time: 8.30786e+06secs
====Iteration: 35 K====
Current average attack time: 8.304e+06secs
====Iteration: 36 K====
Current average attack time: 8.30271e+06secs
====Iteration: 37 K====
Current average attack time: 8.3132e+06secs
====Iteration: 38 K====
Current average attack time: 8.30857e+06secs
====Iteration: 39 K====
Current average attack time: 8.31156e+06secs
====Iteration: 40 K====
Current average attack time: 8.30899e+06secs
====Iteration: 41 K====
Current average attack time: 8.31302e+06secs
====Iteration: 42 K====
Current average attack time: 8.31251e+06secs
====Iteration: 43 K====
Current average attack time: 8.31232e+06secs
====Iteration: 44 K====
Current average attack time: 8.32256e+06secs
====Iteration: 45 K====
Current average attack time: 8.32229e+06secs
====Iteration: 46 K====
Current average attack time: 8.32226e+06secs
====Iteration: 47 K====
Current average attack time: 8.32237e+06secs
====Iteration: 48 K====
Current average attack time: 8.31225e+06secs
====Iteration: 49 K====
Current average attack time: 8.31423e+06secs
====Iteration: 50 K====
Current average attack time: 8.31951e+06secs
====Iteration: 51 K====
Current average attack time: 8.32255e+06secs
====Iteration: 52 K====
Current average attack time: 8.32338e+06secs
====Iteration: 53 K====
Current average attack time: 8.32421e+06secs
====Iteration: 54 K====
Current average attack time: 8.32043e+06secs
====Iteration: 55 K====
Current average attack time: 8.32334e+06secs
====Iteration: 56 K====
Current average attack time: 8.32032e+06secs
====Iteration: 57 K====
Current average attack time: 8.32267e+06secs
====Iteration: 58 K====
Current average attack time: 8.32922e+06secs
====Iteration: 59 K====
Current average attack time: 8.32579e+06secs
====Iteration: 60 K====
Current average attack time: 8.33293e+06secs
====Iteration: 61 K====
Current average attack time: 8.33246e+06secs
====Iteration: 62 K====
Current average attack time: 8.33249e+06secs
====Iteration: 63 K====
Current average attack time: 8.33161e+06secs
====Iteration: 64 K====
Current average attack time: 8.33446e+06secs
====Iteration: 65 K====
Current average attack time: 8.32773e+06secs
====Iteration: 66 K====
Current average attack time: 8.33342e+06secs
====Iteration: 67 K====
Current average attack time: 8.33192e+06secs
====Iteration: 68 K====
Current average attack time: 8.33521e+06secs
====Iteration: 69 K====
Current average attack time: 8.33398e+06secs
====Iteration: 70 K====
Current average attack time: 8.33491e+06secs
====Iteration: 71 K====
Current average attack time: 8.33271e+06secs
====Iteration: 72 K====
Current average attack time: 8.328e+06secs
====Iteration: 73 K====
Current average attack time: 8.32885e+06secs
====Iteration: 74 K====
Current average attack time: 8.33326e+06secs
====Iteration: 75 K====
Current average attack time: 8.33391e+06secs
====Iteration: 76 K====
Current average attack time: 8.3399e+06secs
====Iteration: 77 K====
Current average attack time: 8.34133e+06secs
====Iteration: 78 K====
Current average attack time: 8.34407e+06secs
====Iteration: 79 K====
Current average attack time: 8.34857e+06secs
====Iteration: 80 K====
Current average attack time: 8.34892e+06secs
====Iteration: 81 K====
Current average attack time: 8.34598e+06secs
====Iteration: 82 K====
Current average attack time: 8.34301e+06secs
====Iteration: 83 K====
Current average attack time: 8.35216e+06secs
====Iteration: 84 K====
Current average attack time: 8.35201e+06secs
====Iteration: 85 K====
Current average attack time: 8.35287e+06secs
====Iteration: 86 K====
Current average attack time: 8.35332e+06secs
====Iteration: 87 K====
Current average attack time: 8.34939e+06secs
====Iteration: 88 K====
Current average attack time: 8.34697e+06secs
====Iteration: 89 K====
Current average attack time: 8.34944e+06secs
====Iteration: 90 K====
Current average attack time: 8.35196e+06secs
====Iteration: 91 K====
Current average attack time: 8.35288e+06secs
====Iteration: 92 K====
Current average attack time: 8.35338e+06secs
====Iteration: 93 K====
Current average attack time: 8.35297e+06secs
====Iteration: 94 K====
Current average attack time: 8.35584e+06secs
====Iteration: 95 K====
Current average attack time: 8.35508e+06secs
====Iteration: 96 K====
Current average attack time: 8.35485e+06secs
====Iteration: 97 K====
Current average attack time: 8.35303e+06secs
====Iteration: 98 K====
Current average attack time: 8.35292e+06secs
====Iteration: 99 K====
Current average attack time: 8.3511e+06secs
====Iteration: 100 K====
Current average attack time: 8.34612e+06secs
Final Average Attack Time: 8.34612e+06secs
