=====Used variables in the simulation====
# of Rows (# of Buckets): 131072
Row Hammer Threshold: 2400
Swap Rate: 6
Swap Threshold: 400
# of Deterministic Access per 64ms: 1025
# of Random Guess per 64ms: 2784
RH Probability per 64ms: 8.28e-09
Simulation iterations: 100000
====Iteration: 1 K====
Current average attack time: 7.35021e+06secs
====Iteration: 2 K====
Current average attack time: 7.59836e+06secs
====Iteration: 3 K====
Current average attack time: 7.66985e+06secs
====Iteration: 4 K====
Current average attack time: 7.63097e+06secs
====Iteration: 5 K====
Current average attack time: 7.69573e+06secs
====Iteration: 6 K====
Current average attack time: 7.72054e+06secs
====Iteration: 7 K====
Current average attack time: 7.77858e+06secs
====Iteration: 8 K====
Current average attack time: 7.79214e+06secs
====Iteration: 9 K====
Current average attack time: 7.78696e+06secs
====Iteration: 10 K====
Current average attack time: 7.74219e+06secs
====Iteration: 11 K====
Current average attack time: 7.70658e+06secs
====Iteration: 12 K====
Current average attack time: 7.68164e+06secs
====Iteration: 13 K====
Current average attack time: 7.70671e+06secs
====Iteration: 14 K====
Current average attack time: 7.72621e+06secs
====Iteration: 15 K====
Current average attack time: 7.73273e+06secs
====Iteration: 16 K====
Current average attack time: 7.75104e+06secs
====Iteration: 17 K====
Current average attack time: 7.7434e+06secs
====Iteration: 18 K====
Current average attack time: 7.73862e+06secs
====Iteration: 19 K====
Current average attack time: 7.74084e+06secs
====Iteration: 20 K====
Current average attack time: 7.75021e+06secs
====Iteration: 21 K====
Current average attack time: 7.73254e+06secs
====Iteration: 22 K====
Current average attack time: 7.74319e+06secs
====Iteration: 23 K====
Current average attack time: 7.73993e+06secs
====Iteration: 24 K====
Current average attack time: 7.72552e+06secs
====Iteration: 25 K====
Current average attack time: 7.71776e+06secs
====Iteration: 26 K====
Current average attack time: 7.72065e+06secs
====Iteration: 27 K====
Current average attack time: 7.73169e+06secs
====Iteration: 28 K====
Current average attack time: 7.74532e+06secs
====Iteration: 29 K====
Current average attack time: 7.7444e+06secs
====Iteration: 30 K====
Current average attack time: 7.74419e+06secs
====Iteration: 31 K====
Current average attack time: 7.73276e+06secs
====Iteration: 32 K====
Current average attack time: 7.74045e+06secs
====Iteration: 33 K====
Current average attack time: 7.73681e+06secs
====Iteration: 34 K====
Current average attack time: 7.74148e+06secs
====Iteration: 35 K====
Current average attack time: 7.73758e+06secs
====Iteration: 36 K====
Current average attack time: 7.73274e+06secs
====Iteration: 37 K====
Current average attack time: 7.73229e+06secs
====Iteration: 38 K====
Current average attack time: 7.72958e+06secs
====Iteration: 39 K====
Current average attack time: 7.72884e+06secs
====Iteration: 40 K====
Current average attack time: 7.72578e+06secs
====Iteration: 41 K====
Current average attack time: 7.72757e+06secs
====Iteration: 42 K====
Current average attack time: 7.7314e+06secs
====Iteration: 43 K====
Current average attack time: 7.73143e+06secs
====Iteration: 44 K====
Current average attack time: 7.73157e+06secs
====Iteration: 45 K====
Current average attack time: 7.72573e+06secs
====Iteration: 46 K====
Current average attack time: 7.7133e+06secs
====Iteration: 47 K====
Current average attack time: 7.70603e+06secs
====Iteration: 48 K====
Current average attack time: 7.70779e+06secs
====Iteration: 49 K====
Current average attack time: 7.70778e+06secs
====Iteration: 50 K====
Current average attack time: 7.70057e+06secs
====Iteration: 51 K====
Current average attack time: 7.69388e+06secs
====Iteration: 52 K====
Current average attack time: 7.70198e+06secs
====Iteration: 53 K====
Current average attack time: 7.70477e+06secs
====Iteration: 54 K====
Current average attack time: 7.70222e+06secs
====Iteration: 55 K====
Current average attack time: 7.70272e+06secs
====Iteration: 56 K====
Current average attack time: 7.70562e+06secs
====Iteration: 57 K====
Current average attack time: 7.69696e+06secs
====Iteration: 58 K====
Current average attack time: 7.69983e+06secs
====Iteration: 59 K====
Current average attack time: 7.69991e+06secs
====Iteration: 60 K====
Current average attack time: 7.70525e+06secs
====Iteration: 61 K====
Current average attack time: 7.7069e+06secs
====Iteration: 62 K====
Current average attack time: 7.70575e+06secs
====Iteration: 63 K====
Current average attack time: 7.70791e+06secs
====Iteration: 64 K====
Current average attack time: 7.71114e+06secs
====Iteration: 65 K====
Current average attack time: 7.70885e+06secs
====Iteration: 66 K====
Current average attack time: 7.70671e+06secs
====Iteration: 67 K====
Current average attack time: 7.70564e+06secs
====Iteration: 68 K====
Current average attack time: 7.70962e+06secs
====Iteration: 69 K====
Current average attack time: 7.70715e+06secs
====Iteration: 70 K====
Current average attack time: 7.70783e+06secs
====Iteration: 71 K====
Current average attack time: 7.70436e+06secs
====Iteration: 72 K====
Current average attack time: 7.71067e+06secs
====Iteration: 73 K====
Current average attack time: 7.71129e+06secs
====Iteration: 74 K====
Current average attack time: 7.71446e+06secs
====Iteration: 75 K====
Current average attack time: 7.72063e+06secs
====Iteration: 76 K====
Current average attack time: 7.71945e+06secs
====Iteration: 77 K====
Current average attack time: 7.7167e+06secs
====Iteration: 78 K====
Current average attack time: 7.71477e+06secs
====Iteration: 79 K====
Current average attack time: 7.71008e+06secs
====Iteration: 80 K====
Current average attack time: 7.70785e+06secs
====Iteration: 81 K====
Current average attack time: 7.7043e+06secs
====Iteration: 82 K====
Current average attack time: 7.70962e+06secs
====Iteration: 83 K====
Current average attack time: 7.71076e+06secs
====Iteration: 84 K====
Current average attack time: 7.70989e+06secs
====Iteration: 85 K====
Current average attack time: 7.71373e+06secs
====Iteration: 86 K====
Current average attack time: 7.71897e+06secs
====Iteration: 87 K====
Current average attack time: 7.72448e+06secs
====Iteration: 88 K====
Current average attack time: 7.72218e+06secs
====Iteration: 89 K====
Current average attack time: 7.72128e+06secs
====Iteration: 90 K====
Current average attack time: 7.7237e+06secs
====Iteration: 91 K====
Current average attack time: 7.72399e+06secs
====Iteration: 92 K====
Current average attack time: 7.71866e+06secs
====Iteration: 93 K====
Current average attack time: 7.72211e+06secs
====Iteration: 94 K====
Current average attack time: 7.72327e+06secs
====Iteration: 95 K====
Current average attack time: 7.72205e+06secs
====Iteration: 96 K====
Current average attack time: 7.72373e+06secs
====Iteration: 97 K====
Current average attack time: 7.72023e+06secs
====Iteration: 98 K====
Current average attack time: 7.7159e+06secs
====Iteration: 99 K====
Current average attack time: 7.71527e+06secs
====Iteration: 100 K====
Current average attack time: 7.71541e+06secs
Final Average Attack Time: 7.71541e+06secs
