=====Used variables in the simulation====
# of Rows (# of Buckets): 131072
Row Hammer Threshold: 2400
Swap Rate: 6
Swap Threshold: 400
# of Deterministic Access per 64ms: 2075
# of Random Guess per 64ms: 1993
RH Probability per 64ms: 0.015
Simulation iterations: 100000
====Iteration: 1 K====
Current average attack time: 4.35791secs
====Iteration: 2 K====
Current average attack time: 4.34556secs
====Iteration: 3 K====
Current average attack time: 4.29858secs
====Iteration: 4 K====
Current average attack time: 4.28671secs
====Iteration: 5 K====
Current average attack time: 4.238secs
====Iteration: 6 K====
Current average attack time: 4.2215secs
====Iteration: 7 K====
Current average attack time: 4.22401secs
====Iteration: 8 K====
Current average attack time: 4.24219secs
====Iteration: 9 K====
Current average attack time: 4.24863secs
====Iteration: 10 K====
Current average attack time: 4.24325secs
====Iteration: 11 K====
Current average attack time: 4.21916secs
====Iteration: 12 K====
Current average attack time: 4.23113secs
====Iteration: 13 K====
Current average attack time: 4.2238secs
====Iteration: 14 K====
Current average attack time: 4.2257secs
====Iteration: 15 K====
Current average attack time: 4.22228secs
====Iteration: 16 K====
Current average attack time: 4.21544secs
====Iteration: 17 K====
Current average attack time: 4.22529secs
====Iteration: 18 K====
Current average attack time: 4.23635secs
====Iteration: 19 K====
Current average attack time: 4.23714secs
====Iteration: 20 K====
Current average attack time: 4.23355secs
====Iteration: 21 K====
Current average attack time: 4.22414secs
====Iteration: 22 K====
Current average attack time: 4.22566secs
====Iteration: 23 K====
Current average attack time: 4.22307secs
====Iteration: 24 K====
Current average attack time: 4.23002secs
====Iteration: 25 K====
Current average attack time: 4.2291secs
====Iteration: 26 K====
Current average attack time: 4.22986secs
====Iteration: 27 K====
Current average attack time: 4.2208secs
====Iteration: 28 K====
Current average attack time: 4.21874secs
====Iteration: 29 K====
Current average attack time: 4.22654secs
====Iteration: 30 K====
Current average attack time: 4.23359secs
====Iteration: 31 K====
Current average attack time: 4.22932secs
====Iteration: 32 K====
Current average attack time: 4.23178secs
====Iteration: 33 K====
Current average attack time: 4.2288secs
====Iteration: 34 K====
Current average attack time: 4.22963secs
====Iteration: 35 K====
Current average attack time: 4.23069secs
====Iteration: 36 K====
Current average attack time: 4.22855secs
====Iteration: 37 K====
Current average attack time: 4.22628secs
====Iteration: 38 K====
Current average attack time: 4.22843secs
====Iteration: 39 K====
Current average attack time: 4.22769secs
====Iteration: 40 K====
Current average attack time: 4.23803secs
====Iteration: 41 K====
Current average attack time: 4.23777secs
====Iteration: 42 K====
Current average attack time: 4.2358secs
====Iteration: 43 K====
Current average attack time: 4.23727secs
====Iteration: 44 K====
Current average attack time: 4.23719secs
====Iteration: 45 K====
Current average attack time: 4.23837secs
====Iteration: 46 K====
Current average attack time: 4.23451secs
====Iteration: 47 K====
Current average attack time: 4.23915secs
====Iteration: 48 K====
Current average attack time: 4.24028secs
====Iteration: 49 K====
Current average attack time: 4.23918secs
====Iteration: 50 K====
Current average attack time: 4.23833secs
====Iteration: 51 K====
Current average attack time: 4.24003secs
====Iteration: 52 K====
Current average attack time: 4.24101secs
====Iteration: 53 K====
Current average attack time: 4.24389secs
====Iteration: 54 K====
Current average attack time: 4.24427secs
====Iteration: 55 K====
Current average attack time: 4.24685secs
====Iteration: 56 K====
Current average attack time: 4.24916secs
====Iteration: 57 K====
Current average attack time: 4.25094secs
====Iteration: 58 K====
Current average attack time: 4.24928secs
====Iteration: 59 K====
Current average attack time: 4.24499secs
====Iteration: 60 K====
Current average attack time: 4.24266secs
====Iteration: 61 K====
Current average attack time: 4.2459secs
====Iteration: 62 K====
Current average attack time: 4.24856secs
====Iteration: 63 K====
Current average attack time: 4.25126secs
====Iteration: 64 K====
Current average attack time: 4.25077secs
====Iteration: 65 K====
Current average attack time: 4.24949secs
====Iteration: 66 K====
Current average attack time: 4.25089secs
====Iteration: 67 K====
Current average attack time: 4.25264secs
====Iteration: 68 K====
Current average attack time: 4.25263secs
====Iteration: 69 K====
Current average attack time: 4.25101secs
====Iteration: 70 K====
Current average attack time: 4.25163secs
====Iteration: 71 K====
Current average attack time: 4.25015secs
====Iteration: 72 K====
Current average attack time: 4.24858secs
====Iteration: 73 K====
Current average attack time: 4.24775secs
====Iteration: 74 K====
Current average attack time: 4.24499secs
====Iteration: 75 K====
Current average attack time: 4.2457secs
====Iteration: 76 K====
Current average attack time: 4.24717secs
====Iteration: 77 K====
Current average attack time: 4.24582secs
====Iteration: 78 K====
Current average attack time: 4.24858secs
====Iteration: 79 K====
Current average attack time: 4.24815secs
====Iteration: 80 K====
Current average attack time: 4.24917secs
====Iteration: 81 K====
Current average attack time: 4.25014secs
====Iteration: 82 K====
Current average attack time: 4.25167secs
====Iteration: 83 K====
Current average attack time: 4.25264secs
====Iteration: 84 K====
Current average attack time: 4.25163secs
====Iteration: 85 K====
Current average attack time: 4.25226secs
====Iteration: 86 K====
Current average attack time: 4.25051secs
====Iteration: 87 K====
Current average attack time: 4.25065secs
====Iteration: 88 K====
Current average attack time: 4.25146secs
====Iteration: 89 K====
Current average attack time: 4.2508secs
====Iteration: 90 K====
Current average attack time: 4.25221secs
====Iteration: 91 K====
Current average attack time: 4.2534secs
====Iteration: 92 K====
Current average attack time: 4.25339secs
====Iteration: 93 K====
Current average attack time: 4.25523secs
====Iteration: 94 K====
Current average attack time: 4.25279secs
====Iteration: 95 K====
Current average attack time: 4.2515secs
====Iteration: 96 K====
Current average attack time: 4.25154secs
====Iteration: 97 K====
Current average attack time: 4.25067secs
====Iteration: 98 K====
Current average attack time: 4.25117secs
====Iteration: 99 K====
Current average attack time: 4.25207secs
====Iteration: 100 K====
Current average attack time: 4.25041secs
Final Average Attack Time: 4.25041secs
