=====Used variables in the simulation====
# of Rows (# of Buckets): 131072
Row Hammer Threshold: 2400
Swap Rate: 6
Swap Threshold: 400
# of Deterministic Access per 64ms: 1175
# of Random Guess per 64ms: 2671
RH Probability per 64ms: 7.02e-09
Simulation iterations: 100000
====Iteration: 1 K====
Current average attack time: 9.24789e+06secs
====Iteration: 2 K====
Current average attack time: 9.15918e+06secs
====Iteration: 3 K====
Current average attack time: 9.23241e+06secs
====Iteration: 4 K====
Current average attack time: 9.09176e+06secs
====Iteration: 5 K====
Current average attack time: 9.10261e+06secs
====Iteration: 6 K====
Current average attack time: 8.98671e+06secs
====Iteration: 7 K====
Current average attack time: 8.96249e+06secs
====Iteration: 8 K====
Current average attack time: 9.0148e+06secs
====Iteration: 9 K====
Current average attack time: 9.06392e+06secs
====Iteration: 10 K====
Current average attack time: 9.05236e+06secs
====Iteration: 11 K====
Current average attack time: 9.01885e+06secs
====Iteration: 12 K====
Current average attack time: 9.02399e+06secs
====Iteration: 13 K====
Current average attack time: 9.07872e+06secs
====Iteration: 14 K====
Current average attack time: 9.09004e+06secs
====Iteration: 15 K====
Current average attack time: 9.10092e+06secs
====Iteration: 16 K====
Current average attack time: 9.09634e+06secs
====Iteration: 17 K====
Current average attack time: 9.05264e+06secs
====Iteration: 18 K====
Current average attack time: 9.04038e+06secs
====Iteration: 19 K====
Current average attack time: 9.03228e+06secs
====Iteration: 20 K====
Current average attack time: 9.03804e+06secs
====Iteration: 21 K====
Current average attack time: 9.01138e+06secs
====Iteration: 22 K====
Current average attack time: 9.02106e+06secs
====Iteration: 23 K====
Current average attack time: 9.01372e+06secs
====Iteration: 24 K====
Current average attack time: 9.0149e+06secs
====Iteration: 25 K====
Current average attack time: 9.01196e+06secs
====Iteration: 26 K====
Current average attack time: 9.02178e+06secs
====Iteration: 27 K====
Current average attack time: 9.01903e+06secs
====Iteration: 28 K====
Current average attack time: 9.01494e+06secs
====Iteration: 29 K====
Current average attack time: 9.01536e+06secs
====Iteration: 30 K====
Current average attack time: 9.01833e+06secs
====Iteration: 31 K====
Current average attack time: 9.0334e+06secs
====Iteration: 32 K====
Current average attack time: 9.03947e+06secs
====Iteration: 33 K====
Current average attack time: 9.06072e+06secs
====Iteration: 34 K====
Current average attack time: 9.07419e+06secs
====Iteration: 35 K====
Current average attack time: 9.0723e+06secs
====Iteration: 36 K====
Current average attack time: 9.06458e+06secs
====Iteration: 37 K====
Current average attack time: 9.06815e+06secs
====Iteration: 38 K====
Current average attack time: 9.07073e+06secs
====Iteration: 39 K====
Current average attack time: 9.06642e+06secs
====Iteration: 40 K====
Current average attack time: 9.0799e+06secs
====Iteration: 41 K====
Current average attack time: 9.08347e+06secs
====Iteration: 42 K====
Current average attack time: 9.07868e+06secs
====Iteration: 43 K====
Current average attack time: 9.07446e+06secs
====Iteration: 44 K====
Current average attack time: 9.07787e+06secs
====Iteration: 45 K====
Current average attack time: 9.07238e+06secs
====Iteration: 46 K====
Current average attack time: 9.07233e+06secs
====Iteration: 47 K====
Current average attack time: 9.0798e+06secs
====Iteration: 48 K====
Current average attack time: 9.08782e+06secs
====Iteration: 49 K====
Current average attack time: 9.09034e+06secs
====Iteration: 50 K====
Current average attack time: 9.09285e+06secs
====Iteration: 51 K====
Current average attack time: 9.10029e+06secs
====Iteration: 52 K====
Current average attack time: 9.10687e+06secs
====Iteration: 53 K====
Current average attack time: 9.10679e+06secs
====Iteration: 54 K====
Current average attack time: 9.11318e+06secs
====Iteration: 55 K====
Current average attack time: 9.11374e+06secs
====Iteration: 56 K====
Current average attack time: 9.12262e+06secs
====Iteration: 57 K====
Current average attack time: 9.12554e+06secs
====Iteration: 58 K====
Current average attack time: 9.12958e+06secs
====Iteration: 59 K====
Current average attack time: 9.13796e+06secs
====Iteration: 60 K====
Current average attack time: 9.13257e+06secs
====Iteration: 61 K====
Current average attack time: 9.13915e+06secs
====Iteration: 62 K====
Current average attack time: 9.1373e+06secs
====Iteration: 63 K====
Current average attack time: 9.13394e+06secs
====Iteration: 64 K====
Current average attack time: 9.12676e+06secs
====Iteration: 65 K====
Current average attack time: 9.12544e+06secs
====Iteration: 66 K====
Current average attack time: 9.12401e+06secs
====Iteration: 67 K====
Current average attack time: 9.1235e+06secs
====Iteration: 68 K====
Current average attack time: 9.12519e+06secs
====Iteration: 69 K====
Current average attack time: 9.12136e+06secs
====Iteration: 70 K====
Current average attack time: 9.11762e+06secs
====Iteration: 71 K====
Current average attack time: 9.11768e+06secs
====Iteration: 72 K====
Current average attack time: 9.12177e+06secs
====Iteration: 73 K====
Current average attack time: 9.12364e+06secs
====Iteration: 74 K====
Current average attack time: 9.12735e+06secs
====Iteration: 75 K====
Current average attack time: 9.12226e+06secs
====Iteration: 76 K====
Current average attack time: 9.1232e+06secs
====Iteration: 77 K====
Current average attack time: 9.12232e+06secs
====Iteration: 78 K====
Current average attack time: 9.1163e+06secs
====Iteration: 79 K====
Current average attack time: 9.11636e+06secs
====Iteration: 80 K====
Current average attack time: 9.1157e+06secs
====Iteration: 81 K====
Current average attack time: 9.11996e+06secs
====Iteration: 82 K====
Current average attack time: 9.11964e+06secs
====Iteration: 83 K====
Current average attack time: 9.12048e+06secs
====Iteration: 84 K====
Current average attack time: 9.1186e+06secs
====Iteration: 85 K====
Current average attack time: 9.12244e+06secs
====Iteration: 86 K====
Current average attack time: 9.12068e+06secs
====Iteration: 87 K====
Current average attack time: 9.1188e+06secs
====Iteration: 88 K====
Current average attack time: 9.12494e+06secs
====Iteration: 89 K====
Current average attack time: 9.12983e+06secs
====Iteration: 90 K====
Current average attack time: 9.12426e+06secs
====Iteration: 91 K====
Current average attack time: 9.12236e+06secs
====Iteration: 92 K====
Current average attack time: 9.12102e+06secs
====Iteration: 93 K====
Current average attack time: 9.11803e+06secs
====Iteration: 94 K====
Current average attack time: 9.11344e+06secs
====Iteration: 95 K====
Current average attack time: 9.1139e+06secs
====Iteration: 96 K====
Current average attack time: 9.11567e+06secs
====Iteration: 97 K====
Current average attack time: 9.10956e+06secs
====Iteration: 98 K====
Current average attack time: 9.10729e+06secs
====Iteration: 99 K====
Current average attack time: 9.11195e+06secs
====Iteration: 100 K====
Current average attack time: 9.10876e+06secs
Final Average Attack Time: 9.10876e+06secs
