=====Used variables in the simulation====
# of Rows (# of Buckets): 131072
Row Hammer Threshold: 2400
Swap Rate: 6
Swap Threshold: 400
# of Deterministic Access per 64ms: 1550
# of Random Guess per 64ms: 2389
RH Probability per 64ms: 9.9e-07
Simulation iterations: 100000
====Iteration: 1 K====
Current average attack time: 67519.3secs
====Iteration: 2 K====
Current average attack time: 69374.9secs
====Iteration: 3 K====
Current average attack time: 67543.7secs
====Iteration: 4 K====
Current average attack time: 66864.9secs
====Iteration: 5 K====
Current average attack time: 66902.6secs
====Iteration: 6 K====
Current average attack time: 66911secs
====Iteration: 7 K====
Current average attack time: 66354.7secs
====Iteration: 8 K====
Current average attack time: 66543.7secs
====Iteration: 9 K====
Current average attack time: 66072.7secs
====Iteration: 10 K====
Current average attack time: 65691.3secs
====Iteration: 11 K====
Current average attack time: 65457.9secs
====Iteration: 12 K====
Current average attack time: 65201.7secs
====Iteration: 13 K====
Current average attack time: 65213.5secs
====Iteration: 14 K====
Current average attack time: 65160.2secs
====Iteration: 15 K====
Current average attack time: 65064secs
====Iteration: 16 K====
Current average attack time: 65312.1secs
====Iteration: 17 K====
Current average attack time: 65146.5secs
====Iteration: 18 K====
Current average attack time: 64898.2secs
====Iteration: 19 K====
Current average attack time: 64935.1secs
====Iteration: 20 K====
Current average attack time: 64866.9secs
====Iteration: 21 K====
Current average attack time: 64931.1secs
====Iteration: 22 K====
Current average attack time: 65056.8secs
====Iteration: 23 K====
Current average attack time: 64959secs
====Iteration: 24 K====
Current average attack time: 64976.2secs
====Iteration: 25 K====
Current average attack time: 65015secs
====Iteration: 26 K====
Current average attack time: 64930secs
====Iteration: 27 K====
Current average attack time: 64895.4secs
====Iteration: 28 K====
Current average attack time: 64796.5secs
====Iteration: 29 K====
Current average attack time: 64607.5secs
====Iteration: 30 K====
Current average attack time: 64442.1secs
====Iteration: 31 K====
Current average attack time: 64505.8secs
====Iteration: 32 K====
Current average attack time: 64511.1secs
====Iteration: 33 K====
Current average attack time: 64553.2secs
====Iteration: 34 K====
Current average attack time: 64556.6secs
====Iteration: 35 K====
Current average attack time: 64643.1secs
====Iteration: 36 K====
Current average attack time: 64614.1secs
====Iteration: 37 K====
Current average attack time: 64655.4secs
====Iteration: 38 K====
Current average attack time: 64610.5secs
====Iteration: 39 K====
Current average attack time: 64564.8secs
====Iteration: 40 K====
Current average attack time: 64531.8secs
====Iteration: 41 K====
Current average attack time: 64548.3secs
====Iteration: 42 K====
Current average attack time: 64530.8secs
====Iteration: 43 K====
Current average attack time: 64526.4secs
====Iteration: 44 K====
Current average attack time: 64460secs
====Iteration: 45 K====
Current average attack time: 64507.6secs
====Iteration: 46 K====
Current average attack time: 64568.4secs
====Iteration: 47 K====
Current average attack time: 64534.2secs
====Iteration: 48 K====
Current average attack time: 64575secs
====Iteration: 49 K====
Current average attack time: 64496.9secs
====Iteration: 50 K====
Current average attack time: 64497.5secs
====Iteration: 51 K====
Current average attack time: 64482.2secs
====Iteration: 52 K====
Current average attack time: 64482.4secs
====Iteration: 53 K====
Current average attack time: 64485secs
====Iteration: 54 K====
Current average attack time: 64495.6secs
====Iteration: 55 K====
Current average attack time: 64491.1secs
====Iteration: 56 K====
Current average attack time: 64476.6secs
====Iteration: 57 K====
Current average attack time: 64462.3secs
====Iteration: 58 K====
Current average attack time: 64489.4secs
====Iteration: 59 K====
Current average attack time: 64487.8secs
====Iteration: 60 K====
Current average attack time: 64513secs
====Iteration: 61 K====
Current average attack time: 64520.5secs
====Iteration: 62 K====
Current average attack time: 64517.6secs
====Iteration: 63 K====
Current average attack time: 64604.7secs
====Iteration: 64 K====
Current average attack time: 64599.5secs
====Iteration: 65 K====
Current average attack time: 64518.4secs
====Iteration: 66 K====
Current average attack time: 64559secs
====Iteration: 67 K====
Current average attack time: 64506.9secs
====Iteration: 68 K====
Current average attack time: 64501.7secs
====Iteration: 69 K====
Current average attack time: 64508.3secs
====Iteration: 70 K====
Current average attack time: 64509.3secs
====Iteration: 71 K====
Current average attack time: 64457.3secs
====Iteration: 72 K====
Current average attack time: 64404secs
====Iteration: 73 K====
Current average attack time: 64386.4secs
====Iteration: 74 K====
Current average attack time: 64380.7secs
====Iteration: 75 K====
Current average attack time: 64392.4secs
====Iteration: 76 K====
Current average attack time: 64394.7secs
====Iteration: 77 K====
Current average attack time: 64403.6secs
====Iteration: 78 K====
Current average attack time: 64397.9secs
====Iteration: 79 K====
Current average attack time: 64422.9secs
====Iteration: 80 K====
Current average attack time: 64409.9secs
====Iteration: 81 K====
Current average attack time: 64420.9secs
====Iteration: 82 K====
Current average attack time: 64406.4secs
====Iteration: 83 K====
Current average attack time: 64404.4secs
====Iteration: 84 K====
Current average attack time: 64417.9secs
====Iteration: 85 K====
Current average attack time: 64436.8secs
====Iteration: 86 K====
Current average attack time: 64460.1secs
====Iteration: 87 K====
Current average attack time: 64470.8secs
====Iteration: 88 K====
Current average attack time: 64501secs
====Iteration: 89 K====
Current average attack time: 64497.6secs
====Iteration: 90 K====
Current average attack time: 64492.9secs
====Iteration: 91 K====
Current average attack time: 64482.3secs
====Iteration: 92 K====
Current average attack time: 64515.7secs
====Iteration: 93 K====
Current average attack time: 64496.9secs
====Iteration: 94 K====
Current average attack time: 64487.4secs
====Iteration: 95 K====
Current average attack time: 64525.5secs
====Iteration: 96 K====
Current average attack time: 64530.9secs
====Iteration: 97 K====
Current average attack time: 64502.8secs
====Iteration: 98 K====
Current average attack time: 64467.1secs
====Iteration: 99 K====
Current average attack time: 64462.5secs
====Iteration: 100 K====
Current average attack time: 64473.8secs
Final Average Attack Time: 64473.8secs
