=====Used variables in the simulation====
# of Rows (# of Buckets): 131072
Row Hammer Threshold: 2400
Swap Rate: 6
Swap Threshold: 400
# of Deterministic Access per 64ms: 2450
# of Random Guess per 64ms: 1710
RH Probability per 64ms: 0.987
Simulation iterations: 100000
====Iteration: 1 K====
Current average attack time: 0.0633149secs
====Iteration: 2 K====
Current average attack time: 0.0634967secs
====Iteration: 3 K====
Current average attack time: 0.0640879secs
====Iteration: 4 K====
Current average attack time: 0.0639049secs
====Iteration: 5 K====
Current average attack time: 0.0643077secs
====Iteration: 6 K====
Current average attack time: 0.0642907secs
====Iteration: 7 K====
Current average attack time: 0.0641968secs
====Iteration: 8 K====
Current average attack time: 0.0643213secs
====Iteration: 9 K====
Current average attack time: 0.0646407secs
====Iteration: 10 K====
Current average attack time: 0.064532secs
====Iteration: 11 K====
Current average attack time: 0.0642246secs
====Iteration: 12 K====
Current average attack time: 0.0644388secs
====Iteration: 13 K====
Current average attack time: 0.0644018secs
====Iteration: 14 K====
Current average attack time: 0.0643269secs
====Iteration: 15 K====
Current average attack time: 0.0643615secs
====Iteration: 16 K====
Current average attack time: 0.0645109secs
====Iteration: 17 K====
Current average attack time: 0.0646761secs
====Iteration: 18 K====
Current average attack time: 0.0647721secs
====Iteration: 19 K====
Current average attack time: 0.064694secs
====Iteration: 20 K====
Current average attack time: 0.0646973secs
====Iteration: 21 K====
Current average attack time: 0.0646812secs
====Iteration: 22 K====
Current average attack time: 0.0646591secs
====Iteration: 23 K====
Current average attack time: 0.0645618secs
====Iteration: 24 K====
Current average attack time: 0.0646058secs
====Iteration: 25 K====
Current average attack time: 0.0646338secs
====Iteration: 26 K====
Current average attack time: 0.0646194secs
====Iteration: 27 K====
Current average attack time: 0.064658secs
====Iteration: 28 K====
Current average attack time: 0.0646723secs
====Iteration: 29 K====
Current average attack time: 0.064768secs
====Iteration: 30 K====
Current average attack time: 0.0647496secs
====Iteration: 31 K====
Current average attack time: 0.0649427secs
====Iteration: 32 K====
Current average attack time: 0.0648971secs
====Iteration: 33 K====
Current average attack time: 0.064824secs
====Iteration: 34 K====
Current average attack time: 0.0648371secs
====Iteration: 35 K====
Current average attack time: 0.0647921secs
====Iteration: 36 K====
Current average attack time: 0.0648557secs
====Iteration: 37 K====
Current average attack time: 0.0648765secs
====Iteration: 38 K====
Current average attack time: 0.0648728secs
====Iteration: 39 K====
Current average attack time: 0.0648452secs
====Iteration: 40 K====
Current average attack time: 0.064803secs
====Iteration: 41 K====
Current average attack time: 0.0647259secs
====Iteration: 42 K====
Current average attack time: 0.0647237secs
====Iteration: 43 K====
Current average attack time: 0.0647683secs
====Iteration: 44 K====
Current average attack time: 0.0646253secs
====Iteration: 45 K====
Current average attack time: 0.0646246secs
====Iteration: 46 K====
Current average attack time: 0.0645957secs
====Iteration: 47 K====
Current average attack time: 0.0645927secs
====Iteration: 48 K====
Current average attack time: 0.0645722secs
====Iteration: 49 K====
Current average attack time: 0.0646221secs
====Iteration: 50 K====
Current average attack time: 0.0646034secs
====Iteration: 51 K====
Current average attack time: 0.0645718secs
====Iteration: 52 K====
Current average attack time: 0.0645152secs
====Iteration: 53 K====
Current average attack time: 0.0645374secs
====Iteration: 54 K====
Current average attack time: 0.0646018secs
====Iteration: 55 K====
Current average attack time: 0.0646922secs
====Iteration: 56 K====
Current average attack time: 0.0646618secs
====Iteration: 57 K====
Current average attack time: 0.0646713secs
====Iteration: 58 K====
Current average attack time: 0.0647102secs
====Iteration: 59 K====
Current average attack time: 0.0647165secs
====Iteration: 60 K====
Current average attack time: 0.0647457secs
====Iteration: 61 K====
Current average attack time: 0.0647788secs
====Iteration: 62 K====
Current average attack time: 0.0648621secs
====Iteration: 63 K====
Current average attack time: 0.0648924secs
====Iteration: 64 K====
Current average attack time: 0.0648741secs
====Iteration: 65 K====
Current average attack time: 0.064848secs
====Iteration: 66 K====
Current average attack time: 0.0648491secs
====Iteration: 67 K====
Current average attack time: 0.0648765secs
====Iteration: 68 K====
Current average attack time: 0.0648607secs
====Iteration: 69 K====
Current average attack time: 0.0648856secs
====Iteration: 70 K====
Current average attack time: 0.0648376secs
====Iteration: 71 K====
Current average attack time: 0.0648313secs
====Iteration: 72 K====
Current average attack time: 0.0648067secs
====Iteration: 73 K====
Current average attack time: 0.0648034secs
====Iteration: 74 K====
Current average attack time: 0.064839secs
====Iteration: 75 K====
Current average attack time: 0.0648771secs
====Iteration: 76 K====
Current average attack time: 0.0648924secs
====Iteration: 77 K====
Current average attack time: 0.0648453secs
====Iteration: 78 K====
Current average attack time: 0.0648534secs
====Iteration: 79 K====
Current average attack time: 0.0648333secs
====Iteration: 80 K====
Current average attack time: 0.0648603secs
====Iteration: 81 K====
Current average attack time: 0.0648644secs
====Iteration: 82 K====
Current average attack time: 0.0648421secs
====Iteration: 83 K====
Current average attack time: 0.0648424secs
====Iteration: 84 K====
Current average attack time: 0.0648285secs
====Iteration: 85 K====
Current average attack time: 0.0648459secs
====Iteration: 86 K====
Current average attack time: 0.0648235secs
====Iteration: 87 K====
Current average attack time: 0.0648186secs
====Iteration: 88 K====
Current average attack time: 0.0648209secs
====Iteration: 89 K====
Current average attack time: 0.0647875secs
====Iteration: 90 K====
Current average attack time: 0.0648066secs
====Iteration: 91 K====
Current average attack time: 0.0648416secs
====Iteration: 92 K====
Current average attack time: 0.06487secs
====Iteration: 93 K====
Current average attack time: 0.064839secs
====Iteration: 94 K====
Current average attack time: 0.0648127secs
====Iteration: 95 K====
Current average attack time: 0.0647964secs
====Iteration: 96 K====
Current average attack time: 0.0648162secs
====Iteration: 97 K====
Current average attack time: 0.0648067secs
====Iteration: 98 K====
Current average attack time: 0.0647779secs
====Iteration: 99 K====
Current average attack time: 0.0647751secs
====Iteration: 100 K====
Current average attack time: 0.0647827secs
Final Average Attack Time: 0.0647827secs
