=====Used variables in the simulation====
# of Rows (# of Buckets): 131072
Row Hammer Threshold: 2400
Swap Rate: 6
Swap Threshold: 400
# of Deterministic Access per 64ms: 2375
# of Random Guess per 64ms: 1767
RH Probability per 64ms: 0.0133
Simulation iterations: 100000
====Iteration: 1 K====
Current average attack time: 4.93692secs
====Iteration: 2 K====
Current average attack time: 4.89995secs
====Iteration: 3 K====
Current average attack time: 4.92859secs
====Iteration: 4 K====
Current average attack time: 4.93184secs
====Iteration: 5 K====
Current average attack time: 4.89419secs
====Iteration: 6 K====
Current average attack time: 4.88259secs
====Iteration: 7 K====
Current average attack time: 4.89015secs
====Iteration: 8 K====
Current average attack time: 4.90121secs
====Iteration: 9 K====
Current average attack time: 4.86161secs
====Iteration: 10 K====
Current average attack time: 4.85531secs
====Iteration: 11 K====
Current average attack time: 4.85131secs
====Iteration: 12 K====
Current average attack time: 4.85467secs
====Iteration: 13 K====
Current average attack time: 4.84752secs
====Iteration: 14 K====
Current average attack time: 4.84798secs
====Iteration: 15 K====
Current average attack time: 4.83746secs
====Iteration: 16 K====
Current average attack time: 4.8376secs
====Iteration: 17 K====
Current average attack time: 4.82147secs
====Iteration: 18 K====
Current average attack time: 4.81545secs
====Iteration: 19 K====
Current average attack time: 4.80758secs
====Iteration: 20 K====
Current average attack time: 4.81541secs
====Iteration: 21 K====
Current average attack time: 4.8082secs
====Iteration: 22 K====
Current average attack time: 4.80495secs
====Iteration: 23 K====
Current average attack time: 4.81319secs
====Iteration: 24 K====
Current average attack time: 4.79719secs
====Iteration: 25 K====
Current average attack time: 4.79683secs
====Iteration: 26 K====
Current average attack time: 4.79016secs
====Iteration: 27 K====
Current average attack time: 4.7848secs
====Iteration: 28 K====
Current average attack time: 4.77964secs
====Iteration: 29 K====
Current average attack time: 4.77862secs
====Iteration: 30 K====
Current average attack time: 4.78411secs
====Iteration: 31 K====
Current average attack time: 4.78857secs
====Iteration: 32 K====
Current average attack time: 4.79336secs
====Iteration: 33 K====
Current average attack time: 4.79657secs
====Iteration: 34 K====
Current average attack time: 4.80181secs
====Iteration: 35 K====
Current average attack time: 4.79507secs
====Iteration: 36 K====
Current average attack time: 4.79304secs
====Iteration: 37 K====
Current average attack time: 4.79704secs
====Iteration: 38 K====
Current average attack time: 4.79625secs
====Iteration: 39 K====
Current average attack time: 4.7951secs
====Iteration: 40 K====
Current average attack time: 4.79973secs
====Iteration: 41 K====
Current average attack time: 4.80421secs
====Iteration: 42 K====
Current average attack time: 4.79294secs
====Iteration: 43 K====
Current average attack time: 4.79578secs
====Iteration: 44 K====
Current average attack time: 4.7929secs
====Iteration: 45 K====
Current average attack time: 4.79967secs
====Iteration: 46 K====
Current average attack time: 4.79941secs
====Iteration: 47 K====
Current average attack time: 4.80064secs
====Iteration: 48 K====
Current average attack time: 4.79765secs
====Iteration: 49 K====
Current average attack time: 4.80112secs
====Iteration: 50 K====
Current average attack time: 4.80353secs
====Iteration: 51 K====
Current average attack time: 4.80331secs
====Iteration: 52 K====
Current average attack time: 4.79803secs
====Iteration: 53 K====
Current average attack time: 4.79825secs
====Iteration: 54 K====
Current average attack time: 4.80131secs
====Iteration: 55 K====
Current average attack time: 4.80403secs
====Iteration: 56 K====
Current average attack time: 4.80777secs
====Iteration: 57 K====
Current average attack time: 4.80834secs
====Iteration: 58 K====
Current average attack time: 4.80885secs
====Iteration: 59 K====
Current average attack time: 4.80514secs
====Iteration: 60 K====
Current average attack time: 4.80187secs
====Iteration: 61 K====
Current average attack time: 4.79911secs
====Iteration: 62 K====
Current average attack time: 4.79954secs
====Iteration: 63 K====
Current average attack time: 4.80613secs
====Iteration: 64 K====
Current average attack time: 4.80952secs
====Iteration: 65 K====
Current average attack time: 4.80812secs
====Iteration: 66 K====
Current average attack time: 4.80967secs
====Iteration: 67 K====
Current average attack time: 4.81228secs
====Iteration: 68 K====
Current average attack time: 4.8163secs
====Iteration: 69 K====
Current average attack time: 4.81539secs
====Iteration: 70 K====
Current average attack time: 4.81305secs
====Iteration: 71 K====
Current average attack time: 4.81604secs
====Iteration: 72 K====
Current average attack time: 4.81312secs
====Iteration: 73 K====
Current average attack time: 4.81402secs
====Iteration: 74 K====
Current average attack time: 4.81367secs
====Iteration: 75 K====
Current average attack time: 4.81461secs
====Iteration: 76 K====
Current average attack time: 4.81707secs
====Iteration: 77 K====
Current average attack time: 4.81767secs
====Iteration: 78 K====
Current average attack time: 4.81591secs
====Iteration: 79 K====
Current average attack time: 4.817secs
====Iteration: 80 K====
Current average attack time: 4.8165secs
====Iteration: 81 K====
Current average attack time: 4.8118secs
====Iteration: 82 K====
Current average attack time: 4.81464secs
====Iteration: 83 K====
Current average attack time: 4.81761secs
====Iteration: 84 K====
Current average attack time: 4.81584secs
====Iteration: 85 K====
Current average attack time: 4.81532secs
====Iteration: 86 K====
Current average attack time: 4.81744secs
====Iteration: 87 K====
Current average attack time: 4.81867secs
====Iteration: 88 K====
Current average attack time: 4.81913secs
====Iteration: 89 K====
Current average attack time: 4.82042secs
====Iteration: 90 K====
Current average attack time: 4.81724secs
====Iteration: 91 K====
Current average attack time: 4.81745secs
====Iteration: 92 K====
Current average attack time: 4.819secs
====Iteration: 93 K====
Current average attack time: 4.81916secs
====Iteration: 94 K====
Current average attack time: 4.8153secs
====Iteration: 95 K====
Current average attack time: 4.81413secs
====Iteration: 96 K====
Current average attack time: 4.81063secs
====Iteration: 97 K====
Current average attack time: 4.80954secs
====Iteration: 98 K====
Current average attack time: 4.81013secs
====Iteration: 99 K====
Current average attack time: 4.81027secs
====Iteration: 100 K====
Current average attack time: 4.81054secs
Final Average Attack Time: 4.81054secs
