=====Used variables in the simulation====
# of Rows (# of Buckets): 131072
Row Hammer Threshold: 2400
Swap Rate: 6
Swap Threshold: 400
# of Deterministic Access per 64ms: 1850
# of Random Guess per 64ms: 2163
RH Probability per 64ms: 0.000134
Simulation iterations: 100000
====Iteration: 1 K====
Current average attack time: 458.404secs
====Iteration: 2 K====
Current average attack time: 462.968secs
====Iteration: 3 K====
Current average attack time: 469.635secs
====Iteration: 4 K====
Current average attack time: 467.989secs
====Iteration: 5 K====
Current average attack time: 471.709secs
====Iteration: 6 K====
Current average attack time: 473.492secs
====Iteration: 7 K====
Current average attack time: 469.33secs
====Iteration: 8 K====
Current average attack time: 473.5secs
====Iteration: 9 K====
Current average attack time: 472.311secs
====Iteration: 10 K====
Current average attack time: 474.603secs
====Iteration: 11 K====
Current average attack time: 476.194secs
====Iteration: 12 K====
Current average attack time: 476.438secs
====Iteration: 13 K====
Current average attack time: 475.578secs
====Iteration: 14 K====
Current average attack time: 474.86secs
====Iteration: 15 K====
Current average attack time: 475.463secs
====Iteration: 16 K====
Current average attack time: 475.399secs
====Iteration: 17 K====
Current average attack time: 474.28secs
====Iteration: 18 K====
Current average attack time: 472.576secs
====Iteration: 19 K====
Current average attack time: 472.561secs
====Iteration: 20 K====
Current average attack time: 473.623secs
====Iteration: 21 K====
Current average attack time: 474.034secs
====Iteration: 22 K====
Current average attack time: 473.89secs
====Iteration: 23 K====
Current average attack time: 473.616secs
====Iteration: 24 K====
Current average attack time: 473.311secs
====Iteration: 25 K====
Current average attack time: 473.309secs
====Iteration: 26 K====
Current average attack time: 474.352secs
====Iteration: 27 K====
Current average attack time: 474.255secs
====Iteration: 28 K====
Current average attack time: 473.967secs
====Iteration: 29 K====
Current average attack time: 473.732secs
====Iteration: 30 K====
Current average attack time: 473.359secs
====Iteration: 31 K====
Current average attack time: 473.289secs
====Iteration: 32 K====
Current average attack time: 473.452secs
====Iteration: 33 K====
Current average attack time: 473.993secs
====Iteration: 34 K====
Current average attack time: 474.624secs
====Iteration: 35 K====
Current average attack time: 474.794secs
====Iteration: 36 K====
Current average attack time: 475.101secs
====Iteration: 37 K====
Current average attack time: 474.822secs
====Iteration: 38 K====
Current average attack time: 474.901secs
====Iteration: 39 K====
Current average attack time: 474.918secs
====Iteration: 40 K====
Current average attack time: 475.422secs
====Iteration: 41 K====
Current average attack time: 476.021secs
====Iteration: 42 K====
Current average attack time: 476.308secs
====Iteration: 43 K====
Current average attack time: 476.87secs
====Iteration: 44 K====
Current average attack time: 476.836secs
====Iteration: 45 K====
Current average attack time: 476.565secs
====Iteration: 46 K====
Current average attack time: 476.96secs
====Iteration: 47 K====
Current average attack time: 476.468secs
====Iteration: 48 K====
Current average attack time: 476.583secs
====Iteration: 49 K====
Current average attack time: 476.84secs
====Iteration: 50 K====
Current average attack time: 477.265secs
====Iteration: 51 K====
Current average attack time: 477.208secs
====Iteration: 52 K====
Current average attack time: 477.308secs
====Iteration: 53 K====
Current average attack time: 477.411secs
====Iteration: 54 K====
Current average attack time: 477.404secs
====Iteration: 55 K====
Current average attack time: 477.736secs
====Iteration: 56 K====
Current average attack time: 477.518secs
====Iteration: 57 K====
Current average attack time: 477.373secs
====Iteration: 58 K====
Current average attack time: 477.168secs
====Iteration: 59 K====
Current average attack time: 477.209secs
====Iteration: 60 K====
Current average attack time: 476.874secs
====Iteration: 61 K====
Current average attack time: 476.789secs
====Iteration: 62 K====
Current average attack time: 476.567secs
====Iteration: 63 K====
Current average attack time: 476.534secs
====Iteration: 64 K====
Current average attack time: 476.533secs
====Iteration: 65 K====
Current average attack time: 476.388secs
====Iteration: 66 K====
Current average attack time: 476.598secs
====Iteration: 67 K====
Current average attack time: 476.612secs
====Iteration: 68 K====
Current average attack time: 476.747secs
====Iteration: 69 K====
Current average attack time: 477.073secs
====Iteration: 70 K====
Current average attack time: 477.088secs
====Iteration: 71 K====
Current average attack time: 476.982secs
====Iteration: 72 K====
Current average attack time: 476.9secs
====Iteration: 73 K====
Current average attack time: 476.956secs
====Iteration: 74 K====
Current average attack time: 476.977secs
====Iteration: 75 K====
Current average attack time: 477.15secs
====Iteration: 76 K====
Current average attack time: 477.475secs
====Iteration: 77 K====
Current average attack time: 477.187secs
====Iteration: 78 K====
Current average attack time: 477.162secs
====Iteration: 79 K====
Current average attack time: 477.236secs
====Iteration: 80 K====
Current average attack time: 476.969secs
====Iteration: 81 K====
Current average attack time: 477.21secs
====Iteration: 82 K====
Current average attack time: 477.277secs
====Iteration: 83 K====
Current average attack time: 477.676secs
====Iteration: 84 K====
Current average attack time: 477.953secs
====Iteration: 85 K====
Current average attack time: 477.816secs
====Iteration: 86 K====
Current average attack time: 478secs
====Iteration: 87 K====
Current average attack time: 477.925secs
====Iteration: 88 K====
Current average attack time: 477.894secs
====Iteration: 89 K====
Current average attack time: 477.706secs
====Iteration: 90 K====
Current average attack time: 477.471secs
====Iteration: 91 K====
Current average attack time: 477.554secs
====Iteration: 92 K====
Current average attack time: 477.416secs
====Iteration: 93 K====
Current average attack time: 477.445secs
====Iteration: 94 K====
Current average attack time: 477.779secs
====Iteration: 95 K====
Current average attack time: 477.888secs
====Iteration: 96 K====
Current average attack time: 477.836secs
====Iteration: 97 K====
Current average attack time: 477.601secs
====Iteration: 98 K====
Current average attack time: 477.484secs
====Iteration: 99 K====
Current average attack time: 477.817secs
====Iteration: 100 K====
Current average attack time: 477.788secs
Final Average Attack Time: 477.788secs
