=====Used variables in the simulation====
# of Rows (# of Buckets): 131072
Row Hammer Threshold: 2400
Swap Rate: 6
Swap Threshold: 400
# of Deterministic Access per 64ms: 1250
# of Random Guess per 64ms: 2615
RH Probability per 64ms: 1.3e-06
Simulation iterations: 100000
====Iteration: 1 K====
Current average attack time: 47937.3secs
====Iteration: 2 K====
Current average attack time: 50196.1secs
====Iteration: 3 K====
Current average attack time: 50173.4secs
====Iteration: 4 K====
Current average attack time: 49888.4secs
====Iteration: 5 K====
Current average attack time: 49918.1secs
====Iteration: 6 K====
Current average attack time: 49717.2secs
====Iteration: 7 K====
Current average attack time: 49962.6secs
====Iteration: 8 K====
Current average attack time: 49903.4secs
====Iteration: 9 K====
Current average attack time: 49849.3secs
====Iteration: 10 K====
Current average attack time: 49784.8secs
====Iteration: 11 K====
Current average attack time: 49560.4secs
====Iteration: 12 K====
Current average attack time: 49437secs
====Iteration: 13 K====
Current average attack time: 49444.7secs
====Iteration: 14 K====
Current average attack time: 49347.8secs
====Iteration: 15 K====
Current average attack time: 49688.2secs
====Iteration: 16 K====
Current average attack time: 49628.8secs
====Iteration: 17 K====
Current average attack time: 49664.9secs
====Iteration: 18 K====
Current average attack time: 49656.4secs
====Iteration: 19 K====
Current average attack time: 49681.8secs
====Iteration: 20 K====
Current average attack time: 49547.2secs
====Iteration: 21 K====
Current average attack time: 49414.3secs
====Iteration: 22 K====
Current average attack time: 49341.5secs
====Iteration: 23 K====
Current average attack time: 49413secs
====Iteration: 24 K====
Current average attack time: 49390.7secs
====Iteration: 25 K====
Current average attack time: 49304.4secs
====Iteration: 26 K====
Current average attack time: 49456.7secs
====Iteration: 27 K====
Current average attack time: 49423.8secs
====Iteration: 28 K====
Current average attack time: 49416.9secs
====Iteration: 29 K====
Current average attack time: 49393.4secs
====Iteration: 30 K====
Current average attack time: 49290.5secs
====Iteration: 31 K====
Current average attack time: 49236secs
====Iteration: 32 K====
Current average attack time: 49167.1secs
====Iteration: 33 K====
Current average attack time: 49253.5secs
====Iteration: 34 K====
Current average attack time: 49239.6secs
====Iteration: 35 K====
Current average attack time: 49182.7secs
====Iteration: 36 K====
Current average attack time: 49208.9secs
====Iteration: 37 K====
Current average attack time: 49268.7secs
====Iteration: 38 K====
Current average attack time: 49258.9secs
====Iteration: 39 K====
Current average attack time: 49218.5secs
====Iteration: 40 K====
Current average attack time: 49198.1secs
====Iteration: 41 K====
Current average attack time: 49144.8secs
====Iteration: 42 K====
Current average attack time: 49114.8secs
====Iteration: 43 K====
Current average attack time: 49089.8secs
====Iteration: 44 K====
Current average attack time: 49040.1secs
====Iteration: 45 K====
Current average attack time: 49079.4secs
====Iteration: 46 K====
Current average attack time: 49024.2secs
====Iteration: 47 K====
Current average attack time: 49073.1secs
====Iteration: 48 K====
Current average attack time: 49055.9secs
====Iteration: 49 K====
Current average attack time: 49033.1secs
====Iteration: 50 K====
Current average attack time: 49031.3secs
====Iteration: 51 K====
Current average attack time: 48996.2secs
====Iteration: 52 K====
Current average attack time: 48978.7secs
====Iteration: 53 K====
Current average attack time: 48991.6secs
====Iteration: 54 K====
Current average attack time: 48988.5secs
====Iteration: 55 K====
Current average attack time: 48933.3secs
====Iteration: 56 K====
Current average attack time: 48906.9secs
====Iteration: 57 K====
Current average attack time: 48934.2secs
====Iteration: 58 K====
Current average attack time: 48910.5secs
====Iteration: 59 K====
Current average attack time: 48902.7secs
====Iteration: 60 K====
Current average attack time: 48930.5secs
====Iteration: 61 K====
Current average attack time: 48895.2secs
====Iteration: 62 K====
Current average attack time: 48873.7secs
====Iteration: 63 K====
Current average attack time: 48854.8secs
====Iteration: 64 K====
Current average attack time: 48840.3secs
====Iteration: 65 K====
Current average attack time: 48845secs
====Iteration: 66 K====
Current average attack time: 48831.7secs
====Iteration: 67 K====
Current average attack time: 48821.1secs
====Iteration: 68 K====
Current average attack time: 48826.9secs
====Iteration: 69 K====
Current average attack time: 48835.5secs
====Iteration: 70 K====
Current average attack time: 48862.1secs
====Iteration: 71 K====
Current average attack time: 48893.1secs
====Iteration: 72 K====
Current average attack time: 48940.5secs
====Iteration: 73 K====
Current average attack time: 48951.6secs
====Iteration: 74 K====
Current average attack time: 48941.2secs
====Iteration: 75 K====
Current average attack time: 48956.7secs
====Iteration: 76 K====
Current average attack time: 48959.2secs
====Iteration: 77 K====
Current average attack time: 48997.2secs
====Iteration: 78 K====
Current average attack time: 48990.1secs
====Iteration: 79 K====
Current average attack time: 48970secs
====Iteration: 80 K====
Current average attack time: 48961.1secs
====Iteration: 81 K====
Current average attack time: 48977.4secs
====Iteration: 82 K====
Current average attack time: 48946.1secs
====Iteration: 83 K====
Current average attack time: 48941.4secs
====Iteration: 84 K====
Current average attack time: 48940secs
====Iteration: 85 K====
Current average attack time: 48964.8secs
====Iteration: 86 K====
Current average attack time: 48953.2secs
====Iteration: 87 K====
Current average attack time: 48977.2secs
====Iteration: 88 K====
Current average attack time: 48995.1secs
====Iteration: 89 K====
Current average attack time: 48975.5secs
====Iteration: 90 K====
Current average attack time: 48968.1secs
====Iteration: 91 K====
Current average attack time: 48961.8secs
====Iteration: 92 K====
Current average attack time: 48966.5secs
====Iteration: 93 K====
Current average attack time: 48950.9secs
====Iteration: 94 K====
Current average attack time: 48946.3secs
====Iteration: 95 K====
Current average attack time: 48965.6secs
====Iteration: 96 K====
Current average attack time: 48948.6secs
====Iteration: 97 K====
Current average attack time: 48941.7secs
====Iteration: 98 K====
Current average attack time: 48932.5secs
====Iteration: 99 K====
Current average attack time: 48951.2secs
====Iteration: 100 K====
Current average attack time: 48952secs
Final Average Attack Time: 48952secs
