=====Used variables in the simulation====
# of Rows (# of Buckets): 131072
Row Hammer Threshold: 2400
Swap Rate: 6
Swap Threshold: 400
# of Deterministic Access per 64ms: 1700
# of Random Guess per 64ms: 2276
RH Probability per 64ms: 0.000148
Simulation iterations: 100000
====Iteration: 1 K====
Current average attack time: 435.833secs
====Iteration: 2 K====
Current average attack time: 439.163secs
====Iteration: 3 K====
Current average attack time: 434.999secs
====Iteration: 4 K====
Current average attack time: 436.148secs
====Iteration: 5 K====
Current average attack time: 431.905secs
====Iteration: 6 K====
Current average attack time: 433.321secs
====Iteration: 7 K====
Current average attack time: 431.776secs
====Iteration: 8 K====
Current average attack time: 431.119secs
====Iteration: 9 K====
Current average attack time: 430.946secs
====Iteration: 10 K====
Current average attack time: 431.565secs
====Iteration: 11 K====
Current average attack time: 433.926secs
====Iteration: 12 K====
Current average attack time: 432.367secs
====Iteration: 13 K====
Current average attack time: 433.379secs
====Iteration: 14 K====
Current average attack time: 433.799secs
====Iteration: 15 K====
Current average attack time: 434.45secs
====Iteration: 16 K====
Current average attack time: 433.821secs
====Iteration: 17 K====
Current average attack time: 431.658secs
====Iteration: 18 K====
Current average attack time: 431.615secs
====Iteration: 19 K====
Current average attack time: 432.157secs
====Iteration: 20 K====
Current average attack time: 431.386secs
====Iteration: 21 K====
Current average attack time: 430.179secs
====Iteration: 22 K====
Current average attack time: 430.647secs
====Iteration: 23 K====
Current average attack time: 430.999secs
====Iteration: 24 K====
Current average attack time: 430.996secs
====Iteration: 25 K====
Current average attack time: 430.403secs
====Iteration: 26 K====
Current average attack time: 429.641secs
====Iteration: 27 K====
Current average attack time: 430.18secs
====Iteration: 28 K====
Current average attack time: 430.07secs
====Iteration: 29 K====
Current average attack time: 429.867secs
====Iteration: 30 K====
Current average attack time: 429.474secs
====Iteration: 31 K====
Current average attack time: 430.136secs
====Iteration: 32 K====
Current average attack time: 430.034secs
====Iteration: 33 K====
Current average attack time: 429.706secs
====Iteration: 34 K====
Current average attack time: 429.379secs
====Iteration: 35 K====
Current average attack time: 429.609secs
====Iteration: 36 K====
Current average attack time: 430.073secs
====Iteration: 37 K====
Current average attack time: 430.126secs
====Iteration: 38 K====
Current average attack time: 430.451secs
====Iteration: 39 K====
Current average attack time: 430.948secs
====Iteration: 40 K====
Current average attack time: 431.718secs
====Iteration: 41 K====
Current average attack time: 432.17secs
====Iteration: 42 K====
Current average attack time: 431.797secs
====Iteration: 43 K====
Current average attack time: 431.699secs
====Iteration: 44 K====
Current average attack time: 431.623secs
====Iteration: 45 K====
Current average attack time: 432.121secs
====Iteration: 46 K====
Current average attack time: 432.319secs
====Iteration: 47 K====
Current average attack time: 432.277secs
====Iteration: 48 K====
Current average attack time: 432.356secs
====Iteration: 49 K====
Current average attack time: 432.717secs
====Iteration: 50 K====
Current average attack time: 432.751secs
====Iteration: 51 K====
Current average attack time: 432.328secs
====Iteration: 52 K====
Current average attack time: 431.962secs
====Iteration: 53 K====
Current average attack time: 432.043secs
====Iteration: 54 K====
Current average attack time: 432.36secs
====Iteration: 55 K====
Current average attack time: 431.994secs
====Iteration: 56 K====
Current average attack time: 431.898secs
====Iteration: 57 K====
Current average attack time: 432.003secs
====Iteration: 58 K====
Current average attack time: 431.807secs
====Iteration: 59 K====
Current average attack time: 432.069secs
====Iteration: 60 K====
Current average attack time: 431.925secs
====Iteration: 61 K====
Current average attack time: 432.302secs
====Iteration: 62 K====
Current average attack time: 432.415secs
====Iteration: 63 K====
Current average attack time: 432.115secs
====Iteration: 64 K====
Current average attack time: 431.932secs
====Iteration: 65 K====
Current average attack time: 432.172secs
====Iteration: 66 K====
Current average attack time: 432.495secs
====Iteration: 67 K====
Current average attack time: 432.282secs
====Iteration: 68 K====
Current average attack time: 432.287secs
====Iteration: 69 K====
Current average attack time: 432.063secs
====Iteration: 70 K====
Current average attack time: 432.394secs
====Iteration: 71 K====
Current average attack time: 432.32secs
====Iteration: 72 K====
Current average attack time: 432.302secs
====Iteration: 73 K====
Current average attack time: 432.097secs
====Iteration: 74 K====
Current average attack time: 431.778secs
====Iteration: 75 K====
Current average attack time: 431.578secs
====Iteration: 76 K====
Current average attack time: 431.673secs
====Iteration: 77 K====
Current average attack time: 431.348secs
====Iteration: 78 K====
Current average attack time: 431.391secs
====Iteration: 79 K====
Current average attack time: 431.287secs
====Iteration: 80 K====
Current average attack time: 431.089secs
====Iteration: 81 K====
Current average attack time: 431.067secs
====Iteration: 82 K====
Current average attack time: 431.341secs
====Iteration: 83 K====
Current average attack time: 431.331secs
====Iteration: 84 K====
Current average attack time: 431.265secs
====Iteration: 85 K====
Current average attack time: 431.503secs
====Iteration: 86 K====
Current average attack time: 431.685secs
====Iteration: 87 K====
Current average attack time: 431.935secs
====Iteration: 88 K====
Current average attack time: 432.084secs
====Iteration: 89 K====
Current average attack time: 432.267secs
====Iteration: 90 K====
Current average attack time: 432.571secs
====Iteration: 91 K====
Current average attack time: 432.711secs
====Iteration: 92 K====
Current average attack time: 432.721secs
====Iteration: 93 K====
Current average attack time: 432.727secs
====Iteration: 94 K====
Current average attack time: 432.66secs
====Iteration: 95 K====
Current average attack time: 432.923secs
====Iteration: 96 K====
Current average attack time: 432.962secs
====Iteration: 97 K====
Current average attack time: 432.946secs
====Iteration: 98 K====
Current average attack time: 432.754secs
====Iteration: 99 K====
Current average attack time: 432.731secs
====Iteration: 100 K====
Current average attack time: 432.668secs
Final Average Attack Time: 432.668secs
