=====Used variables in the simulation====
# of Rows (# of Buckets): 131072
Row Hammer Threshold: 2400
Swap Rate: 6
Swap Threshold: 400
# of Deterministic Access per 64ms: 800
# of Random Guess per 64ms: 2954
RH Probability per 64ms: 1.05e-08
Simulation iterations: 100000
====Iteration: 1 K====
Current average attack time: 5.91209e+06secs
====Iteration: 2 K====
Current average attack time: 5.89894e+06secs
====Iteration: 3 K====
Current average attack time: 5.79639e+06secs
====Iteration: 4 K====
Current average attack time: 5.90145e+06secs
====Iteration: 5 K====
Current average attack time: 5.94517e+06secs
====Iteration: 6 K====
Current average attack time: 5.91525e+06secs
====Iteration: 7 K====
Current average attack time: 5.91672e+06secs
====Iteration: 8 K====
Current average attack time: 5.96833e+06secs
====Iteration: 9 K====
Current average attack time: 5.98532e+06secs
====Iteration: 10 K====
Current average attack time: 6.01746e+06secs
====Iteration: 11 K====
Current average attack time: 6.04538e+06secs
====Iteration: 12 K====
Current average attack time: 6.08157e+06secs
====Iteration: 13 K====
Current average attack time: 6.06617e+06secs
====Iteration: 14 K====
Current average attack time: 6.07951e+06secs
====Iteration: 15 K====
Current average attack time: 6.07048e+06secs
====Iteration: 16 K====
Current average attack time: 6.05464e+06secs
====Iteration: 17 K====
Current average attack time: 6.06659e+06secs
====Iteration: 18 K====
Current average attack time: 6.07619e+06secs
====Iteration: 19 K====
Current average attack time: 6.08568e+06secs
====Iteration: 20 K====
Current average attack time: 6.08385e+06secs
====Iteration: 21 K====
Current average attack time: 6.08794e+06secs
====Iteration: 22 K====
Current average attack time: 6.08394e+06secs
====Iteration: 23 K====
Current average attack time: 6.06951e+06secs
====Iteration: 24 K====
Current average attack time: 6.07699e+06secs
====Iteration: 25 K====
Current average attack time: 6.08254e+06secs
====Iteration: 26 K====
Current average attack time: 6.0757e+06secs
====Iteration: 27 K====
Current average attack time: 6.06773e+06secs
====Iteration: 28 K====
Current average attack time: 6.06928e+06secs
====Iteration: 29 K====
Current average attack time: 6.06765e+06secs
====Iteration: 30 K====
Current average attack time: 6.07732e+06secs
====Iteration: 31 K====
Current average attack time: 6.06143e+06secs
====Iteration: 32 K====
Current average attack time: 6.06051e+06secs
====Iteration: 33 K====
Current average attack time: 6.05289e+06secs
====Iteration: 34 K====
Current average attack time: 6.046e+06secs
====Iteration: 35 K====
Current average attack time: 6.04502e+06secs
====Iteration: 36 K====
Current average attack time: 6.04064e+06secs
====Iteration: 37 K====
Current average attack time: 6.04723e+06secs
====Iteration: 38 K====
Current average attack time: 6.03249e+06secs
====Iteration: 39 K====
Current average attack time: 6.03643e+06secs
====Iteration: 40 K====
Current average attack time: 6.04119e+06secs
====Iteration: 41 K====
Current average attack time: 6.04283e+06secs
====Iteration: 42 K====
Current average attack time: 6.04304e+06secs
====Iteration: 43 K====
Current average attack time: 6.03967e+06secs
====Iteration: 44 K====
Current average attack time: 6.04049e+06secs
====Iteration: 45 K====
Current average attack time: 6.04493e+06secs
====Iteration: 46 K====
Current average attack time: 6.03156e+06secs
====Iteration: 47 K====
Current average attack time: 6.04165e+06secs
====Iteration: 48 K====
Current average attack time: 6.05205e+06secs
====Iteration: 49 K====
Current average attack time: 6.05505e+06secs
====Iteration: 50 K====
Current average attack time: 6.05193e+06secs
====Iteration: 51 K====
Current average attack time: 6.05373e+06secs
====Iteration: 52 K====
Current average attack time: 6.0489e+06secs
====Iteration: 53 K====
Current average attack time: 6.05608e+06secs
====Iteration: 54 K====
Current average attack time: 6.05652e+06secs
====Iteration: 55 K====
Current average attack time: 6.05111e+06secs
====Iteration: 56 K====
Current average attack time: 6.05615e+06secs
====Iteration: 57 K====
Current average attack time: 6.05571e+06secs
====Iteration: 58 K====
Current average attack time: 6.05377e+06secs
====Iteration: 59 K====
Current average attack time: 6.05844e+06secs
====Iteration: 60 K====
Current average attack time: 6.0526e+06secs
====Iteration: 61 K====
Current average attack time: 6.05569e+06secs
====Iteration: 62 K====
Current average attack time: 6.05316e+06secs
====Iteration: 63 K====
Current average attack time: 6.05888e+06secs
====Iteration: 64 K====
Current average attack time: 6.05314e+06secs
====Iteration: 65 K====
Current average attack time: 6.05447e+06secs
====Iteration: 66 K====
Current average attack time: 6.05463e+06secs
====Iteration: 67 K====
Current average attack time: 6.05122e+06secs
====Iteration: 68 K====
Current average attack time: 6.05604e+06secs
====Iteration: 69 K====
Current average attack time: 6.0594e+06secs
====Iteration: 70 K====
Current average attack time: 6.0574e+06secs
====Iteration: 71 K====
Current average attack time: 6.0622e+06secs
====Iteration: 72 K====
Current average attack time: 6.06604e+06secs
====Iteration: 73 K====
Current average attack time: 6.06866e+06secs
====Iteration: 74 K====
Current average attack time: 6.0697e+06secs
====Iteration: 75 K====
Current average attack time: 6.07012e+06secs
====Iteration: 76 K====
Current average attack time: 6.07116e+06secs
====Iteration: 77 K====
Current average attack time: 6.07338e+06secs
====Iteration: 78 K====
Current average attack time: 6.07318e+06secs
====Iteration: 79 K====
Current average attack time: 6.07924e+06secs
====Iteration: 80 K====
Current average attack time: 6.08044e+06secs
====Iteration: 81 K====
Current average attack time: 6.0839e+06secs
====Iteration: 82 K====
Current average attack time: 6.08436e+06secs
====Iteration: 83 K====
Current average attack time: 6.08643e+06secs
====Iteration: 84 K====
Current average attack time: 6.08985e+06secs
====Iteration: 85 K====
Current average attack time: 6.09057e+06secs
====Iteration: 86 K====
Current average attack time: 6.09213e+06secs
====Iteration: 87 K====
Current average attack time: 6.09181e+06secs
====Iteration: 88 K====
Current average attack time: 6.09125e+06secs
====Iteration: 89 K====
Current average attack time: 6.08961e+06secs
====Iteration: 90 K====
Current average attack time: 6.08767e+06secs
====Iteration: 91 K====
Current average attack time: 6.09376e+06secs
====Iteration: 92 K====
Current average attack time: 6.09329e+06secs
====Iteration: 93 K====
Current average attack time: 6.09032e+06secs
====Iteration: 94 K====
Current average attack time: 6.09209e+06secs
====Iteration: 95 K====
Current average attack time: 6.09286e+06secs
====Iteration: 96 K====
Current average attack time: 6.09026e+06secs
====Iteration: 97 K====
Current average attack time: 6.08827e+06secs
====Iteration: 98 K====
Current average attack time: 6.08936e+06secs
====Iteration: 99 K====
Current average attack time: 6.08979e+06secs
====Iteration: 100 K====
Current average attack time: 6.09069e+06secs
Final Average Attack Time: 6.09069e+06secs
