=====Used variables in the simulation====
# of Rows (# of Buckets): 131072
Row Hammer Threshold: 2400
Swap Rate: 6
Swap Threshold: 400
# of Deterministic Access per 64ms: 1025
# of Random Guess per 64ms: 2784
RH Probability per 64ms: 8.28e-09
Simulation iterations: 100000
====Iteration: 1 K====
Current average attack time: 7.71192e+06secs
====Iteration: 2 K====
Current average attack time: 7.66201e+06secs
====Iteration: 3 K====
Current average attack time: 7.85288e+06secs
====Iteration: 4 K====
Current average attack time: 7.80599e+06secs
====Iteration: 5 K====
Current average attack time: 7.77142e+06secs
====Iteration: 6 K====
Current average attack time: 7.76008e+06secs
====Iteration: 7 K====
Current average attack time: 7.71289e+06secs
====Iteration: 8 K====
Current average attack time: 7.66399e+06secs
====Iteration: 9 K====
Current average attack time: 7.72741e+06secs
====Iteration: 10 K====
Current average attack time: 7.7176e+06secs
====Iteration: 11 K====
Current average attack time: 7.6711e+06secs
====Iteration: 12 K====
Current average attack time: 7.67493e+06secs
====Iteration: 13 K====
Current average attack time: 7.69002e+06secs
====Iteration: 14 K====
Current average attack time: 7.68749e+06secs
====Iteration: 15 K====
Current average attack time: 7.70266e+06secs
====Iteration: 16 K====
Current average attack time: 7.71349e+06secs
====Iteration: 17 K====
Current average attack time: 7.69736e+06secs
====Iteration: 18 K====
Current average attack time: 7.71621e+06secs
====Iteration: 19 K====
Current average attack time: 7.72246e+06secs
====Iteration: 20 K====
Current average attack time: 7.72105e+06secs
====Iteration: 21 K====
Current average attack time: 7.70097e+06secs
====Iteration: 22 K====
Current average attack time: 7.70643e+06secs
====Iteration: 23 K====
Current average attack time: 7.70798e+06secs
====Iteration: 24 K====
Current average attack time: 7.69171e+06secs
====Iteration: 25 K====
Current average attack time: 7.68434e+06secs
====Iteration: 26 K====
Current average attack time: 7.70055e+06secs
====Iteration: 27 K====
Current average attack time: 7.69969e+06secs
====Iteration: 28 K====
Current average attack time: 7.71014e+06secs
====Iteration: 29 K====
Current average attack time: 7.70471e+06secs
====Iteration: 30 K====
Current average attack time: 7.71346e+06secs
====Iteration: 31 K====
Current average attack time: 7.70864e+06secs
====Iteration: 32 K====
Current average attack time: 7.69819e+06secs
====Iteration: 33 K====
Current average attack time: 7.70351e+06secs
====Iteration: 34 K====
Current average attack time: 7.70554e+06secs
====Iteration: 35 K====
Current average attack time: 7.70804e+06secs
====Iteration: 36 K====
Current average attack time: 7.71387e+06secs
====Iteration: 37 K====
Current average attack time: 7.7312e+06secs
====Iteration: 38 K====
Current average attack time: 7.72746e+06secs
====Iteration: 39 K====
Current average attack time: 7.73156e+06secs
====Iteration: 40 K====
Current average attack time: 7.72464e+06secs
====Iteration: 41 K====
Current average attack time: 7.725e+06secs
====Iteration: 42 K====
Current average attack time: 7.7308e+06secs
====Iteration: 43 K====
Current average attack time: 7.71739e+06secs
====Iteration: 44 K====
Current average attack time: 7.71697e+06secs
====Iteration: 45 K====
Current average attack time: 7.71255e+06secs
====Iteration: 46 K====
Current average attack time: 7.71228e+06secs
====Iteration: 47 K====
Current average attack time: 7.70535e+06secs
====Iteration: 48 K====
Current average attack time: 7.70626e+06secs
====Iteration: 49 K====
Current average attack time: 7.71055e+06secs
====Iteration: 50 K====
Current average attack time: 7.70433e+06secs
====Iteration: 51 K====
Current average attack time: 7.70851e+06secs
====Iteration: 52 K====
Current average attack time: 7.70547e+06secs
====Iteration: 53 K====
Current average attack time: 7.7078e+06secs
====Iteration: 54 K====
Current average attack time: 7.70795e+06secs
====Iteration: 55 K====
Current average attack time: 7.70619e+06secs
====Iteration: 56 K====
Current average attack time: 7.70302e+06secs
====Iteration: 57 K====
Current average attack time: 7.70298e+06secs
====Iteration: 58 K====
Current average attack time: 7.70564e+06secs
====Iteration: 59 K====
Current average attack time: 7.7008e+06secs
====Iteration: 60 K====
Current average attack time: 7.699e+06secs
====Iteration: 61 K====
Current average attack time: 7.69767e+06secs
====Iteration: 62 K====
Current average attack time: 7.69738e+06secs
====Iteration: 63 K====
Current average attack time: 7.70134e+06secs
====Iteration: 64 K====
Current average attack time: 7.69743e+06secs
====Iteration: 65 K====
Current average attack time: 7.70093e+06secs
====Iteration: 66 K====
Current average attack time: 7.70205e+06secs
====Iteration: 67 K====
Current average attack time: 7.70079e+06secs
====Iteration: 68 K====
Current average attack time: 7.69979e+06secs
====Iteration: 69 K====
Current average attack time: 7.69832e+06secs
====Iteration: 70 K====
Current average attack time: 7.69343e+06secs
====Iteration: 71 K====
Current average attack time: 7.70034e+06secs
====Iteration: 72 K====
Current average attack time: 7.69315e+06secs
====Iteration: 73 K====
Current average attack time: 7.69339e+06secs
====Iteration: 74 K====
Current average attack time: 7.68995e+06secs
====Iteration: 75 K====
Current average attack time: 7.68981e+06secs
====Iteration: 76 K====
Current average attack time: 7.69262e+06secs
====Iteration: 77 K====
Current average attack time: 7.68943e+06secs
====Iteration: 78 K====
Current average attack time: 7.6908e+06secs
====Iteration: 79 K====
Current average attack time: 7.69541e+06secs
====Iteration: 80 K====
Current average attack time: 7.69508e+06secs
====Iteration: 81 K====
Current average attack time: 7.69481e+06secs
====Iteration: 82 K====
Current average attack time: 7.69287e+06secs
====Iteration: 83 K====
Current average attack time: 7.6994e+06secs
====Iteration: 84 K====
Current average attack time: 7.70352e+06secs
====Iteration: 85 K====
Current average attack time: 7.71059e+06secs
====Iteration: 86 K====
Current average attack time: 7.71071e+06secs
====Iteration: 87 K====
Current average attack time: 7.70918e+06secs
====Iteration: 88 K====
Current average attack time: 7.70931e+06secs
====Iteration: 89 K====
Current average attack time: 7.70902e+06secs
====Iteration: 90 K====
Current average attack time: 7.70892e+06secs
====Iteration: 91 K====
Current average attack time: 7.70887e+06secs
====Iteration: 92 K====
Current average attack time: 7.70735e+06secs
====Iteration: 93 K====
Current average attack time: 7.70621e+06secs
====Iteration: 94 K====
Current average attack time: 7.70265e+06secs
====Iteration: 95 K====
Current average attack time: 7.70321e+06secs
====Iteration: 96 K====
Current average attack time: 7.70311e+06secs
====Iteration: 97 K====
Current average attack time: 7.69849e+06secs
====Iteration: 98 K====
Current average attack time: 7.69777e+06secs
====Iteration: 99 K====
Current average attack time: 7.69801e+06secs
====Iteration: 100 K====
Current average attack time: 7.70247e+06secs
Final Average Attack Time: 7.70247e+06secs
