=====Used variables in the simulation====
# of Rows (# of Buckets): 131072
Row Hammer Threshold: 2400
Swap Rate: 6
Swap Threshold: 400
# of Deterministic Access per 64ms: 1775
# of Random Guess per 64ms: 2219
RH Probability per 64ms: 0.000141
Simulation iterations: 100000
====Iteration: 1 K====
Current average attack time: 460.373secs
====Iteration: 2 K====
Current average attack time: 459.963secs
====Iteration: 3 K====
Current average attack time: 461.502secs
====Iteration: 4 K====
Current average attack time: 459.266secs
====Iteration: 5 K====
Current average attack time: 455.874secs
====Iteration: 6 K====
Current average attack time: 452.778secs
====Iteration: 7 K====
Current average attack time: 454.037secs
====Iteration: 8 K====
Current average attack time: 451.333secs
====Iteration: 9 K====
Current average attack time: 450.612secs
====Iteration: 10 K====
Current average attack time: 453.225secs
====Iteration: 11 K====
Current average attack time: 454.784secs
====Iteration: 12 K====
Current average attack time: 451.889secs
====Iteration: 13 K====
Current average attack time: 451.955secs
====Iteration: 14 K====
Current average attack time: 451.286secs
====Iteration: 15 K====
Current average attack time: 451.134secs
====Iteration: 16 K====
Current average attack time: 451.488secs
====Iteration: 17 K====
Current average attack time: 451.441secs
====Iteration: 18 K====
Current average attack time: 450.451secs
====Iteration: 19 K====
Current average attack time: 450.874secs
====Iteration: 20 K====
Current average attack time: 451.619secs
====Iteration: 21 K====
Current average attack time: 451.302secs
====Iteration: 22 K====
Current average attack time: 451.692secs
====Iteration: 23 K====
Current average attack time: 451.04secs
====Iteration: 24 K====
Current average attack time: 452.766secs
====Iteration: 25 K====
Current average attack time: 451.965secs
====Iteration: 26 K====
Current average attack time: 452.767secs
====Iteration: 27 K====
Current average attack time: 452.917secs
====Iteration: 28 K====
Current average attack time: 452.437secs
====Iteration: 29 K====
Current average attack time: 452.376secs
====Iteration: 30 K====
Current average attack time: 451.767secs
====Iteration: 31 K====
Current average attack time: 452.734secs
====Iteration: 32 K====
Current average attack time: 452.332secs
====Iteration: 33 K====
Current average attack time: 452.043secs
====Iteration: 34 K====
Current average attack time: 452.118secs
====Iteration: 35 K====
Current average attack time: 451.62secs
====Iteration: 36 K====
Current average attack time: 451.651secs
====Iteration: 37 K====
Current average attack time: 452.118secs
====Iteration: 38 K====
Current average attack time: 453.126secs
====Iteration: 39 K====
Current average attack time: 453.166secs
====Iteration: 40 K====
Current average attack time: 452.859secs
====Iteration: 41 K====
Current average attack time: 452.616secs
====Iteration: 42 K====
Current average attack time: 453.203secs
====Iteration: 43 K====
Current average attack time: 453.353secs
====Iteration: 44 K====
Current average attack time: 453.149secs
====Iteration: 45 K====
Current average attack time: 452.961secs
====Iteration: 46 K====
Current average attack time: 453.02secs
====Iteration: 47 K====
Current average attack time: 452.579secs
====Iteration: 48 K====
Current average attack time: 453.057secs
====Iteration: 49 K====
Current average attack time: 453.421secs
====Iteration: 50 K====
Current average attack time: 453.752secs
====Iteration: 51 K====
Current average attack time: 454.016secs
====Iteration: 52 K====
Current average attack time: 454.267secs
====Iteration: 53 K====
Current average attack time: 454.376secs
====Iteration: 54 K====
Current average attack time: 454.549secs
====Iteration: 55 K====
Current average attack time: 454.367secs
====Iteration: 56 K====
Current average attack time: 454.28secs
====Iteration: 57 K====
Current average attack time: 454.268secs
====Iteration: 58 K====
Current average attack time: 454.26secs
====Iteration: 59 K====
Current average attack time: 453.96secs
====Iteration: 60 K====
Current average attack time: 453.968secs
====Iteration: 61 K====
Current average attack time: 453.794secs
====Iteration: 62 K====
Current average attack time: 453.437secs
====Iteration: 63 K====
Current average attack time: 453.351secs
====Iteration: 64 K====
Current average attack time: 453.15secs
====Iteration: 65 K====
Current average attack time: 453.601secs
====Iteration: 66 K====
Current average attack time: 453.726secs
====Iteration: 67 K====
Current average attack time: 453.755secs
====Iteration: 68 K====
Current average attack time: 453.687secs
====Iteration: 69 K====
Current average attack time: 453.663secs
====Iteration: 70 K====
Current average attack time: 453.463secs
====Iteration: 71 K====
Current average attack time: 453.205secs
====Iteration: 72 K====
Current average attack time: 453.168secs
====Iteration: 73 K====
Current average attack time: 453.18secs
====Iteration: 74 K====
Current average attack time: 453.398secs
====Iteration: 75 K====
Current average attack time: 453.19secs
====Iteration: 76 K====
Current average attack time: 453.274secs
====Iteration: 77 K====
Current average attack time: 453.556secs
====Iteration: 78 K====
Current average attack time: 453.994secs
====Iteration: 79 K====
Current average attack time: 453.985secs
====Iteration: 80 K====
Current average attack time: 454.02secs
====Iteration: 81 K====
Current average attack time: 453.88secs
====Iteration: 82 K====
Current average attack time: 454.017secs
====Iteration: 83 K====
Current average attack time: 453.919secs
====Iteration: 84 K====
Current average attack time: 454.023secs
====Iteration: 85 K====
Current average attack time: 453.929secs
====Iteration: 86 K====
Current average attack time: 453.828secs
====Iteration: 87 K====
Current average attack time: 453.824secs
====Iteration: 88 K====
Current average attack time: 453.749secs
====Iteration: 89 K====
Current average attack time: 453.754secs
====Iteration: 90 K====
Current average attack time: 453.673secs
====Iteration: 91 K====
Current average attack time: 453.802secs
====Iteration: 92 K====
Current average attack time: 453.646secs
====Iteration: 93 K====
Current average attack time: 453.806secs
====Iteration: 94 K====
Current average attack time: 453.881secs
====Iteration: 95 K====
Current average attack time: 454.011secs
====Iteration: 96 K====
Current average attack time: 453.997secs
====Iteration: 97 K====
Current average attack time: 454.202secs
====Iteration: 98 K====
Current average attack time: 454.418secs
====Iteration: 99 K====
Current average attack time: 454.436secs
====Iteration: 100 K====
Current average attack time: 454.644secs
Final Average Attack Time: 454.644secs
