=====Used variables in the simulation====
# of Rows (# of Buckets): 131072
Row Hammer Threshold: 2400
Swap Rate: 6
Swap Threshold: 400
# of Deterministic Access per 64ms: 800
# of Random Guess per 64ms: 2954
RH Probability per 64ms: 1.05e-08
Simulation iterations: 100000
====Iteration: 1 K====
Current average attack time: 6.51004e+06secs
====Iteration: 2 K====
Current average attack time: 6.38652e+06secs
====Iteration: 3 K====
Current average attack time: 6.2223e+06secs
====Iteration: 4 K====
Current average attack time: 6.20678e+06secs
====Iteration: 5 K====
Current average attack time: 6.15762e+06secs
====Iteration: 6 K====
Current average attack time: 6.1036e+06secs
====Iteration: 7 K====
Current average attack time: 6.06992e+06secs
====Iteration: 8 K====
Current average attack time: 6.05185e+06secs
====Iteration: 9 K====
Current average attack time: 6.04796e+06secs
====Iteration: 10 K====
Current average attack time: 6.0389e+06secs
====Iteration: 11 K====
Current average attack time: 6.03815e+06secs
====Iteration: 12 K====
Current average attack time: 6.03152e+06secs
====Iteration: 13 K====
Current average attack time: 6.04543e+06secs
====Iteration: 14 K====
Current average attack time: 6.0706e+06secs
====Iteration: 15 K====
Current average attack time: 6.07906e+06secs
====Iteration: 16 K====
Current average attack time: 6.09223e+06secs
====Iteration: 17 K====
Current average attack time: 6.09189e+06secs
====Iteration: 18 K====
Current average attack time: 6.08111e+06secs
====Iteration: 19 K====
Current average attack time: 6.05841e+06secs
====Iteration: 20 K====
Current average attack time: 6.06267e+06secs
====Iteration: 21 K====
Current average attack time: 6.07698e+06secs
====Iteration: 22 K====
Current average attack time: 6.0892e+06secs
====Iteration: 23 K====
Current average attack time: 6.07886e+06secs
====Iteration: 24 K====
Current average attack time: 6.08987e+06secs
====Iteration: 25 K====
Current average attack time: 6.09931e+06secs
====Iteration: 26 K====
Current average attack time: 6.08752e+06secs
====Iteration: 27 K====
Current average attack time: 6.10264e+06secs
====Iteration: 28 K====
Current average attack time: 6.10183e+06secs
====Iteration: 29 K====
Current average attack time: 6.10815e+06secs
====Iteration: 30 K====
Current average attack time: 6.10679e+06secs
====Iteration: 31 K====
Current average attack time: 6.10033e+06secs
====Iteration: 32 K====
Current average attack time: 6.10249e+06secs
====Iteration: 33 K====
Current average attack time: 6.10478e+06secs
====Iteration: 34 K====
Current average attack time: 6.09546e+06secs
====Iteration: 35 K====
Current average attack time: 6.09687e+06secs
====Iteration: 36 K====
Current average attack time: 6.09463e+06secs
====Iteration: 37 K====
Current average attack time: 6.08991e+06secs
====Iteration: 38 K====
Current average attack time: 6.09097e+06secs
====Iteration: 39 K====
Current average attack time: 6.09019e+06secs
====Iteration: 40 K====
Current average attack time: 6.08396e+06secs
====Iteration: 41 K====
Current average attack time: 6.08574e+06secs
====Iteration: 42 K====
Current average attack time: 6.08115e+06secs
====Iteration: 43 K====
Current average attack time: 6.08424e+06secs
====Iteration: 44 K====
Current average attack time: 6.09044e+06secs
====Iteration: 45 K====
Current average attack time: 6.07924e+06secs
====Iteration: 46 K====
Current average attack time: 6.07467e+06secs
====Iteration: 47 K====
Current average attack time: 6.07609e+06secs
====Iteration: 48 K====
Current average attack time: 6.08285e+06secs
====Iteration: 49 K====
Current average attack time: 6.0902e+06secs
====Iteration: 50 K====
Current average attack time: 6.08885e+06secs
====Iteration: 51 K====
Current average attack time: 6.09059e+06secs
====Iteration: 52 K====
Current average attack time: 6.09071e+06secs
====Iteration: 53 K====
Current average attack time: 6.08725e+06secs
====Iteration: 54 K====
Current average attack time: 6.08512e+06secs
====Iteration: 55 K====
Current average attack time: 6.08938e+06secs
====Iteration: 56 K====
Current average attack time: 6.09024e+06secs
====Iteration: 57 K====
Current average attack time: 6.09136e+06secs
====Iteration: 58 K====
Current average attack time: 6.09748e+06secs
====Iteration: 59 K====
Current average attack time: 6.09757e+06secs
====Iteration: 60 K====
Current average attack time: 6.09572e+06secs
====Iteration: 61 K====
Current average attack time: 6.09802e+06secs
====Iteration: 62 K====
Current average attack time: 6.10186e+06secs
====Iteration: 63 K====
Current average attack time: 6.10398e+06secs
====Iteration: 64 K====
Current average attack time: 6.10404e+06secs
====Iteration: 65 K====
Current average attack time: 6.10182e+06secs
====Iteration: 66 K====
Current average attack time: 6.0981e+06secs
====Iteration: 67 K====
Current average attack time: 6.09799e+06secs
====Iteration: 68 K====
Current average attack time: 6.09821e+06secs
====Iteration: 69 K====
Current average attack time: 6.09598e+06secs
====Iteration: 70 K====
Current average attack time: 6.09539e+06secs
====Iteration: 71 K====
Current average attack time: 6.09431e+06secs
====Iteration: 72 K====
Current average attack time: 6.1006e+06secs
====Iteration: 73 K====
Current average attack time: 6.101e+06secs
====Iteration: 74 K====
Current average attack time: 6.10486e+06secs
====Iteration: 75 K====
Current average attack time: 6.1065e+06secs
====Iteration: 76 K====
Current average attack time: 6.10272e+06secs
====Iteration: 77 K====
Current average attack time: 6.09964e+06secs
====Iteration: 78 K====
Current average attack time: 6.09742e+06secs
====Iteration: 79 K====
Current average attack time: 6.09395e+06secs
====Iteration: 80 K====
Current average attack time: 6.09646e+06secs
====Iteration: 81 K====
Current average attack time: 6.09818e+06secs
====Iteration: 82 K====
Current average attack time: 6.09913e+06secs
====Iteration: 83 K====
Current average attack time: 6.09546e+06secs
====Iteration: 84 K====
Current average attack time: 6.09616e+06secs
====Iteration: 85 K====
Current average attack time: 6.09584e+06secs
====Iteration: 86 K====
Current average attack time: 6.09194e+06secs
====Iteration: 87 K====
Current average attack time: 6.09354e+06secs
====Iteration: 88 K====
Current average attack time: 6.09108e+06secs
====Iteration: 89 K====
Current average attack time: 6.08925e+06secs
====Iteration: 90 K====
Current average attack time: 6.08898e+06secs
====Iteration: 91 K====
Current average attack time: 6.08788e+06secs
====Iteration: 92 K====
Current average attack time: 6.0863e+06secs
====Iteration: 93 K====
Current average attack time: 6.08535e+06secs
====Iteration: 94 K====
Current average attack time: 6.08474e+06secs
====Iteration: 95 K====
Current average attack time: 6.08615e+06secs
====Iteration: 96 K====
Current average attack time: 6.085e+06secs
====Iteration: 97 K====
Current average attack time: 6.08461e+06secs
====Iteration: 98 K====
Current average attack time: 6.08121e+06secs
====Iteration: 99 K====
Current average attack time: 6.08032e+06secs
====Iteration: 100 K====
Current average attack time: 6.07976e+06secs
Final Average Attack Time: 6.07976e+06secs
