=====Used variables in the simulation====
# of Rows (# of Buckets): 131072
Row Hammer Threshold: 2400
Swap Rate: 6
Swap Threshold: 400
# of Deterministic Access per 64ms: 1625
# of Random Guess per 64ms: 2332
RH Probability per 64ms: 0.000155
Simulation iterations: 100000
====Iteration: 1 K====
Current average attack time: 410.496secs
====Iteration: 2 K====
Current average attack time: 416.355secs
====Iteration: 3 K====
Current average attack time: 413.091secs
====Iteration: 4 K====
Current average attack time: 420.289secs
====Iteration: 5 K====
Current average attack time: 419.114secs
====Iteration: 6 K====
Current average attack time: 417.359secs
====Iteration: 7 K====
Current average attack time: 416.556secs
====Iteration: 8 K====
Current average attack time: 415.183secs
====Iteration: 9 K====
Current average attack time: 417.105secs
====Iteration: 10 K====
Current average attack time: 414.522secs
====Iteration: 11 K====
Current average attack time: 413.359secs
====Iteration: 12 K====
Current average attack time: 411.655secs
====Iteration: 13 K====
Current average attack time: 410.336secs
====Iteration: 14 K====
Current average attack time: 410.497secs
====Iteration: 15 K====
Current average attack time: 410.671secs
====Iteration: 16 K====
Current average attack time: 410.143secs
====Iteration: 17 K====
Current average attack time: 410.866secs
====Iteration: 18 K====
Current average attack time: 409.381secs
====Iteration: 19 K====
Current average attack time: 408.357secs
====Iteration: 20 K====
Current average attack time: 407.9secs
====Iteration: 21 K====
Current average attack time: 407.935secs
====Iteration: 22 K====
Current average attack time: 409.126secs
====Iteration: 23 K====
Current average attack time: 409.853secs
====Iteration: 24 K====
Current average attack time: 409.416secs
====Iteration: 25 K====
Current average attack time: 410.889secs
====Iteration: 26 K====
Current average attack time: 410.355secs
====Iteration: 27 K====
Current average attack time: 410.501secs
====Iteration: 28 K====
Current average attack time: 411.256secs
====Iteration: 29 K====
Current average attack time: 410.777secs
====Iteration: 30 K====
Current average attack time: 410.812secs
====Iteration: 31 K====
Current average attack time: 410.536secs
====Iteration: 32 K====
Current average attack time: 410.679secs
====Iteration: 33 K====
Current average attack time: 410.895secs
====Iteration: 34 K====
Current average attack time: 410.95secs
====Iteration: 35 K====
Current average attack time: 411.076secs
====Iteration: 36 K====
Current average attack time: 411.41secs
====Iteration: 37 K====
Current average attack time: 411.362secs
====Iteration: 38 K====
Current average attack time: 410.821secs
====Iteration: 39 K====
Current average attack time: 410.612secs
====Iteration: 40 K====
Current average attack time: 411.298secs
====Iteration: 41 K====
Current average attack time: 411.329secs
====Iteration: 42 K====
Current average attack time: 411.362secs
====Iteration: 43 K====
Current average attack time: 411.558secs
====Iteration: 44 K====
Current average attack time: 412.151secs
====Iteration: 45 K====
Current average attack time: 412.084secs
====Iteration: 46 K====
Current average attack time: 411.941secs
====Iteration: 47 K====
Current average attack time: 411.716secs
====Iteration: 48 K====
Current average attack time: 412.074secs
====Iteration: 49 K====
Current average attack time: 412.16secs
====Iteration: 50 K====
Current average attack time: 412.278secs
====Iteration: 51 K====
Current average attack time: 412.053secs
====Iteration: 52 K====
Current average attack time: 412.078secs
====Iteration: 53 K====
Current average attack time: 412.164secs
====Iteration: 54 K====
Current average attack time: 412.235secs
====Iteration: 55 K====
Current average attack time: 412.172secs
====Iteration: 56 K====
Current average attack time: 412.115secs
====Iteration: 57 K====
Current average attack time: 411.75secs
====Iteration: 58 K====
Current average attack time: 411.945secs
====Iteration: 59 K====
Current average attack time: 411.825secs
====Iteration: 60 K====
Current average attack time: 411.866secs
====Iteration: 61 K====
Current average attack time: 411.714secs
====Iteration: 62 K====
Current average attack time: 411.662secs
====Iteration: 63 K====
Current average attack time: 411.637secs
====Iteration: 64 K====
Current average attack time: 411.707secs
====Iteration: 65 K====
Current average attack time: 411.567secs
====Iteration: 66 K====
Current average attack time: 411.691secs
====Iteration: 67 K====
Current average attack time: 411.999secs
====Iteration: 68 K====
Current average attack time: 412.571secs
====Iteration: 69 K====
Current average attack time: 412.556secs
====Iteration: 70 K====
Current average attack time: 412.355secs
====Iteration: 71 K====
Current average attack time: 412.55secs
====Iteration: 72 K====
Current average attack time: 412.461secs
====Iteration: 73 K====
Current average attack time: 412.488secs
====Iteration: 74 K====
Current average attack time: 412.647secs
====Iteration: 75 K====
Current average attack time: 412.581secs
====Iteration: 76 K====
Current average attack time: 412.576secs
====Iteration: 77 K====
Current average attack time: 412.425secs
====Iteration: 78 K====
Current average attack time: 412.443secs
====Iteration: 79 K====
Current average attack time: 412.292secs
====Iteration: 80 K====
Current average attack time: 412.345secs
====Iteration: 81 K====
Current average attack time: 412.409secs
====Iteration: 82 K====
Current average attack time: 412.275secs
====Iteration: 83 K====
Current average attack time: 412.274secs
====Iteration: 84 K====
Current average attack time: 412.414secs
====Iteration: 85 K====
Current average attack time: 412.564secs
====Iteration: 86 K====
Current average attack time: 412.417secs
====Iteration: 87 K====
Current average attack time: 412.834secs
====Iteration: 88 K====
Current average attack time: 413.102secs
====Iteration: 89 K====
Current average attack time: 413.19secs
====Iteration: 90 K====
Current average attack time: 413.297secs
====Iteration: 91 K====
Current average attack time: 413.278secs
====Iteration: 92 K====
Current average attack time: 413.268secs
====Iteration: 93 K====
Current average attack time: 413.238secs
====Iteration: 94 K====
Current average attack time: 413.112secs
====Iteration: 95 K====
Current average attack time: 413.092secs
====Iteration: 96 K====
Current average attack time: 412.93secs
====Iteration: 97 K====
Current average attack time: 412.737secs
====Iteration: 98 K====
Current average attack time: 412.604secs
====Iteration: 99 K====
Current average attack time: 412.677secs
====Iteration: 100 K====
Current average attack time: 412.768secs
Final Average Attack Time: 412.768secs
