=====Used variables in the simulation====
# of Rows (# of Buckets): 131072
Row Hammer Threshold: 2400
Swap Rate: 6
Swap Threshold: 400
# of Deterministic Access per 64ms: 1250
# of Random Guess per 64ms: 2615
RH Probability per 64ms: 1.3e-06
Simulation iterations: 100000
====Iteration: 1 K====
Current average attack time: 50063.6secs
====Iteration: 2 K====
Current average attack time: 48558.6secs
====Iteration: 3 K====
Current average attack time: 48727.3secs
====Iteration: 4 K====
Current average attack time: 48839.3secs
====Iteration: 5 K====
Current average attack time: 49134.2secs
====Iteration: 6 K====
Current average attack time: 49515secs
====Iteration: 7 K====
Current average attack time: 49408.4secs
====Iteration: 8 K====
Current average attack time: 49570.6secs
====Iteration: 9 K====
Current average attack time: 49741.8secs
====Iteration: 10 K====
Current average attack time: 49765.5secs
====Iteration: 11 K====
Current average attack time: 49653.8secs
====Iteration: 12 K====
Current average attack time: 49606.5secs
====Iteration: 13 K====
Current average attack time: 49647.7secs
====Iteration: 14 K====
Current average attack time: 49690.3secs
====Iteration: 15 K====
Current average attack time: 49727.2secs
====Iteration: 16 K====
Current average attack time: 49862.3secs
====Iteration: 17 K====
Current average attack time: 49697.1secs
====Iteration: 18 K====
Current average attack time: 49679.8secs
====Iteration: 19 K====
Current average attack time: 49532.4secs
====Iteration: 20 K====
Current average attack time: 49483secs
====Iteration: 21 K====
Current average attack time: 49456.2secs
====Iteration: 22 K====
Current average attack time: 49536secs
====Iteration: 23 K====
Current average attack time: 49510.8secs
====Iteration: 24 K====
Current average attack time: 49445.2secs
====Iteration: 25 K====
Current average attack time: 49461secs
====Iteration: 26 K====
Current average attack time: 49446.7secs
====Iteration: 27 K====
Current average attack time: 49484.1secs
====Iteration: 28 K====
Current average attack time: 49521.7secs
====Iteration: 29 K====
Current average attack time: 49540.7secs
====Iteration: 30 K====
Current average attack time: 49547.7secs
====Iteration: 31 K====
Current average attack time: 49536.3secs
====Iteration: 32 K====
Current average attack time: 49550.2secs
====Iteration: 33 K====
Current average attack time: 49499.8secs
====Iteration: 34 K====
Current average attack time: 49469.8secs
====Iteration: 35 K====
Current average attack time: 49448.4secs
====Iteration: 36 K====
Current average attack time: 49451secs
====Iteration: 37 K====
Current average attack time: 49398secs
====Iteration: 38 K====
Current average attack time: 49381secs
====Iteration: 39 K====
Current average attack time: 49352.8secs
====Iteration: 40 K====
Current average attack time: 49369.5secs
====Iteration: 41 K====
Current average attack time: 49312.2secs
====Iteration: 42 K====
Current average attack time: 49283secs
====Iteration: 43 K====
Current average attack time: 49305.9secs
====Iteration: 44 K====
Current average attack time: 49289.6secs
====Iteration: 45 K====
Current average attack time: 49297.3secs
====Iteration: 46 K====
Current average attack time: 49285.9secs
====Iteration: 47 K====
Current average attack time: 49266.2secs
====Iteration: 48 K====
Current average attack time: 49243.3secs
====Iteration: 49 K====
Current average attack time: 49280.8secs
====Iteration: 50 K====
Current average attack time: 49272.7secs
====Iteration: 51 K====
Current average attack time: 49279.1secs
====Iteration: 52 K====
Current average attack time: 49284.7secs
====Iteration: 53 K====
Current average attack time: 49215.7secs
====Iteration: 54 K====
Current average attack time: 49213.6secs
====Iteration: 55 K====
Current average attack time: 49220.4secs
====Iteration: 56 K====
Current average attack time: 49187.1secs
====Iteration: 57 K====
Current average attack time: 49157.4secs
====Iteration: 58 K====
Current average attack time: 49163.9secs
====Iteration: 59 K====
Current average attack time: 49154.9secs
====Iteration: 60 K====
Current average attack time: 49135.5secs
====Iteration: 61 K====
Current average attack time: 49127.4secs
====Iteration: 62 K====
Current average attack time: 49098.5secs
====Iteration: 63 K====
Current average attack time: 49110.8secs
====Iteration: 64 K====
Current average attack time: 49153.4secs
====Iteration: 65 K====
Current average attack time: 49155.9secs
====Iteration: 66 K====
Current average attack time: 49194.4secs
====Iteration: 67 K====
Current average attack time: 49174.7secs
====Iteration: 68 K====
Current average attack time: 49170.6secs
====Iteration: 69 K====
Current average attack time: 49141.5secs
====Iteration: 70 K====
Current average attack time: 49183.3secs
====Iteration: 71 K====
Current average attack time: 49196.9secs
====Iteration: 72 K====
Current average attack time: 49172.6secs
====Iteration: 73 K====
Current average attack time: 49159secs
====Iteration: 74 K====
Current average attack time: 49190.2secs
====Iteration: 75 K====
Current average attack time: 49223.5secs
====Iteration: 76 K====
Current average attack time: 49265secs
====Iteration: 77 K====
Current average attack time: 49283.7secs
====Iteration: 78 K====
Current average attack time: 49335.2secs
====Iteration: 79 K====
Current average attack time: 49370.5secs
====Iteration: 80 K====
Current average attack time: 49376.5secs
====Iteration: 81 K====
Current average attack time: 49374.4secs
====Iteration: 82 K====
Current average attack time: 49397.1secs
====Iteration: 83 K====
Current average attack time: 49420.3secs
====Iteration: 84 K====
Current average attack time: 49435.6secs
====Iteration: 85 K====
Current average attack time: 49406.7secs
====Iteration: 86 K====
Current average attack time: 49413secs
====Iteration: 87 K====
Current average attack time: 49418.4secs
====Iteration: 88 K====
Current average attack time: 49435.6secs
====Iteration: 89 K====
Current average attack time: 49431.1secs
====Iteration: 90 K====
Current average attack time: 49433.9secs
====Iteration: 91 K====
Current average attack time: 49414.7secs
====Iteration: 92 K====
Current average attack time: 49427.3secs
====Iteration: 93 K====
Current average attack time: 49432secs
====Iteration: 94 K====
Current average attack time: 49429.4secs
====Iteration: 95 K====
Current average attack time: 49433.7secs
====Iteration: 96 K====
Current average attack time: 49424.9secs
====Iteration: 97 K====
Current average attack time: 49456.1secs
====Iteration: 98 K====
Current average attack time: 49475secs
====Iteration: 99 K====
Current average attack time: 49449.3secs
====Iteration: 100 K====
Current average attack time: 49466.7secs
Final Average Attack Time: 49466.7secs
