=====Used variables in the simulation====
# of Rows (# of Buckets): 131072
Row Hammer Threshold: 2400
Swap Rate: 6
Swap Threshold: 400
# of Deterministic Access per 64ms: 1925
# of Random Guess per 64ms: 2106
RH Probability per 64ms: 0.000127
Simulation iterations: 100000
====Iteration: 1 K====
Current average attack time: 501.196secs
====Iteration: 2 K====
Current average attack time: 496.431secs
====Iteration: 3 K====
Current average attack time: 497.421secs
====Iteration: 4 K====
Current average attack time: 487.626secs
====Iteration: 5 K====
Current average attack time: 487.879secs
====Iteration: 6 K====
Current average attack time: 489.395secs
====Iteration: 7 K====
Current average attack time: 487.502secs
====Iteration: 8 K====
Current average attack time: 490.07secs
====Iteration: 9 K====
Current average attack time: 491.914secs
====Iteration: 10 K====
Current average attack time: 492.225secs
====Iteration: 11 K====
Current average attack time: 492.537secs
====Iteration: 12 K====
Current average attack time: 497.347secs
====Iteration: 13 K====
Current average attack time: 498.557secs
====Iteration: 14 K====
Current average attack time: 498.072secs
====Iteration: 15 K====
Current average attack time: 498.027secs
====Iteration: 16 K====
Current average attack time: 499.562secs
====Iteration: 17 K====
Current average attack time: 499.997secs
====Iteration: 18 K====
Current average attack time: 498.392secs
====Iteration: 19 K====
Current average attack time: 499.52secs
====Iteration: 20 K====
Current average attack time: 499.833secs
====Iteration: 21 K====
Current average attack time: 498.854secs
====Iteration: 22 K====
Current average attack time: 499.848secs
====Iteration: 23 K====
Current average attack time: 498.941secs
====Iteration: 24 K====
Current average attack time: 500.24secs
====Iteration: 25 K====
Current average attack time: 500.282secs
====Iteration: 26 K====
Current average attack time: 500.262secs
====Iteration: 27 K====
Current average attack time: 499.72secs
====Iteration: 28 K====
Current average attack time: 500.671secs
====Iteration: 29 K====
Current average attack time: 499.573secs
====Iteration: 30 K====
Current average attack time: 499.645secs
====Iteration: 31 K====
Current average attack time: 500.292secs
====Iteration: 32 K====
Current average attack time: 499.998secs
====Iteration: 33 K====
Current average attack time: 500.729secs
====Iteration: 34 K====
Current average attack time: 500.522secs
====Iteration: 35 K====
Current average attack time: 500.475secs
====Iteration: 36 K====
Current average attack time: 499.79secs
====Iteration: 37 K====
Current average attack time: 500.431secs
====Iteration: 38 K====
Current average attack time: 500.057secs
====Iteration: 39 K====
Current average attack time: 500.322secs
====Iteration: 40 K====
Current average attack time: 500.937secs
====Iteration: 41 K====
Current average attack time: 501.573secs
====Iteration: 42 K====
Current average attack time: 501.434secs
====Iteration: 43 K====
Current average attack time: 501.678secs
====Iteration: 44 K====
Current average attack time: 501.334secs
====Iteration: 45 K====
Current average attack time: 501.926secs
====Iteration: 46 K====
Current average attack time: 501.807secs
====Iteration: 47 K====
Current average attack time: 502.046secs
====Iteration: 48 K====
Current average attack time: 501.483secs
====Iteration: 49 K====
Current average attack time: 501.249secs
====Iteration: 50 K====
Current average attack time: 501.648secs
====Iteration: 51 K====
Current average attack time: 501.845secs
====Iteration: 52 K====
Current average attack time: 501.862secs
====Iteration: 53 K====
Current average attack time: 501.602secs
====Iteration: 54 K====
Current average attack time: 501.61secs
====Iteration: 55 K====
Current average attack time: 501.919secs
====Iteration: 56 K====
Current average attack time: 502.092secs
====Iteration: 57 K====
Current average attack time: 502.384secs
====Iteration: 58 K====
Current average attack time: 502.204secs
====Iteration: 59 K====
Current average attack time: 502.464secs
====Iteration: 60 K====
Current average attack time: 502.388secs
====Iteration: 61 K====
Current average attack time: 502.391secs
====Iteration: 62 K====
Current average attack time: 502.43secs
====Iteration: 63 K====
Current average attack time: 502.492secs
====Iteration: 64 K====
Current average attack time: 502.846secs
====Iteration: 65 K====
Current average attack time: 503.013secs
====Iteration: 66 K====
Current average attack time: 503.065secs
====Iteration: 67 K====
Current average attack time: 503.288secs
====Iteration: 68 K====
Current average attack time: 503.053secs
====Iteration: 69 K====
Current average attack time: 503.592secs
====Iteration: 70 K====
Current average attack time: 503.69secs
====Iteration: 71 K====
Current average attack time: 503.807secs
====Iteration: 72 K====
Current average attack time: 503.323secs
====Iteration: 73 K====
Current average attack time: 503.729secs
====Iteration: 74 K====
Current average attack time: 503.37secs
====Iteration: 75 K====
Current average attack time: 503.649secs
====Iteration: 76 K====
Current average attack time: 504.219secs
====Iteration: 77 K====
Current average attack time: 504.343secs
====Iteration: 78 K====
Current average attack time: 504.3secs
====Iteration: 79 K====
Current average attack time: 504.174secs
====Iteration: 80 K====
Current average attack time: 503.87secs
====Iteration: 81 K====
Current average attack time: 503.795secs
====Iteration: 82 K====
Current average attack time: 503.659secs
====Iteration: 83 K====
Current average attack time: 503.501secs
====Iteration: 84 K====
Current average attack time: 503.659secs
====Iteration: 85 K====
Current average attack time: 503.383secs
====Iteration: 86 K====
Current average attack time: 503.218secs
====Iteration: 87 K====
Current average attack time: 503.419secs
====Iteration: 88 K====
Current average attack time: 503.38secs
====Iteration: 89 K====
Current average attack time: 503.549secs
====Iteration: 90 K====
Current average attack time: 503.815secs
====Iteration: 91 K====
Current average attack time: 503.898secs
====Iteration: 92 K====
Current average attack time: 503.879secs
====Iteration: 93 K====
Current average attack time: 503.802secs
====Iteration: 94 K====
Current average attack time: 503.71secs
====Iteration: 95 K====
Current average attack time: 503.695secs
====Iteration: 96 K====
Current average attack time: 503.447secs
====Iteration: 97 K====
Current average attack time: 503.377secs
====Iteration: 98 K====
Current average attack time: 503.333secs
====Iteration: 99 K====
Current average attack time: 503.164secs
====Iteration: 100 K====
Current average attack time: 503.264secs
Final Average Attack Time: 503.264secs
