=====Used variables in the simulation====
# of Rows (# of Buckets): 131072
Row Hammer Threshold: 2400
Swap Rate: 6
Swap Threshold: 400
# of Deterministic Access per 64ms: 1400
# of Random Guess per 64ms: 2502
RH Probability per 64ms: 1.14e-06
Simulation iterations: 100000
====Iteration: 1 K====
Current average attack time: 55427.4secs
====Iteration: 2 K====
Current average attack time: 55245.9secs
====Iteration: 3 K====
Current average attack time: 54803.6secs
====Iteration: 4 K====
Current average attack time: 55902.6secs
====Iteration: 5 K====
Current average attack time: 56332.1secs
====Iteration: 6 K====
Current average attack time: 55942.9secs
====Iteration: 7 K====
Current average attack time: 55685secs
====Iteration: 8 K====
Current average attack time: 56363.1secs
====Iteration: 9 K====
Current average attack time: 56572.3secs
====Iteration: 10 K====
Current average attack time: 56269.9secs
====Iteration: 11 K====
Current average attack time: 56141.9secs
====Iteration: 12 K====
Current average attack time: 56074.1secs
====Iteration: 13 K====
Current average attack time: 56013.1secs
====Iteration: 14 K====
Current average attack time: 56267.5secs
====Iteration: 15 K====
Current average attack time: 56229.5secs
====Iteration: 16 K====
Current average attack time: 56315.2secs
====Iteration: 17 K====
Current average attack time: 56272secs
====Iteration: 18 K====
Current average attack time: 56355.4secs
====Iteration: 19 K====
Current average attack time: 56391.9secs
====Iteration: 20 K====
Current average attack time: 56381.3secs
====Iteration: 21 K====
Current average attack time: 56257.5secs
====Iteration: 22 K====
Current average attack time: 56338.4secs
====Iteration: 23 K====
Current average attack time: 56237.5secs
====Iteration: 24 K====
Current average attack time: 56230.5secs
====Iteration: 25 K====
Current average attack time: 56174.8secs
====Iteration: 26 K====
Current average attack time: 56126.7secs
====Iteration: 27 K====
Current average attack time: 56128.7secs
====Iteration: 28 K====
Current average attack time: 55991secs
====Iteration: 29 K====
Current average attack time: 56025.4secs
====Iteration: 30 K====
Current average attack time: 56088secs
====Iteration: 31 K====
Current average attack time: 56023.6secs
====Iteration: 32 K====
Current average attack time: 55991secs
====Iteration: 33 K====
Current average attack time: 56004.4secs
====Iteration: 34 K====
Current average attack time: 56012.5secs
====Iteration: 35 K====
Current average attack time: 55951.8secs
====Iteration: 36 K====
Current average attack time: 55928.7secs
====Iteration: 37 K====
Current average attack time: 55964.2secs
====Iteration: 38 K====
Current average attack time: 56086.5secs
====Iteration: 39 K====
Current average attack time: 56076.1secs
====Iteration: 40 K====
Current average attack time: 56115.7secs
====Iteration: 41 K====
Current average attack time: 56117.1secs
====Iteration: 42 K====
Current average attack time: 56169.1secs
====Iteration: 43 K====
Current average attack time: 56191.6secs
====Iteration: 44 K====
Current average attack time: 56108.7secs
====Iteration: 45 K====
Current average attack time: 56093.2secs
====Iteration: 46 K====
Current average attack time: 56146.9secs
====Iteration: 47 K====
Current average attack time: 56117.8secs
====Iteration: 48 K====
Current average attack time: 56071secs
====Iteration: 49 K====
Current average attack time: 56026.3secs
====Iteration: 50 K====
Current average attack time: 56019.9secs
====Iteration: 51 K====
Current average attack time: 55984.2secs
====Iteration: 52 K====
Current average attack time: 55947.9secs
====Iteration: 53 K====
Current average attack time: 55922.5secs
====Iteration: 54 K====
Current average attack time: 55857.6secs
====Iteration: 55 K====
Current average attack time: 55843.4secs
====Iteration: 56 K====
Current average attack time: 55871.8secs
====Iteration: 57 K====
Current average attack time: 55917.4secs
====Iteration: 58 K====
Current average attack time: 55973.6secs
====Iteration: 59 K====
Current average attack time: 55980.7secs
====Iteration: 60 K====
Current average attack time: 55950.5secs
====Iteration: 61 K====
Current average attack time: 55955.3secs
====Iteration: 62 K====
Current average attack time: 55982.2secs
====Iteration: 63 K====
Current average attack time: 55964secs
====Iteration: 64 K====
Current average attack time: 55978.1secs
====Iteration: 65 K====
Current average attack time: 55915secs
====Iteration: 66 K====
Current average attack time: 55927.4secs
====Iteration: 67 K====
Current average attack time: 55917.4secs
====Iteration: 68 K====
Current average attack time: 55947.8secs
====Iteration: 69 K====
Current average attack time: 55887.5secs
====Iteration: 70 K====
Current average attack time: 55884.2secs
====Iteration: 71 K====
Current average attack time: 55880.8secs
====Iteration: 72 K====
Current average attack time: 55888.3secs
====Iteration: 73 K====
Current average attack time: 55859.4secs
====Iteration: 74 K====
Current average attack time: 55833.6secs
====Iteration: 75 K====
Current average attack time: 55840.8secs
====Iteration: 76 K====
Current average attack time: 55863.1secs
====Iteration: 77 K====
Current average attack time: 55843.6secs
====Iteration: 78 K====
Current average attack time: 55848.5secs
====Iteration: 79 K====
Current average attack time: 55830.2secs
====Iteration: 80 K====
Current average attack time: 55821.9secs
====Iteration: 81 K====
Current average attack time: 55834.8secs
====Iteration: 82 K====
Current average attack time: 55820secs
====Iteration: 83 K====
Current average attack time: 55838.6secs
====Iteration: 84 K====
Current average attack time: 55826.7secs
====Iteration: 85 K====
Current average attack time: 55838.8secs
====Iteration: 86 K====
Current average attack time: 55826secs
====Iteration: 87 K====
Current average attack time: 55827.6secs
====Iteration: 88 K====
Current average attack time: 55817.6secs
====Iteration: 89 K====
Current average attack time: 55837secs
====Iteration: 90 K====
Current average attack time: 55820.6secs
====Iteration: 91 K====
Current average attack time: 55805.9secs
====Iteration: 92 K====
Current average attack time: 55779.2secs
====Iteration: 93 K====
Current average attack time: 55771.7secs
====Iteration: 94 K====
Current average attack time: 55784.4secs
====Iteration: 95 K====
Current average attack time: 55769.3secs
====Iteration: 96 K====
Current average attack time: 55780.8secs
====Iteration: 97 K====
Current average attack time: 55771secs
====Iteration: 98 K====
Current average attack time: 55824.9secs
====Iteration: 99 K====
Current average attack time: 55831secs
====Iteration: 100 K====
Current average attack time: 55825.2secs
Final Average Attack Time: 55825.2secs
