=====Used variables in the simulation====
# of Rows (# of Buckets): 131072
Row Hammer Threshold: 2400
Swap Rate: 6
Swap Threshold: 400
# of Deterministic Access per 64ms: 2300
# of Random Guess per 64ms: 1823
RH Probability per 64ms: 0.0137
Simulation iterations: 100000
====Iteration: 1 K====
Current average attack time: 4.72593secs
====Iteration: 2 K====
Current average attack time: 4.63803secs
====Iteration: 3 K====
Current average attack time: 4.66204secs
====Iteration: 4 K====
Current average attack time: 4.548secs
====Iteration: 5 K====
Current average attack time: 4.59359secs
====Iteration: 6 K====
Current average attack time: 4.5893secs
====Iteration: 7 K====
Current average attack time: 4.6028secs
====Iteration: 8 K====
Current average attack time: 4.59405secs
====Iteration: 9 K====
Current average attack time: 4.63153secs
====Iteration: 10 K====
Current average attack time: 4.64039secs
====Iteration: 11 K====
Current average attack time: 4.64384secs
====Iteration: 12 K====
Current average attack time: 4.67068secs
====Iteration: 13 K====
Current average attack time: 4.66861secs
====Iteration: 14 K====
Current average attack time: 4.67081secs
====Iteration: 15 K====
Current average attack time: 4.6651secs
====Iteration: 16 K====
Current average attack time: 4.6513secs
====Iteration: 17 K====
Current average attack time: 4.63686secs
====Iteration: 18 K====
Current average attack time: 4.64548secs
====Iteration: 19 K====
Current average attack time: 4.63417secs
====Iteration: 20 K====
Current average attack time: 4.64189secs
====Iteration: 21 K====
Current average attack time: 4.63706secs
====Iteration: 22 K====
Current average attack time: 4.64691secs
====Iteration: 23 K====
Current average attack time: 4.65889secs
====Iteration: 24 K====
Current average attack time: 4.65834secs
====Iteration: 25 K====
Current average attack time: 4.66668secs
====Iteration: 26 K====
Current average attack time: 4.6576secs
====Iteration: 27 K====
Current average attack time: 4.65431secs
====Iteration: 28 K====
Current average attack time: 4.65855secs
====Iteration: 29 K====
Current average attack time: 4.66667secs
====Iteration: 30 K====
Current average attack time: 4.66927secs
====Iteration: 31 K====
Current average attack time: 4.66974secs
====Iteration: 32 K====
Current average attack time: 4.67233secs
====Iteration: 33 K====
Current average attack time: 4.68026secs
====Iteration: 34 K====
Current average attack time: 4.6807secs
====Iteration: 35 K====
Current average attack time: 4.67947secs
====Iteration: 36 K====
Current average attack time: 4.68013secs
====Iteration: 37 K====
Current average attack time: 4.67768secs
====Iteration: 38 K====
Current average attack time: 4.67797secs
====Iteration: 39 K====
Current average attack time: 4.66824secs
====Iteration: 40 K====
Current average attack time: 4.67053secs
====Iteration: 41 K====
Current average attack time: 4.66934secs
====Iteration: 42 K====
Current average attack time: 4.67412secs
====Iteration: 43 K====
Current average attack time: 4.66781secs
====Iteration: 44 K====
Current average attack time: 4.67219secs
====Iteration: 45 K====
Current average attack time: 4.6767secs
====Iteration: 46 K====
Current average attack time: 4.67782secs
====Iteration: 47 K====
Current average attack time: 4.67845secs
====Iteration: 48 K====
Current average attack time: 4.68287secs
====Iteration: 49 K====
Current average attack time: 4.67916secs
====Iteration: 50 K====
Current average attack time: 4.6833secs
====Iteration: 51 K====
Current average attack time: 4.6813secs
====Iteration: 52 K====
Current average attack time: 4.68399secs
====Iteration: 53 K====
Current average attack time: 4.68305secs
====Iteration: 54 K====
Current average attack time: 4.68328secs
====Iteration: 55 K====
Current average attack time: 4.68172secs
====Iteration: 56 K====
Current average attack time: 4.68162secs
====Iteration: 57 K====
Current average attack time: 4.67827secs
====Iteration: 58 K====
Current average attack time: 4.67649secs
====Iteration: 59 K====
Current average attack time: 4.67406secs
====Iteration: 60 K====
Current average attack time: 4.67616secs
====Iteration: 61 K====
Current average attack time: 4.67908secs
====Iteration: 62 K====
Current average attack time: 4.67835secs
====Iteration: 63 K====
Current average attack time: 4.68042secs
====Iteration: 64 K====
Current average attack time: 4.68034secs
====Iteration: 65 K====
Current average attack time: 4.67955secs
====Iteration: 66 K====
Current average attack time: 4.67773secs
====Iteration: 67 K====
Current average attack time: 4.67854secs
====Iteration: 68 K====
Current average attack time: 4.67878secs
====Iteration: 69 K====
Current average attack time: 4.68138secs
====Iteration: 70 K====
Current average attack time: 4.68038secs
====Iteration: 71 K====
Current average attack time: 4.68002secs
====Iteration: 72 K====
Current average attack time: 4.67839secs
====Iteration: 73 K====
Current average attack time: 4.67626secs
====Iteration: 74 K====
Current average attack time: 4.67541secs
====Iteration: 75 K====
Current average attack time: 4.67463secs
====Iteration: 76 K====
Current average attack time: 4.67678secs
====Iteration: 77 K====
Current average attack time: 4.67503secs
====Iteration: 78 K====
Current average attack time: 4.67517secs
====Iteration: 79 K====
Current average attack time: 4.67405secs
====Iteration: 80 K====
Current average attack time: 4.67713secs
====Iteration: 81 K====
Current average attack time: 4.68111secs
====Iteration: 82 K====
Current average attack time: 4.68001secs
====Iteration: 83 K====
Current average attack time: 4.6781secs
====Iteration: 84 K====
Current average attack time: 4.68044secs
====Iteration: 85 K====
Current average attack time: 4.68117secs
====Iteration: 86 K====
Current average attack time: 4.68113secs
====Iteration: 87 K====
Current average attack time: 4.67594secs
====Iteration: 88 K====
Current average attack time: 4.67872secs
====Iteration: 89 K====
Current average attack time: 4.68161secs
====Iteration: 90 K====
Current average attack time: 4.68182secs
====Iteration: 91 K====
Current average attack time: 4.68501secs
====Iteration: 92 K====
Current average attack time: 4.68502secs
====Iteration: 93 K====
Current average attack time: 4.68428secs
====Iteration: 94 K====
Current average attack time: 4.68346secs
====Iteration: 95 K====
Current average attack time: 4.68561secs
====Iteration: 96 K====
Current average attack time: 4.68412secs
====Iteration: 97 K====
Current average attack time: 4.68627secs
====Iteration: 98 K====
Current average attack time: 4.68629secs
====Iteration: 99 K====
Current average attack time: 4.68613secs
====Iteration: 100 K====
Current average attack time: 4.68621secs
Final Average Attack Time: 4.68621secs
