=====Used variables in the simulation====
# of Rows (# of Buckets): 131072
Row Hammer Threshold: 2400
Swap Rate: 6
Swap Threshold: 400
# of Deterministic Access per 64ms: 1475
# of Random Guess per 64ms: 2445
RH Probability per 64ms: 1.06e-06
Simulation iterations: 100000
====Iteration: 1 K====
Current average attack time: 61397secs
====Iteration: 2 K====
Current average attack time: 60339.6secs
====Iteration: 3 K====
Current average attack time: 59435.3secs
====Iteration: 4 K====
Current average attack time: 59034.8secs
====Iteration: 5 K====
Current average attack time: 59325secs
====Iteration: 6 K====
Current average attack time: 59751.2secs
====Iteration: 7 K====
Current average attack time: 60090.7secs
====Iteration: 8 K====
Current average attack time: 60264.2secs
====Iteration: 9 K====
Current average attack time: 60193.5secs
====Iteration: 10 K====
Current average attack time: 60025.7secs
====Iteration: 11 K====
Current average attack time: 59999.4secs
====Iteration: 12 K====
Current average attack time: 60202.8secs
====Iteration: 13 K====
Current average attack time: 60178.6secs
====Iteration: 14 K====
Current average attack time: 60302.7secs
====Iteration: 15 K====
Current average attack time: 60337.7secs
====Iteration: 16 K====
Current average attack time: 60341secs
====Iteration: 17 K====
Current average attack time: 60251.3secs
====Iteration: 18 K====
Current average attack time: 60584.4secs
====Iteration: 19 K====
Current average attack time: 60639.2secs
====Iteration: 20 K====
Current average attack time: 60600.4secs
====Iteration: 21 K====
Current average attack time: 60584.8secs
====Iteration: 22 K====
Current average attack time: 60573.6secs
====Iteration: 23 K====
Current average attack time: 60665secs
====Iteration: 24 K====
Current average attack time: 60677.1secs
====Iteration: 25 K====
Current average attack time: 60805.3secs
====Iteration: 26 K====
Current average attack time: 60845.2secs
====Iteration: 27 K====
Current average attack time: 60863.5secs
====Iteration: 28 K====
Current average attack time: 60829.8secs
====Iteration: 29 K====
Current average attack time: 60909.7secs
====Iteration: 30 K====
Current average attack time: 60807.3secs
====Iteration: 31 K====
Current average attack time: 60744.5secs
====Iteration: 32 K====
Current average attack time: 60670.5secs
====Iteration: 33 K====
Current average attack time: 60672secs
====Iteration: 34 K====
Current average attack time: 60712.4secs
====Iteration: 35 K====
Current average attack time: 60719.9secs
====Iteration: 36 K====
Current average attack time: 60724.8secs
====Iteration: 37 K====
Current average attack time: 60662secs
====Iteration: 38 K====
Current average attack time: 60546.9secs
====Iteration: 39 K====
Current average attack time: 60488.6secs
====Iteration: 40 K====
Current average attack time: 60483secs
====Iteration: 41 K====
Current average attack time: 60471.5secs
====Iteration: 42 K====
Current average attack time: 60486.6secs
====Iteration: 43 K====
Current average attack time: 60501.1secs
====Iteration: 44 K====
Current average attack time: 60502.9secs
====Iteration: 45 K====
Current average attack time: 60554.3secs
====Iteration: 46 K====
Current average attack time: 60550.7secs
====Iteration: 47 K====
Current average attack time: 60473secs
====Iteration: 48 K====
Current average attack time: 60475.4secs
====Iteration: 49 K====
Current average attack time: 60431.3secs
====Iteration: 50 K====
Current average attack time: 60419.8secs
====Iteration: 51 K====
Current average attack time: 60399.6secs
====Iteration: 52 K====
Current average attack time: 60448.1secs
====Iteration: 53 K====
Current average attack time: 60441.9secs
====Iteration: 54 K====
Current average attack time: 60490.6secs
====Iteration: 55 K====
Current average attack time: 60505.4secs
====Iteration: 56 K====
Current average attack time: 60423.3secs
====Iteration: 57 K====
Current average attack time: 60366.5secs
====Iteration: 58 K====
Current average attack time: 60350.1secs
====Iteration: 59 K====
Current average attack time: 60335.7secs
====Iteration: 60 K====
Current average attack time: 60378.5secs
====Iteration: 61 K====
Current average attack time: 60400.8secs
====Iteration: 62 K====
Current average attack time: 60518.3secs
====Iteration: 63 K====
Current average attack time: 60545.3secs
====Iteration: 64 K====
Current average attack time: 60587.4secs
====Iteration: 65 K====
Current average attack time: 60576.6secs
====Iteration: 66 K====
Current average attack time: 60528.8secs
====Iteration: 67 K====
Current average attack time: 60487.6secs
====Iteration: 68 K====
Current average attack time: 60470.7secs
====Iteration: 69 K====
Current average attack time: 60453secs
====Iteration: 70 K====
Current average attack time: 60488.8secs
====Iteration: 71 K====
Current average attack time: 60453.6secs
====Iteration: 72 K====
Current average attack time: 60475.2secs
====Iteration: 73 K====
Current average attack time: 60482.7secs
====Iteration: 74 K====
Current average attack time: 60455.8secs
====Iteration: 75 K====
Current average attack time: 60415.4secs
====Iteration: 76 K====
Current average attack time: 60439.5secs
====Iteration: 77 K====
Current average attack time: 60450.9secs
====Iteration: 78 K====
Current average attack time: 60435secs
====Iteration: 79 K====
Current average attack time: 60431.1secs
====Iteration: 80 K====
Current average attack time: 60417.1secs
====Iteration: 81 K====
Current average attack time: 60384.5secs
====Iteration: 82 K====
Current average attack time: 60376.3secs
====Iteration: 83 K====
Current average attack time: 60355.4secs
====Iteration: 84 K====
Current average attack time: 60354.2secs
====Iteration: 85 K====
Current average attack time: 60330.8secs
====Iteration: 86 K====
Current average attack time: 60329.7secs
====Iteration: 87 K====
Current average attack time: 60327.2secs
====Iteration: 88 K====
Current average attack time: 60306.4secs
====Iteration: 89 K====
Current average attack time: 60313.5secs
====Iteration: 90 K====
Current average attack time: 60320.3secs
====Iteration: 91 K====
Current average attack time: 60336.4secs
====Iteration: 92 K====
Current average attack time: 60308.9secs
====Iteration: 93 K====
Current average attack time: 60295.5secs
====Iteration: 94 K====
Current average attack time: 60290.8secs
====Iteration: 95 K====
Current average attack time: 60316.4secs
====Iteration: 96 K====
Current average attack time: 60354secs
====Iteration: 97 K====
Current average attack time: 60325.9secs
====Iteration: 98 K====
Current average attack time: 60317.9secs
====Iteration: 99 K====
Current average attack time: 60296secs
====Iteration: 100 K====
Current average attack time: 60312.3secs
Final Average Attack Time: 60312.3secs
