=====Used variables in the simulation====
# of Rows (# of Buckets): 131072
Row Hammer Threshold: 2400
Swap Rate: 6
Swap Threshold: 400
# of Deterministic Access per 64ms: 2075
# of Random Guess per 64ms: 1993
RH Probability per 64ms: 0.015
Simulation iterations: 100000
====Iteration: 1 K====
Current average attack time: 4.18011secs
====Iteration: 2 K====
Current average attack time: 4.1727secs
====Iteration: 3 K====
Current average attack time: 4.17806secs
====Iteration: 4 K====
Current average attack time: 4.19343secs
====Iteration: 5 K====
Current average attack time: 4.17752secs
====Iteration: 6 K====
Current average attack time: 4.20227secs
====Iteration: 7 K====
Current average attack time: 4.1866secs
====Iteration: 8 K====
Current average attack time: 4.1879secs
====Iteration: 9 K====
Current average attack time: 4.18938secs
====Iteration: 10 K====
Current average attack time: 4.19404secs
====Iteration: 11 K====
Current average attack time: 4.18867secs
====Iteration: 12 K====
Current average attack time: 4.19739secs
====Iteration: 13 K====
Current average attack time: 4.21199secs
====Iteration: 14 K====
Current average attack time: 4.20252secs
====Iteration: 15 K====
Current average attack time: 4.21256secs
====Iteration: 16 K====
Current average attack time: 4.20825secs
====Iteration: 17 K====
Current average attack time: 4.22002secs
====Iteration: 18 K====
Current average attack time: 4.21573secs
====Iteration: 19 K====
Current average attack time: 4.22785secs
====Iteration: 20 K====
Current average attack time: 4.22941secs
====Iteration: 21 K====
Current average attack time: 4.22873secs
====Iteration: 22 K====
Current average attack time: 4.23658secs
====Iteration: 23 K====
Current average attack time: 4.24151secs
====Iteration: 24 K====
Current average attack time: 4.2403secs
====Iteration: 25 K====
Current average attack time: 4.23769secs
====Iteration: 26 K====
Current average attack time: 4.23971secs
====Iteration: 27 K====
Current average attack time: 4.24413secs
====Iteration: 28 K====
Current average attack time: 4.24163secs
====Iteration: 29 K====
Current average attack time: 4.23712secs
====Iteration: 30 K====
Current average attack time: 4.24128secs
====Iteration: 31 K====
Current average attack time: 4.24086secs
====Iteration: 32 K====
Current average attack time: 4.24423secs
====Iteration: 33 K====
Current average attack time: 4.2353secs
====Iteration: 34 K====
Current average attack time: 4.24033secs
====Iteration: 35 K====
Current average attack time: 4.23556secs
====Iteration: 36 K====
Current average attack time: 4.24277secs
====Iteration: 37 K====
Current average attack time: 4.24413secs
====Iteration: 38 K====
Current average attack time: 4.23876secs
====Iteration: 39 K====
Current average attack time: 4.23991secs
====Iteration: 40 K====
Current average attack time: 4.24165secs
====Iteration: 41 K====
Current average attack time: 4.24199secs
====Iteration: 42 K====
Current average attack time: 4.24142secs
====Iteration: 43 K====
Current average attack time: 4.24118secs
====Iteration: 44 K====
Current average attack time: 4.24574secs
====Iteration: 45 K====
Current average attack time: 4.247secs
====Iteration: 46 K====
Current average attack time: 4.24868secs
====Iteration: 47 K====
Current average attack time: 4.24744secs
====Iteration: 48 K====
Current average attack time: 4.24755secs
====Iteration: 49 K====
Current average attack time: 4.24954secs
====Iteration: 50 K====
Current average attack time: 4.24804secs
====Iteration: 51 K====
Current average attack time: 4.24897secs
====Iteration: 52 K====
Current average attack time: 4.24941secs
====Iteration: 53 K====
Current average attack time: 4.2496secs
====Iteration: 54 K====
Current average attack time: 4.2472secs
====Iteration: 55 K====
Current average attack time: 4.24879secs
====Iteration: 56 K====
Current average attack time: 4.24755secs
====Iteration: 57 K====
Current average attack time: 4.24916secs
====Iteration: 58 K====
Current average attack time: 4.24962secs
====Iteration: 59 K====
Current average attack time: 4.25048secs
====Iteration: 60 K====
Current average attack time: 4.24925secs
====Iteration: 61 K====
Current average attack time: 4.25158secs
====Iteration: 62 K====
Current average attack time: 4.25011secs
====Iteration: 63 K====
Current average attack time: 4.24975secs
====Iteration: 64 K====
Current average attack time: 4.24665secs
====Iteration: 65 K====
Current average attack time: 4.24326secs
====Iteration: 66 K====
Current average attack time: 4.24729secs
====Iteration: 67 K====
Current average attack time: 4.24762secs
====Iteration: 68 K====
Current average attack time: 4.25076secs
====Iteration: 69 K====
Current average attack time: 4.24788secs
====Iteration: 70 K====
Current average attack time: 4.2507secs
====Iteration: 71 K====
Current average attack time: 4.2502secs
====Iteration: 72 K====
Current average attack time: 4.25236secs
====Iteration: 73 K====
Current average attack time: 4.2544secs
====Iteration: 74 K====
Current average attack time: 4.25591secs
====Iteration: 75 K====
Current average attack time: 4.25595secs
====Iteration: 76 K====
Current average attack time: 4.25833secs
====Iteration: 77 K====
Current average attack time: 4.25716secs
====Iteration: 78 K====
Current average attack time: 4.26066secs
====Iteration: 79 K====
Current average attack time: 4.26088secs
====Iteration: 80 K====
Current average attack time: 4.26205secs
====Iteration: 81 K====
Current average attack time: 4.26081secs
====Iteration: 82 K====
Current average attack time: 4.26122secs
====Iteration: 83 K====
Current average attack time: 4.26139secs
====Iteration: 84 K====
Current average attack time: 4.26242secs
====Iteration: 85 K====
Current average attack time: 4.26297secs
====Iteration: 86 K====
Current average attack time: 4.26235secs
====Iteration: 87 K====
Current average attack time: 4.26222secs
====Iteration: 88 K====
Current average attack time: 4.2615secs
====Iteration: 89 K====
Current average attack time: 4.26132secs
====Iteration: 90 K====
Current average attack time: 4.26143secs
====Iteration: 91 K====
Current average attack time: 4.26346secs
====Iteration: 92 K====
Current average attack time: 4.26375secs
====Iteration: 93 K====
Current average attack time: 4.26254secs
====Iteration: 94 K====
Current average attack time: 4.26191secs
====Iteration: 95 K====
Current average attack time: 4.26042secs
====Iteration: 96 K====
Current average attack time: 4.26132secs
====Iteration: 97 K====
Current average attack time: 4.26099secs
====Iteration: 98 K====
Current average attack time: 4.26032secs
====Iteration: 99 K====
Current average attack time: 4.25956secs
====Iteration: 100 K====
Current average attack time: 4.25994secs
Final Average Attack Time: 4.25994secs
