=====Used variables in the simulation====
# of Rows (# of Buckets): 131072
Row Hammer Threshold: 2400
Swap Rate: 6
Swap Threshold: 400
# of Deterministic Access per 64ms: 875
# of Random Guess per 64ms: 2897
RH Probability per 64ms: 9.71e-09
Simulation iterations: 100000
====Iteration: 1 K====
Current average attack time: 6.8942e+06secs
====Iteration: 2 K====
Current average attack time: 6.73793e+06secs
====Iteration: 3 K====
Current average attack time: 6.77011e+06secs
====Iteration: 4 K====
Current average attack time: 6.67335e+06secs
====Iteration: 5 K====
Current average attack time: 6.67631e+06secs
====Iteration: 6 K====
Current average attack time: 6.63635e+06secs
====Iteration: 7 K====
Current average attack time: 6.67102e+06secs
====Iteration: 8 K====
Current average attack time: 6.63958e+06secs
====Iteration: 9 K====
Current average attack time: 6.61399e+06secs
====Iteration: 10 K====
Current average attack time: 6.564e+06secs
====Iteration: 11 K====
Current average attack time: 6.57181e+06secs
====Iteration: 12 K====
Current average attack time: 6.56268e+06secs
====Iteration: 13 K====
Current average attack time: 6.58919e+06secs
====Iteration: 14 K====
Current average attack time: 6.59242e+06secs
====Iteration: 15 K====
Current average attack time: 6.58497e+06secs
====Iteration: 16 K====
Current average attack time: 6.5945e+06secs
====Iteration: 17 K====
Current average attack time: 6.58487e+06secs
====Iteration: 18 K====
Current average attack time: 6.5953e+06secs
====Iteration: 19 K====
Current average attack time: 6.60843e+06secs
====Iteration: 20 K====
Current average attack time: 6.62437e+06secs
====Iteration: 21 K====
Current average attack time: 6.63797e+06secs
====Iteration: 22 K====
Current average attack time: 6.64637e+06secs
====Iteration: 23 K====
Current average attack time: 6.64045e+06secs
====Iteration: 24 K====
Current average attack time: 6.63352e+06secs
====Iteration: 25 K====
Current average attack time: 6.63105e+06secs
====Iteration: 26 K====
Current average attack time: 6.62496e+06secs
====Iteration: 27 K====
Current average attack time: 6.63316e+06secs
====Iteration: 28 K====
Current average attack time: 6.64643e+06secs
====Iteration: 29 K====
Current average attack time: 6.64133e+06secs
====Iteration: 30 K====
Current average attack time: 6.62954e+06secs
====Iteration: 31 K====
Current average attack time: 6.62236e+06secs
====Iteration: 32 K====
Current average attack time: 6.62456e+06secs
====Iteration: 33 K====
Current average attack time: 6.62326e+06secs
====Iteration: 34 K====
Current average attack time: 6.62053e+06secs
====Iteration: 35 K====
Current average attack time: 6.61956e+06secs
====Iteration: 36 K====
Current average attack time: 6.61656e+06secs
====Iteration: 37 K====
Current average attack time: 6.61097e+06secs
====Iteration: 38 K====
Current average attack time: 6.61354e+06secs
====Iteration: 39 K====
Current average attack time: 6.61e+06secs
====Iteration: 40 K====
Current average attack time: 6.60769e+06secs
====Iteration: 41 K====
Current average attack time: 6.61107e+06secs
====Iteration: 42 K====
Current average attack time: 6.61352e+06secs
====Iteration: 43 K====
Current average attack time: 6.61468e+06secs
====Iteration: 44 K====
Current average attack time: 6.62002e+06secs
====Iteration: 45 K====
Current average attack time: 6.6184e+06secs
====Iteration: 46 K====
Current average attack time: 6.61203e+06secs
====Iteration: 47 K====
Current average attack time: 6.60798e+06secs
====Iteration: 48 K====
Current average attack time: 6.60761e+06secs
====Iteration: 49 K====
Current average attack time: 6.59832e+06secs
====Iteration: 50 K====
Current average attack time: 6.6037e+06secs
====Iteration: 51 K====
Current average attack time: 6.59901e+06secs
====Iteration: 52 K====
Current average attack time: 6.60335e+06secs
====Iteration: 53 K====
Current average attack time: 6.59592e+06secs
====Iteration: 54 K====
Current average attack time: 6.59591e+06secs
====Iteration: 55 K====
Current average attack time: 6.59952e+06secs
====Iteration: 56 K====
Current average attack time: 6.59958e+06secs
====Iteration: 57 K====
Current average attack time: 6.59664e+06secs
====Iteration: 58 K====
Current average attack time: 6.59623e+06secs
====Iteration: 59 K====
Current average attack time: 6.59391e+06secs
====Iteration: 60 K====
Current average attack time: 6.59572e+06secs
====Iteration: 61 K====
Current average attack time: 6.59531e+06secs
====Iteration: 62 K====
Current average attack time: 6.59499e+06secs
====Iteration: 63 K====
Current average attack time: 6.59215e+06secs
====Iteration: 64 K====
Current average attack time: 6.59258e+06secs
====Iteration: 65 K====
Current average attack time: 6.60131e+06secs
====Iteration: 66 K====
Current average attack time: 6.5993e+06secs
====Iteration: 67 K====
Current average attack time: 6.59813e+06secs
====Iteration: 68 K====
Current average attack time: 6.59886e+06secs
====Iteration: 69 K====
Current average attack time: 6.60419e+06secs
====Iteration: 70 K====
Current average attack time: 6.6037e+06secs
====Iteration: 71 K====
Current average attack time: 6.60073e+06secs
====Iteration: 72 K====
Current average attack time: 6.6006e+06secs
====Iteration: 73 K====
Current average attack time: 6.59924e+06secs
====Iteration: 74 K====
Current average attack time: 6.60011e+06secs
====Iteration: 75 K====
Current average attack time: 6.60149e+06secs
====Iteration: 76 K====
Current average attack time: 6.60219e+06secs
====Iteration: 77 K====
Current average attack time: 6.60382e+06secs
====Iteration: 78 K====
Current average attack time: 6.60313e+06secs
====Iteration: 79 K====
Current average attack time: 6.60222e+06secs
====Iteration: 80 K====
Current average attack time: 6.60157e+06secs
====Iteration: 81 K====
Current average attack time: 6.60265e+06secs
====Iteration: 82 K====
Current average attack time: 6.60327e+06secs
====Iteration: 83 K====
Current average attack time: 6.60246e+06secs
====Iteration: 84 K====
Current average attack time: 6.59914e+06secs
====Iteration: 85 K====
Current average attack time: 6.59747e+06secs
====Iteration: 86 K====
Current average attack time: 6.60191e+06secs
====Iteration: 87 K====
Current average attack time: 6.60156e+06secs
====Iteration: 88 K====
Current average attack time: 6.60205e+06secs
====Iteration: 89 K====
Current average attack time: 6.60087e+06secs
====Iteration: 90 K====
Current average attack time: 6.60247e+06secs
====Iteration: 91 K====
Current average attack time: 6.60307e+06secs
====Iteration: 92 K====
Current average attack time: 6.60152e+06secs
====Iteration: 93 K====
Current average attack time: 6.60293e+06secs
====Iteration: 94 K====
Current average attack time: 6.60377e+06secs
====Iteration: 95 K====
Current average attack time: 6.60224e+06secs
====Iteration: 96 K====
Current average attack time: 6.59735e+06secs
====Iteration: 97 K====
Current average attack time: 6.59964e+06secs
====Iteration: 98 K====
Current average attack time: 6.60049e+06secs
====Iteration: 99 K====
Current average attack time: 6.6006e+06secs
====Iteration: 100 K====
Current average attack time: 6.60154e+06secs
Final Average Attack Time: 6.60154e+06secs
