=====Used variables in the simulation====
# of Rows (# of Buckets): 131072
Row Hammer Threshold: 2400
Swap Rate: 6
Swap Threshold: 400
# of Deterministic Access per 64ms: 2225
# of Random Guess per 64ms: 1880
RH Probability per 64ms: 0.0141
Simulation iterations: 100000
====Iteration: 1 K====
Current average attack time: 4.4751secs
====Iteration: 2 K====
Current average attack time: 4.5972secs
====Iteration: 3 K====
Current average attack time: 4.57807secs
====Iteration: 4 K====
Current average attack time: 4.59042secs
====Iteration: 5 K====
Current average attack time: 4.58661secs
====Iteration: 6 K====
Current average attack time: 4.57364secs
====Iteration: 7 K====
Current average attack time: 4.55614secs
====Iteration: 8 K====
Current average attack time: 4.53268secs
====Iteration: 9 K====
Current average attack time: 4.55119secs
====Iteration: 10 K====
Current average attack time: 4.5472secs
====Iteration: 11 K====
Current average attack time: 4.55201secs
====Iteration: 12 K====
Current average attack time: 4.57616secs
====Iteration: 13 K====
Current average attack time: 4.57626secs
====Iteration: 14 K====
Current average attack time: 4.56374secs
====Iteration: 15 K====
Current average attack time: 4.57136secs
====Iteration: 16 K====
Current average attack time: 4.56578secs
====Iteration: 17 K====
Current average attack time: 4.56639secs
====Iteration: 18 K====
Current average attack time: 4.55349secs
====Iteration: 19 K====
Current average attack time: 4.55428secs
====Iteration: 20 K====
Current average attack time: 4.55568secs
====Iteration: 21 K====
Current average attack time: 4.55329secs
====Iteration: 22 K====
Current average attack time: 4.55875secs
====Iteration: 23 K====
Current average attack time: 4.55257secs
====Iteration: 24 K====
Current average attack time: 4.55203secs
====Iteration: 25 K====
Current average attack time: 4.55278secs
====Iteration: 26 K====
Current average attack time: 4.54234secs
====Iteration: 27 K====
Current average attack time: 4.53846secs
====Iteration: 28 K====
Current average attack time: 4.54636secs
====Iteration: 29 K====
Current average attack time: 4.54547secs
====Iteration: 30 K====
Current average attack time: 4.5476secs
====Iteration: 31 K====
Current average attack time: 4.5493secs
====Iteration: 32 K====
Current average attack time: 4.54909secs
====Iteration: 33 K====
Current average attack time: 4.54985secs
====Iteration: 34 K====
Current average attack time: 4.55533secs
====Iteration: 35 K====
Current average attack time: 4.55589secs
====Iteration: 36 K====
Current average attack time: 4.55227secs
====Iteration: 37 K====
Current average attack time: 4.55102secs
====Iteration: 38 K====
Current average attack time: 4.54974secs
====Iteration: 39 K====
Current average attack time: 4.5432secs
====Iteration: 40 K====
Current average attack time: 4.54049secs
====Iteration: 41 K====
Current average attack time: 4.54138secs
====Iteration: 42 K====
Current average attack time: 4.54137secs
====Iteration: 43 K====
Current average attack time: 4.5399secs
====Iteration: 44 K====
Current average attack time: 4.53528secs
====Iteration: 45 K====
Current average attack time: 4.53164secs
====Iteration: 46 K====
Current average attack time: 4.53044secs
====Iteration: 47 K====
Current average attack time: 4.52946secs
====Iteration: 48 K====
Current average attack time: 4.53193secs
====Iteration: 49 K====
Current average attack time: 4.53075secs
====Iteration: 50 K====
Current average attack time: 4.53363secs
====Iteration: 51 K====
Current average attack time: 4.53718secs
====Iteration: 52 K====
Current average attack time: 4.53792secs
====Iteration: 53 K====
Current average attack time: 4.53183secs
====Iteration: 54 K====
Current average attack time: 4.53003secs
====Iteration: 55 K====
Current average attack time: 4.53267secs
====Iteration: 56 K====
Current average attack time: 4.53606secs
====Iteration: 57 K====
Current average attack time: 4.53658secs
====Iteration: 58 K====
Current average attack time: 4.53276secs
====Iteration: 59 K====
Current average attack time: 4.53385secs
====Iteration: 60 K====
Current average attack time: 4.5342secs
====Iteration: 61 K====
Current average attack time: 4.5318secs
====Iteration: 62 K====
Current average attack time: 4.53336secs
====Iteration: 63 K====
Current average attack time: 4.53235secs
====Iteration: 64 K====
Current average attack time: 4.53227secs
====Iteration: 65 K====
Current average attack time: 4.5329secs
====Iteration: 66 K====
Current average attack time: 4.53278secs
====Iteration: 67 K====
Current average attack time: 4.53409secs
====Iteration: 68 K====
Current average attack time: 4.5359secs
====Iteration: 69 K====
Current average attack time: 4.53525secs
====Iteration: 70 K====
Current average attack time: 4.53592secs
====Iteration: 71 K====
Current average attack time: 4.53254secs
====Iteration: 72 K====
Current average attack time: 4.53154secs
====Iteration: 73 K====
Current average attack time: 4.53101secs
====Iteration: 74 K====
Current average attack time: 4.52945secs
====Iteration: 75 K====
Current average attack time: 4.52636secs
====Iteration: 76 K====
Current average attack time: 4.52669secs
====Iteration: 77 K====
Current average attack time: 4.52483secs
====Iteration: 78 K====
Current average attack time: 4.52332secs
====Iteration: 79 K====
Current average attack time: 4.52209secs
====Iteration: 80 K====
Current average attack time: 4.52017secs
====Iteration: 81 K====
Current average attack time: 4.51932secs
====Iteration: 82 K====
Current average attack time: 4.52077secs
====Iteration: 83 K====
Current average attack time: 4.52034secs
====Iteration: 84 K====
Current average attack time: 4.52418secs
====Iteration: 85 K====
Current average attack time: 4.52538secs
====Iteration: 86 K====
Current average attack time: 4.52284secs
====Iteration: 87 K====
Current average attack time: 4.52417secs
====Iteration: 88 K====
Current average attack time: 4.52528secs
====Iteration: 89 K====
Current average attack time: 4.52277secs
====Iteration: 90 K====
Current average attack time: 4.5207secs
====Iteration: 91 K====
Current average attack time: 4.51942secs
====Iteration: 92 K====
Current average attack time: 4.51904secs
====Iteration: 93 K====
Current average attack time: 4.51866secs
====Iteration: 94 K====
Current average attack time: 4.51808secs
====Iteration: 95 K====
Current average attack time: 4.51655secs
====Iteration: 96 K====
Current average attack time: 4.51453secs
====Iteration: 97 K====
Current average attack time: 4.51493secs
====Iteration: 98 K====
Current average attack time: 4.51613secs
====Iteration: 99 K====
Current average attack time: 4.51518secs
====Iteration: 100 K====
Current average attack time: 4.51645secs
Final Average Attack Time: 4.51645secs
