=====Used variables in the simulation====
# of Rows (# of Buckets): 131072
Row Hammer Threshold: 2400
Swap Rate: 6
Swap Threshold: 400
# of Deterministic Access per 64ms: 1550
# of Random Guess per 64ms: 2389
RH Probability per 64ms: 9.9e-07
Simulation iterations: 100000
====Iteration: 1 K====
Current average attack time: 63455.6secs
====Iteration: 2 K====
Current average attack time: 63610.7secs
====Iteration: 3 K====
Current average attack time: 65337secs
====Iteration: 4 K====
Current average attack time: 64442.2secs
====Iteration: 5 K====
Current average attack time: 64279.4secs
====Iteration: 6 K====
Current average attack time: 64049.2secs
====Iteration: 7 K====
Current average attack time: 64569secs
====Iteration: 8 K====
Current average attack time: 64539.9secs
====Iteration: 9 K====
Current average attack time: 64578.1secs
====Iteration: 10 K====
Current average attack time: 64418.7secs
====Iteration: 11 K====
Current average attack time: 64731secs
====Iteration: 12 K====
Current average attack time: 64782.7secs
====Iteration: 13 K====
Current average attack time: 64913.3secs
====Iteration: 14 K====
Current average attack time: 64918secs
====Iteration: 15 K====
Current average attack time: 64860.2secs
====Iteration: 16 K====
Current average attack time: 64915.6secs
====Iteration: 17 K====
Current average attack time: 65247.9secs
====Iteration: 18 K====
Current average attack time: 65282.2secs
====Iteration: 19 K====
Current average attack time: 65109.2secs
====Iteration: 20 K====
Current average attack time: 65070.6secs
====Iteration: 21 K====
Current average attack time: 65037.7secs
====Iteration: 22 K====
Current average attack time: 64942.6secs
====Iteration: 23 K====
Current average attack time: 64839.4secs
====Iteration: 24 K====
Current average attack time: 64847.8secs
====Iteration: 25 K====
Current average attack time: 64738.4secs
====Iteration: 26 K====
Current average attack time: 64704.9secs
====Iteration: 27 K====
Current average attack time: 64609.3secs
====Iteration: 28 K====
Current average attack time: 64611.4secs
====Iteration: 29 K====
Current average attack time: 64533.9secs
====Iteration: 30 K====
Current average attack time: 64594.2secs
====Iteration: 31 K====
Current average attack time: 64579.5secs
====Iteration: 32 K====
Current average attack time: 64494.4secs
====Iteration: 33 K====
Current average attack time: 64600secs
====Iteration: 34 K====
Current average attack time: 64568secs
====Iteration: 35 K====
Current average attack time: 64633.7secs
====Iteration: 36 K====
Current average attack time: 64702.6secs
====Iteration: 37 K====
Current average attack time: 64782.9secs
====Iteration: 38 K====
Current average attack time: 64790.7secs
====Iteration: 39 K====
Current average attack time: 64869.7secs
====Iteration: 40 K====
Current average attack time: 64869.5secs
====Iteration: 41 K====
Current average attack time: 64918.3secs
====Iteration: 42 K====
Current average attack time: 64838.5secs
====Iteration: 43 K====
Current average attack time: 64880.7secs
====Iteration: 44 K====
Current average attack time: 64876.4secs
====Iteration: 45 K====
Current average attack time: 64878.3secs
====Iteration: 46 K====
Current average attack time: 64822.7secs
====Iteration: 47 K====
Current average attack time: 64844.1secs
====Iteration: 48 K====
Current average attack time: 64898.2secs
====Iteration: 49 K====
Current average attack time: 64864.6secs
====Iteration: 50 K====
Current average attack time: 64854.6secs
====Iteration: 51 K====
Current average attack time: 64820.9secs
====Iteration: 52 K====
Current average attack time: 64803.6secs
====Iteration: 53 K====
Current average attack time: 64757secs
====Iteration: 54 K====
Current average attack time: 64747.2secs
====Iteration: 55 K====
Current average attack time: 64816.2secs
====Iteration: 56 K====
Current average attack time: 64782.3secs
====Iteration: 57 K====
Current average attack time: 64750.3secs
====Iteration: 58 K====
Current average attack time: 64761.2secs
====Iteration: 59 K====
Current average attack time: 64800secs
====Iteration: 60 K====
Current average attack time: 64777.2secs
====Iteration: 61 K====
Current average attack time: 64744.7secs
====Iteration: 62 K====
Current average attack time: 64714.6secs
====Iteration: 63 K====
Current average attack time: 64694.3secs
====Iteration: 64 K====
Current average attack time: 64707.6secs
====Iteration: 65 K====
Current average attack time: 64706.3secs
====Iteration: 66 K====
Current average attack time: 64713.2secs
====Iteration: 67 K====
Current average attack time: 64657.2secs
====Iteration: 68 K====
Current average attack time: 64668.9secs
====Iteration: 69 K====
Current average attack time: 64705.4secs
====Iteration: 70 K====
Current average attack time: 64659secs
====Iteration: 71 K====
Current average attack time: 64649secs
====Iteration: 72 K====
Current average attack time: 64705.7secs
====Iteration: 73 K====
Current average attack time: 64719.2secs
====Iteration: 74 K====
Current average attack time: 64716.1secs
====Iteration: 75 K====
Current average attack time: 64729.2secs
====Iteration: 76 K====
Current average attack time: 64760.3secs
====Iteration: 77 K====
Current average attack time: 64775secs
====Iteration: 78 K====
Current average attack time: 64798.9secs
====Iteration: 79 K====
Current average attack time: 64787.3secs
====Iteration: 80 K====
Current average attack time: 64762.2secs
====Iteration: 81 K====
Current average attack time: 64689.1secs
====Iteration: 82 K====
Current average attack time: 64650.2secs
====Iteration: 83 K====
Current average attack time: 64636.8secs
====Iteration: 84 K====
Current average attack time: 64632.2secs
====Iteration: 85 K====
Current average attack time: 64657.4secs
====Iteration: 86 K====
Current average attack time: 64641.5secs
====Iteration: 87 K====
Current average attack time: 64650.5secs
====Iteration: 88 K====
Current average attack time: 64608.5secs
====Iteration: 89 K====
Current average attack time: 64625.1secs
====Iteration: 90 K====
Current average attack time: 64638.6secs
====Iteration: 91 K====
Current average attack time: 64634.9secs
====Iteration: 92 K====
Current average attack time: 64624.4secs
====Iteration: 93 K====
Current average attack time: 64656.2secs
====Iteration: 94 K====
Current average attack time: 64624.8secs
====Iteration: 95 K====
Current average attack time: 64648.3secs
====Iteration: 96 K====
Current average attack time: 64678.8secs
====Iteration: 97 K====
Current average attack time: 64687.6secs
====Iteration: 98 K====
Current average attack time: 64697secs
====Iteration: 99 K====
Current average attack time: 64682.7secs
====Iteration: 100 K====
Current average attack time: 64688secs
Final Average Attack Time: 64688secs
