=====Used variables in the simulation====
# of Rows (# of Buckets): 131072
Row Hammer Threshold: 2400
Swap Rate: 6
Swap Threshold: 400
# of Deterministic Access per 64ms: 2000
# of Random Guess per 64ms: 2050
RH Probability per 64ms: 0.0154
Simulation iterations: 100000
====Iteration: 1 K====
Current average attack time: 4.18512secs
====Iteration: 2 K====
Current average attack time: 4.1466secs
====Iteration: 3 K====
Current average attack time: 4.15429secs
====Iteration: 4 K====
Current average attack time: 4.10906secs
====Iteration: 5 K====
Current average attack time: 4.11618secs
====Iteration: 6 K====
Current average attack time: 4.12612secs
====Iteration: 7 K====
Current average attack time: 4.10024secs
====Iteration: 8 K====
Current average attack time: 4.10336secs
====Iteration: 9 K====
Current average attack time: 4.1121secs
====Iteration: 10 K====
Current average attack time: 4.12943secs
====Iteration: 11 K====
Current average attack time: 4.11168secs
====Iteration: 12 K====
Current average attack time: 4.10617secs
====Iteration: 13 K====
Current average attack time: 4.10938secs
====Iteration: 14 K====
Current average attack time: 4.11643secs
====Iteration: 15 K====
Current average attack time: 4.11954secs
====Iteration: 16 K====
Current average attack time: 4.12781secs
====Iteration: 17 K====
Current average attack time: 4.13387secs
====Iteration: 18 K====
Current average attack time: 4.13692secs
====Iteration: 19 K====
Current average attack time: 4.14848secs
====Iteration: 20 K====
Current average attack time: 4.14262secs
====Iteration: 21 K====
Current average attack time: 4.15029secs
====Iteration: 22 K====
Current average attack time: 4.14993secs
====Iteration: 23 K====
Current average attack time: 4.15814secs
====Iteration: 24 K====
Current average attack time: 4.15927secs
====Iteration: 25 K====
Current average attack time: 4.15732secs
====Iteration: 26 K====
Current average attack time: 4.15695secs
====Iteration: 27 K====
Current average attack time: 4.14567secs
====Iteration: 28 K====
Current average attack time: 4.14669secs
====Iteration: 29 K====
Current average attack time: 4.14806secs
====Iteration: 30 K====
Current average attack time: 4.14641secs
====Iteration: 31 K====
Current average attack time: 4.15058secs
====Iteration: 32 K====
Current average attack time: 4.14546secs
====Iteration: 33 K====
Current average attack time: 4.14025secs
====Iteration: 34 K====
Current average attack time: 4.13741secs
====Iteration: 35 K====
Current average attack time: 4.13718secs
====Iteration: 36 K====
Current average attack time: 4.13191secs
====Iteration: 37 K====
Current average attack time: 4.13593secs
====Iteration: 38 K====
Current average attack time: 4.13057secs
====Iteration: 39 K====
Current average attack time: 4.12813secs
====Iteration: 40 K====
Current average attack time: 4.13043secs
====Iteration: 41 K====
Current average attack time: 4.13155secs
====Iteration: 42 K====
Current average attack time: 4.1343secs
====Iteration: 43 K====
Current average attack time: 4.13578secs
====Iteration: 44 K====
Current average attack time: 4.13441secs
====Iteration: 45 K====
Current average attack time: 4.13691secs
====Iteration: 46 K====
Current average attack time: 4.13842secs
====Iteration: 47 K====
Current average attack time: 4.14531secs
====Iteration: 48 K====
Current average attack time: 4.14764secs
====Iteration: 49 K====
Current average attack time: 4.14588secs
====Iteration: 50 K====
Current average attack time: 4.14669secs
====Iteration: 51 K====
Current average attack time: 4.14582secs
====Iteration: 52 K====
Current average attack time: 4.1478secs
====Iteration: 53 K====
Current average attack time: 4.15181secs
====Iteration: 54 K====
Current average attack time: 4.15389secs
====Iteration: 55 K====
Current average attack time: 4.15468secs
====Iteration: 56 K====
Current average attack time: 4.15643secs
====Iteration: 57 K====
Current average attack time: 4.15471secs
====Iteration: 58 K====
Current average attack time: 4.15192secs
====Iteration: 59 K====
Current average attack time: 4.14981secs
====Iteration: 60 K====
Current average attack time: 4.1566secs
====Iteration: 61 K====
Current average attack time: 4.1571secs
====Iteration: 62 K====
Current average attack time: 4.15928secs
====Iteration: 63 K====
Current average attack time: 4.16093secs
====Iteration: 64 K====
Current average attack time: 4.16197secs
====Iteration: 65 K====
Current average attack time: 4.16494secs
====Iteration: 66 K====
Current average attack time: 4.16764secs
====Iteration: 67 K====
Current average attack time: 4.17129secs
====Iteration: 68 K====
Current average attack time: 4.17019secs
====Iteration: 69 K====
Current average attack time: 4.17203secs
====Iteration: 70 K====
Current average attack time: 4.16842secs
====Iteration: 71 K====
Current average attack time: 4.16562secs
====Iteration: 72 K====
Current average attack time: 4.16527secs
====Iteration: 73 K====
Current average attack time: 4.16382secs
====Iteration: 74 K====
Current average attack time: 4.16185secs
====Iteration: 75 K====
Current average attack time: 4.15939secs
====Iteration: 76 K====
Current average attack time: 4.15921secs
====Iteration: 77 K====
Current average attack time: 4.16003secs
====Iteration: 78 K====
Current average attack time: 4.15983secs
====Iteration: 79 K====
Current average attack time: 4.16002secs
====Iteration: 80 K====
Current average attack time: 4.15798secs
====Iteration: 81 K====
Current average attack time: 4.15846secs
====Iteration: 82 K====
Current average attack time: 4.15937secs
====Iteration: 83 K====
Current average attack time: 4.15827secs
====Iteration: 84 K====
Current average attack time: 4.15718secs
====Iteration: 85 K====
Current average attack time: 4.15767secs
====Iteration: 86 K====
Current average attack time: 4.15662secs
====Iteration: 87 K====
Current average attack time: 4.15678secs
====Iteration: 88 K====
Current average attack time: 4.15869secs
====Iteration: 89 K====
Current average attack time: 4.15902secs
====Iteration: 90 K====
Current average attack time: 4.15932secs
====Iteration: 91 K====
Current average attack time: 4.15866secs
====Iteration: 92 K====
Current average attack time: 4.15753secs
====Iteration: 93 K====
Current average attack time: 4.15555secs
====Iteration: 94 K====
Current average attack time: 4.15578secs
====Iteration: 95 K====
Current average attack time: 4.15418secs
====Iteration: 96 K====
Current average attack time: 4.15196secs
====Iteration: 97 K====
Current average attack time: 4.15301secs
====Iteration: 98 K====
Current average attack time: 4.15401secs
====Iteration: 99 K====
Current average attack time: 4.15516secs
====Iteration: 100 K====
Current average attack time: 4.15588secs
Final Average Attack Time: 4.15588secs
